-- The C compiler identification is GNU 11.4.0
-- The CXX compiler identification is GNU 11.4.0
-- Detecting C compiler ABI info
-- Detecting C compiler ABI info - done
-- Check for working C compiler: /usr/bin/cc - skipped
-- Detecting C compile features
-- Detecting C compile features - done
-- Detecting CXX compiler ABI info
-- Detecting CXX compiler ABI info - done
-- Check for working CXX compiler: /usr/bin/c++ - skipped
-- Detecting CXX compile features
-- Detecting CXX compile features - done
-- Found ament_cmake: 1.3.9 (/opt/ros/humble/share/ament_cmake/cmake)
-- Found Python3: /usr/bin/python3 (found version "3.10.12") found components: Interpreter 
-- Found std_msgs: 4.2.4 (/opt/ros/humble/share/std_msgs/cmake)
-- Found rosidl_generator_c: 3.1.5 (/opt/ros/humble/share/rosidl_generator_c/cmake)
-- Found rosidl_adapter: 3.1.5 (/opt/ros/humble/share/rosidl_adapter/cmake)
-- Found rosidl_generator_cpp: 3.1.5 (/opt/ros/humble/share/rosidl_generator_cpp/cmake)
-- Using all available rosidl_typesupport_c: rosidl_typesupport_fastrtps_c;rosidl_typesupport_introspection_c
-- Using all available rosidl_typesupport_cpp: rosidl_typesupport_fastrtps_cpp;rosidl_typesupport_introspection_cpp
-- Found geometry_msgs: 4.2.4 (/opt/ros/humble/share/geometry_msgs/cmake)
-- Found sensor_msgs: 4.2.4 (/opt/ros/humble/share/sensor_msgs/cmake)
-- Found rosidl_default_generators: 1.2.0 (/opt/ros/humble/share/rosidl_default_generators/cmake)
-- Found ament_cmake_ros: 0.10.0 (/opt/ros/humble/share/ament_cmake_ros/cmake)
-- Using all available rosidl_typesupport_c: rosidl_typesupport_fastrtps_c;rosidl_typesupport_introspection_c
-- Using all available rosidl_typesupport_cpp: rosidl_typesupport_fastrtps_cpp;rosidl_typesupport_introspection_cpp
-- Found PythonInterp: /usr/bin/python3 (found suitable version "3.10.12", minimum required is "3.6") 
-- Found python_cmake_module: 0.10.0 (/opt/ros/humble/share/python_cmake_module/cmake)
-- Found PythonLibs: /usr/lib/x86_64-linux-gnu/libpython3.10.so (found suitable version "3.10.12", minimum required is "3.5") 
-- Using PYTHON_EXECUTABLE: /usr/bin/python3
-- Using PYTHON_INCLUDE_DIRS: /usr/include/python3.10
-- Using PYTHON_LIBRARIES: /usr/lib/x86_64-linux-gnu/libpython3.10.so
-- Found PythonExtra: .so  
-- Found ament_lint_auto: 0.12.11 (/opt/ros/humble/share/ament_lint_auto/cmake)
-- Configuring done
-- Generating done
-- Build files have been written to: /home/hankyeolyu/vilab/VILAB_PANEL/build/drive_msgs
[  1%] [34m[1mGenerating C code for ROS interfaces[0m
[  1%] [34m[1mGenerating C++ code for ROS interfaces[0m
[  1%] Built target ament_cmake_python_copy_drive_msgs
running egg_info
creating drive_msgs.egg-info
writing drive_msgs.egg-info/PKG-INFO
writing dependency_links to drive_msgs.egg-info/dependency_links.txt
writing top-level names to drive_msgs.egg-info/top_level.txt
writing manifest file 'drive_msgs.egg-info/SOURCES.txt'
reading manifest file 'drive_msgs.egg-info/SOURCES.txt'
writing manifest file 'drive_msgs.egg-info/SOURCES.txt'
[  1%] Built target ament_cmake_python_build_drive_msgs_egg
[  1%] Built target drive_msgs__cpp
[  2%] [34m[1mGenerating C++ type support dispatch for ROS interfaces[0m
[  2%] [34m[1mGenerating C++ type support for eProsima Fast-RTPS[0m
[  3%] [34m[1mGenerating C++ introspection for ROS interfaces[0m
[  6%] [32mBuilding C object CMakeFiles/drive_msgs__rosidl_generator_c.dir/rosidl_generator_c/drive_msgs/msg/detail/object_info__functions.c.o[0m
[  6%] [32mBuilding C object CMakeFiles/drive_msgs__rosidl_generator_c.dir/rosidl_generator_c/drive_msgs/msg/detail/detection_data__functions.c.o[0m
[  6%] [32mBuilding C object CMakeFiles/drive_msgs__rosidl_generator_c.dir/rosidl_generator_c/drive_msgs/msg/detail/actuator__functions.c.o[0m
[  6%] [32mBuilding C object CMakeFiles/drive_msgs__rosidl_generator_c.dir/rosidl_generator_c/drive_msgs/msg/detail/navigation_data__functions.c.o[0m
[  7%] [32mBuilding C object CMakeFiles/drive_msgs__rosidl_generator_c.dir/rosidl_generator_c/drive_msgs/msg/detail/vehicle_state__functions.c.o[0m
[  8%] [32mBuilding C object CMakeFiles/drive_msgs__rosidl_generator_c.dir/rosidl_generator_c/drive_msgs/msg/detail/can_input__functions.c.o[0m
[  9%] [32mBuilding C object CMakeFiles/drive_msgs__rosidl_generator_c.dir/rosidl_generator_c/drive_msgs/msg/detail/lane_data__functions.c.o[0m
[ 11%] [32mBuilding C object CMakeFiles/drive_msgs__rosidl_generator_c.dir/rosidl_generator_c/drive_msgs/msg/detail/can_output__functions.c.o[0m
[ 11%] [32mBuilding C object CMakeFiles/drive_msgs__rosidl_generator_c.dir/rosidl_generator_c/drive_msgs/msg/detail/sensor_data__functions.c.o[0m
[ 11%] [32mBuilding C object CMakeFiles/drive_msgs__rosidl_generator_c.dir/rosidl_generator_c/drive_msgs/msg/detail/lane_let__functions.c.o[0m
[ 12%] [32mBuilding C object CMakeFiles/drive_msgs__rosidl_generator_c.dir/rosidl_generator_c/drive_msgs/msg/detail/user_input__functions.c.o[0m
[ 13%] [32mBuilding C object CMakeFiles/drive_msgs__rosidl_generator_c.dir/rosidl_generator_c/drive_msgs/msg/detail/system_status__functions.c.o[0m
[ 14%] [32m[1mLinking C shared library libdrive_msgs__rosidl_generator_c.so[0m
[ 14%] Built target drive_msgs__rosidl_generator_c
[ 16%] [34m[1mGenerating C introspection for ROS interfaces[0m
[ 17%] [34m[1mGenerating C type support dispatch for ROS interfaces[0m
[ 16%] [34m[1mGenerating C type support for eProsima Fast-RTPS[0m
[ 18%] [32mBuilding CXX object CMakeFiles/drive_msgs__rosidl_typesupport_cpp.dir/rosidl_typesupport_cpp/drive_msgs/msg/actuator__type_support.cpp.o[0m
[ 18%] [32mBuilding CXX object CMakeFiles/drive_msgs__rosidl_typesupport_introspection_cpp.dir/rosidl_typesupport_introspection_cpp/drive_msgs/msg/detail/actuator__type_support.cpp.o[0m
[ 19%] [32mBuilding CXX object CMakeFiles/drive_msgs__rosidl_typesupport_cpp.dir/rosidl_typesupport_cpp/drive_msgs/msg/object_info__type_support.cpp.o[0m
[ 20%] [32mBuilding CXX object CMakeFiles/drive_msgs__rosidl_typesupport_fastrtps_cpp.dir/rosidl_typesupport_fastrtps_cpp/drive_msgs/msg/detail/dds_fastrtps/actuator__type_support.cpp.o[0m
[ 21%] [32mBuilding CXX object CMakeFiles/drive_msgs__rosidl_typesupport_c.dir/rosidl_typesupport_c/drive_msgs/msg/actuator__type_support.cpp.o[0m
[ 21%] [32mBuilding CXX object CMakeFiles/drive_msgs__rosidl_typesupport_c.dir/rosidl_typesupport_c/drive_msgs/msg/object_info__type_support.cpp.o[0m
[ 22%] [32mBuilding CXX object CMakeFiles/drive_msgs__rosidl_typesupport_c.dir/rosidl_typesupport_c/drive_msgs/msg/detection_data__type_support.cpp.o[0m
[ 23%] [32mBuilding CXX object CMakeFiles/drive_msgs__rosidl_typesupport_c.dir/rosidl_typesupport_c/drive_msgs/msg/navigation_data__type_support.cpp.o[0m
[ 24%] [32mBuilding CXX object CMakeFiles/drive_msgs__rosidl_typesupport_c.dir/rosidl_typesupport_c/drive_msgs/msg/vehicle_state__type_support.cpp.o[0m
[ 25%] [32mBuilding CXX object CMakeFiles/drive_msgs__rosidl_typesupport_c.dir/rosidl_typesupport_c/drive_msgs/msg/can_input__type_support.cpp.o[0m
[ 26%] [32mBuilding CXX object CMakeFiles/drive_msgs__rosidl_typesupport_c.dir/rosidl_typesupport_c/drive_msgs/msg/lane_data__type_support.cpp.o[0m
[ 27%] [32mBuilding CXX object CMakeFiles/drive_msgs__rosidl_typesupport_cpp.dir/rosidl_typesupport_cpp/drive_msgs/msg/detection_data__type_support.cpp.o[0m
[ 27%] [32mBuilding CXX object CMakeFiles/drive_msgs__rosidl_typesupport_c.dir/rosidl_typesupport_c/drive_msgs/msg/sensor_data__type_support.cpp.o[0m
[ 28%] [32mBuilding C object CMakeFiles/drive_msgs__rosidl_typesupport_introspection_c.dir/rosidl_typesupport_introspection_c/drive_msgs/msg/detail/actuator__type_support.c.o[0m
[ 29%] [32mBuilding CXX object CMakeFiles/drive_msgs__rosidl_typesupport_c.dir/rosidl_typesupport_c/drive_msgs/msg/can_output__type_support.cpp.o[0m
[ 30%] [32mBuilding CXX object CMakeFiles/drive_msgs__rosidl_typesupport_introspection_cpp.dir/rosidl_typesupport_introspection_cpp/drive_msgs/msg/detail/object_info__type_support.cpp.o[0m
[ 31%] [32mBuilding CXX object CMakeFiles/drive_msgs__rosidl_typesupport_c.dir/rosidl_typesupport_c/drive_msgs/msg/lane_let__type_support.cpp.o[0m
[ 32%] [32mBuilding C object CMakeFiles/drive_msgs__rosidl_typesupport_introspection_c.dir/rosidl_typesupport_introspection_c/drive_msgs/msg/detail/object_info__type_support.c.o[0m
[ 33%] [32mBuilding CXX object CMakeFiles/drive_msgs__rosidl_typesupport_fastrtps_c.dir/rosidl_typesupport_fastrtps_c/drive_msgs/msg/detail/actuator__type_support_c.cpp.o[0m
[ 34%] [32mBuilding CXX object CMakeFiles/drive_msgs__rosidl_typesupport_c.dir/rosidl_typesupport_c/drive_msgs/msg/user_input__type_support.cpp.o[0m
[ 35%] [32mBuilding C object CMakeFiles/drive_msgs__rosidl_typesupport_introspection_c.dir/rosidl_typesupport_introspection_c/drive_msgs/msg/detail/detection_data__type_support.c.o[0m
[ 36%] [32mBuilding CXX object CMakeFiles/drive_msgs__rosidl_typesupport_c.dir/rosidl_typesupport_c/drive_msgs/msg/system_status__type_support.cpp.o[0m
[ 37%] [32mBuilding CXX object CMakeFiles/drive_msgs__rosidl_typesupport_fastrtps_cpp.dir/rosidl_typesupport_fastrtps_cpp/drive_msgs/msg/detail/dds_fastrtps/object_info__type_support.cpp.o[0m
[ 38%] [32m[1mLinking CXX shared library libdrive_msgs__rosidl_typesupport_c.so[0m
[ 38%] [32mBuilding C object CMakeFiles/drive_msgs__rosidl_typesupport_introspection_c.dir/rosidl_typesupport_introspection_c/drive_msgs/msg/detail/navigation_data__type_support.c.o[0m
[ 39%] [32mBuilding C object CMakeFiles/drive_msgs__rosidl_typesupport_introspection_c.dir/rosidl_typesupport_introspection_c/drive_msgs/msg/detail/vehicle_state__type_support.c.o[0m
[ 39%] Built target drive_msgs__rosidl_typesupport_c
[ 40%] [32mBuilding CXX object CMakeFiles/drive_msgs__rosidl_typesupport_fastrtps_c.dir/rosidl_typesupport_fastrtps_c/drive_msgs/msg/detail/object_info__type_support_c.cpp.o[0m
[ 41%] [32mBuilding C object CMakeFiles/drive_msgs__rosidl_typesupport_introspection_c.dir/rosidl_typesupport_introspection_c/drive_msgs/msg/detail/can_input__type_support.c.o[0m
[ 42%] [32mBuilding CXX object CMakeFiles/drive_msgs__rosidl_typesupport_cpp.dir/rosidl_typesupport_cpp/drive_msgs/msg/navigation_data__type_support.cpp.o[0m
[ 43%] [32mBuilding C object CMakeFiles/drive_msgs__rosidl_typesupport_introspection_c.dir/rosidl_typesupport_introspection_c/drive_msgs/msg/detail/lane_data__type_support.c.o[0m
[ 44%] [32mBuilding C object CMakeFiles/drive_msgs__rosidl_typesupport_introspection_c.dir/rosidl_typesupport_introspection_c/drive_msgs/msg/detail/sensor_data__type_support.c.o[0m
[ 45%] [32mBuilding C object CMakeFiles/drive_msgs__rosidl_typesupport_introspection_c.dir/rosidl_typesupport_introspection_c/drive_msgs/msg/detail/can_output__type_support.c.o[0m
[ 46%] [32mBuilding C object CMakeFiles/drive_msgs__rosidl_typesupport_introspection_c.dir/rosidl_typesupport_introspection_c/drive_msgs/msg/detail/lane_let__type_support.c.o[0m
[ 47%] [32mBuilding CXX object CMakeFiles/drive_msgs__rosidl_typesupport_introspection_cpp.dir/rosidl_typesupport_introspection_cpp/drive_msgs/msg/detail/detection_data__type_support.cpp.o[0m
[ 47%] [32mBuilding CXX object CMakeFiles/drive_msgs__rosidl_typesupport_fastrtps_c.dir/rosidl_typesupport_fastrtps_c/drive_msgs/msg/detail/detection_data__type_support_c.cpp.o[0m
[ 47%] [32mBuilding C object CMakeFiles/drive_msgs__rosidl_typesupport_introspection_c.dir/rosidl_typesupport_introspection_c/drive_msgs/msg/detail/user_input__type_support.c.o[0m
[ 48%] [32mBuilding C object CMakeFiles/drive_msgs__rosidl_typesupport_introspection_c.dir/rosidl_typesupport_introspection_c/drive_msgs/msg/detail/system_status__type_support.c.o[0m
[ 49%] [32m[1mLinking C shared library libdrive_msgs__rosidl_typesupport_introspection_c.so[0m
[ 49%] [32mBuilding CXX object CMakeFiles/drive_msgs__rosidl_typesupport_cpp.dir/rosidl_typesupport_cpp/drive_msgs/msg/vehicle_state__type_support.cpp.o[0m
[ 50%] [32mBuilding CXX object CMakeFiles/drive_msgs__rosidl_typesupport_fastrtps_cpp.dir/rosidl_typesupport_fastrtps_cpp/drive_msgs/msg/detail/dds_fastrtps/detection_data__type_support.cpp.o[0m
[ 50%] Built target drive_msgs__rosidl_typesupport_introspection_c
[ 51%] [32mBuilding CXX object CMakeFiles/drive_msgs__rosidl_typesupport_cpp.dir/rosidl_typesupport_cpp/drive_msgs/msg/can_input__type_support.cpp.o[0m
[ 52%] [32mBuilding CXX object CMakeFiles/drive_msgs__rosidl_typesupport_fastrtps_c.dir/rosidl_typesupport_fastrtps_c/drive_msgs/msg/detail/navigation_data__type_support_c.cpp.o[0m
[ 53%] [32mBuilding CXX object CMakeFiles/drive_msgs__rosidl_typesupport_fastrtps_c.dir/rosidl_typesupport_fastrtps_c/drive_msgs/msg/detail/vehicle_state__type_support_c.cpp.o[0m
[ 54%] [32mBuilding CXX object CMakeFiles/drive_msgs__rosidl_typesupport_cpp.dir/rosidl_typesupport_cpp/drive_msgs/msg/lane_data__type_support.cpp.o[0m
[ 55%] [32mBuilding CXX object CMakeFiles/drive_msgs__rosidl_typesupport_cpp.dir/rosidl_typesupport_cpp/drive_msgs/msg/sensor_data__type_support.cpp.o[0m
[ 56%] [32mBuilding CXX object CMakeFiles/drive_msgs__rosidl_typesupport_introspection_cpp.dir/rosidl_typesupport_introspection_cpp/drive_msgs/msg/detail/navigation_data__type_support.cpp.o[0m
[ 57%] [32mBuilding CXX object CMakeFiles/drive_msgs__rosidl_typesupport_fastrtps_c.dir/rosidl_typesupport_fastrtps_c/drive_msgs/msg/detail/can_input__type_support_c.cpp.o[0m
[ 58%] [32mBuilding CXX object CMakeFiles/drive_msgs__rosidl_typesupport_fastrtps_cpp.dir/rosidl_typesupport_fastrtps_cpp/drive_msgs/msg/detail/dds_fastrtps/navigation_data__type_support.cpp.o[0m
[ 59%] [32mBuilding CXX object CMakeFiles/drive_msgs__rosidl_typesupport_cpp.dir/rosidl_typesupport_cpp/drive_msgs/msg/can_output__type_support.cpp.o[0m
[ 60%] [32mBuilding CXX object CMakeFiles/drive_msgs__rosidl_typesupport_cpp.dir/rosidl_typesupport_cpp/drive_msgs/msg/lane_let__type_support.cpp.o[0m
[ 61%] [32mBuilding CXX object CMakeFiles/drive_msgs__rosidl_typesupport_fastrtps_c.dir/rosidl_typesupport_fastrtps_c/drive_msgs/msg/detail/lane_data__type_support_c.cpp.o[0m
[ 62%] [32mBuilding CXX object CMakeFiles/drive_msgs__rosidl_typesupport_fastrtps_c.dir/rosidl_typesupport_fastrtps_c/drive_msgs/msg/detail/sensor_data__type_support_c.cpp.o[0m
[ 63%] [32mBuilding CXX object CMakeFiles/drive_msgs__rosidl_typesupport_introspection_cpp.dir/rosidl_typesupport_introspection_cpp/drive_msgs/msg/detail/vehicle_state__type_support.cpp.o[0m
[ 63%] [32mBuilding CXX object CMakeFiles/drive_msgs__rosidl_typesupport_cpp.dir/rosidl_typesupport_cpp/drive_msgs/msg/user_input__type_support.cpp.o[0m
[ 64%] [32mBuilding CXX object CMakeFiles/drive_msgs__rosidl_typesupport_cpp.dir/rosidl_typesupport_cpp/drive_msgs/msg/system_status__type_support.cpp.o[0m
[ 64%] [32mBuilding CXX object CMakeFiles/drive_msgs__rosidl_typesupport_fastrtps_c.dir/rosidl_typesupport_fastrtps_c/drive_msgs/msg/detail/can_output__type_support_c.cpp.o[0m
[ 65%] [32mBuilding CXX object CMakeFiles/drive_msgs__rosidl_typesupport_fastrtps_cpp.dir/rosidl_typesupport_fastrtps_cpp/drive_msgs/msg/detail/dds_fastrtps/vehicle_state__type_support.cpp.o[0m
[ 66%] [32mBuilding CXX object CMakeFiles/drive_msgs__rosidl_typesupport_fastrtps_c.dir/rosidl_typesupport_fastrtps_c/drive_msgs/msg/detail/lane_let__type_support_c.cpp.o[0m
[ 67%] [32mBuilding CXX object CMakeFiles/drive_msgs__rosidl_typesupport_fastrtps_c.dir/rosidl_typesupport_fastrtps_c/drive_msgs/msg/detail/user_input__type_support_c.cpp.o[0m
[ 68%] [32m[1mLinking CXX shared library libdrive_msgs__rosidl_typesupport_cpp.so[0m
[ 69%] [32mBuilding CXX object CMakeFiles/drive_msgs__rosidl_typesupport_introspection_cpp.dir/rosidl_typesupport_introspection_cpp/drive_msgs/msg/detail/can_input__type_support.cpp.o[0m
[ 69%] Built target drive_msgs__rosidl_typesupport_cpp
[ 69%] [32mBuilding CXX object CMakeFiles/drive_msgs__rosidl_typesupport_introspection_cpp.dir/rosidl_typesupport_introspection_cpp/drive_msgs/msg/detail/lane_data__type_support.cpp.o[0m
[ 70%] [32mBuilding CXX object CMakeFiles/drive_msgs__rosidl_typesupport_fastrtps_c.dir/rosidl_typesupport_fastrtps_c/drive_msgs/msg/detail/system_status__type_support_c.cpp.o[0m
[ 71%] [32mBuilding CXX object CMakeFiles/drive_msgs__rosidl_typesupport_introspection_cpp.dir/rosidl_typesupport_introspection_cpp/drive_msgs/msg/detail/sensor_data__type_support.cpp.o[0m
[ 71%] [32mBuilding CXX object CMakeFiles/drive_msgs__rosidl_typesupport_fastrtps_cpp.dir/rosidl_typesupport_fastrtps_cpp/drive_msgs/msg/detail/dds_fastrtps/can_input__type_support.cpp.o[0m
[ 72%] [32mBuilding CXX object CMakeFiles/drive_msgs__rosidl_typesupport_fastrtps_cpp.dir/rosidl_typesupport_fastrtps_cpp/drive_msgs/msg/detail/dds_fastrtps/lane_data__type_support.cpp.o[0m
[ 73%] [32mBuilding CXX object CMakeFiles/drive_msgs__rosidl_typesupport_introspection_cpp.dir/rosidl_typesupport_introspection_cpp/drive_msgs/msg/detail/can_output__type_support.cpp.o[0m
[ 74%] [32mBuilding CXX object CMakeFiles/drive_msgs__rosidl_typesupport_introspection_cpp.dir/rosidl_typesupport_introspection_cpp/drive_msgs/msg/detail/lane_let__type_support.cpp.o[0m
[ 75%] [32m[1mLinking CXX shared library libdrive_msgs__rosidl_typesupport_fastrtps_c.so[0m
[ 75%] Built target drive_msgs__rosidl_typesupport_fastrtps_c
[ 76%] [32mBuilding CXX object CMakeFiles/drive_msgs__rosidl_typesupport_introspection_cpp.dir/rosidl_typesupport_introspection_cpp/drive_msgs/msg/detail/user_input__type_support.cpp.o[0m
[ 77%] [32mBuilding CXX object CMakeFiles/drive_msgs__rosidl_typesupport_introspection_cpp.dir/rosidl_typesupport_introspection_cpp/drive_msgs/msg/detail/system_status__type_support.cpp.o[0m
[ 78%] [32mBuilding CXX object CMakeFiles/drive_msgs__rosidl_typesupport_fastrtps_cpp.dir/rosidl_typesupport_fastrtps_cpp/drive_msgs/msg/detail/dds_fastrtps/sensor_data__type_support.cpp.o[0m
[ 79%] [32mBuilding CXX object CMakeFiles/drive_msgs__rosidl_typesupport_fastrtps_cpp.dir/rosidl_typesupport_fastrtps_cpp/drive_msgs/msg/detail/dds_fastrtps/can_output__type_support.cpp.o[0m
[ 80%] [32mBuilding CXX object CMakeFiles/drive_msgs__rosidl_typesupport_fastrtps_cpp.dir/rosidl_typesupport_fastrtps_cpp/drive_msgs/msg/detail/dds_fastrtps/lane_let__type_support.cpp.o[0m
[ 81%] [32mBuilding CXX object CMakeFiles/drive_msgs__rosidl_typesupport_fastrtps_cpp.dir/rosidl_typesupport_fastrtps_cpp/drive_msgs/msg/detail/dds_fastrtps/user_input__type_support.cpp.o[0m
[ 81%] [32mBuilding CXX object CMakeFiles/drive_msgs__rosidl_typesupport_fastrtps_cpp.dir/rosidl_typesupport_fastrtps_cpp/drive_msgs/msg/detail/dds_fastrtps/system_status__type_support.cpp.o[0m
[ 82%] [32m[1mLinking CXX shared library libdrive_msgs__rosidl_typesupport_introspection_cpp.so[0m
[ 82%] Built target drive_msgs__rosidl_typesupport_introspection_cpp
[ 83%] [32m[1mLinking CXX shared library libdrive_msgs__rosidl_typesupport_fastrtps_cpp.so[0m
[ 83%] Built target drive_msgs__rosidl_typesupport_fastrtps_cpp
[ 83%] Built target drive_msgs
[ 84%] [34m[1mGenerating Python code for ROS interfaces[0m
[ 84%] Built target drive_msgs__py
[ 86%] [32mBuilding C object CMakeFiles/drive_msgs__rosidl_generator_py.dir/rosidl_generator_py/drive_msgs/msg/_detection_data_s.c.o[0m
[ 87%] [32mBuilding C object CMakeFiles/drive_msgs__rosidl_generator_py.dir/rosidl_generator_py/drive_msgs/msg/_navigation_data_s.c.o[0m
[ 87%] [32mBuilding C object CMakeFiles/drive_msgs__rosidl_generator_py.dir/rosidl_generator_py/drive_msgs/msg/_actuator_s.c.o[0m
[ 87%] [32mBuilding C object CMakeFiles/drive_msgs__rosidl_generator_py.dir/rosidl_generator_py/drive_msgs/msg/_object_info_s.c.o[0m
[ 89%] [32mBuilding C object CMakeFiles/drive_msgs__rosidl_generator_py.dir/rosidl_generator_py/drive_msgs/msg/_vehicle_state_s.c.o[0m
[ 89%] [32mBuilding C object CMakeFiles/drive_msgs__rosidl_generator_py.dir/rosidl_generator_py/drive_msgs/msg/_can_input_s.c.o[0m
[ 90%] [32mBuilding C object CMakeFiles/drive_msgs__rosidl_generator_py.dir/rosidl_generator_py/drive_msgs/msg/_lane_data_s.c.o[0m
[ 92%] [32mBuilding C object CMakeFiles/drive_msgs__rosidl_generator_py.dir/rosidl_generator_py/drive_msgs/msg/_sensor_data_s.c.o[0m
[ 92%] [32mBuilding C object CMakeFiles/drive_msgs__rosidl_generator_py.dir/rosidl_generator_py/drive_msgs/msg/_can_output_s.c.o[0m
[ 92%] [32mBuilding C object CMakeFiles/drive_msgs__rosidl_generator_py.dir/rosidl_generator_py/drive_msgs/msg/_lane_let_s.c.o[0m
[ 93%] [32mBuilding C object CMakeFiles/drive_msgs__rosidl_generator_py.dir/rosidl_generator_py/drive_msgs/msg/_user_input_s.c.o[0m
[ 94%] [32mBuilding C object CMakeFiles/drive_msgs__rosidl_generator_py.dir/rosidl_generator_py/drive_msgs/msg/_system_status_s.c.o[0m
[ 95%] [32m[1mLinking C shared library rosidl_generator_py/drive_msgs/libdrive_msgs__rosidl_generator_py.so[0m
[ 95%] Built target drive_msgs__rosidl_generator_py
[ 97%] [32mBuilding C object CMakeFiles/drive_msgs__rosidl_typesupport_introspection_c__pyext.dir/rosidl_generator_py/drive_msgs/_drive_msgs_s.ep.rosidl_typesupport_introspection_c.c.o[0m
[ 97%] [32mBuilding C object CMakeFiles/drive_msgs__rosidl_typesupport_fastrtps_c__pyext.dir/rosidl_generator_py/drive_msgs/_drive_msgs_s.ep.rosidl_typesupport_fastrtps_c.c.o[0m
[ 97%] [32mBuilding C object CMakeFiles/drive_msgs__rosidl_typesupport_c__pyext.dir/rosidl_generator_py/drive_msgs/_drive_msgs_s.ep.rosidl_typesupport_c.c.o[0m
[ 99%] [32m[1mLinking C shared library rosidl_generator_py/drive_msgs/drive_msgs_s__rosidl_typesupport_c.cpython-310-x86_64-linux-gnu.so[0m
[ 99%] [32m[1mLinking C shared library rosidl_generator_py/drive_msgs/drive_msgs_s__rosidl_typesupport_fastrtps_c.cpython-310-x86_64-linux-gnu.so[0m
[100%] [32m[1mLinking C shared library rosidl_generator_py/drive_msgs/drive_msgs_s__rosidl_typesupport_introspection_c.cpython-310-x86_64-linux-gnu.so[0m
[100%] Built target drive_msgs__rosidl_typesupport_c__pyext
[100%] Built target drive_msgs__rosidl_typesupport_fastrtps_c__pyext
[100%] Built target drive_msgs__rosidl_typesupport_introspection_c__pyext
-- Install configuration: ""
-- Installing: /home/hankyeolyu/vilab/VILAB_PANEL/install/drive_msgs/share/ament_index/resource_index/rosidl_interfaces/drive_msgs
-- Installing: /home/hankyeolyu/vilab/VILAB_PANEL/install/drive_msgs/include/drive_msgs/drive_msgs
-- Installing: /home/hankyeolyu/vilab/VILAB_PANEL/install/drive_msgs/include/drive_msgs/drive_msgs/msg
-- Installing: /home/hankyeolyu/vilab/VILAB_PANEL/install/drive_msgs/include/drive_msgs/drive_msgs/msg/can_input.h
-- Installing: /home/hankyeolyu/vilab/VILAB_PANEL/install/drive_msgs/include/drive_msgs/drive_msgs/msg/detail
-- Installing: /home/hankyeolyu/vilab/VILAB_PANEL/install/drive_msgs/include/drive_msgs/drive_msgs/msg/detail/navigation_data__functions.c
-- Installing: /home/hankyeolyu/vilab/VILAB_PANEL/install/drive_msgs/include/drive_msgs/drive_msgs/msg/detail/system_status__type_support.h
-- Installing: /home/hankyeolyu/vilab/VILAB_PANEL/install/drive_msgs/include/drive_msgs/drive_msgs/msg/detail/navigation_data__functions.h
-- Installing: /home/hankyeolyu/vilab/VILAB_PANEL/install/drive_msgs/include/drive_msgs/drive_msgs/msg/detail/can_output__type_support.h
-- Installing: /home/hankyeolyu/vilab/VILAB_PANEL/install/drive_msgs/include/drive_msgs/drive_msgs/msg/detail/object_info__functions.c
-- Installing: /home/hankyeolyu/vilab/VILAB_PANEL/install/drive_msgs/include/drive_msgs/drive_msgs/msg/detail/can_output__struct.h
-- Installing: /home/hankyeolyu/vilab/VILAB_PANEL/install/drive_msgs/include/drive_msgs/drive_msgs/msg/detail/can_output__functions.h
-- Installing: /home/hankyeolyu/vilab/VILAB_PANEL/install/drive_msgs/include/drive_msgs/drive_msgs/msg/detail/can_output__functions.c
-- Installing: /home/hankyeolyu/vilab/VILAB_PANEL/install/drive_msgs/include/drive_msgs/drive_msgs/msg/detail/user_input__type_support.h
-- Installing: /home/hankyeolyu/vilab/VILAB_PANEL/install/drive_msgs/include/drive_msgs/drive_msgs/msg/detail/system_status__struct.h
-- Installing: /home/hankyeolyu/vilab/VILAB_PANEL/install/drive_msgs/include/drive_msgs/drive_msgs/msg/detail/detection_data__type_support.h
-- Installing: /home/hankyeolyu/vilab/VILAB_PANEL/install/drive_msgs/include/drive_msgs/drive_msgs/msg/detail/lane_let__functions.h
-- Installing: /home/hankyeolyu/vilab/VILAB_PANEL/install/drive_msgs/include/drive_msgs/drive_msgs/msg/detail/user_input__struct.h
-- Installing: /home/hankyeolyu/vilab/VILAB_PANEL/install/drive_msgs/include/drive_msgs/drive_msgs/msg/detail/vehicle_state__functions.h
-- Installing: /home/hankyeolyu/vilab/VILAB_PANEL/install/drive_msgs/include/drive_msgs/drive_msgs/msg/detail/object_info__struct.h
-- Installing: /home/hankyeolyu/vilab/VILAB_PANEL/install/drive_msgs/include/drive_msgs/drive_msgs/msg/detail/sensor_data__functions.h
-- Installing: /home/hankyeolyu/vilab/VILAB_PANEL/install/drive_msgs/include/drive_msgs/drive_msgs/msg/detail/vehicle_state__type_support.h
-- Installing: /home/hankyeolyu/vilab/VILAB_PANEL/install/drive_msgs/include/drive_msgs/drive_msgs/msg/detail/user_input__functions.h
-- Installing: /home/hankyeolyu/vilab/VILAB_PANEL/install/drive_msgs/include/drive_msgs/drive_msgs/msg/detail/can_input__struct.h
-- Installing: /home/hankyeolyu/vilab/VILAB_PANEL/install/drive_msgs/include/drive_msgs/drive_msgs/msg/detail/actuator__functions.c
-- Installing: /home/hankyeolyu/vilab/VILAB_PANEL/install/drive_msgs/include/drive_msgs/drive_msgs/msg/detail/actuator__struct.h
-- Installing: /home/hankyeolyu/vilab/VILAB_PANEL/install/drive_msgs/include/drive_msgs/drive_msgs/msg/detail/system_status__functions.c
-- Installing: /home/hankyeolyu/vilab/VILAB_PANEL/install/drive_msgs/include/drive_msgs/drive_msgs/msg/detail/lane_let__type_support.h
-- Installing: /home/hankyeolyu/vilab/VILAB_PANEL/install/drive_msgs/include/drive_msgs/drive_msgs/msg/detail/vehicle_state__functions.c
-- Installing: /home/hankyeolyu/vilab/VILAB_PANEL/install/drive_msgs/include/drive_msgs/drive_msgs/msg/detail/lane_data__functions.c
-- Installing: /home/hankyeolyu/vilab/VILAB_PANEL/install/drive_msgs/include/drive_msgs/drive_msgs/msg/detail/detection_data__functions.h
-- Installing: /home/hankyeolyu/vilab/VILAB_PANEL/install/drive_msgs/include/drive_msgs/drive_msgs/msg/detail/sensor_data__type_support.h
-- Installing: /home/hankyeolyu/vilab/VILAB_PANEL/install/drive_msgs/include/drive_msgs/drive_msgs/msg/detail/detection_data__struct.h
-- Installing: /home/hankyeolyu/vilab/VILAB_PANEL/install/drive_msgs/include/drive_msgs/drive_msgs/msg/detail/actuator__type_support.h
-- Installing: /home/hankyeolyu/vilab/VILAB_PANEL/install/drive_msgs/include/drive_msgs/drive_msgs/msg/detail/sensor_data__struct.h
-- Installing: /home/hankyeolyu/vilab/VILAB_PANEL/install/drive_msgs/include/drive_msgs/drive_msgs/msg/detail/navigation_data__struct.h
-- Installing: /home/hankyeolyu/vilab/VILAB_PANEL/install/drive_msgs/include/drive_msgs/drive_msgs/msg/detail/can_input__type_support.h
-- Installing: /home/hankyeolyu/vilab/VILAB_PANEL/install/drive_msgs/include/drive_msgs/drive_msgs/msg/detail/lane_data__functions.h
-- Installing: /home/hankyeolyu/vilab/VILAB_PANEL/install/drive_msgs/include/drive_msgs/drive_msgs/msg/detail/can_input__functions.h
-- Installing: /home/hankyeolyu/vilab/VILAB_PANEL/install/drive_msgs/include/drive_msgs/drive_msgs/msg/detail/navigation_data__type_support.h
-- Installing: /home/hankyeolyu/vilab/VILAB_PANEL/install/drive_msgs/include/drive_msgs/drive_msgs/msg/detail/lane_data__struct.h
-- Installing: /home/hankyeolyu/vilab/VILAB_PANEL/install/drive_msgs/include/drive_msgs/drive_msgs/msg/detail/object_info__type_support.h
-- Installing: /home/hankyeolyu/vilab/VILAB_PANEL/install/drive_msgs/include/drive_msgs/drive_msgs/msg/detail/vehicle_state__struct.h
-- Installing: /home/hankyeolyu/vilab/VILAB_PANEL/install/drive_msgs/include/drive_msgs/drive_msgs/msg/detail/system_status__functions.h
-- Installing: /home/hankyeolyu/vilab/VILAB_PANEL/install/drive_msgs/include/drive_msgs/drive_msgs/msg/detail/actuator__functions.h
-- Installing: /home/hankyeolyu/vilab/VILAB_PANEL/install/drive_msgs/include/drive_msgs/drive_msgs/msg/detail/lane_let__struct.h
-- Installing: /home/hankyeolyu/vilab/VILAB_PANEL/install/drive_msgs/include/drive_msgs/drive_msgs/msg/detail/detection_data__functions.c
-- Installing: /home/hankyeolyu/vilab/VILAB_PANEL/install/drive_msgs/include/drive_msgs/drive_msgs/msg/detail/lane_data__type_support.h
-- Installing: /home/hankyeolyu/vilab/VILAB_PANEL/install/drive_msgs/include/drive_msgs/drive_msgs/msg/detail/object_info__functions.h
-- Installing: /home/hankyeolyu/vilab/VILAB_PANEL/install/drive_msgs/include/drive_msgs/drive_msgs/msg/detail/sensor_data__functions.c
-- Installing: /home/hankyeolyu/vilab/VILAB_PANEL/install/drive_msgs/include/drive_msgs/drive_msgs/msg/detail/lane_let__functions.c
-- Installing: /home/hankyeolyu/vilab/VILAB_PANEL/install/drive_msgs/include/drive_msgs/drive_msgs/msg/detail/can_input__functions.c
-- Installing: /home/hankyeolyu/vilab/VILAB_PANEL/install/drive_msgs/include/drive_msgs/drive_msgs/msg/detail/user_input__functions.c
-- Installing: /home/hankyeolyu/vilab/VILAB_PANEL/install/drive_msgs/include/drive_msgs/drive_msgs/msg/vehicle_state.h
-- Installing: /home/hankyeolyu/vilab/VILAB_PANEL/install/drive_msgs/include/drive_msgs/drive_msgs/msg/can_output.h
-- Installing: /home/hankyeolyu/vilab/VILAB_PANEL/install/drive_msgs/include/drive_msgs/drive_msgs/msg/navigation_data.h
-- Installing: /home/hankyeolyu/vilab/VILAB_PANEL/install/drive_msgs/include/drive_msgs/drive_msgs/msg/sensor_data.h
-- Installing: /home/hankyeolyu/vilab/VILAB_PANEL/install/drive_msgs/include/drive_msgs/drive_msgs/msg/lane_data.h
-- Installing: /home/hankyeolyu/vilab/VILAB_PANEL/install/drive_msgs/include/drive_msgs/drive_msgs/msg/rosidl_generator_c__visibility_control.h
-- Installing: /home/hankyeolyu/vilab/VILAB_PANEL/install/drive_msgs/include/drive_msgs/drive_msgs/msg/lane_let.h
-- Installing: /home/hankyeolyu/vilab/VILAB_PANEL/install/drive_msgs/include/drive_msgs/drive_msgs/msg/system_status.h
-- Installing: /home/hankyeolyu/vilab/VILAB_PANEL/install/drive_msgs/include/drive_msgs/drive_msgs/msg/user_input.h
-- Installing: /home/hankyeolyu/vilab/VILAB_PANEL/install/drive_msgs/include/drive_msgs/drive_msgs/msg/detection_data.h
-- Installing: /home/hankyeolyu/vilab/VILAB_PANEL/install/drive_msgs/include/drive_msgs/drive_msgs/msg/object_info.h
-- Installing: /home/hankyeolyu/vilab/VILAB_PANEL/install/drive_msgs/include/drive_msgs/drive_msgs/msg/actuator.h
-- Installing: /home/hankyeolyu/vilab/VILAB_PANEL/install/drive_msgs/share/drive_msgs/environment/library_path.sh
-- Installing: /home/hankyeolyu/vilab/VILAB_PANEL/install/drive_msgs/share/drive_msgs/environment/library_path.dsv
-- Installing: /home/hankyeolyu/vilab/VILAB_PANEL/install/drive_msgs/lib/libdrive_msgs__rosidl_generator_c.so
-- Set runtime path of "/home/hankyeolyu/vilab/VILAB_PANEL/install/drive_msgs/lib/libdrive_msgs__rosidl_generator_c.so" to ""
-- Up-to-date: /home/hankyeolyu/vilab/VILAB_PANEL/install/drive_msgs/include/drive_msgs/drive_msgs
-- Up-to-date: /home/hankyeolyu/vilab/VILAB_PANEL/install/drive_msgs/include/drive_msgs/drive_msgs/msg
-- Installing: /home/hankyeolyu/vilab/VILAB_PANEL/install/drive_msgs/include/drive_msgs/drive_msgs/msg/rosidl_typesupport_fastrtps_c__visibility_control.h
-- Up-to-date: /home/hankyeolyu/vilab/VILAB_PANEL/install/drive_msgs/include/drive_msgs/drive_msgs/msg/detail
-- Installing: /home/hankyeolyu/vilab/VILAB_PANEL/install/drive_msgs/include/drive_msgs/drive_msgs/msg/detail/vehicle_state__rosidl_typesupport_fastrtps_c.h
-- Installing: /home/hankyeolyu/vilab/VILAB_PANEL/install/drive_msgs/include/drive_msgs/drive_msgs/msg/detail/actuator__rosidl_typesupport_fastrtps_c.h
-- Installing: /home/hankyeolyu/vilab/VILAB_PANEL/install/drive_msgs/include/drive_msgs/drive_msgs/msg/detail/sensor_data__rosidl_typesupport_fastrtps_c.h
-- Installing: /home/hankyeolyu/vilab/VILAB_PANEL/install/drive_msgs/include/drive_msgs/drive_msgs/msg/detail/lane_data__rosidl_typesupport_fastrtps_c.h
-- Installing: /home/hankyeolyu/vilab/VILAB_PANEL/install/drive_msgs/include/drive_msgs/drive_msgs/msg/detail/detection_data__rosidl_typesupport_fastrtps_c.h
-- Installing: /home/hankyeolyu/vilab/VILAB_PANEL/install/drive_msgs/include/drive_msgs/drive_msgs/msg/detail/user_input__rosidl_typesupport_fastrtps_c.h
-- Installing: /home/hankyeolyu/vilab/VILAB_PANEL/install/drive_msgs/include/drive_msgs/drive_msgs/msg/detail/navigation_data__rosidl_typesupport_fastrtps_c.h
-- Installing: /home/hankyeolyu/vilab/VILAB_PANEL/install/drive_msgs/include/drive_msgs/drive_msgs/msg/detail/lane_let__rosidl_typesupport_fastrtps_c.h
-- Installing: /home/hankyeolyu/vilab/VILAB_PANEL/install/drive_msgs/include/drive_msgs/drive_msgs/msg/detail/system_status__rosidl_typesupport_fastrtps_c.h
-- Installing: /home/hankyeolyu/vilab/VILAB_PANEL/install/drive_msgs/include/drive_msgs/drive_msgs/msg/detail/can_input__rosidl_typesupport_fastrtps_c.h
-- Installing: /home/hankyeolyu/vilab/VILAB_PANEL/install/drive_msgs/include/drive_msgs/drive_msgs/msg/detail/can_output__rosidl_typesupport_fastrtps_c.h
-- Installing: /home/hankyeolyu/vilab/VILAB_PANEL/install/drive_msgs/include/drive_msgs/drive_msgs/msg/detail/object_info__rosidl_typesupport_fastrtps_c.h
-- Installing: /home/hankyeolyu/vilab/VILAB_PANEL/install/drive_msgs/lib/libdrive_msgs__rosidl_typesupport_fastrtps_c.so
-- Set runtime path of "/home/hankyeolyu/vilab/VILAB_PANEL/install/drive_msgs/lib/libdrive_msgs__rosidl_typesupport_fastrtps_c.so" to ""
-- Up-to-date: /home/hankyeolyu/vilab/VILAB_PANEL/install/drive_msgs/include/drive_msgs/drive_msgs
-- Up-to-date: /home/hankyeolyu/vilab/VILAB_PANEL/install/drive_msgs/include/drive_msgs/drive_msgs/msg
-- Installing: /home/hankyeolyu/vilab/VILAB_PANEL/install/drive_msgs/include/drive_msgs/drive_msgs/msg/actuator.hpp
-- Installing: /home/hankyeolyu/vilab/VILAB_PANEL/install/drive_msgs/include/drive_msgs/drive_msgs/msg/object_info.hpp
-- Installing: /home/hankyeolyu/vilab/VILAB_PANEL/install/drive_msgs/include/drive_msgs/drive_msgs/msg/user_input.hpp
-- Installing: /home/hankyeolyu/vilab/VILAB_PANEL/install/drive_msgs/include/drive_msgs/drive_msgs/msg/can_input.hpp
-- Installing: /home/hankyeolyu/vilab/VILAB_PANEL/install/drive_msgs/include/drive_msgs/drive_msgs/msg/navigation_data.hpp
-- Installing: /home/hankyeolyu/vilab/VILAB_PANEL/install/drive_msgs/include/drive_msgs/drive_msgs/msg/system_status.hpp
-- Up-to-date: /home/hankyeolyu/vilab/VILAB_PANEL/install/drive_msgs/include/drive_msgs/drive_msgs/msg/detail
-- Installing: /home/hankyeolyu/vilab/VILAB_PANEL/install/drive_msgs/include/drive_msgs/drive_msgs/msg/detail/sensor_data__struct.hpp
-- Installing: /home/hankyeolyu/vilab/VILAB_PANEL/install/drive_msgs/include/drive_msgs/drive_msgs/msg/detail/object_info__struct.hpp
-- Installing: /home/hankyeolyu/vilab/VILAB_PANEL/install/drive_msgs/include/drive_msgs/drive_msgs/msg/detail/can_input__builder.hpp
-- Installing: /home/hankyeolyu/vilab/VILAB_PANEL/install/drive_msgs/include/drive_msgs/drive_msgs/msg/detail/detection_data__builder.hpp
-- Installing: /home/hankyeolyu/vilab/VILAB_PANEL/install/drive_msgs/include/drive_msgs/drive_msgs/msg/detail/system_status__struct.hpp
-- Installing: /home/hankyeolyu/vilab/VILAB_PANEL/install/drive_msgs/include/drive_msgs/drive_msgs/msg/detail/sensor_data__traits.hpp
-- Installing: /home/hankyeolyu/vilab/VILAB_PANEL/install/drive_msgs/include/drive_msgs/drive_msgs/msg/detail/lane_data__builder.hpp
-- Installing: /home/hankyeolyu/vilab/VILAB_PANEL/install/drive_msgs/include/drive_msgs/drive_msgs/msg/detail/actuator__struct.hpp
-- Installing: /home/hankyeolyu/vilab/VILAB_PANEL/install/drive_msgs/include/drive_msgs/drive_msgs/msg/detail/system_status__traits.hpp
-- Installing: /home/hankyeolyu/vilab/VILAB_PANEL/install/drive_msgs/include/drive_msgs/drive_msgs/msg/detail/lane_let__builder.hpp
-- Installing: /home/hankyeolyu/vilab/VILAB_PANEL/install/drive_msgs/include/drive_msgs/drive_msgs/msg/detail/object_info__builder.hpp
-- Installing: /home/hankyeolyu/vilab/VILAB_PANEL/install/drive_msgs/include/drive_msgs/drive_msgs/msg/detail/user_input__builder.hpp
-- Installing: /home/hankyeolyu/vilab/VILAB_PANEL/install/drive_msgs/include/drive_msgs/drive_msgs/msg/detail/navigation_data__traits.hpp
-- Installing: /home/hankyeolyu/vilab/VILAB_PANEL/install/drive_msgs/include/drive_msgs/drive_msgs/msg/detail/object_info__traits.hpp
-- Installing: /home/hankyeolyu/vilab/VILAB_PANEL/install/drive_msgs/include/drive_msgs/drive_msgs/msg/detail/lane_data__struct.hpp
-- Installing: /home/hankyeolyu/vilab/VILAB_PANEL/install/drive_msgs/include/drive_msgs/drive_msgs/msg/detail/detection_data__struct.hpp
-- Installing: /home/hankyeolyu/vilab/VILAB_PANEL/install/drive_msgs/include/drive_msgs/drive_msgs/msg/detail/vehicle_state__struct.hpp
-- Installing: /home/hankyeolyu/vilab/VILAB_PANEL/install/drive_msgs/include/drive_msgs/drive_msgs/msg/detail/vehicle_state__builder.hpp
-- Installing: /home/hankyeolyu/vilab/VILAB_PANEL/install/drive_msgs/include/drive_msgs/drive_msgs/msg/detail/can_input__traits.hpp
-- Installing: /home/hankyeolyu/vilab/VILAB_PANEL/install/drive_msgs/include/drive_msgs/drive_msgs/msg/detail/actuator__traits.hpp
-- Installing: /home/hankyeolyu/vilab/VILAB_PANEL/install/drive_msgs/include/drive_msgs/drive_msgs/msg/detail/can_output__builder.hpp
-- Installing: /home/hankyeolyu/vilab/VILAB_PANEL/install/drive_msgs/include/drive_msgs/drive_msgs/msg/detail/navigation_data__struct.hpp
-- Installing: /home/hankyeolyu/vilab/VILAB_PANEL/install/drive_msgs/include/drive_msgs/drive_msgs/msg/detail/actuator__builder.hpp
-- Installing: /home/hankyeolyu/vilab/VILAB_PANEL/install/drive_msgs/include/drive_msgs/drive_msgs/msg/detail/lane_data__traits.hpp
-- Installing: /home/hankyeolyu/vilab/VILAB_PANEL/install/drive_msgs/include/drive_msgs/drive_msgs/msg/detail/lane_let__struct.hpp
-- Installing: /home/hankyeolyu/vilab/VILAB_PANEL/install/drive_msgs/include/drive_msgs/drive_msgs/msg/detail/can_input__struct.hpp
-- Installing: /home/hankyeolyu/vilab/VILAB_PANEL/install/drive_msgs/include/drive_msgs/drive_msgs/msg/detail/can_output__struct.hpp
-- Installing: /home/hankyeolyu/vilab/VILAB_PANEL/install/drive_msgs/include/drive_msgs/drive_msgs/msg/detail/user_input__traits.hpp
-- Installing: /home/hankyeolyu/vilab/VILAB_PANEL/install/drive_msgs/include/drive_msgs/drive_msgs/msg/detail/user_input__struct.hpp
-- Installing: /home/hankyeolyu/vilab/VILAB_PANEL/install/drive_msgs/include/drive_msgs/drive_msgs/msg/detail/vehicle_state__traits.hpp
-- Installing: /home/hankyeolyu/vilab/VILAB_PANEL/install/drive_msgs/include/drive_msgs/drive_msgs/msg/detail/navigation_data__builder.hpp
-- Installing: /home/hankyeolyu/vilab/VILAB_PANEL/install/drive_msgs/include/drive_msgs/drive_msgs/msg/detail/system_status__builder.hpp
-- Installing: /home/hankyeolyu/vilab/VILAB_PANEL/install/drive_msgs/include/drive_msgs/drive_msgs/msg/detail/lane_let__traits.hpp
-- Installing: /home/hankyeolyu/vilab/VILAB_PANEL/install/drive_msgs/include/drive_msgs/drive_msgs/msg/detail/sensor_data__builder.hpp
-- Installing: /home/hankyeolyu/vilab/VILAB_PANEL/install/drive_msgs/include/drive_msgs/drive_msgs/msg/detail/detection_data__traits.hpp
-- Installing: /home/hankyeolyu/vilab/VILAB_PANEL/install/drive_msgs/include/drive_msgs/drive_msgs/msg/detail/can_output__traits.hpp
-- Installing: /home/hankyeolyu/vilab/VILAB_PANEL/install/drive_msgs/include/drive_msgs/drive_msgs/msg/lane_data.hpp
-- Installing: /home/hankyeolyu/vilab/VILAB_PANEL/install/drive_msgs/include/drive_msgs/drive_msgs/msg/detection_data.hpp
-- Installing: /home/hankyeolyu/vilab/VILAB_PANEL/install/drive_msgs/include/drive_msgs/drive_msgs/msg/can_output.hpp
-- Installing: /home/hankyeolyu/vilab/VILAB_PANEL/install/drive_msgs/include/drive_msgs/drive_msgs/msg/lane_let.hpp
-- Installing: /home/hankyeolyu/vilab/VILAB_PANEL/install/drive_msgs/include/drive_msgs/drive_msgs/msg/vehicle_state.hpp
-- Installing: /home/hankyeolyu/vilab/VILAB_PANEL/install/drive_msgs/include/drive_msgs/drive_msgs/msg/sensor_data.hpp
-- Up-to-date: /home/hankyeolyu/vilab/VILAB_PANEL/install/drive_msgs/include/drive_msgs/drive_msgs
-- Up-to-date: /home/hankyeolyu/vilab/VILAB_PANEL/install/drive_msgs/include/drive_msgs/drive_msgs/msg
-- Installing: /home/hankyeolyu/vilab/VILAB_PANEL/install/drive_msgs/include/drive_msgs/drive_msgs/msg/rosidl_typesupport_fastrtps_cpp__visibility_control.h
-- Up-to-date: /home/hankyeolyu/vilab/VILAB_PANEL/install/drive_msgs/include/drive_msgs/drive_msgs/msg/detail
-- Installing: /home/hankyeolyu/vilab/VILAB_PANEL/install/drive_msgs/include/drive_msgs/drive_msgs/msg/detail/user_input__rosidl_typesupport_fastrtps_cpp.hpp
-- Installing: /home/hankyeolyu/vilab/VILAB_PANEL/install/drive_msgs/include/drive_msgs/drive_msgs/msg/detail/vehicle_state__rosidl_typesupport_fastrtps_cpp.hpp
-- Installing: /home/hankyeolyu/vilab/VILAB_PANEL/install/drive_msgs/include/drive_msgs/drive_msgs/msg/detail/object_info__rosidl_typesupport_fastrtps_cpp.hpp
-- Installing: /home/hankyeolyu/vilab/VILAB_PANEL/install/drive_msgs/include/drive_msgs/drive_msgs/msg/detail/lane_let__rosidl_typesupport_fastrtps_cpp.hpp
-- Installing: /home/hankyeolyu/vilab/VILAB_PANEL/install/drive_msgs/include/drive_msgs/drive_msgs/msg/detail/sensor_data__rosidl_typesupport_fastrtps_cpp.hpp
-- Installing: /home/hankyeolyu/vilab/VILAB_PANEL/install/drive_msgs/include/drive_msgs/drive_msgs/msg/detail/detection_data__rosidl_typesupport_fastrtps_cpp.hpp
-- Installing: /home/hankyeolyu/vilab/VILAB_PANEL/install/drive_msgs/include/drive_msgs/drive_msgs/msg/detail/system_status__rosidl_typesupport_fastrtps_cpp.hpp
-- Installing: /home/hankyeolyu/vilab/VILAB_PANEL/install/drive_msgs/include/drive_msgs/drive_msgs/msg/detail/actuator__rosidl_typesupport_fastrtps_cpp.hpp
-- Installing: /home/hankyeolyu/vilab/VILAB_PANEL/install/drive_msgs/include/drive_msgs/drive_msgs/msg/detail/lane_data__rosidl_typesupport_fastrtps_cpp.hpp
-- Installing: /home/hankyeolyu/vilab/VILAB_PANEL/install/drive_msgs/include/drive_msgs/drive_msgs/msg/detail/navigation_data__rosidl_typesupport_fastrtps_cpp.hpp
-- Installing: /home/hankyeolyu/vilab/VILAB_PANEL/install/drive_msgs/include/drive_msgs/drive_msgs/msg/detail/can_input__rosidl_typesupport_fastrtps_cpp.hpp
-- Installing: /home/hankyeolyu/vilab/VILAB_PANEL/install/drive_msgs/include/drive_msgs/drive_msgs/msg/detail/can_output__rosidl_typesupport_fastrtps_cpp.hpp
-- Installing: /home/hankyeolyu/vilab/VILAB_PANEL/install/drive_msgs/include/drive_msgs/drive_msgs/msg/detail/dds_fastrtps
-- Installing: /home/hankyeolyu/vilab/VILAB_PANEL/install/drive_msgs/lib/libdrive_msgs__rosidl_typesupport_fastrtps_cpp.so
-- Set runtime path of "/home/hankyeolyu/vilab/VILAB_PANEL/install/drive_msgs/lib/libdrive_msgs__rosidl_typesupport_fastrtps_cpp.so" to ""
-- Up-to-date: /home/hankyeolyu/vilab/VILAB_PANEL/install/drive_msgs/include/drive_msgs/drive_msgs
-- Up-to-date: /home/hankyeolyu/vilab/VILAB_PANEL/install/drive_msgs/include/drive_msgs/drive_msgs/msg
-- Up-to-date: /home/hankyeolyu/vilab/VILAB_PANEL/install/drive_msgs/include/drive_msgs/drive_msgs/msg/detail
-- Installing: /home/hankyeolyu/vilab/VILAB_PANEL/install/drive_msgs/include/drive_msgs/drive_msgs/msg/detail/user_input__type_support.c
-- Installing: /home/hankyeolyu/vilab/VILAB_PANEL/install/drive_msgs/include/drive_msgs/drive_msgs/msg/detail/lane_data__rosidl_typesupport_introspection_c.h
-- Installing: /home/hankyeolyu/vilab/VILAB_PANEL/install/drive_msgs/include/drive_msgs/drive_msgs/msg/detail/lane_let__rosidl_typesupport_introspection_c.h
-- Installing: /home/hankyeolyu/vilab/VILAB_PANEL/install/drive_msgs/include/drive_msgs/drive_msgs/msg/detail/vehicle_state__rosidl_typesupport_introspection_c.h
-- Installing: /home/hankyeolyu/vilab/VILAB_PANEL/install/drive_msgs/include/drive_msgs/drive_msgs/msg/detail/actuator__rosidl_typesupport_introspection_c.h
-- Installing: /home/hankyeolyu/vilab/VILAB_PANEL/install/drive_msgs/include/drive_msgs/drive_msgs/msg/detail/can_output__rosidl_typesupport_introspection_c.h
-- Installing: /home/hankyeolyu/vilab/VILAB_PANEL/install/drive_msgs/include/drive_msgs/drive_msgs/msg/detail/user_input__rosidl_typesupport_introspection_c.h
-- Installing: /home/hankyeolyu/vilab/VILAB_PANEL/install/drive_msgs/include/drive_msgs/drive_msgs/msg/detail/system_status__type_support.c
-- Installing: /home/hankyeolyu/vilab/VILAB_PANEL/install/drive_msgs/include/drive_msgs/drive_msgs/msg/detail/can_input__rosidl_typesupport_introspection_c.h
-- Installing: /home/hankyeolyu/vilab/VILAB_PANEL/install/drive_msgs/include/drive_msgs/drive_msgs/msg/detail/lane_data__type_support.c
-- Installing: /home/hankyeolyu/vilab/VILAB_PANEL/install/drive_msgs/include/drive_msgs/drive_msgs/msg/detail/object_info__type_support.c
-- Installing: /home/hankyeolyu/vilab/VILAB_PANEL/install/drive_msgs/include/drive_msgs/drive_msgs/msg/detail/object_info__rosidl_typesupport_introspection_c.h
-- Installing: /home/hankyeolyu/vilab/VILAB_PANEL/install/drive_msgs/include/drive_msgs/drive_msgs/msg/detail/sensor_data__type_support.c
-- Installing: /home/hankyeolyu/vilab/VILAB_PANEL/install/drive_msgs/include/drive_msgs/drive_msgs/msg/detail/can_output__type_support.c
-- Installing: /home/hankyeolyu/vilab/VILAB_PANEL/install/drive_msgs/include/drive_msgs/drive_msgs/msg/detail/detection_data__type_support.c
-- Installing: /home/hankyeolyu/vilab/VILAB_PANEL/install/drive_msgs/include/drive_msgs/drive_msgs/msg/detail/lane_let__type_support.c
-- Installing: /home/hankyeolyu/vilab/VILAB_PANEL/install/drive_msgs/include/drive_msgs/drive_msgs/msg/detail/system_status__rosidl_typesupport_introspection_c.h
-- Installing: /home/hankyeolyu/vilab/VILAB_PANEL/install/drive_msgs/include/drive_msgs/drive_msgs/msg/detail/vehicle_state__type_support.c
-- Installing: /home/hankyeolyu/vilab/VILAB_PANEL/install/drive_msgs/include/drive_msgs/drive_msgs/msg/detail/navigation_data__rosidl_typesupport_introspection_c.h
-- Installing: /home/hankyeolyu/vilab/VILAB_PANEL/install/drive_msgs/include/drive_msgs/drive_msgs/msg/detail/sensor_data__rosidl_typesupport_introspection_c.h
-- Installing: /home/hankyeolyu/vilab/VILAB_PANEL/install/drive_msgs/include/drive_msgs/drive_msgs/msg/detail/navigation_data__type_support.c
-- Installing: /home/hankyeolyu/vilab/VILAB_PANEL/install/drive_msgs/include/drive_msgs/drive_msgs/msg/detail/detection_data__rosidl_typesupport_introspection_c.h
-- Installing: /home/hankyeolyu/vilab/VILAB_PANEL/install/drive_msgs/include/drive_msgs/drive_msgs/msg/detail/can_input__type_support.c
-- Installing: /home/hankyeolyu/vilab/VILAB_PANEL/install/drive_msgs/include/drive_msgs/drive_msgs/msg/detail/actuator__type_support.c
-- Installing: /home/hankyeolyu/vilab/VILAB_PANEL/install/drive_msgs/include/drive_msgs/drive_msgs/msg/rosidl_typesupport_introspection_c__visibility_control.h
-- Installing: /home/hankyeolyu/vilab/VILAB_PANEL/install/drive_msgs/lib/libdrive_msgs__rosidl_typesupport_introspection_c.so
-- Set runtime path of "/home/hankyeolyu/vilab/VILAB_PANEL/install/drive_msgs/lib/libdrive_msgs__rosidl_typesupport_introspection_c.so" to ""
-- Installing: /home/hankyeolyu/vilab/VILAB_PANEL/install/drive_msgs/lib/libdrive_msgs__rosidl_typesupport_c.so
-- Set runtime path of "/home/hankyeolyu/vilab/VILAB_PANEL/install/drive_msgs/lib/libdrive_msgs__rosidl_typesupport_c.so" to ""
-- Up-to-date: /home/hankyeolyu/vilab/VILAB_PANEL/install/drive_msgs/include/drive_msgs/drive_msgs
-- Up-to-date: /home/hankyeolyu/vilab/VILAB_PANEL/install/drive_msgs/include/drive_msgs/drive_msgs/msg
-- Up-to-date: /home/hankyeolyu/vilab/VILAB_PANEL/install/drive_msgs/include/drive_msgs/drive_msgs/msg/detail
-- Installing: /home/hankyeolyu/vilab/VILAB_PANEL/install/drive_msgs/include/drive_msgs/drive_msgs/msg/detail/detection_data__type_support.cpp
-- Installing: /home/hankyeolyu/vilab/VILAB_PANEL/install/drive_msgs/include/drive_msgs/drive_msgs/msg/detail/navigation_data__type_support.cpp
-- Installing: /home/hankyeolyu/vilab/VILAB_PANEL/install/drive_msgs/include/drive_msgs/drive_msgs/msg/detail/object_info__rosidl_typesupport_introspection_cpp.hpp
-- Installing: /home/hankyeolyu/vilab/VILAB_PANEL/install/drive_msgs/include/drive_msgs/drive_msgs/msg/detail/lane_let__rosidl_typesupport_introspection_cpp.hpp
-- Installing: /home/hankyeolyu/vilab/VILAB_PANEL/install/drive_msgs/include/drive_msgs/drive_msgs/msg/detail/sensor_data__type_support.cpp
-- Installing: /home/hankyeolyu/vilab/VILAB_PANEL/install/drive_msgs/include/drive_msgs/drive_msgs/msg/detail/user_input__type_support.cpp
-- Installing: /home/hankyeolyu/vilab/VILAB_PANEL/install/drive_msgs/include/drive_msgs/drive_msgs/msg/detail/can_input__rosidl_typesupport_introspection_cpp.hpp
-- Installing: /home/hankyeolyu/vilab/VILAB_PANEL/install/drive_msgs/include/drive_msgs/drive_msgs/msg/detail/actuator__type_support.cpp
-- Installing: /home/hankyeolyu/vilab/VILAB_PANEL/install/drive_msgs/include/drive_msgs/drive_msgs/msg/detail/can_input__type_support.cpp
-- Installing: /home/hankyeolyu/vilab/VILAB_PANEL/install/drive_msgs/include/drive_msgs/drive_msgs/msg/detail/system_status__type_support.cpp
-- Installing: /home/hankyeolyu/vilab/VILAB_PANEL/install/drive_msgs/include/drive_msgs/drive_msgs/msg/detail/detection_data__rosidl_typesupport_introspection_cpp.hpp
-- Installing: /home/hankyeolyu/vilab/VILAB_PANEL/install/drive_msgs/include/drive_msgs/drive_msgs/msg/detail/sensor_data__rosidl_typesupport_introspection_cpp.hpp
-- Installing: /home/hankyeolyu/vilab/VILAB_PANEL/install/drive_msgs/include/drive_msgs/drive_msgs/msg/detail/vehicle_state__rosidl_typesupport_introspection_cpp.hpp
-- Installing: /home/hankyeolyu/vilab/VILAB_PANEL/install/drive_msgs/include/drive_msgs/drive_msgs/msg/detail/navigation_data__rosidl_typesupport_introspection_cpp.hpp
-- Installing: /home/hankyeolyu/vilab/VILAB_PANEL/install/drive_msgs/include/drive_msgs/drive_msgs/msg/detail/lane_let__type_support.cpp
-- Installing: /home/hankyeolyu/vilab/VILAB_PANEL/install/drive_msgs/include/drive_msgs/drive_msgs/msg/detail/object_info__type_support.cpp
-- Installing: /home/hankyeolyu/vilab/VILAB_PANEL/install/drive_msgs/include/drive_msgs/drive_msgs/msg/detail/vehicle_state__type_support.cpp
-- Installing: /home/hankyeolyu/vilab/VILAB_PANEL/install/drive_msgs/include/drive_msgs/drive_msgs/msg/detail/can_output__rosidl_typesupport_introspection_cpp.hpp
-- Installing: /home/hankyeolyu/vilab/VILAB_PANEL/install/drive_msgs/include/drive_msgs/drive_msgs/msg/detail/lane_data__rosidl_typesupport_introspection_cpp.hpp
-- Installing: /home/hankyeolyu/vilab/VILAB_PANEL/install/drive_msgs/include/drive_msgs/drive_msgs/msg/detail/system_status__rosidl_typesupport_introspection_cpp.hpp
-- Installing: /home/hankyeolyu/vilab/VILAB_PANEL/install/drive_msgs/include/drive_msgs/drive_msgs/msg/detail/actuator__rosidl_typesupport_introspection_cpp.hpp
-- Installing: /home/hankyeolyu/vilab/VILAB_PANEL/install/drive_msgs/include/drive_msgs/drive_msgs/msg/detail/lane_data__type_support.cpp
-- Installing: /home/hankyeolyu/vilab/VILAB_PANEL/install/drive_msgs/include/drive_msgs/drive_msgs/msg/detail/user_input__rosidl_typesupport_introspection_cpp.hpp
-- Installing: /home/hankyeolyu/vilab/VILAB_PANEL/install/drive_msgs/include/drive_msgs/drive_msgs/msg/detail/can_output__type_support.cpp
-- Installing: /home/hankyeolyu/vilab/VILAB_PANEL/install/drive_msgs/lib/libdrive_msgs__rosidl_typesupport_introspection_cpp.so
-- Set runtime path of "/home/hankyeolyu/vilab/VILAB_PANEL/install/drive_msgs/lib/libdrive_msgs__rosidl_typesupport_introspection_cpp.so" to ""
-- Installing: /home/hankyeolyu/vilab/VILAB_PANEL/install/drive_msgs/lib/libdrive_msgs__rosidl_typesupport_cpp.so
-- Set runtime path of "/home/hankyeolyu/vilab/VILAB_PANEL/install/drive_msgs/lib/libdrive_msgs__rosidl_typesupport_cpp.so" to ""
-- Installing: /home/hankyeolyu/vilab/VILAB_PANEL/install/drive_msgs/share/drive_msgs/environment/pythonpath.sh
-- Installing: /home/hankyeolyu/vilab/VILAB_PANEL/install/drive_msgs/share/drive_msgs/environment/pythonpath.dsv
-- Installing: /home/hankyeolyu/vilab/VILAB_PANEL/install/drive_msgs/local/lib/python3.10/dist-packages/drive_msgs-0.1.0-py3.10.egg-info
-- Installing: /home/hankyeolyu/vilab/VILAB_PANEL/install/drive_msgs/local/lib/python3.10/dist-packages/drive_msgs-0.1.0-py3.10.egg-info/dependency_links.txt
-- Installing: /home/hankyeolyu/vilab/VILAB_PANEL/install/drive_msgs/local/lib/python3.10/dist-packages/drive_msgs-0.1.0-py3.10.egg-info/top_level.txt
-- Installing: /home/hankyeolyu/vilab/VILAB_PANEL/install/drive_msgs/local/lib/python3.10/dist-packages/drive_msgs-0.1.0-py3.10.egg-info/SOURCES.txt
-- Installing: /home/hankyeolyu/vilab/VILAB_PANEL/install/drive_msgs/local/lib/python3.10/dist-packages/drive_msgs-0.1.0-py3.10.egg-info/PKG-INFO
-- Installing: /home/hankyeolyu/vilab/VILAB_PANEL/install/drive_msgs/local/lib/python3.10/dist-packages/drive_msgs
-- Installing: /home/hankyeolyu/vilab/VILAB_PANEL/install/drive_msgs/local/lib/python3.10/dist-packages/drive_msgs/drive_msgs_s__rosidl_typesupport_c.cpython-310-x86_64-linux-gnu.so
-- Installing: /home/hankyeolyu/vilab/VILAB_PANEL/install/drive_msgs/local/lib/python3.10/dist-packages/drive_msgs/libdrive_msgs__rosidl_generator_py.so
-- Installing: /home/hankyeolyu/vilab/VILAB_PANEL/install/drive_msgs/local/lib/python3.10/dist-packages/drive_msgs/__init__.py
-- Installing: /home/hankyeolyu/vilab/VILAB_PANEL/install/drive_msgs/local/lib/python3.10/dist-packages/drive_msgs/drive_msgs_s__rosidl_typesupport_introspection_c.cpython-310-x86_64-linux-gnu.so
-- Installing: /home/hankyeolyu/vilab/VILAB_PANEL/install/drive_msgs/local/lib/python3.10/dist-packages/drive_msgs/_drive_msgs_s.ep.rosidl_typesupport_introspection_c.c
-- Installing: /home/hankyeolyu/vilab/VILAB_PANEL/install/drive_msgs/local/lib/python3.10/dist-packages/drive_msgs/drive_msgs_s__rosidl_typesupport_fastrtps_c.cpython-310-x86_64-linux-gnu.so
-- Installing: /home/hankyeolyu/vilab/VILAB_PANEL/install/drive_msgs/local/lib/python3.10/dist-packages/drive_msgs/msg
-- Installing: /home/hankyeolyu/vilab/VILAB_PANEL/install/drive_msgs/local/lib/python3.10/dist-packages/drive_msgs/msg/_lane_let.py
-- Installing: /home/hankyeolyu/vilab/VILAB_PANEL/install/drive_msgs/local/lib/python3.10/dist-packages/drive_msgs/msg/_vehicle_state_s.c
-- Installing: /home/hankyeolyu/vilab/VILAB_PANEL/install/drive_msgs/local/lib/python3.10/dist-packages/drive_msgs/msg/_system_status_s.c
-- Installing: /home/hankyeolyu/vilab/VILAB_PANEL/install/drive_msgs/local/lib/python3.10/dist-packages/drive_msgs/msg/_system_status.py
-- Installing: /home/hankyeolyu/vilab/VILAB_PANEL/install/drive_msgs/local/lib/python3.10/dist-packages/drive_msgs/msg/_detection_data_s.c
-- Installing: /home/hankyeolyu/vilab/VILAB_PANEL/install/drive_msgs/local/lib/python3.10/dist-packages/drive_msgs/msg/_actuator.py
-- Installing: /home/hankyeolyu/vilab/VILAB_PANEL/install/drive_msgs/local/lib/python3.10/dist-packages/drive_msgs/msg/_lane_let_s.c
-- Installing: /home/hankyeolyu/vilab/VILAB_PANEL/install/drive_msgs/local/lib/python3.10/dist-packages/drive_msgs/msg/_vehicle_state.py
-- Installing: /home/hankyeolyu/vilab/VILAB_PANEL/install/drive_msgs/local/lib/python3.10/dist-packages/drive_msgs/msg/_lane_data_s.c
-- Installing: /home/hankyeolyu/vilab/VILAB_PANEL/install/drive_msgs/local/lib/python3.10/dist-packages/drive_msgs/msg/_sensor_data_s.c
-- Installing: /home/hankyeolyu/vilab/VILAB_PANEL/install/drive_msgs/local/lib/python3.10/dist-packages/drive_msgs/msg/__init__.py
-- Installing: /home/hankyeolyu/vilab/VILAB_PANEL/install/drive_msgs/local/lib/python3.10/dist-packages/drive_msgs/msg/_can_input_s.c
-- Installing: /home/hankyeolyu/vilab/VILAB_PANEL/install/drive_msgs/local/lib/python3.10/dist-packages/drive_msgs/msg/_navigation_data.py
-- Installing: /home/hankyeolyu/vilab/VILAB_PANEL/install/drive_msgs/local/lib/python3.10/dist-packages/drive_msgs/msg/_user_input_s.c
-- Installing: /home/hankyeolyu/vilab/VILAB_PANEL/install/drive_msgs/local/lib/python3.10/dist-packages/drive_msgs/msg/_can_input.py
-- Installing: /home/hankyeolyu/vilab/VILAB_PANEL/install/drive_msgs/local/lib/python3.10/dist-packages/drive_msgs/msg/_object_info.py
-- Installing: /home/hankyeolyu/vilab/VILAB_PANEL/install/drive_msgs/local/lib/python3.10/dist-packages/drive_msgs/msg/_can_output.py
-- Installing: /home/hankyeolyu/vilab/VILAB_PANEL/install/drive_msgs/local/lib/python3.10/dist-packages/drive_msgs/msg/_navigation_data_s.c
-- Installing: /home/hankyeolyu/vilab/VILAB_PANEL/install/drive_msgs/local/lib/python3.10/dist-packages/drive_msgs/msg/_detection_data.py
-- Installing: /home/hankyeolyu/vilab/VILAB_PANEL/install/drive_msgs/local/lib/python3.10/dist-packages/drive_msgs/msg/_actuator_s.c
-- Installing: /home/hankyeolyu/vilab/VILAB_PANEL/install/drive_msgs/local/lib/python3.10/dist-packages/drive_msgs/msg/_user_input.py
-- Installing: /home/hankyeolyu/vilab/VILAB_PANEL/install/drive_msgs/local/lib/python3.10/dist-packages/drive_msgs/msg/_lane_data.py
-- Installing: /home/hankyeolyu/vilab/VILAB_PANEL/install/drive_msgs/local/lib/python3.10/dist-packages/drive_msgs/msg/_can_output_s.c
-- Installing: /home/hankyeolyu/vilab/VILAB_PANEL/install/drive_msgs/local/lib/python3.10/dist-packages/drive_msgs/msg/_sensor_data.py
-- Installing: /home/hankyeolyu/vilab/VILAB_PANEL/install/drive_msgs/local/lib/python3.10/dist-packages/drive_msgs/msg/_object_info_s.c
-- Installing: /home/hankyeolyu/vilab/VILAB_PANEL/install/drive_msgs/local/lib/python3.10/dist-packages/drive_msgs/_drive_msgs_s.ep.rosidl_typesupport_c.c
-- Installing: /home/hankyeolyu/vilab/VILAB_PANEL/install/drive_msgs/local/lib/python3.10/dist-packages/drive_msgs/_drive_msgs_s.ep.rosidl_typesupport_fastrtps_c.c
Listing '/home/hankyeolyu/vilab/VILAB_PANEL/install/drive_msgs/local/lib/python3.10/dist-packages/drive_msgs'...
Compiling '/home/hankyeolyu/vilab/VILAB_PANEL/install/drive_msgs/local/lib/python3.10/dist-packages/drive_msgs/__init__.py'...
Listing '/home/hankyeolyu/vilab/VILAB_PANEL/install/drive_msgs/local/lib/python3.10/dist-packages/drive_msgs/msg'...
Compiling '/home/hankyeolyu/vilab/VILAB_PANEL/install/drive_msgs/local/lib/python3.10/dist-packages/drive_msgs/msg/__init__.py'...
Compiling '/home/hankyeolyu/vilab/VILAB_PANEL/install/drive_msgs/local/lib/python3.10/dist-packages/drive_msgs/msg/_actuator.py'...
Compiling '/home/hankyeolyu/vilab/VILAB_PANEL/install/drive_msgs/local/lib/python3.10/dist-packages/drive_msgs/msg/_can_input.py'...
Compiling '/home/hankyeolyu/vilab/VILAB_PANEL/install/drive_msgs/local/lib/python3.10/dist-packages/drive_msgs/msg/_can_output.py'...
Compiling '/home/hankyeolyu/vilab/VILAB_PANEL/install/drive_msgs/local/lib/python3.10/dist-packages/drive_msgs/msg/_detection_data.py'...
Compiling '/home/hankyeolyu/vilab/VILAB_PANEL/install/drive_msgs/local/lib/python3.10/dist-packages/drive_msgs/msg/_lane_data.py'...
Compiling '/home/hankyeolyu/vilab/VILAB_PANEL/install/drive_msgs/local/lib/python3.10/dist-packages/drive_msgs/msg/_lane_let.py'...
Compiling '/home/hankyeolyu/vilab/VILAB_PANEL/install/drive_msgs/local/lib/python3.10/dist-packages/drive_msgs/msg/_navigation_data.py'...
Compiling '/home/hankyeolyu/vilab/VILAB_PANEL/install/drive_msgs/local/lib/python3.10/dist-packages/drive_msgs/msg/_object_info.py'...
Compiling '/home/hankyeolyu/vilab/VILAB_PANEL/install/drive_msgs/local/lib/python3.10/dist-packages/drive_msgs/msg/_sensor_data.py'...
Compiling '/home/hankyeolyu/vilab/VILAB_PANEL/install/drive_msgs/local/lib/python3.10/dist-packages/drive_msgs/msg/_system_status.py'...
Compiling '/home/hankyeolyu/vilab/VILAB_PANEL/install/drive_msgs/local/lib/python3.10/dist-packages/drive_msgs/msg/_user_input.py'...
Compiling '/home/hankyeolyu/vilab/VILAB_PANEL/install/drive_msgs/local/lib/python3.10/dist-packages/drive_msgs/msg/_vehicle_state.py'...
-- Installing: /home/hankyeolyu/vilab/VILAB_PANEL/install/drive_msgs/local/lib/python3.10/dist-packages/drive_msgs/drive_msgs_s__rosidl_typesupport_fastrtps_c.cpython-310-x86_64-linux-gnu.so
-- Set runtime path of "/home/hankyeolyu/vilab/VILAB_PANEL/install/drive_msgs/local/lib/python3.10/dist-packages/drive_msgs/drive_msgs_s__rosidl_typesupport_fastrtps_c.cpython-310-x86_64-linux-gnu.so" to ""
-- Installing: /home/hankyeolyu/vilab/VILAB_PANEL/install/drive_msgs/local/lib/python3.10/dist-packages/drive_msgs/drive_msgs_s__rosidl_typesupport_introspection_c.cpython-310-x86_64-linux-gnu.so
-- Set runtime path of "/home/hankyeolyu/vilab/VILAB_PANEL/install/drive_msgs/local/lib/python3.10/dist-packages/drive_msgs/drive_msgs_s__rosidl_typesupport_introspection_c.cpython-310-x86_64-linux-gnu.so" to ""
-- Installing: /home/hankyeolyu/vilab/VILAB_PANEL/install/drive_msgs/local/lib/python3.10/dist-packages/drive_msgs/drive_msgs_s__rosidl_typesupport_c.cpython-310-x86_64-linux-gnu.so
-- Set runtime path of "/home/hankyeolyu/vilab/VILAB_PANEL/install/drive_msgs/local/lib/python3.10/dist-packages/drive_msgs/drive_msgs_s__rosidl_typesupport_c.cpython-310-x86_64-linux-gnu.so" to ""
-- Installing: /home/hankyeolyu/vilab/VILAB_PANEL/install/drive_msgs/lib/libdrive_msgs__rosidl_generator_py.so
-- Set runtime path of "/home/hankyeolyu/vilab/VILAB_PANEL/install/drive_msgs/lib/libdrive_msgs__rosidl_generator_py.so" to ""
-- Installing: /home/hankyeolyu/vilab/VILAB_PANEL/install/drive_msgs/share/drive_msgs/msg/Actuator.idl
-- Installing: /home/hankyeolyu/vilab/VILAB_PANEL/install/drive_msgs/share/drive_msgs/msg/ObjectInfo.idl
-- Installing: /home/hankyeolyu/vilab/VILAB_PANEL/install/drive_msgs/share/drive_msgs/msg/DetectionData.idl
-- Installing: /home/hankyeolyu/vilab/VILAB_PANEL/install/drive_msgs/share/drive_msgs/msg/NavigationData.idl
-- Installing: /home/hankyeolyu/vilab/VILAB_PANEL/install/drive_msgs/share/drive_msgs/msg/VehicleState.idl
-- Installing: /home/hankyeolyu/vilab/VILAB_PANEL/install/drive_msgs/share/drive_msgs/msg/CANInput.idl
-- Installing: /home/hankyeolyu/vilab/VILAB_PANEL/install/drive_msgs/share/drive_msgs/msg/LaneData.idl
-- Installing: /home/hankyeolyu/vilab/VILAB_PANEL/install/drive_msgs/share/drive_msgs/msg/SensorData.idl
-- Installing: /home/hankyeolyu/vilab/VILAB_PANEL/install/drive_msgs/share/drive_msgs/msg/CANOutput.idl
-- Installing: /home/hankyeolyu/vilab/VILAB_PANEL/install/drive_msgs/share/drive_msgs/msg/LaneLet.idl
-- Installing: /home/hankyeolyu/vilab/VILAB_PANEL/install/drive_msgs/share/drive_msgs/msg/UserInput.idl
-- Installing: /home/hankyeolyu/vilab/VILAB_PANEL/install/drive_msgs/share/drive_msgs/msg/SystemStatus.idl
-- Installing: /home/hankyeolyu/vilab/VILAB_PANEL/install/drive_msgs/share/drive_msgs/msg/Actuator.msg
-- Installing: /home/hankyeolyu/vilab/VILAB_PANEL/install/drive_msgs/share/drive_msgs/msg/ObjectInfo.msg
-- Installing: /home/hankyeolyu/vilab/VILAB_PANEL/install/drive_msgs/share/drive_msgs/msg/DetectionData.msg
-- Installing: /home/hankyeolyu/vilab/VILAB_PANEL/install/drive_msgs/share/drive_msgs/msg/NavigationData.msg
-- Installing: /home/hankyeolyu/vilab/VILAB_PANEL/install/drive_msgs/share/drive_msgs/msg/VehicleState.msg
-- Installing: /home/hankyeolyu/vilab/VILAB_PANEL/install/drive_msgs/share/drive_msgs/msg/CANInput.msg
-- Installing: /home/hankyeolyu/vilab/VILAB_PANEL/install/drive_msgs/share/drive_msgs/msg/LaneData.msg
-- Installing: /home/hankyeolyu/vilab/VILAB_PANEL/install/drive_msgs/share/drive_msgs/msg/SensorData.msg
-- Installing: /home/hankyeolyu/vilab/VILAB_PANEL/install/drive_msgs/share/drive_msgs/msg/CANOutput.msg
-- Installing: /home/hankyeolyu/vilab/VILAB_PANEL/install/drive_msgs/share/drive_msgs/msg/LaneLet.msg
-- Installing: /home/hankyeolyu/vilab/VILAB_PANEL/install/drive_msgs/share/drive_msgs/msg/UserInput.msg
-- Installing: /home/hankyeolyu/vilab/VILAB_PANEL/install/drive_msgs/share/drive_msgs/msg/SystemStatus.msg
-- Installing: /home/hankyeolyu/vilab/VILAB_PANEL/install/drive_msgs/share/ament_index/resource_index/package_run_dependencies/drive_msgs
-- Installing: /home/hankyeolyu/vilab/VILAB_PANEL/install/drive_msgs/share/ament_index/resource_index/parent_prefix_path/drive_msgs
-- Installing: /home/hankyeolyu/vilab/VILAB_PANEL/install/drive_msgs/share/drive_msgs/environment/ament_prefix_path.sh
-- Installing: /home/hankyeolyu/vilab/VILAB_PANEL/install/drive_msgs/share/drive_msgs/environment/ament_prefix_path.dsv
-- Installing: /home/hankyeolyu/vilab/VILAB_PANEL/install/drive_msgs/share/drive_msgs/environment/path.sh
-- Installing: /home/hankyeolyu/vilab/VILAB_PANEL/install/drive_msgs/share/drive_msgs/environment/path.dsv
-- Installing: /home/hankyeolyu/vilab/VILAB_PANEL/install/drive_msgs/share/drive_msgs/local_setup.bash
-- Installing: /home/hankyeolyu/vilab/VILAB_PANEL/install/drive_msgs/share/drive_msgs/local_setup.sh
-- Installing: /home/hankyeolyu/vilab/VILAB_PANEL/install/drive_msgs/share/drive_msgs/local_setup.zsh
-- Installing: /home/hankyeolyu/vilab/VILAB_PANEL/install/drive_msgs/share/drive_msgs/local_setup.dsv
-- Installing: /home/hankyeolyu/vilab/VILAB_PANEL/install/drive_msgs/share/drive_msgs/package.dsv
-- Installing: /home/hankyeolyu/vilab/VILAB_PANEL/install/drive_msgs/share/ament_index/resource_index/packages/drive_msgs
-- Installing: /home/hankyeolyu/vilab/VILAB_PANEL/install/drive_msgs/share/drive_msgs/cmake/export_drive_msgs__rosidl_generator_cExport.cmake
-- Installing: /home/hankyeolyu/vilab/VILAB_PANEL/install/drive_msgs/share/drive_msgs/cmake/export_drive_msgs__rosidl_generator_cExport-noconfig.cmake
-- Installing: /home/hankyeolyu/vilab/VILAB_PANEL/install/drive_msgs/share/drive_msgs/cmake/export_drive_msgs__rosidl_typesupport_fastrtps_cExport.cmake
-- Installing: /home/hankyeolyu/vilab/VILAB_PANEL/install/drive_msgs/share/drive_msgs/cmake/export_drive_msgs__rosidl_typesupport_fastrtps_cExport-noconfig.cmake
-- Installing: /home/hankyeolyu/vilab/VILAB_PANEL/install/drive_msgs/share/drive_msgs/cmake/export_drive_msgs__rosidl_generator_cppExport.cmake
-- Installing: /home/hankyeolyu/vilab/VILAB_PANEL/install/drive_msgs/share/drive_msgs/cmake/export_drive_msgs__rosidl_typesupport_fastrtps_cppExport.cmake
-- Installing: /home/hankyeolyu/vilab/VILAB_PANEL/install/drive_msgs/share/drive_msgs/cmake/export_drive_msgs__rosidl_typesupport_fastrtps_cppExport-noconfig.cmake
-- Installing: /home/hankyeolyu/vilab/VILAB_PANEL/install/drive_msgs/share/drive_msgs/cmake/drive_msgs__rosidl_typesupport_introspection_cExport.cmake
-- Installing: /home/hankyeolyu/vilab/VILAB_PANEL/install/drive_msgs/share/drive_msgs/cmake/drive_msgs__rosidl_typesupport_introspection_cExport-noconfig.cmake
-- Installing: /home/hankyeolyu/vilab/VILAB_PANEL/install/drive_msgs/share/drive_msgs/cmake/drive_msgs__rosidl_typesupport_cExport.cmake
-- Installing: /home/hankyeolyu/vilab/VILAB_PANEL/install/drive_msgs/share/drive_msgs/cmake/drive_msgs__rosidl_typesupport_cExport-noconfig.cmake
-- Installing: /home/hankyeolyu/vilab/VILAB_PANEL/install/drive_msgs/share/drive_msgs/cmake/drive_msgs__rosidl_typesupport_introspection_cppExport.cmake
-- Installing: /home/hankyeolyu/vilab/VILAB_PANEL/install/drive_msgs/share/drive_msgs/cmake/drive_msgs__rosidl_typesupport_introspection_cppExport-noconfig.cmake
-- Installing: /home/hankyeolyu/vilab/VILAB_PANEL/install/drive_msgs/share/drive_msgs/cmake/drive_msgs__rosidl_typesupport_cppExport.cmake
-- Installing: /home/hankyeolyu/vilab/VILAB_PANEL/install/drive_msgs/share/drive_msgs/cmake/drive_msgs__rosidl_typesupport_cppExport-noconfig.cmake
-- Installing: /home/hankyeolyu/vilab/VILAB_PANEL/install/drive_msgs/share/drive_msgs/cmake/export_drive_msgs__rosidl_generator_pyExport.cmake
-- Installing: /home/hankyeolyu/vilab/VILAB_PANEL/install/drive_msgs/share/drive_msgs/cmake/export_drive_msgs__rosidl_generator_pyExport-noconfig.cmake
-- Installing: /home/hankyeolyu/vilab/VILAB_PANEL/install/drive_msgs/share/drive_msgs/cmake/rosidl_cmake-extras.cmake
-- Installing: /home/hankyeolyu/vilab/VILAB_PANEL/install/drive_msgs/share/drive_msgs/cmake/ament_cmake_export_dependencies-extras.cmake
-- Installing: /home/hankyeolyu/vilab/VILAB_PANEL/install/drive_msgs/share/drive_msgs/cmake/ament_cmake_export_include_directories-extras.cmake
-- Installing: /home/hankyeolyu/vilab/VILAB_PANEL/install/drive_msgs/share/drive_msgs/cmake/ament_cmake_export_libraries-extras.cmake
-- Installing: /home/hankyeolyu/vilab/VILAB_PANEL/install/drive_msgs/share/drive_msgs/cmake/ament_cmake_export_targets-extras.cmake
-- Installing: /home/hankyeolyu/vilab/VILAB_PANEL/install/drive_msgs/share/drive_msgs/cmake/rosidl_cmake_export_typesupport_targets-extras.cmake
-- Installing: /home/hankyeolyu/vilab/VILAB_PANEL/install/drive_msgs/share/drive_msgs/cmake/rosidl_cmake_export_typesupport_libraries-extras.cmake
-- Installing: /home/hankyeolyu/vilab/VILAB_PANEL/install/drive_msgs/share/drive_msgs/cmake/drive_msgsConfig.cmake
-- Installing: /home/hankyeolyu/vilab/VILAB_PANEL/install/drive_msgs/share/drive_msgs/cmake/drive_msgsConfig-version.cmake
-- Installing: /home/hankyeolyu/vilab/VILAB_PANEL/install/drive_msgs/share/drive_msgs/package.xml
