[0.009s] Invoking command in '/home/hankyeolyu/vilab/VILAB_PANEL/build/drive_msgs': CMAKE_PREFIX_PATH=${CMAKE_PREFIX_PATH}:/opt/ros/humble /usr/bin/cmake /home/hankyeolyu/vilab/VILAB_PANEL/src/drive_msgs -DCMAKE_INSTALL_PREFIX=/home/hankyeolyu/vilab/VILAB_PANEL/install/drive_msgs
[0.055s] -- The C compiler identification is GNU 11.4.0
[0.103s] -- The CXX compiler identification is GNU 11.4.0
[0.110s] -- Detecting C compiler ABI info
[0.170s] -- Detecting C compiler ABI info - done
[0.176s] -- Check for working C compiler: /usr/bin/cc - skipped
[0.176s] -- Detecting C compile features
[0.177s] -- Detecting C compile features - done
[0.179s] -- Detecting CXX compiler ABI info
[0.249s] -- Detecting CXX compiler ABI info - done
[0.256s] -- Check for working CXX compiler: /usr/bin/c++ - skipped
[0.256s] -- Detecting CXX compile features
[0.256s] -- Detecting CXX compile features - done
[0.258s] -- Found ament_cmake: 1.3.9 (/opt/ros/humble/share/ament_cmake/cmake)
[0.395s] -- Found Python3: /usr/bin/python3 (found version "3.10.12") found components: Interpreter 
[0.472s] -- Found std_msgs: 4.2.4 (/opt/ros/humble/share/std_msgs/cmake)
[0.505s] -- Found rosidl_generator_c: 3.1.5 (/opt/ros/humble/share/rosidl_generator_c/cmake)
[0.509s] -- Found rosidl_adapter: 3.1.5 (/opt/ros/humble/share/rosidl_adapter/cmake)
[0.517s] -- Found rosidl_generator_cpp: 3.1.5 (/opt/ros/humble/share/rosidl_generator_cpp/cmake)
[0.529s] -- Using all available rosidl_typesupport_c: rosidl_typesupport_fastrtps_c;rosidl_typesupport_introspection_c
[0.547s] -- Using all available rosidl_typesupport_cpp: rosidl_typesupport_fastrtps_cpp;rosidl_typesupport_introspection_cpp
[0.601s] -- Found geometry_msgs: 4.2.4 (/opt/ros/humble/share/geometry_msgs/cmake)
[0.642s] -- Found sensor_msgs: 4.2.4 (/opt/ros/humble/share/sensor_msgs/cmake)
[0.724s] -- Found rosidl_default_generators: 1.2.0 (/opt/ros/humble/share/rosidl_default_generators/cmake)
[1.069s] -- Found ament_cmake_ros: 0.10.0 (/opt/ros/humble/share/ament_cmake_ros/cmake)
[1.497s] -- Using all available rosidl_typesupport_c: rosidl_typesupport_fastrtps_c;rosidl_typesupport_introspection_c
[1.667s] -- Using all available rosidl_typesupport_cpp: rosidl_typesupport_fastrtps_cpp;rosidl_typesupport_introspection_cpp
[1.687s] -- Found PythonInterp: /usr/bin/python3 (found suitable version "3.10.12", minimum required is "3.6") 
[1.688s] -- Found python_cmake_module: 0.10.0 (/opt/ros/humble/share/python_cmake_module/cmake)
[1.711s] -- Found PythonLibs: /usr/lib/x86_64-linux-gnu/libpython3.10.so (found suitable version "3.10.12", minimum required is "3.5") 
[1.711s] -- Using PYTHON_EXECUTABLE: /usr/bin/python3
[1.711s] -- Using PYTHON_INCLUDE_DIRS: /usr/include/python3.10
[1.712s] -- Using PYTHON_LIBRARIES: /usr/lib/x86_64-linux-gnu/libpython3.10.so
[1.731s] -- Found PythonExtra: .so  
[1.801s] -- Found ament_lint_auto: 0.12.11 (/opt/ros/humble/share/ament_lint_auto/cmake)
[1.808s] -- Configuring done
[1.859s] -- Generating done
[1.861s] -- Build files have been written to: /home/hankyeolyu/vilab/VILAB_PANEL/build/drive_msgs
[1.869s] Invoked command in '/home/hankyeolyu/vilab/VILAB_PANEL/build/drive_msgs' returned '0': CMAKE_PREFIX_PATH=${CMAKE_PREFIX_PATH}:/opt/ros/humble /usr/bin/cmake /home/hankyeolyu/vilab/VILAB_PANEL/src/drive_msgs -DCMAKE_INSTALL_PREFIX=/home/hankyeolyu/vilab/VILAB_PANEL/install/drive_msgs
[1.871s] Invoking command in '/home/hankyeolyu/vilab/VILAB_PANEL/build/drive_msgs': CMAKE_PREFIX_PATH=${CMAKE_PREFIX_PATH}:/opt/ros/humble /usr/bin/cmake --build /home/hankyeolyu/vilab/VILAB_PANEL/build/drive_msgs -- -j6 -l6
[1.910s] [  1%] [34m[1mGenerating C code for ROS interfaces[0m
[1.920s] [  1%] [34m[1mGenerating C++ code for ROS interfaces[0m
[1.926s] [  1%] Built target ament_cmake_python_copy_drive_msgs
[2.155s] running egg_info
[2.155s] creating drive_msgs.egg-info
[2.156s] writing drive_msgs.egg-info/PKG-INFO
[2.156s] writing dependency_links to drive_msgs.egg-info/dependency_links.txt
[2.156s] writing top-level names to drive_msgs.egg-info/top_level.txt
[2.157s] writing manifest file 'drive_msgs.egg-info/SOURCES.txt'
[2.159s] reading manifest file 'drive_msgs.egg-info/SOURCES.txt'
[2.159s] writing manifest file 'drive_msgs.egg-info/SOURCES.txt'
[2.181s] [  1%] Built target ament_cmake_python_build_drive_msgs_egg
[3.010s] [  1%] Built target drive_msgs__cpp
[3.021s] [  2%] [34m[1mGenerating C++ type support dispatch for ROS interfaces[0m
[3.027s] [  2%] [34m[1mGenerating C++ type support for eProsima Fast-RTPS[0m
[3.033s] [  3%] [34m[1mGenerating C++ introspection for ROS interfaces[0m
[3.093s] [  6%] [32mBuilding C object CMakeFiles/drive_msgs__rosidl_generator_c.dir/rosidl_generator_c/drive_msgs/msg/detail/object_info__functions.c.o[0m
[3.093s] [  6%] [32mBuilding C object CMakeFiles/drive_msgs__rosidl_generator_c.dir/rosidl_generator_c/drive_msgs/msg/detail/detection_data__functions.c.o[0m
[3.093s] [  6%] [32mBuilding C object CMakeFiles/drive_msgs__rosidl_generator_c.dir/rosidl_generator_c/drive_msgs/msg/detail/actuator__functions.c.o[0m
[3.140s] [  6%] [32mBuilding C object CMakeFiles/drive_msgs__rosidl_generator_c.dir/rosidl_generator_c/drive_msgs/msg/detail/navigation_data__functions.c.o[0m
[3.141s] [  7%] [32mBuilding C object CMakeFiles/drive_msgs__rosidl_generator_c.dir/rosidl_generator_c/drive_msgs/msg/detail/vehicle_state__functions.c.o[0m
[3.143s] [  8%] [32mBuilding C object CMakeFiles/drive_msgs__rosidl_generator_c.dir/rosidl_generator_c/drive_msgs/msg/detail/can_input__functions.c.o[0m
[3.188s] [  9%] [32mBuilding C object CMakeFiles/drive_msgs__rosidl_generator_c.dir/rosidl_generator_c/drive_msgs/msg/detail/lane_data__functions.c.o[0m
[3.191s] [ 11%] [32mBuilding C object CMakeFiles/drive_msgs__rosidl_generator_c.dir/rosidl_generator_c/drive_msgs/msg/detail/can_output__functions.c.o[0m
[3.191s] [ 11%] [32mBuilding C object CMakeFiles/drive_msgs__rosidl_generator_c.dir/rosidl_generator_c/drive_msgs/msg/detail/sensor_data__functions.c.o[0m
[3.233s] [ 11%] [32mBuilding C object CMakeFiles/drive_msgs__rosidl_generator_c.dir/rosidl_generator_c/drive_msgs/msg/detail/lane_let__functions.c.o[0m
[3.239s] [ 12%] [32mBuilding C object CMakeFiles/drive_msgs__rosidl_generator_c.dir/rosidl_generator_c/drive_msgs/msg/detail/user_input__functions.c.o[0m
[3.249s] [ 13%] [32mBuilding C object CMakeFiles/drive_msgs__rosidl_generator_c.dir/rosidl_generator_c/drive_msgs/msg/detail/system_status__functions.c.o[0m
[3.297s] [ 14%] [32m[1mLinking C shared library libdrive_msgs__rosidl_generator_c.so[0m
[3.336s] [ 14%] Built target drive_msgs__rosidl_generator_c
[3.346s] [ 16%] [34m[1mGenerating C introspection for ROS interfaces[0m
[3.346s] [ 17%] [34m[1mGenerating C type support dispatch for ROS interfaces[0m
[3.346s] [ 16%] [34m[1mGenerating C type support for eProsima Fast-RTPS[0m
[3.887s] [ 18%] [32mBuilding CXX object CMakeFiles/drive_msgs__rosidl_typesupport_cpp.dir/rosidl_typesupport_cpp/drive_msgs/msg/actuator__type_support.cpp.o[0m
[4.096s] [ 18%] [32mBuilding CXX object CMakeFiles/drive_msgs__rosidl_typesupport_introspection_cpp.dir/rosidl_typesupport_introspection_cpp/drive_msgs/msg/detail/actuator__type_support.cpp.o[0m
[4.142s] [ 19%] [32mBuilding CXX object CMakeFiles/drive_msgs__rosidl_typesupport_cpp.dir/rosidl_typesupport_cpp/drive_msgs/msg/object_info__type_support.cpp.o[0m
[4.181s] [ 20%] [32mBuilding CXX object CMakeFiles/drive_msgs__rosidl_typesupport_fastrtps_cpp.dir/rosidl_typesupport_fastrtps_cpp/drive_msgs/msg/detail/dds_fastrtps/actuator__type_support.cpp.o[0m
[4.201s] [ 21%] [32mBuilding CXX object CMakeFiles/drive_msgs__rosidl_typesupport_c.dir/rosidl_typesupport_c/drive_msgs/msg/actuator__type_support.cpp.o[0m
[4.230s] [ 21%] [32mBuilding CXX object CMakeFiles/drive_msgs__rosidl_typesupport_c.dir/rosidl_typesupport_c/drive_msgs/msg/object_info__type_support.cpp.o[0m
[4.261s] [ 22%] [32mBuilding CXX object CMakeFiles/drive_msgs__rosidl_typesupport_c.dir/rosidl_typesupport_c/drive_msgs/msg/detection_data__type_support.cpp.o[0m
[4.293s] [ 23%] [32mBuilding CXX object CMakeFiles/drive_msgs__rosidl_typesupport_c.dir/rosidl_typesupport_c/drive_msgs/msg/navigation_data__type_support.cpp.o[0m
[4.322s] [ 24%] [32mBuilding CXX object CMakeFiles/drive_msgs__rosidl_typesupport_c.dir/rosidl_typesupport_c/drive_msgs/msg/vehicle_state__type_support.cpp.o[0m
[4.352s] [ 25%] [32mBuilding CXX object CMakeFiles/drive_msgs__rosidl_typesupport_c.dir/rosidl_typesupport_c/drive_msgs/msg/can_input__type_support.cpp.o[0m
[4.381s] [ 26%] [32mBuilding CXX object CMakeFiles/drive_msgs__rosidl_typesupport_c.dir/rosidl_typesupport_c/drive_msgs/msg/lane_data__type_support.cpp.o[0m
[4.397s] [ 27%] [32mBuilding CXX object CMakeFiles/drive_msgs__rosidl_typesupport_cpp.dir/rosidl_typesupport_cpp/drive_msgs/msg/detection_data__type_support.cpp.o[0m
[4.410s] [ 27%] [32mBuilding CXX object CMakeFiles/drive_msgs__rosidl_typesupport_c.dir/rosidl_typesupport_c/drive_msgs/msg/sensor_data__type_support.cpp.o[0m
[4.439s] [ 28%] [32mBuilding C object CMakeFiles/drive_msgs__rosidl_typesupport_introspection_c.dir/rosidl_typesupport_introspection_c/drive_msgs/msg/detail/actuator__type_support.c.o[0m
[4.441s] [ 29%] [32mBuilding CXX object CMakeFiles/drive_msgs__rosidl_typesupport_c.dir/rosidl_typesupport_c/drive_msgs/msg/can_output__type_support.cpp.o[0m
[4.446s] [ 30%] [32mBuilding CXX object CMakeFiles/drive_msgs__rosidl_typesupport_introspection_cpp.dir/rosidl_typesupport_introspection_cpp/drive_msgs/msg/detail/object_info__type_support.cpp.o[0m
[4.470s] [ 31%] [32mBuilding CXX object CMakeFiles/drive_msgs__rosidl_typesupport_c.dir/rosidl_typesupport_c/drive_msgs/msg/lane_let__type_support.cpp.o[0m
[4.477s] [ 32%] [32mBuilding C object CMakeFiles/drive_msgs__rosidl_typesupport_introspection_c.dir/rosidl_typesupport_introspection_c/drive_msgs/msg/detail/object_info__type_support.c.o[0m
[4.492s] [ 33%] [32mBuilding CXX object CMakeFiles/drive_msgs__rosidl_typesupport_fastrtps_c.dir/rosidl_typesupport_fastrtps_c/drive_msgs/msg/detail/actuator__type_support_c.cpp.o[0m
[4.500s] [ 34%] [32mBuilding CXX object CMakeFiles/drive_msgs__rosidl_typesupport_c.dir/rosidl_typesupport_c/drive_msgs/msg/user_input__type_support.cpp.o[0m
[4.514s] [ 35%] [32mBuilding C object CMakeFiles/drive_msgs__rosidl_typesupport_introspection_c.dir/rosidl_typesupport_introspection_c/drive_msgs/msg/detail/detection_data__type_support.c.o[0m
[4.530s] [ 36%] [32mBuilding CXX object CMakeFiles/drive_msgs__rosidl_typesupport_c.dir/rosidl_typesupport_c/drive_msgs/msg/system_status__type_support.cpp.o[0m
[4.553s] [ 37%] [32mBuilding CXX object CMakeFiles/drive_msgs__rosidl_typesupport_fastrtps_cpp.dir/rosidl_typesupport_fastrtps_cpp/drive_msgs/msg/detail/dds_fastrtps/object_info__type_support.cpp.o[0m
[4.560s] [ 38%] [32m[1mLinking CXX shared library libdrive_msgs__rosidl_typesupport_c.so[0m
[4.560s] [ 38%] [32mBuilding C object CMakeFiles/drive_msgs__rosidl_typesupport_introspection_c.dir/rosidl_typesupport_introspection_c/drive_msgs/msg/detail/navigation_data__type_support.c.o[0m
[4.601s] [ 39%] [32mBuilding C object CMakeFiles/drive_msgs__rosidl_typesupport_introspection_c.dir/rosidl_typesupport_introspection_c/drive_msgs/msg/detail/vehicle_state__type_support.c.o[0m
[4.611s] [ 39%] Built target drive_msgs__rosidl_typesupport_c
[4.619s] [ 40%] [32mBuilding CXX object CMakeFiles/drive_msgs__rosidl_typesupport_fastrtps_c.dir/rosidl_typesupport_fastrtps_c/drive_msgs/msg/detail/object_info__type_support_c.cpp.o[0m
[4.639s] [ 41%] [32mBuilding C object CMakeFiles/drive_msgs__rosidl_typesupport_introspection_c.dir/rosidl_typesupport_introspection_c/drive_msgs/msg/detail/can_input__type_support.c.o[0m
[4.650s] [ 42%] [32mBuilding CXX object CMakeFiles/drive_msgs__rosidl_typesupport_cpp.dir/rosidl_typesupport_cpp/drive_msgs/msg/navigation_data__type_support.cpp.o[0m
[4.674s] [ 43%] [32mBuilding C object CMakeFiles/drive_msgs__rosidl_typesupport_introspection_c.dir/rosidl_typesupport_introspection_c/drive_msgs/msg/detail/lane_data__type_support.c.o[0m
[4.709s] [ 44%] [32mBuilding C object CMakeFiles/drive_msgs__rosidl_typesupport_introspection_c.dir/rosidl_typesupport_introspection_c/drive_msgs/msg/detail/sensor_data__type_support.c.o[0m
[4.746s] [ 45%] [32mBuilding C object CMakeFiles/drive_msgs__rosidl_typesupport_introspection_c.dir/rosidl_typesupport_introspection_c/drive_msgs/msg/detail/can_output__type_support.c.o[0m
[4.784s] [ 46%] [32mBuilding C object CMakeFiles/drive_msgs__rosidl_typesupport_introspection_c.dir/rosidl_typesupport_introspection_c/drive_msgs/msg/detail/lane_let__type_support.c.o[0m
[4.794s] [ 47%] [32mBuilding CXX object CMakeFiles/drive_msgs__rosidl_typesupport_introspection_cpp.dir/rosidl_typesupport_introspection_cpp/drive_msgs/msg/detail/detection_data__type_support.cpp.o[0m
[4.809s] [ 47%] [32mBuilding CXX object CMakeFiles/drive_msgs__rosidl_typesupport_fastrtps_c.dir/rosidl_typesupport_fastrtps_c/drive_msgs/msg/detail/detection_data__type_support_c.cpp.o[0m
[4.819s] [ 47%] [32mBuilding C object CMakeFiles/drive_msgs__rosidl_typesupport_introspection_c.dir/rosidl_typesupport_introspection_c/drive_msgs/msg/detail/user_input__type_support.c.o[0m
[4.852s] [ 48%] [32mBuilding C object CMakeFiles/drive_msgs__rosidl_typesupport_introspection_c.dir/rosidl_typesupport_introspection_c/drive_msgs/msg/detail/system_status__type_support.c.o[0m
[4.891s] [ 49%] [32m[1mLinking C shared library libdrive_msgs__rosidl_typesupport_introspection_c.so[0m
[4.909s] [ 49%] [32mBuilding CXX object CMakeFiles/drive_msgs__rosidl_typesupport_cpp.dir/rosidl_typesupport_cpp/drive_msgs/msg/vehicle_state__type_support.cpp.o[0m
[4.924s] [ 50%] [32mBuilding CXX object CMakeFiles/drive_msgs__rosidl_typesupport_fastrtps_cpp.dir/rosidl_typesupport_fastrtps_cpp/drive_msgs/msg/detail/dds_fastrtps/detection_data__type_support.cpp.o[0m
[4.926s] [ 50%] Built target drive_msgs__rosidl_typesupport_introspection_c
[4.935s] [ 51%] [32mBuilding CXX object CMakeFiles/drive_msgs__rosidl_typesupport_cpp.dir/rosidl_typesupport_cpp/drive_msgs/msg/can_input__type_support.cpp.o[0m
[4.936s] [ 52%] [32mBuilding CXX object CMakeFiles/drive_msgs__rosidl_typesupport_fastrtps_c.dir/rosidl_typesupport_fastrtps_c/drive_msgs/msg/detail/navigation_data__type_support_c.cpp.o[0m
[5.127s] [ 53%] [32mBuilding CXX object CMakeFiles/drive_msgs__rosidl_typesupport_fastrtps_c.dir/rosidl_typesupport_fastrtps_c/drive_msgs/msg/detail/vehicle_state__type_support_c.cpp.o[0m
[5.161s] [ 54%] [32mBuilding CXX object CMakeFiles/drive_msgs__rosidl_typesupport_cpp.dir/rosidl_typesupport_cpp/drive_msgs/msg/lane_data__type_support.cpp.o[0m
[5.185s] [ 55%] [32mBuilding CXX object CMakeFiles/drive_msgs__rosidl_typesupport_cpp.dir/rosidl_typesupport_cpp/drive_msgs/msg/sensor_data__type_support.cpp.o[0m
[5.220s] [ 56%] [32mBuilding CXX object CMakeFiles/drive_msgs__rosidl_typesupport_introspection_cpp.dir/rosidl_typesupport_introspection_cpp/drive_msgs/msg/detail/navigation_data__type_support.cpp.o[0m
[5.251s] [ 57%] [32mBuilding CXX object CMakeFiles/drive_msgs__rosidl_typesupport_fastrtps_c.dir/rosidl_typesupport_fastrtps_c/drive_msgs/msg/detail/can_input__type_support_c.cpp.o[0m
[5.409s] [ 58%] [32mBuilding CXX object CMakeFiles/drive_msgs__rosidl_typesupport_fastrtps_cpp.dir/rosidl_typesupport_fastrtps_cpp/drive_msgs/msg/detail/dds_fastrtps/navigation_data__type_support.cpp.o[0m
[5.412s] [ 59%] [32mBuilding CXX object CMakeFiles/drive_msgs__rosidl_typesupport_cpp.dir/rosidl_typesupport_cpp/drive_msgs/msg/can_output__type_support.cpp.o[0m
[5.439s] [ 60%] [32mBuilding CXX object CMakeFiles/drive_msgs__rosidl_typesupport_cpp.dir/rosidl_typesupport_cpp/drive_msgs/msg/lane_let__type_support.cpp.o[0m
[5.450s] [ 61%] [32mBuilding CXX object CMakeFiles/drive_msgs__rosidl_typesupport_fastrtps_c.dir/rosidl_typesupport_fastrtps_c/drive_msgs/msg/detail/lane_data__type_support_c.cpp.o[0m
[5.567s] [ 62%] [32mBuilding CXX object CMakeFiles/drive_msgs__rosidl_typesupport_fastrtps_c.dir/rosidl_typesupport_fastrtps_c/drive_msgs/msg/detail/sensor_data__type_support_c.cpp.o[0m
[5.631s] [ 63%] [32mBuilding CXX object CMakeFiles/drive_msgs__rosidl_typesupport_introspection_cpp.dir/rosidl_typesupport_introspection_cpp/drive_msgs/msg/detail/vehicle_state__type_support.cpp.o[0m
[5.665s] [ 63%] [32mBuilding CXX object CMakeFiles/drive_msgs__rosidl_typesupport_cpp.dir/rosidl_typesupport_cpp/drive_msgs/msg/user_input__type_support.cpp.o[0m
[5.702s] [ 64%] [32mBuilding CXX object CMakeFiles/drive_msgs__rosidl_typesupport_cpp.dir/rosidl_typesupport_cpp/drive_msgs/msg/system_status__type_support.cpp.o[0m
[5.755s] [ 64%] [32mBuilding CXX object CMakeFiles/drive_msgs__rosidl_typesupport_fastrtps_c.dir/rosidl_typesupport_fastrtps_c/drive_msgs/msg/detail/can_output__type_support_c.cpp.o[0m
[5.860s] [ 65%] [32mBuilding CXX object CMakeFiles/drive_msgs__rosidl_typesupport_fastrtps_cpp.dir/rosidl_typesupport_fastrtps_cpp/drive_msgs/msg/detail/dds_fastrtps/vehicle_state__type_support.cpp.o[0m
[5.881s] [ 66%] [32mBuilding CXX object CMakeFiles/drive_msgs__rosidl_typesupport_fastrtps_c.dir/rosidl_typesupport_fastrtps_c/drive_msgs/msg/detail/lane_let__type_support_c.cpp.o[0m
[5.916s] [ 67%] [32mBuilding CXX object CMakeFiles/drive_msgs__rosidl_typesupport_fastrtps_c.dir/rosidl_typesupport_fastrtps_c/drive_msgs/msg/detail/user_input__type_support_c.cpp.o[0m
[5.951s] [ 68%] [32m[1mLinking CXX shared library libdrive_msgs__rosidl_typesupport_cpp.so[0m
[5.987s] [ 69%] [32mBuilding CXX object CMakeFiles/drive_msgs__rosidl_typesupport_introspection_cpp.dir/rosidl_typesupport_introspection_cpp/drive_msgs/msg/detail/can_input__type_support.cpp.o[0m
[5.994s] [ 69%] Built target drive_msgs__rosidl_typesupport_cpp
[6.002s] [ 69%] [32mBuilding CXX object CMakeFiles/drive_msgs__rosidl_typesupport_introspection_cpp.dir/rosidl_typesupport_introspection_cpp/drive_msgs/msg/detail/lane_data__type_support.cpp.o[0m
[6.092s] [ 70%] [32mBuilding CXX object CMakeFiles/drive_msgs__rosidl_typesupport_fastrtps_c.dir/rosidl_typesupport_fastrtps_c/drive_msgs/msg/detail/system_status__type_support_c.cpp.o[0m
[6.197s] [ 71%] [32mBuilding CXX object CMakeFiles/drive_msgs__rosidl_typesupport_introspection_cpp.dir/rosidl_typesupport_introspection_cpp/drive_msgs/msg/detail/sensor_data__type_support.cpp.o[0m
[6.232s] [ 71%] [32mBuilding CXX object CMakeFiles/drive_msgs__rosidl_typesupport_fastrtps_cpp.dir/rosidl_typesupport_fastrtps_cpp/drive_msgs/msg/detail/dds_fastrtps/can_input__type_support.cpp.o[0m
[6.236s] [ 72%] [32mBuilding CXX object CMakeFiles/drive_msgs__rosidl_typesupport_fastrtps_cpp.dir/rosidl_typesupport_fastrtps_cpp/drive_msgs/msg/detail/dds_fastrtps/lane_data__type_support.cpp.o[0m
[6.347s] [ 73%] [32mBuilding CXX object CMakeFiles/drive_msgs__rosidl_typesupport_introspection_cpp.dir/rosidl_typesupport_introspection_cpp/drive_msgs/msg/detail/can_output__type_support.cpp.o[0m
[6.354s] [ 74%] [32mBuilding CXX object CMakeFiles/drive_msgs__rosidl_typesupport_introspection_cpp.dir/rosidl_typesupport_introspection_cpp/drive_msgs/msg/detail/lane_let__type_support.cpp.o[0m
[6.408s] [ 75%] [32m[1mLinking CXX shared library libdrive_msgs__rosidl_typesupport_fastrtps_c.so[0m
[6.497s] [ 75%] Built target drive_msgs__rosidl_typesupport_fastrtps_c
[6.505s] [ 76%] [32mBuilding CXX object CMakeFiles/drive_msgs__rosidl_typesupport_introspection_cpp.dir/rosidl_typesupport_introspection_cpp/drive_msgs/msg/detail/user_input__type_support.cpp.o[0m
[6.561s] [ 77%] [32mBuilding CXX object CMakeFiles/drive_msgs__rosidl_typesupport_introspection_cpp.dir/rosidl_typesupport_introspection_cpp/drive_msgs/msg/detail/system_status__type_support.cpp.o[0m
[6.605s] [ 78%] [32mBuilding CXX object CMakeFiles/drive_msgs__rosidl_typesupport_fastrtps_cpp.dir/rosidl_typesupport_fastrtps_cpp/drive_msgs/msg/detail/dds_fastrtps/sensor_data__type_support.cpp.o[0m
[6.618s] [ 79%] [32mBuilding CXX object CMakeFiles/drive_msgs__rosidl_typesupport_fastrtps_cpp.dir/rosidl_typesupport_fastrtps_cpp/drive_msgs/msg/detail/dds_fastrtps/can_output__type_support.cpp.o[0m
[6.709s] [ 80%] [32mBuilding CXX object CMakeFiles/drive_msgs__rosidl_typesupport_fastrtps_cpp.dir/rosidl_typesupport_fastrtps_cpp/drive_msgs/msg/detail/dds_fastrtps/lane_let__type_support.cpp.o[0m
[6.713s] [ 81%] [32mBuilding CXX object CMakeFiles/drive_msgs__rosidl_typesupport_fastrtps_cpp.dir/rosidl_typesupport_fastrtps_cpp/drive_msgs/msg/detail/dds_fastrtps/user_input__type_support.cpp.o[0m
[6.848s] [ 81%] [32mBuilding CXX object CMakeFiles/drive_msgs__rosidl_typesupport_fastrtps_cpp.dir/rosidl_typesupport_fastrtps_cpp/drive_msgs/msg/detail/dds_fastrtps/system_status__type_support.cpp.o[0m
[6.938s] [ 82%] [32m[1mLinking CXX shared library libdrive_msgs__rosidl_typesupport_introspection_cpp.so[0m
[7.028s] [ 82%] Built target drive_msgs__rosidl_typesupport_introspection_cpp
[7.240s] [ 83%] [32m[1mLinking CXX shared library libdrive_msgs__rosidl_typesupport_fastrtps_cpp.so[0m
[7.311s] [ 83%] Built target drive_msgs__rosidl_typesupport_fastrtps_cpp
[7.330s] [ 83%] Built target drive_msgs
[7.349s] [ 84%] [34m[1mGenerating Python code for ROS interfaces[0m
[9.199s] [ 84%] Built target drive_msgs__py
[9.219s] [ 86%] [32mBuilding C object CMakeFiles/drive_msgs__rosidl_generator_py.dir/rosidl_generator_py/drive_msgs/msg/_detection_data_s.c.o[0m
[9.219s] [ 87%] [32mBuilding C object CMakeFiles/drive_msgs__rosidl_generator_py.dir/rosidl_generator_py/drive_msgs/msg/_navigation_data_s.c.o[0m
[9.219s] [ 87%] [32mBuilding C object CMakeFiles/drive_msgs__rosidl_generator_py.dir/rosidl_generator_py/drive_msgs/msg/_actuator_s.c.o[0m
[9.220s] [ 87%] [32mBuilding C object CMakeFiles/drive_msgs__rosidl_generator_py.dir/rosidl_generator_py/drive_msgs/msg/_object_info_s.c.o[0m
[9.220s] [ 89%] [32mBuilding C object CMakeFiles/drive_msgs__rosidl_generator_py.dir/rosidl_generator_py/drive_msgs/msg/_vehicle_state_s.c.o[0m
[9.220s] [ 89%] [32mBuilding C object CMakeFiles/drive_msgs__rosidl_generator_py.dir/rosidl_generator_py/drive_msgs/msg/_can_input_s.c.o[0m
[9.316s] [ 90%] [32mBuilding C object CMakeFiles/drive_msgs__rosidl_generator_py.dir/rosidl_generator_py/drive_msgs/msg/_lane_data_s.c.o[0m
[9.319s] [ 92%] [32mBuilding C object CMakeFiles/drive_msgs__rosidl_generator_py.dir/rosidl_generator_py/drive_msgs/msg/_sensor_data_s.c.o[0m
[9.319s] [ 92%] [32mBuilding C object CMakeFiles/drive_msgs__rosidl_generator_py.dir/rosidl_generator_py/drive_msgs/msg/_can_output_s.c.o[0m
[9.319s] [ 92%] [32mBuilding C object CMakeFiles/drive_msgs__rosidl_generator_py.dir/rosidl_generator_py/drive_msgs/msg/_lane_let_s.c.o[0m
[9.329s] [ 93%] [32mBuilding C object CMakeFiles/drive_msgs__rosidl_generator_py.dir/rosidl_generator_py/drive_msgs/msg/_user_input_s.c.o[0m
[9.330s] [ 94%] [32mBuilding C object CMakeFiles/drive_msgs__rosidl_generator_py.dir/rosidl_generator_py/drive_msgs/msg/_system_status_s.c.o[0m
[9.436s] [ 95%] [32m[1mLinking C shared library rosidl_generator_py/drive_msgs/libdrive_msgs__rosidl_generator_py.so[0m
[9.479s] [ 95%] Built target drive_msgs__rosidl_generator_py
[9.498s] [ 97%] [32mBuilding C object CMakeFiles/drive_msgs__rosidl_typesupport_introspection_c__pyext.dir/rosidl_generator_py/drive_msgs/_drive_msgs_s.ep.rosidl_typesupport_introspection_c.c.o[0m
[9.498s] [ 97%] [32mBuilding C object CMakeFiles/drive_msgs__rosidl_typesupport_fastrtps_c__pyext.dir/rosidl_generator_py/drive_msgs/_drive_msgs_s.ep.rosidl_typesupport_fastrtps_c.c.o[0m
[9.498s] [ 97%] [32mBuilding C object CMakeFiles/drive_msgs__rosidl_typesupport_c__pyext.dir/rosidl_generator_py/drive_msgs/_drive_msgs_s.ep.rosidl_typesupport_c.c.o[0m
[9.623s] [ 99%] [32m[1mLinking C shared library rosidl_generator_py/drive_msgs/drive_msgs_s__rosidl_typesupport_c.cpython-310-x86_64-linux-gnu.so[0m
[9.623s] [ 99%] [32m[1mLinking C shared library rosidl_generator_py/drive_msgs/drive_msgs_s__rosidl_typesupport_fastrtps_c.cpython-310-x86_64-linux-gnu.so[0m
[9.625s] [100%] [32m[1mLinking C shared library rosidl_generator_py/drive_msgs/drive_msgs_s__rosidl_typesupport_introspection_c.cpython-310-x86_64-linux-gnu.so[0m
[9.665s] [100%] Built target drive_msgs__rosidl_typesupport_c__pyext
[9.665s] [100%] Built target drive_msgs__rosidl_typesupport_fastrtps_c__pyext
[9.665s] [100%] Built target drive_msgs__rosidl_typesupport_introspection_c__pyext
[9.676s] Invoked command in '/home/hankyeolyu/vilab/VILAB_PANEL/build/drive_msgs' returned '0': CMAKE_PREFIX_PATH=${CMAKE_PREFIX_PATH}:/opt/ros/humble /usr/bin/cmake --build /home/hankyeolyu/vilab/VILAB_PANEL/build/drive_msgs -- -j6 -l6
[9.949s] Invoking command in '/home/hankyeolyu/vilab/VILAB_PANEL/build/drive_msgs': CMAKE_PREFIX_PATH=${CMAKE_PREFIX_PATH}:/opt/ros/humble /usr/bin/cmake --install /home/hankyeolyu/vilab/VILAB_PANEL/build/drive_msgs
[9.955s] -- Install configuration: ""
[9.956s] -- Installing: /home/hankyeolyu/vilab/VILAB_PANEL/install/drive_msgs/share/ament_index/resource_index/rosidl_interfaces/drive_msgs
[9.956s] -- Installing: /home/hankyeolyu/vilab/VILAB_PANEL/install/drive_msgs/include/drive_msgs/drive_msgs
[9.956s] -- Installing: /home/hankyeolyu/vilab/VILAB_PANEL/install/drive_msgs/include/drive_msgs/drive_msgs/msg
[9.956s] -- Installing: /home/hankyeolyu/vilab/VILAB_PANEL/install/drive_msgs/include/drive_msgs/drive_msgs/msg/can_input.h
[9.956s] -- Installing: /home/hankyeolyu/vilab/VILAB_PANEL/install/drive_msgs/include/drive_msgs/drive_msgs/msg/detail
[9.956s] -- Installing: /home/hankyeolyu/vilab/VILAB_PANEL/install/drive_msgs/include/drive_msgs/drive_msgs/msg/detail/navigation_data__functions.c
[9.956s] -- Installing: /home/hankyeolyu/vilab/VILAB_PANEL/install/drive_msgs/include/drive_msgs/drive_msgs/msg/detail/system_status__type_support.h
[9.957s] -- Installing: /home/hankyeolyu/vilab/VILAB_PANEL/install/drive_msgs/include/drive_msgs/drive_msgs/msg/detail/navigation_data__functions.h
[9.957s] -- Installing: /home/hankyeolyu/vilab/VILAB_PANEL/install/drive_msgs/include/drive_msgs/drive_msgs/msg/detail/can_output__type_support.h
[9.957s] -- Installing: /home/hankyeolyu/vilab/VILAB_PANEL/install/drive_msgs/include/drive_msgs/drive_msgs/msg/detail/object_info__functions.c
[9.957s] -- Installing: /home/hankyeolyu/vilab/VILAB_PANEL/install/drive_msgs/include/drive_msgs/drive_msgs/msg/detail/can_output__struct.h
[9.957s] -- Installing: /home/hankyeolyu/vilab/VILAB_PANEL/install/drive_msgs/include/drive_msgs/drive_msgs/msg/detail/can_output__functions.h
[9.957s] -- Installing: /home/hankyeolyu/vilab/VILAB_PANEL/install/drive_msgs/include/drive_msgs/drive_msgs/msg/detail/can_output__functions.c
[9.957s] -- Installing: /home/hankyeolyu/vilab/VILAB_PANEL/install/drive_msgs/include/drive_msgs/drive_msgs/msg/detail/user_input__type_support.h
[9.957s] -- Installing: /home/hankyeolyu/vilab/VILAB_PANEL/install/drive_msgs/include/drive_msgs/drive_msgs/msg/detail/system_status__struct.h
[9.957s] -- Installing: /home/hankyeolyu/vilab/VILAB_PANEL/install/drive_msgs/include/drive_msgs/drive_msgs/msg/detail/detection_data__type_support.h
[9.957s] -- Installing: /home/hankyeolyu/vilab/VILAB_PANEL/install/drive_msgs/include/drive_msgs/drive_msgs/msg/detail/lane_let__functions.h
[9.958s] -- Installing: /home/hankyeolyu/vilab/VILAB_PANEL/install/drive_msgs/include/drive_msgs/drive_msgs/msg/detail/user_input__struct.h
[9.958s] -- Installing: /home/hankyeolyu/vilab/VILAB_PANEL/install/drive_msgs/include/drive_msgs/drive_msgs/msg/detail/vehicle_state__functions.h
[9.958s] -- Installing: /home/hankyeolyu/vilab/VILAB_PANEL/install/drive_msgs/include/drive_msgs/drive_msgs/msg/detail/object_info__struct.h
[9.958s] -- Installing: /home/hankyeolyu/vilab/VILAB_PANEL/install/drive_msgs/include/drive_msgs/drive_msgs/msg/detail/sensor_data__functions.h
[9.958s] -- Installing: /home/hankyeolyu/vilab/VILAB_PANEL/install/drive_msgs/include/drive_msgs/drive_msgs/msg/detail/vehicle_state__type_support.h
[9.958s] -- Installing: /home/hankyeolyu/vilab/VILAB_PANEL/install/drive_msgs/include/drive_msgs/drive_msgs/msg/detail/user_input__functions.h
[9.958s] -- Installing: /home/hankyeolyu/vilab/VILAB_PANEL/install/drive_msgs/include/drive_msgs/drive_msgs/msg/detail/can_input__struct.h
[9.958s] -- Installing: /home/hankyeolyu/vilab/VILAB_PANEL/install/drive_msgs/include/drive_msgs/drive_msgs/msg/detail/actuator__functions.c
[9.958s] -- Installing: /home/hankyeolyu/vilab/VILAB_PANEL/install/drive_msgs/include/drive_msgs/drive_msgs/msg/detail/actuator__struct.h
[9.958s] -- Installing: /home/hankyeolyu/vilab/VILAB_PANEL/install/drive_msgs/include/drive_msgs/drive_msgs/msg/detail/system_status__functions.c
[9.959s] -- Installing: /home/hankyeolyu/vilab/VILAB_PANEL/install/drive_msgs/include/drive_msgs/drive_msgs/msg/detail/lane_let__type_support.h
[9.959s] -- Installing: /home/hankyeolyu/vilab/VILAB_PANEL/install/drive_msgs/include/drive_msgs/drive_msgs/msg/detail/vehicle_state__functions.c
[9.959s] -- Installing: /home/hankyeolyu/vilab/VILAB_PANEL/install/drive_msgs/include/drive_msgs/drive_msgs/msg/detail/lane_data__functions.c
[9.959s] -- Installing: /home/hankyeolyu/vilab/VILAB_PANEL/install/drive_msgs/include/drive_msgs/drive_msgs/msg/detail/detection_data__functions.h
[9.959s] -- Installing: /home/hankyeolyu/vilab/VILAB_PANEL/install/drive_msgs/include/drive_msgs/drive_msgs/msg/detail/sensor_data__type_support.h
[9.959s] -- Installing: /home/hankyeolyu/vilab/VILAB_PANEL/install/drive_msgs/include/drive_msgs/drive_msgs/msg/detail/detection_data__struct.h
[9.959s] -- Installing: /home/hankyeolyu/vilab/VILAB_PANEL/install/drive_msgs/include/drive_msgs/drive_msgs/msg/detail/actuator__type_support.h
[9.959s] -- Installing: /home/hankyeolyu/vilab/VILAB_PANEL/install/drive_msgs/include/drive_msgs/drive_msgs/msg/detail/sensor_data__struct.h
[9.959s] -- Installing: /home/hankyeolyu/vilab/VILAB_PANEL/install/drive_msgs/include/drive_msgs/drive_msgs/msg/detail/navigation_data__struct.h
[9.959s] -- Installing: /home/hankyeolyu/vilab/VILAB_PANEL/install/drive_msgs/include/drive_msgs/drive_msgs/msg/detail/can_input__type_support.h
[9.959s] -- Installing: /home/hankyeolyu/vilab/VILAB_PANEL/install/drive_msgs/include/drive_msgs/drive_msgs/msg/detail/lane_data__functions.h
[9.960s] -- Installing: /home/hankyeolyu/vilab/VILAB_PANEL/install/drive_msgs/include/drive_msgs/drive_msgs/msg/detail/can_input__functions.h
[9.960s] -- Installing: /home/hankyeolyu/vilab/VILAB_PANEL/install/drive_msgs/include/drive_msgs/drive_msgs/msg/detail/navigation_data__type_support.h
[9.960s] -- Installing: /home/hankyeolyu/vilab/VILAB_PANEL/install/drive_msgs/include/drive_msgs/drive_msgs/msg/detail/lane_data__struct.h
[9.960s] -- Installing: /home/hankyeolyu/vilab/VILAB_PANEL/install/drive_msgs/include/drive_msgs/drive_msgs/msg/detail/object_info__type_support.h
[9.960s] -- Installing: /home/hankyeolyu/vilab/VILAB_PANEL/install/drive_msgs/include/drive_msgs/drive_msgs/msg/detail/vehicle_state__struct.h
[9.960s] -- Installing: /home/hankyeolyu/vilab/VILAB_PANEL/install/drive_msgs/include/drive_msgs/drive_msgs/msg/detail/system_status__functions.h
[9.960s] -- Installing: /home/hankyeolyu/vilab/VILAB_PANEL/install/drive_msgs/include/drive_msgs/drive_msgs/msg/detail/actuator__functions.h
[9.960s] -- Installing: /home/hankyeolyu/vilab/VILAB_PANEL/install/drive_msgs/include/drive_msgs/drive_msgs/msg/detail/lane_let__struct.h
[9.960s] -- Installing: /home/hankyeolyu/vilab/VILAB_PANEL/install/drive_msgs/include/drive_msgs/drive_msgs/msg/detail/detection_data__functions.c
[9.960s] -- Installing: /home/hankyeolyu/vilab/VILAB_PANEL/install/drive_msgs/include/drive_msgs/drive_msgs/msg/detail/lane_data__type_support.h
[9.961s] -- Installing: /home/hankyeolyu/vilab/VILAB_PANEL/install/drive_msgs/include/drive_msgs/drive_msgs/msg/detail/object_info__functions.h
[9.961s] -- Installing: /home/hankyeolyu/vilab/VILAB_PANEL/install/drive_msgs/include/drive_msgs/drive_msgs/msg/detail/sensor_data__functions.c
[9.961s] -- Installing: /home/hankyeolyu/vilab/VILAB_PANEL/install/drive_msgs/include/drive_msgs/drive_msgs/msg/detail/lane_let__functions.c
[9.961s] -- Installing: /home/hankyeolyu/vilab/VILAB_PANEL/install/drive_msgs/include/drive_msgs/drive_msgs/msg/detail/can_input__functions.c
[9.961s] -- Installing: /home/hankyeolyu/vilab/VILAB_PANEL/install/drive_msgs/include/drive_msgs/drive_msgs/msg/detail/user_input__functions.c
[9.961s] -- Installing: /home/hankyeolyu/vilab/VILAB_PANEL/install/drive_msgs/include/drive_msgs/drive_msgs/msg/vehicle_state.h
[9.961s] -- Installing: /home/hankyeolyu/vilab/VILAB_PANEL/install/drive_msgs/include/drive_msgs/drive_msgs/msg/can_output.h
[9.961s] -- Installing: /home/hankyeolyu/vilab/VILAB_PANEL/install/drive_msgs/include/drive_msgs/drive_msgs/msg/navigation_data.h
[9.961s] -- Installing: /home/hankyeolyu/vilab/VILAB_PANEL/install/drive_msgs/include/drive_msgs/drive_msgs/msg/sensor_data.h
[9.962s] -- Installing: /home/hankyeolyu/vilab/VILAB_PANEL/install/drive_msgs/include/drive_msgs/drive_msgs/msg/lane_data.h
[9.962s] -- Installing: /home/hankyeolyu/vilab/VILAB_PANEL/install/drive_msgs/include/drive_msgs/drive_msgs/msg/rosidl_generator_c__visibility_control.h
[9.962s] -- Installing: /home/hankyeolyu/vilab/VILAB_PANEL/install/drive_msgs/include/drive_msgs/drive_msgs/msg/lane_let.h
[9.962s] -- Installing: /home/hankyeolyu/vilab/VILAB_PANEL/install/drive_msgs/include/drive_msgs/drive_msgs/msg/system_status.h
[9.962s] -- Installing: /home/hankyeolyu/vilab/VILAB_PANEL/install/drive_msgs/include/drive_msgs/drive_msgs/msg/user_input.h
[9.962s] -- Installing: /home/hankyeolyu/vilab/VILAB_PANEL/install/drive_msgs/include/drive_msgs/drive_msgs/msg/detection_data.h
[9.962s] -- Installing: /home/hankyeolyu/vilab/VILAB_PANEL/install/drive_msgs/include/drive_msgs/drive_msgs/msg/object_info.h
[9.962s] -- Installing: /home/hankyeolyu/vilab/VILAB_PANEL/install/drive_msgs/include/drive_msgs/drive_msgs/msg/actuator.h
[9.962s] -- Installing: /home/hankyeolyu/vilab/VILAB_PANEL/install/drive_msgs/share/drive_msgs/environment/library_path.sh
[9.963s] -- Installing: /home/hankyeolyu/vilab/VILAB_PANEL/install/drive_msgs/share/drive_msgs/environment/library_path.dsv
[9.963s] -- Installing: /home/hankyeolyu/vilab/VILAB_PANEL/install/drive_msgs/lib/libdrive_msgs__rosidl_generator_c.so
[9.963s] -- Set runtime path of "/home/hankyeolyu/vilab/VILAB_PANEL/install/drive_msgs/lib/libdrive_msgs__rosidl_generator_c.so" to ""
[9.963s] -- Up-to-date: /home/hankyeolyu/vilab/VILAB_PANEL/install/drive_msgs/include/drive_msgs/drive_msgs
[9.963s] -- Up-to-date: /home/hankyeolyu/vilab/VILAB_PANEL/install/drive_msgs/include/drive_msgs/drive_msgs/msg
[9.964s] -- Installing: /home/hankyeolyu/vilab/VILAB_PANEL/install/drive_msgs/include/drive_msgs/drive_msgs/msg/rosidl_typesupport_fastrtps_c__visibility_control.h
[9.964s] -- Up-to-date: /home/hankyeolyu/vilab/VILAB_PANEL/install/drive_msgs/include/drive_msgs/drive_msgs/msg/detail
[9.964s] -- Installing: /home/hankyeolyu/vilab/VILAB_PANEL/install/drive_msgs/include/drive_msgs/drive_msgs/msg/detail/vehicle_state__rosidl_typesupport_fastrtps_c.h
[9.964s] -- Installing: /home/hankyeolyu/vilab/VILAB_PANEL/install/drive_msgs/include/drive_msgs/drive_msgs/msg/detail/actuator__rosidl_typesupport_fastrtps_c.h
[9.964s] -- Installing: /home/hankyeolyu/vilab/VILAB_PANEL/install/drive_msgs/include/drive_msgs/drive_msgs/msg/detail/sensor_data__rosidl_typesupport_fastrtps_c.h
[9.964s] -- Installing: /home/hankyeolyu/vilab/VILAB_PANEL/install/drive_msgs/include/drive_msgs/drive_msgs/msg/detail/lane_data__rosidl_typesupport_fastrtps_c.h
[9.964s] -- Installing: /home/hankyeolyu/vilab/VILAB_PANEL/install/drive_msgs/include/drive_msgs/drive_msgs/msg/detail/detection_data__rosidl_typesupport_fastrtps_c.h
[9.964s] -- Installing: /home/hankyeolyu/vilab/VILAB_PANEL/install/drive_msgs/include/drive_msgs/drive_msgs/msg/detail/user_input__rosidl_typesupport_fastrtps_c.h
[9.964s] -- Installing: /home/hankyeolyu/vilab/VILAB_PANEL/install/drive_msgs/include/drive_msgs/drive_msgs/msg/detail/navigation_data__rosidl_typesupport_fastrtps_c.h
[9.964s] -- Installing: /home/hankyeolyu/vilab/VILAB_PANEL/install/drive_msgs/include/drive_msgs/drive_msgs/msg/detail/lane_let__rosidl_typesupport_fastrtps_c.h
[9.964s] -- Installing: /home/hankyeolyu/vilab/VILAB_PANEL/install/drive_msgs/include/drive_msgs/drive_msgs/msg/detail/system_status__rosidl_typesupport_fastrtps_c.h
[9.965s] -- Installing: /home/hankyeolyu/vilab/VILAB_PANEL/install/drive_msgs/include/drive_msgs/drive_msgs/msg/detail/can_input__rosidl_typesupport_fastrtps_c.h
[9.965s] -- Installing: /home/hankyeolyu/vilab/VILAB_PANEL/install/drive_msgs/include/drive_msgs/drive_msgs/msg/detail/can_output__rosidl_typesupport_fastrtps_c.h
[9.965s] -- Installing: /home/hankyeolyu/vilab/VILAB_PANEL/install/drive_msgs/include/drive_msgs/drive_msgs/msg/detail/object_info__rosidl_typesupport_fastrtps_c.h
[9.965s] -- Installing: /home/hankyeolyu/vilab/VILAB_PANEL/install/drive_msgs/lib/libdrive_msgs__rosidl_typesupport_fastrtps_c.so
[9.965s] -- Set runtime path of "/home/hankyeolyu/vilab/VILAB_PANEL/install/drive_msgs/lib/libdrive_msgs__rosidl_typesupport_fastrtps_c.so" to ""
[9.966s] -- Up-to-date: /home/hankyeolyu/vilab/VILAB_PANEL/install/drive_msgs/include/drive_msgs/drive_msgs
[9.966s] -- Up-to-date: /home/hankyeolyu/vilab/VILAB_PANEL/install/drive_msgs/include/drive_msgs/drive_msgs/msg
[9.966s] -- Installing: /home/hankyeolyu/vilab/VILAB_PANEL/install/drive_msgs/include/drive_msgs/drive_msgs/msg/actuator.hpp
[9.966s] -- Installing: /home/hankyeolyu/vilab/VILAB_PANEL/install/drive_msgs/include/drive_msgs/drive_msgs/msg/object_info.hpp
[9.966s] -- Installing: /home/hankyeolyu/vilab/VILAB_PANEL/install/drive_msgs/include/drive_msgs/drive_msgs/msg/user_input.hpp
[9.966s] -- Installing: /home/hankyeolyu/vilab/VILAB_PANEL/install/drive_msgs/include/drive_msgs/drive_msgs/msg/can_input.hpp
[9.966s] -- Installing: /home/hankyeolyu/vilab/VILAB_PANEL/install/drive_msgs/include/drive_msgs/drive_msgs/msg/navigation_data.hpp
[9.966s] -- Installing: /home/hankyeolyu/vilab/VILAB_PANEL/install/drive_msgs/include/drive_msgs/drive_msgs/msg/system_status.hpp
[9.966s] -- Up-to-date: /home/hankyeolyu/vilab/VILAB_PANEL/install/drive_msgs/include/drive_msgs/drive_msgs/msg/detail
[9.966s] -- Installing: /home/hankyeolyu/vilab/VILAB_PANEL/install/drive_msgs/include/drive_msgs/drive_msgs/msg/detail/sensor_data__struct.hpp
[9.966s] -- Installing: /home/hankyeolyu/vilab/VILAB_PANEL/install/drive_msgs/include/drive_msgs/drive_msgs/msg/detail/object_info__struct.hpp
[9.967s] -- Installing: /home/hankyeolyu/vilab/VILAB_PANEL/install/drive_msgs/include/drive_msgs/drive_msgs/msg/detail/can_input__builder.hpp
[9.967s] -- Installing: /home/hankyeolyu/vilab/VILAB_PANEL/install/drive_msgs/include/drive_msgs/drive_msgs/msg/detail/detection_data__builder.hpp
[9.967s] -- Installing: /home/hankyeolyu/vilab/VILAB_PANEL/install/drive_msgs/include/drive_msgs/drive_msgs/msg/detail/system_status__struct.hpp
[9.967s] -- Installing: /home/hankyeolyu/vilab/VILAB_PANEL/install/drive_msgs/include/drive_msgs/drive_msgs/msg/detail/sensor_data__traits.hpp
[9.967s] -- Installing: /home/hankyeolyu/vilab/VILAB_PANEL/install/drive_msgs/include/drive_msgs/drive_msgs/msg/detail/lane_data__builder.hpp
[9.967s] -- Installing: /home/hankyeolyu/vilab/VILAB_PANEL/install/drive_msgs/include/drive_msgs/drive_msgs/msg/detail/actuator__struct.hpp
[9.967s] -- Installing: /home/hankyeolyu/vilab/VILAB_PANEL/install/drive_msgs/include/drive_msgs/drive_msgs/msg/detail/system_status__traits.hpp
[9.967s] -- Installing: /home/hankyeolyu/vilab/VILAB_PANEL/install/drive_msgs/include/drive_msgs/drive_msgs/msg/detail/lane_let__builder.hpp
[9.967s] -- Installing: /home/hankyeolyu/vilab/VILAB_PANEL/install/drive_msgs/include/drive_msgs/drive_msgs/msg/detail/object_info__builder.hpp
[9.967s] -- Installing: /home/hankyeolyu/vilab/VILAB_PANEL/install/drive_msgs/include/drive_msgs/drive_msgs/msg/detail/user_input__builder.hpp
[9.968s] -- Installing: /home/hankyeolyu/vilab/VILAB_PANEL/install/drive_msgs/include/drive_msgs/drive_msgs/msg/detail/navigation_data__traits.hpp
[9.968s] -- Installing: /home/hankyeolyu/vilab/VILAB_PANEL/install/drive_msgs/include/drive_msgs/drive_msgs/msg/detail/object_info__traits.hpp
[9.968s] -- Installing: /home/hankyeolyu/vilab/VILAB_PANEL/install/drive_msgs/include/drive_msgs/drive_msgs/msg/detail/lane_data__struct.hpp
[9.968s] -- Installing: /home/hankyeolyu/vilab/VILAB_PANEL/install/drive_msgs/include/drive_msgs/drive_msgs/msg/detail/detection_data__struct.hpp
[9.968s] -- Installing: /home/hankyeolyu/vilab/VILAB_PANEL/install/drive_msgs/include/drive_msgs/drive_msgs/msg/detail/vehicle_state__struct.hpp
[9.968s] -- Installing: /home/hankyeolyu/vilab/VILAB_PANEL/install/drive_msgs/include/drive_msgs/drive_msgs/msg/detail/vehicle_state__builder.hpp
[9.968s] -- Installing: /home/hankyeolyu/vilab/VILAB_PANEL/install/drive_msgs/include/drive_msgs/drive_msgs/msg/detail/can_input__traits.hpp
[9.968s] -- Installing: /home/hankyeolyu/vilab/VILAB_PANEL/install/drive_msgs/include/drive_msgs/drive_msgs/msg/detail/actuator__traits.hpp
[9.968s] -- Installing: /home/hankyeolyu/vilab/VILAB_PANEL/install/drive_msgs/include/drive_msgs/drive_msgs/msg/detail/can_output__builder.hpp
[9.969s] -- Installing: /home/hankyeolyu/vilab/VILAB_PANEL/install/drive_msgs/include/drive_msgs/drive_msgs/msg/detail/navigation_data__struct.hpp
[9.969s] -- Installing: /home/hankyeolyu/vilab/VILAB_PANEL/install/drive_msgs/include/drive_msgs/drive_msgs/msg/detail/actuator__builder.hpp
[9.969s] -- Installing: /home/hankyeolyu/vilab/VILAB_PANEL/install/drive_msgs/include/drive_msgs/drive_msgs/msg/detail/lane_data__traits.hpp
[9.969s] -- Installing: /home/hankyeolyu/vilab/VILAB_PANEL/install/drive_msgs/include/drive_msgs/drive_msgs/msg/detail/lane_let__struct.hpp
[9.969s] -- Installing: /home/hankyeolyu/vilab/VILAB_PANEL/install/drive_msgs/include/drive_msgs/drive_msgs/msg/detail/can_input__struct.hpp
[9.969s] -- Installing: /home/hankyeolyu/vilab/VILAB_PANEL/install/drive_msgs/include/drive_msgs/drive_msgs/msg/detail/can_output__struct.hpp
[9.969s] -- Installing: /home/hankyeolyu/vilab/VILAB_PANEL/install/drive_msgs/include/drive_msgs/drive_msgs/msg/detail/user_input__traits.hpp
[9.970s] -- Installing: /home/hankyeolyu/vilab/VILAB_PANEL/install/drive_msgs/include/drive_msgs/drive_msgs/msg/detail/user_input__struct.hpp
[9.970s] -- Installing: /home/hankyeolyu/vilab/VILAB_PANEL/install/drive_msgs/include/drive_msgs/drive_msgs/msg/detail/vehicle_state__traits.hpp
[9.970s] -- Installing: /home/hankyeolyu/vilab/VILAB_PANEL/install/drive_msgs/include/drive_msgs/drive_msgs/msg/detail/navigation_data__builder.hpp
[9.970s] -- Installing: /home/hankyeolyu/vilab/VILAB_PANEL/install/drive_msgs/include/drive_msgs/drive_msgs/msg/detail/system_status__builder.hpp
[9.970s] -- Installing: /home/hankyeolyu/vilab/VILAB_PANEL/install/drive_msgs/include/drive_msgs/drive_msgs/msg/detail/lane_let__traits.hpp
[9.970s] -- Installing: /home/hankyeolyu/vilab/VILAB_PANEL/install/drive_msgs/include/drive_msgs/drive_msgs/msg/detail/sensor_data__builder.hpp
[9.970s] -- Installing: /home/hankyeolyu/vilab/VILAB_PANEL/install/drive_msgs/include/drive_msgs/drive_msgs/msg/detail/detection_data__traits.hpp
[9.970s] -- Installing: /home/hankyeolyu/vilab/VILAB_PANEL/install/drive_msgs/include/drive_msgs/drive_msgs/msg/detail/can_output__traits.hpp
[9.970s] -- Installing: /home/hankyeolyu/vilab/VILAB_PANEL/install/drive_msgs/include/drive_msgs/drive_msgs/msg/lane_data.hpp
[9.971s] -- Installing: /home/hankyeolyu/vilab/VILAB_PANEL/install/drive_msgs/include/drive_msgs/drive_msgs/msg/detection_data.hpp
[9.971s] -- Installing: /home/hankyeolyu/vilab/VILAB_PANEL/install/drive_msgs/include/drive_msgs/drive_msgs/msg/can_output.hpp
[9.971s] -- Installing: /home/hankyeolyu/vilab/VILAB_PANEL/install/drive_msgs/include/drive_msgs/drive_msgs/msg/lane_let.hpp
[9.971s] -- Installing: /home/hankyeolyu/vilab/VILAB_PANEL/install/drive_msgs/include/drive_msgs/drive_msgs/msg/vehicle_state.hpp
[9.971s] -- Installing: /home/hankyeolyu/vilab/VILAB_PANEL/install/drive_msgs/include/drive_msgs/drive_msgs/msg/sensor_data.hpp
[9.971s] -- Up-to-date: /home/hankyeolyu/vilab/VILAB_PANEL/install/drive_msgs/include/drive_msgs/drive_msgs
[9.971s] -- Up-to-date: /home/hankyeolyu/vilab/VILAB_PANEL/install/drive_msgs/include/drive_msgs/drive_msgs/msg
[9.971s] -- Installing: /home/hankyeolyu/vilab/VILAB_PANEL/install/drive_msgs/include/drive_msgs/drive_msgs/msg/rosidl_typesupport_fastrtps_cpp__visibility_control.h
[9.971s] -- Up-to-date: /home/hankyeolyu/vilab/VILAB_PANEL/install/drive_msgs/include/drive_msgs/drive_msgs/msg/detail
[9.971s] -- Installing: /home/hankyeolyu/vilab/VILAB_PANEL/install/drive_msgs/include/drive_msgs/drive_msgs/msg/detail/user_input__rosidl_typesupport_fastrtps_cpp.hpp
[9.971s] -- Installing: /home/hankyeolyu/vilab/VILAB_PANEL/install/drive_msgs/include/drive_msgs/drive_msgs/msg/detail/vehicle_state__rosidl_typesupport_fastrtps_cpp.hpp
[9.971s] -- Installing: /home/hankyeolyu/vilab/VILAB_PANEL/install/drive_msgs/include/drive_msgs/drive_msgs/msg/detail/object_info__rosidl_typesupport_fastrtps_cpp.hpp
[9.972s] -- Installing: /home/hankyeolyu/vilab/VILAB_PANEL/install/drive_msgs/include/drive_msgs/drive_msgs/msg/detail/lane_let__rosidl_typesupport_fastrtps_cpp.hpp
[9.972s] -- Installing: /home/hankyeolyu/vilab/VILAB_PANEL/install/drive_msgs/include/drive_msgs/drive_msgs/msg/detail/sensor_data__rosidl_typesupport_fastrtps_cpp.hpp
[9.972s] -- Installing: /home/hankyeolyu/vilab/VILAB_PANEL/install/drive_msgs/include/drive_msgs/drive_msgs/msg/detail/detection_data__rosidl_typesupport_fastrtps_cpp.hpp
[9.972s] -- Installing: /home/hankyeolyu/vilab/VILAB_PANEL/install/drive_msgs/include/drive_msgs/drive_msgs/msg/detail/system_status__rosidl_typesupport_fastrtps_cpp.hpp
[9.972s] -- Installing: /home/hankyeolyu/vilab/VILAB_PANEL/install/drive_msgs/include/drive_msgs/drive_msgs/msg/detail/actuator__rosidl_typesupport_fastrtps_cpp.hpp
[9.972s] -- Installing: /home/hankyeolyu/vilab/VILAB_PANEL/install/drive_msgs/include/drive_msgs/drive_msgs/msg/detail/lane_data__rosidl_typesupport_fastrtps_cpp.hpp
[9.972s] -- Installing: /home/hankyeolyu/vilab/VILAB_PANEL/install/drive_msgs/include/drive_msgs/drive_msgs/msg/detail/navigation_data__rosidl_typesupport_fastrtps_cpp.hpp
[9.972s] -- Installing: /home/hankyeolyu/vilab/VILAB_PANEL/install/drive_msgs/include/drive_msgs/drive_msgs/msg/detail/can_input__rosidl_typesupport_fastrtps_cpp.hpp
[9.972s] -- Installing: /home/hankyeolyu/vilab/VILAB_PANEL/install/drive_msgs/include/drive_msgs/drive_msgs/msg/detail/can_output__rosidl_typesupport_fastrtps_cpp.hpp
[9.973s] -- Installing: /home/hankyeolyu/vilab/VILAB_PANEL/install/drive_msgs/include/drive_msgs/drive_msgs/msg/detail/dds_fastrtps
[9.973s] -- Installing: /home/hankyeolyu/vilab/VILAB_PANEL/install/drive_msgs/lib/libdrive_msgs__rosidl_typesupport_fastrtps_cpp.so
[9.973s] -- Set runtime path of "/home/hankyeolyu/vilab/VILAB_PANEL/install/drive_msgs/lib/libdrive_msgs__rosidl_typesupport_fastrtps_cpp.so" to ""
[9.974s] -- Up-to-date: /home/hankyeolyu/vilab/VILAB_PANEL/install/drive_msgs/include/drive_msgs/drive_msgs
[9.974s] -- Up-to-date: /home/hankyeolyu/vilab/VILAB_PANEL/install/drive_msgs/include/drive_msgs/drive_msgs/msg
[9.974s] -- Up-to-date: /home/hankyeolyu/vilab/VILAB_PANEL/install/drive_msgs/include/drive_msgs/drive_msgs/msg/detail
[9.974s] -- Installing: /home/hankyeolyu/vilab/VILAB_PANEL/install/drive_msgs/include/drive_msgs/drive_msgs/msg/detail/user_input__type_support.c
[9.974s] -- Installing: /home/hankyeolyu/vilab/VILAB_PANEL/install/drive_msgs/include/drive_msgs/drive_msgs/msg/detail/lane_data__rosidl_typesupport_introspection_c.h
[9.974s] -- Installing: /home/hankyeolyu/vilab/VILAB_PANEL/install/drive_msgs/include/drive_msgs/drive_msgs/msg/detail/lane_let__rosidl_typesupport_introspection_c.h
[9.974s] -- Installing: /home/hankyeolyu/vilab/VILAB_PANEL/install/drive_msgs/include/drive_msgs/drive_msgs/msg/detail/vehicle_state__rosidl_typesupport_introspection_c.h
[9.974s] -- Installing: /home/hankyeolyu/vilab/VILAB_PANEL/install/drive_msgs/include/drive_msgs/drive_msgs/msg/detail/actuator__rosidl_typesupport_introspection_c.h
[9.974s] -- Installing: /home/hankyeolyu/vilab/VILAB_PANEL/install/drive_msgs/include/drive_msgs/drive_msgs/msg/detail/can_output__rosidl_typesupport_introspection_c.h
[9.974s] -- Installing: /home/hankyeolyu/vilab/VILAB_PANEL/install/drive_msgs/include/drive_msgs/drive_msgs/msg/detail/user_input__rosidl_typesupport_introspection_c.h
[9.974s] -- Installing: /home/hankyeolyu/vilab/VILAB_PANEL/install/drive_msgs/include/drive_msgs/drive_msgs/msg/detail/system_status__type_support.c
[9.975s] -- Installing: /home/hankyeolyu/vilab/VILAB_PANEL/install/drive_msgs/include/drive_msgs/drive_msgs/msg/detail/can_input__rosidl_typesupport_introspection_c.h
[9.975s] -- Installing: /home/hankyeolyu/vilab/VILAB_PANEL/install/drive_msgs/include/drive_msgs/drive_msgs/msg/detail/lane_data__type_support.c
[9.975s] -- Installing: /home/hankyeolyu/vilab/VILAB_PANEL/install/drive_msgs/include/drive_msgs/drive_msgs/msg/detail/object_info__type_support.c
[9.975s] -- Installing: /home/hankyeolyu/vilab/VILAB_PANEL/install/drive_msgs/include/drive_msgs/drive_msgs/msg/detail/object_info__rosidl_typesupport_introspection_c.h
[9.975s] -- Installing: /home/hankyeolyu/vilab/VILAB_PANEL/install/drive_msgs/include/drive_msgs/drive_msgs/msg/detail/sensor_data__type_support.c
[9.975s] -- Installing: /home/hankyeolyu/vilab/VILAB_PANEL/install/drive_msgs/include/drive_msgs/drive_msgs/msg/detail/can_output__type_support.c
[9.975s] -- Installing: /home/hankyeolyu/vilab/VILAB_PANEL/install/drive_msgs/include/drive_msgs/drive_msgs/msg/detail/detection_data__type_support.c
[9.975s] -- Installing: /home/hankyeolyu/vilab/VILAB_PANEL/install/drive_msgs/include/drive_msgs/drive_msgs/msg/detail/lane_let__type_support.c
[9.975s] -- Installing: /home/hankyeolyu/vilab/VILAB_PANEL/install/drive_msgs/include/drive_msgs/drive_msgs/msg/detail/system_status__rosidl_typesupport_introspection_c.h
[9.976s] -- Installing: /home/hankyeolyu/vilab/VILAB_PANEL/install/drive_msgs/include/drive_msgs/drive_msgs/msg/detail/vehicle_state__type_support.c
[9.976s] -- Installing: /home/hankyeolyu/vilab/VILAB_PANEL/install/drive_msgs/include/drive_msgs/drive_msgs/msg/detail/navigation_data__rosidl_typesupport_introspection_c.h
[9.976s] -- Installing: /home/hankyeolyu/vilab/VILAB_PANEL/install/drive_msgs/include/drive_msgs/drive_msgs/msg/detail/sensor_data__rosidl_typesupport_introspection_c.h
[9.976s] -- Installing: /home/hankyeolyu/vilab/VILAB_PANEL/install/drive_msgs/include/drive_msgs/drive_msgs/msg/detail/navigation_data__type_support.c
[9.976s] -- Installing: /home/hankyeolyu/vilab/VILAB_PANEL/install/drive_msgs/include/drive_msgs/drive_msgs/msg/detail/detection_data__rosidl_typesupport_introspection_c.h
[9.976s] -- Installing: /home/hankyeolyu/vilab/VILAB_PANEL/install/drive_msgs/include/drive_msgs/drive_msgs/msg/detail/can_input__type_support.c
[9.976s] -- Installing: /home/hankyeolyu/vilab/VILAB_PANEL/install/drive_msgs/include/drive_msgs/drive_msgs/msg/detail/actuator__type_support.c
[9.976s] -- Installing: /home/hankyeolyu/vilab/VILAB_PANEL/install/drive_msgs/include/drive_msgs/drive_msgs/msg/rosidl_typesupport_introspection_c__visibility_control.h
[9.976s] -- Installing: /home/hankyeolyu/vilab/VILAB_PANEL/install/drive_msgs/lib/libdrive_msgs__rosidl_typesupport_introspection_c.so
[9.977s] -- Set runtime path of "/home/hankyeolyu/vilab/VILAB_PANEL/install/drive_msgs/lib/libdrive_msgs__rosidl_typesupport_introspection_c.so" to ""
[9.977s] -- Installing: /home/hankyeolyu/vilab/VILAB_PANEL/install/drive_msgs/lib/libdrive_msgs__rosidl_typesupport_c.so
[9.978s] -- Set runtime path of "/home/hankyeolyu/vilab/VILAB_PANEL/install/drive_msgs/lib/libdrive_msgs__rosidl_typesupport_c.so" to ""
[9.978s] -- Up-to-date: /home/hankyeolyu/vilab/VILAB_PANEL/install/drive_msgs/include/drive_msgs/drive_msgs
[9.978s] -- Up-to-date: /home/hankyeolyu/vilab/VILAB_PANEL/install/drive_msgs/include/drive_msgs/drive_msgs/msg
[9.978s] -- Up-to-date: /home/hankyeolyu/vilab/VILAB_PANEL/install/drive_msgs/include/drive_msgs/drive_msgs/msg/detail
[9.978s] -- Installing: /home/hankyeolyu/vilab/VILAB_PANEL/install/drive_msgs/include/drive_msgs/drive_msgs/msg/detail/detection_data__type_support.cpp
[9.978s] -- Installing: /home/hankyeolyu/vilab/VILAB_PANEL/install/drive_msgs/include/drive_msgs/drive_msgs/msg/detail/navigation_data__type_support.cpp
[9.978s] -- Installing: /home/hankyeolyu/vilab/VILAB_PANEL/install/drive_msgs/include/drive_msgs/drive_msgs/msg/detail/object_info__rosidl_typesupport_introspection_cpp.hpp
[9.978s] -- Installing: /home/hankyeolyu/vilab/VILAB_PANEL/install/drive_msgs/include/drive_msgs/drive_msgs/msg/detail/lane_let__rosidl_typesupport_introspection_cpp.hpp
[9.978s] -- Installing: /home/hankyeolyu/vilab/VILAB_PANEL/install/drive_msgs/include/drive_msgs/drive_msgs/msg/detail/sensor_data__type_support.cpp
[9.978s] -- Installing: /home/hankyeolyu/vilab/VILAB_PANEL/install/drive_msgs/include/drive_msgs/drive_msgs/msg/detail/user_input__type_support.cpp
[9.978s] -- Installing: /home/hankyeolyu/vilab/VILAB_PANEL/install/drive_msgs/include/drive_msgs/drive_msgs/msg/detail/can_input__rosidl_typesupport_introspection_cpp.hpp
[9.979s] -- Installing: /home/hankyeolyu/vilab/VILAB_PANEL/install/drive_msgs/include/drive_msgs/drive_msgs/msg/detail/actuator__type_support.cpp
[9.979s] -- Installing: /home/hankyeolyu/vilab/VILAB_PANEL/install/drive_msgs/include/drive_msgs/drive_msgs/msg/detail/can_input__type_support.cpp
[9.979s] -- Installing: /home/hankyeolyu/vilab/VILAB_PANEL/install/drive_msgs/include/drive_msgs/drive_msgs/msg/detail/system_status__type_support.cpp
[9.979s] -- Installing: /home/hankyeolyu/vilab/VILAB_PANEL/install/drive_msgs/include/drive_msgs/drive_msgs/msg/detail/detection_data__rosidl_typesupport_introspection_cpp.hpp
[9.979s] -- Installing: /home/hankyeolyu/vilab/VILAB_PANEL/install/drive_msgs/include/drive_msgs/drive_msgs/msg/detail/sensor_data__rosidl_typesupport_introspection_cpp.hpp
[9.979s] -- Installing: /home/hankyeolyu/vilab/VILAB_PANEL/install/drive_msgs/include/drive_msgs/drive_msgs/msg/detail/vehicle_state__rosidl_typesupport_introspection_cpp.hpp
[9.979s] -- Installing: /home/hankyeolyu/vilab/VILAB_PANEL/install/drive_msgs/include/drive_msgs/drive_msgs/msg/detail/navigation_data__rosidl_typesupport_introspection_cpp.hpp
[9.979s] -- Installing: /home/hankyeolyu/vilab/VILAB_PANEL/install/drive_msgs/include/drive_msgs/drive_msgs/msg/detail/lane_let__type_support.cpp
[9.979s] -- Installing: /home/hankyeolyu/vilab/VILAB_PANEL/install/drive_msgs/include/drive_msgs/drive_msgs/msg/detail/object_info__type_support.cpp
[9.980s] -- Installing: /home/hankyeolyu/vilab/VILAB_PANEL/install/drive_msgs/include/drive_msgs/drive_msgs/msg/detail/vehicle_state__type_support.cpp
[9.980s] -- Installing: /home/hankyeolyu/vilab/VILAB_PANEL/install/drive_msgs/include/drive_msgs/drive_msgs/msg/detail/can_output__rosidl_typesupport_introspection_cpp.hpp
[9.980s] -- Installing: /home/hankyeolyu/vilab/VILAB_PANEL/install/drive_msgs/include/drive_msgs/drive_msgs/msg/detail/lane_data__rosidl_typesupport_introspection_cpp.hpp
[9.980s] -- Installing: /home/hankyeolyu/vilab/VILAB_PANEL/install/drive_msgs/include/drive_msgs/drive_msgs/msg/detail/system_status__rosidl_typesupport_introspection_cpp.hpp
[9.980s] -- Installing: /home/hankyeolyu/vilab/VILAB_PANEL/install/drive_msgs/include/drive_msgs/drive_msgs/msg/detail/actuator__rosidl_typesupport_introspection_cpp.hpp
[9.980s] -- Installing: /home/hankyeolyu/vilab/VILAB_PANEL/install/drive_msgs/include/drive_msgs/drive_msgs/msg/detail/lane_data__type_support.cpp
[9.980s] -- Installing: /home/hankyeolyu/vilab/VILAB_PANEL/install/drive_msgs/include/drive_msgs/drive_msgs/msg/detail/user_input__rosidl_typesupport_introspection_cpp.hpp
[9.980s] -- Installing: /home/hankyeolyu/vilab/VILAB_PANEL/install/drive_msgs/include/drive_msgs/drive_msgs/msg/detail/can_output__type_support.cpp
[9.980s] -- Installing: /home/hankyeolyu/vilab/VILAB_PANEL/install/drive_msgs/lib/libdrive_msgs__rosidl_typesupport_introspection_cpp.so
[9.981s] -- Set runtime path of "/home/hankyeolyu/vilab/VILAB_PANEL/install/drive_msgs/lib/libdrive_msgs__rosidl_typesupport_introspection_cpp.so" to ""
[9.981s] -- Installing: /home/hankyeolyu/vilab/VILAB_PANEL/install/drive_msgs/lib/libdrive_msgs__rosidl_typesupport_cpp.so
[9.982s] -- Set runtime path of "/home/hankyeolyu/vilab/VILAB_PANEL/install/drive_msgs/lib/libdrive_msgs__rosidl_typesupport_cpp.so" to ""
[9.982s] -- Installing: /home/hankyeolyu/vilab/VILAB_PANEL/install/drive_msgs/share/drive_msgs/environment/pythonpath.sh
[9.982s] -- Installing: /home/hankyeolyu/vilab/VILAB_PANEL/install/drive_msgs/share/drive_msgs/environment/pythonpath.dsv
[9.982s] -- Installing: /home/hankyeolyu/vilab/VILAB_PANEL/install/drive_msgs/local/lib/python3.10/dist-packages/drive_msgs-0.1.0-py3.10.egg-info
[9.982s] -- Installing: /home/hankyeolyu/vilab/VILAB_PANEL/install/drive_msgs/local/lib/python3.10/dist-packages/drive_msgs-0.1.0-py3.10.egg-info/dependency_links.txt
[9.982s] -- Installing: /home/hankyeolyu/vilab/VILAB_PANEL/install/drive_msgs/local/lib/python3.10/dist-packages/drive_msgs-0.1.0-py3.10.egg-info/top_level.txt
[9.983s] -- Installing: /home/hankyeolyu/vilab/VILAB_PANEL/install/drive_msgs/local/lib/python3.10/dist-packages/drive_msgs-0.1.0-py3.10.egg-info/SOURCES.txt
[9.983s] -- Installing: /home/hankyeolyu/vilab/VILAB_PANEL/install/drive_msgs/local/lib/python3.10/dist-packages/drive_msgs-0.1.0-py3.10.egg-info/PKG-INFO
[9.983s] -- Installing: /home/hankyeolyu/vilab/VILAB_PANEL/install/drive_msgs/local/lib/python3.10/dist-packages/drive_msgs
[9.983s] -- Installing: /home/hankyeolyu/vilab/VILAB_PANEL/install/drive_msgs/local/lib/python3.10/dist-packages/drive_msgs/drive_msgs_s__rosidl_typesupport_c.cpython-310-x86_64-linux-gnu.so
[9.983s] -- Installing: /home/hankyeolyu/vilab/VILAB_PANEL/install/drive_msgs/local/lib/python3.10/dist-packages/drive_msgs/libdrive_msgs__rosidl_generator_py.so
[9.983s] -- Installing: /home/hankyeolyu/vilab/VILAB_PANEL/install/drive_msgs/local/lib/python3.10/dist-packages/drive_msgs/__init__.py
[9.983s] -- Installing: /home/hankyeolyu/vilab/VILAB_PANEL/install/drive_msgs/local/lib/python3.10/dist-packages/drive_msgs/drive_msgs_s__rosidl_typesupport_introspection_c.cpython-310-x86_64-linux-gnu.so
[9.983s] -- Installing: /home/hankyeolyu/vilab/VILAB_PANEL/install/drive_msgs/local/lib/python3.10/dist-packages/drive_msgs/_drive_msgs_s.ep.rosidl_typesupport_introspection_c.c
[9.984s] -- Installing: /home/hankyeolyu/vilab/VILAB_PANEL/install/drive_msgs/local/lib/python3.10/dist-packages/drive_msgs/drive_msgs_s__rosidl_typesupport_fastrtps_c.cpython-310-x86_64-linux-gnu.so
[9.984s] -- Installing: /home/hankyeolyu/vilab/VILAB_PANEL/install/drive_msgs/local/lib/python3.10/dist-packages/drive_msgs/msg
[9.984s] -- Installing: /home/hankyeolyu/vilab/VILAB_PANEL/install/drive_msgs/local/lib/python3.10/dist-packages/drive_msgs/msg/_lane_let.py
[9.984s] -- Installing: /home/hankyeolyu/vilab/VILAB_PANEL/install/drive_msgs/local/lib/python3.10/dist-packages/drive_msgs/msg/_vehicle_state_s.c
[9.984s] -- Installing: /home/hankyeolyu/vilab/VILAB_PANEL/install/drive_msgs/local/lib/python3.10/dist-packages/drive_msgs/msg/_system_status_s.c
[9.984s] -- Installing: /home/hankyeolyu/vilab/VILAB_PANEL/install/drive_msgs/local/lib/python3.10/dist-packages/drive_msgs/msg/_system_status.py
[9.984s] -- Installing: /home/hankyeolyu/vilab/VILAB_PANEL/install/drive_msgs/local/lib/python3.10/dist-packages/drive_msgs/msg/_detection_data_s.c
[9.984s] -- Installing: /home/hankyeolyu/vilab/VILAB_PANEL/install/drive_msgs/local/lib/python3.10/dist-packages/drive_msgs/msg/_actuator.py
[9.984s] -- Installing: /home/hankyeolyu/vilab/VILAB_PANEL/install/drive_msgs/local/lib/python3.10/dist-packages/drive_msgs/msg/_lane_let_s.c
[9.984s] -- Installing: /home/hankyeolyu/vilab/VILAB_PANEL/install/drive_msgs/local/lib/python3.10/dist-packages/drive_msgs/msg/_vehicle_state.py
[9.985s] -- Installing: /home/hankyeolyu/vilab/VILAB_PANEL/install/drive_msgs/local/lib/python3.10/dist-packages/drive_msgs/msg/_lane_data_s.c
[9.985s] -- Installing: /home/hankyeolyu/vilab/VILAB_PANEL/install/drive_msgs/local/lib/python3.10/dist-packages/drive_msgs/msg/_sensor_data_s.c
[9.985s] -- Installing: /home/hankyeolyu/vilab/VILAB_PANEL/install/drive_msgs/local/lib/python3.10/dist-packages/drive_msgs/msg/__init__.py
[9.985s] -- Installing: /home/hankyeolyu/vilab/VILAB_PANEL/install/drive_msgs/local/lib/python3.10/dist-packages/drive_msgs/msg/_can_input_s.c
[9.985s] -- Installing: /home/hankyeolyu/vilab/VILAB_PANEL/install/drive_msgs/local/lib/python3.10/dist-packages/drive_msgs/msg/_navigation_data.py
[9.985s] -- Installing: /home/hankyeolyu/vilab/VILAB_PANEL/install/drive_msgs/local/lib/python3.10/dist-packages/drive_msgs/msg/_user_input_s.c
[9.985s] -- Installing: /home/hankyeolyu/vilab/VILAB_PANEL/install/drive_msgs/local/lib/python3.10/dist-packages/drive_msgs/msg/_can_input.py
[9.985s] -- Installing: /home/hankyeolyu/vilab/VILAB_PANEL/install/drive_msgs/local/lib/python3.10/dist-packages/drive_msgs/msg/_object_info.py
[9.985s] -- Installing: /home/hankyeolyu/vilab/VILAB_PANEL/install/drive_msgs/local/lib/python3.10/dist-packages/drive_msgs/msg/_can_output.py
[9.986s] -- Installing: /home/hankyeolyu/vilab/VILAB_PANEL/install/drive_msgs/local/lib/python3.10/dist-packages/drive_msgs/msg/_navigation_data_s.c
[9.986s] -- Installing: /home/hankyeolyu/vilab/VILAB_PANEL/install/drive_msgs/local/lib/python3.10/dist-packages/drive_msgs/msg/_detection_data.py
[9.986s] -- Installing: /home/hankyeolyu/vilab/VILAB_PANEL/install/drive_msgs/local/lib/python3.10/dist-packages/drive_msgs/msg/_actuator_s.c
[9.986s] -- Installing: /home/hankyeolyu/vilab/VILAB_PANEL/install/drive_msgs/local/lib/python3.10/dist-packages/drive_msgs/msg/_user_input.py
[9.986s] -- Installing: /home/hankyeolyu/vilab/VILAB_PANEL/install/drive_msgs/local/lib/python3.10/dist-packages/drive_msgs/msg/_lane_data.py
[9.986s] -- Installing: /home/hankyeolyu/vilab/VILAB_PANEL/install/drive_msgs/local/lib/python3.10/dist-packages/drive_msgs/msg/_can_output_s.c
[9.986s] -- Installing: /home/hankyeolyu/vilab/VILAB_PANEL/install/drive_msgs/local/lib/python3.10/dist-packages/drive_msgs/msg/_sensor_data.py
[9.986s] -- Installing: /home/hankyeolyu/vilab/VILAB_PANEL/install/drive_msgs/local/lib/python3.10/dist-packages/drive_msgs/msg/_object_info_s.c
[9.986s] -- Installing: /home/hankyeolyu/vilab/VILAB_PANEL/install/drive_msgs/local/lib/python3.10/dist-packages/drive_msgs/_drive_msgs_s.ep.rosidl_typesupport_c.c
[9.987s] -- Installing: /home/hankyeolyu/vilab/VILAB_PANEL/install/drive_msgs/local/lib/python3.10/dist-packages/drive_msgs/_drive_msgs_s.ep.rosidl_typesupport_fastrtps_c.c
[10.029s] Listing '/home/hankyeolyu/vilab/VILAB_PANEL/install/drive_msgs/local/lib/python3.10/dist-packages/drive_msgs'...
[10.029s] Compiling '/home/hankyeolyu/vilab/VILAB_PANEL/install/drive_msgs/local/lib/python3.10/dist-packages/drive_msgs/__init__.py'...
[10.029s] Listing '/home/hankyeolyu/vilab/VILAB_PANEL/install/drive_msgs/local/lib/python3.10/dist-packages/drive_msgs/msg'...
[10.029s] Compiling '/home/hankyeolyu/vilab/VILAB_PANEL/install/drive_msgs/local/lib/python3.10/dist-packages/drive_msgs/msg/__init__.py'...
[10.029s] Compiling '/home/hankyeolyu/vilab/VILAB_PANEL/install/drive_msgs/local/lib/python3.10/dist-packages/drive_msgs/msg/_actuator.py'...
[10.029s] Compiling '/home/hankyeolyu/vilab/VILAB_PANEL/install/drive_msgs/local/lib/python3.10/dist-packages/drive_msgs/msg/_can_input.py'...
[10.029s] Compiling '/home/hankyeolyu/vilab/VILAB_PANEL/install/drive_msgs/local/lib/python3.10/dist-packages/drive_msgs/msg/_can_output.py'...
[10.029s] Compiling '/home/hankyeolyu/vilab/VILAB_PANEL/install/drive_msgs/local/lib/python3.10/dist-packages/drive_msgs/msg/_detection_data.py'...
[10.030s] Compiling '/home/hankyeolyu/vilab/VILAB_PANEL/install/drive_msgs/local/lib/python3.10/dist-packages/drive_msgs/msg/_lane_data.py'...
[10.030s] Compiling '/home/hankyeolyu/vilab/VILAB_PANEL/install/drive_msgs/local/lib/python3.10/dist-packages/drive_msgs/msg/_lane_let.py'...
[10.030s] Compiling '/home/hankyeolyu/vilab/VILAB_PANEL/install/drive_msgs/local/lib/python3.10/dist-packages/drive_msgs/msg/_navigation_data.py'...
[10.030s] Compiling '/home/hankyeolyu/vilab/VILAB_PANEL/install/drive_msgs/local/lib/python3.10/dist-packages/drive_msgs/msg/_object_info.py'...
[10.030s] Compiling '/home/hankyeolyu/vilab/VILAB_PANEL/install/drive_msgs/local/lib/python3.10/dist-packages/drive_msgs/msg/_sensor_data.py'...
[10.030s] Compiling '/home/hankyeolyu/vilab/VILAB_PANEL/install/drive_msgs/local/lib/python3.10/dist-packages/drive_msgs/msg/_system_status.py'...
[10.030s] Compiling '/home/hankyeolyu/vilab/VILAB_PANEL/install/drive_msgs/local/lib/python3.10/dist-packages/drive_msgs/msg/_user_input.py'...
[10.030s] Compiling '/home/hankyeolyu/vilab/VILAB_PANEL/install/drive_msgs/local/lib/python3.10/dist-packages/drive_msgs/msg/_vehicle_state.py'...
[10.033s] -- Installing: /home/hankyeolyu/vilab/VILAB_PANEL/install/drive_msgs/local/lib/python3.10/dist-packages/drive_msgs/drive_msgs_s__rosidl_typesupport_fastrtps_c.cpython-310-x86_64-linux-gnu.so
[10.033s] -- Set runtime path of "/home/hankyeolyu/vilab/VILAB_PANEL/install/drive_msgs/local/lib/python3.10/dist-packages/drive_msgs/drive_msgs_s__rosidl_typesupport_fastrtps_c.cpython-310-x86_64-linux-gnu.so" to ""
[10.034s] -- Installing: /home/hankyeolyu/vilab/VILAB_PANEL/install/drive_msgs/local/lib/python3.10/dist-packages/drive_msgs/drive_msgs_s__rosidl_typesupport_introspection_c.cpython-310-x86_64-linux-gnu.so
[10.034s] -- Set runtime path of "/home/hankyeolyu/vilab/VILAB_PANEL/install/drive_msgs/local/lib/python3.10/dist-packages/drive_msgs/drive_msgs_s__rosidl_typesupport_introspection_c.cpython-310-x86_64-linux-gnu.so" to ""
[10.034s] -- Installing: /home/hankyeolyu/vilab/VILAB_PANEL/install/drive_msgs/local/lib/python3.10/dist-packages/drive_msgs/drive_msgs_s__rosidl_typesupport_c.cpython-310-x86_64-linux-gnu.so
[10.035s] -- Set runtime path of "/home/hankyeolyu/vilab/VILAB_PANEL/install/drive_msgs/local/lib/python3.10/dist-packages/drive_msgs/drive_msgs_s__rosidl_typesupport_c.cpython-310-x86_64-linux-gnu.so" to ""
[10.035s] -- Installing: /home/hankyeolyu/vilab/VILAB_PANEL/install/drive_msgs/lib/libdrive_msgs__rosidl_generator_py.so
[10.035s] -- Set runtime path of "/home/hankyeolyu/vilab/VILAB_PANEL/install/drive_msgs/lib/libdrive_msgs__rosidl_generator_py.so" to ""
[10.035s] -- Installing: /home/hankyeolyu/vilab/VILAB_PANEL/install/drive_msgs/share/drive_msgs/msg/Actuator.idl
[10.035s] -- Installing: /home/hankyeolyu/vilab/VILAB_PANEL/install/drive_msgs/share/drive_msgs/msg/ObjectInfo.idl
[10.036s] -- Installing: /home/hankyeolyu/vilab/VILAB_PANEL/install/drive_msgs/share/drive_msgs/msg/DetectionData.idl
[10.036s] -- Installing: /home/hankyeolyu/vilab/VILAB_PANEL/install/drive_msgs/share/drive_msgs/msg/NavigationData.idl
[10.036s] -- Installing: /home/hankyeolyu/vilab/VILAB_PANEL/install/drive_msgs/share/drive_msgs/msg/VehicleState.idl
[10.036s] -- Installing: /home/hankyeolyu/vilab/VILAB_PANEL/install/drive_msgs/share/drive_msgs/msg/CANInput.idl
[10.036s] -- Installing: /home/hankyeolyu/vilab/VILAB_PANEL/install/drive_msgs/share/drive_msgs/msg/LaneData.idl
[10.036s] -- Installing: /home/hankyeolyu/vilab/VILAB_PANEL/install/drive_msgs/share/drive_msgs/msg/SensorData.idl
[10.036s] -- Installing: /home/hankyeolyu/vilab/VILAB_PANEL/install/drive_msgs/share/drive_msgs/msg/CANOutput.idl
[10.036s] -- Installing: /home/hankyeolyu/vilab/VILAB_PANEL/install/drive_msgs/share/drive_msgs/msg/LaneLet.idl
[10.037s] -- Installing: /home/hankyeolyu/vilab/VILAB_PANEL/install/drive_msgs/share/drive_msgs/msg/UserInput.idl
[10.037s] -- Installing: /home/hankyeolyu/vilab/VILAB_PANEL/install/drive_msgs/share/drive_msgs/msg/SystemStatus.idl
[10.037s] -- Installing: /home/hankyeolyu/vilab/VILAB_PANEL/install/drive_msgs/share/drive_msgs/msg/Actuator.msg
[10.037s] -- Installing: /home/hankyeolyu/vilab/VILAB_PANEL/install/drive_msgs/share/drive_msgs/msg/ObjectInfo.msg
[10.037s] -- Installing: /home/hankyeolyu/vilab/VILAB_PANEL/install/drive_msgs/share/drive_msgs/msg/DetectionData.msg
[10.037s] -- Installing: /home/hankyeolyu/vilab/VILAB_PANEL/install/drive_msgs/share/drive_msgs/msg/NavigationData.msg
[10.037s] -- Installing: /home/hankyeolyu/vilab/VILAB_PANEL/install/drive_msgs/share/drive_msgs/msg/VehicleState.msg
[10.037s] -- Installing: /home/hankyeolyu/vilab/VILAB_PANEL/install/drive_msgs/share/drive_msgs/msg/CANInput.msg
[10.038s] -- Installing: /home/hankyeolyu/vilab/VILAB_PANEL/install/drive_msgs/share/drive_msgs/msg/LaneData.msg
[10.038s] -- Installing: /home/hankyeolyu/vilab/VILAB_PANEL/install/drive_msgs/share/drive_msgs/msg/SensorData.msg
[10.038s] -- Installing: /home/hankyeolyu/vilab/VILAB_PANEL/install/drive_msgs/share/drive_msgs/msg/CANOutput.msg
[10.038s] -- Installing: /home/hankyeolyu/vilab/VILAB_PANEL/install/drive_msgs/share/drive_msgs/msg/LaneLet.msg
[10.038s] -- Installing: /home/hankyeolyu/vilab/VILAB_PANEL/install/drive_msgs/share/drive_msgs/msg/UserInput.msg
[10.038s] -- Installing: /home/hankyeolyu/vilab/VILAB_PANEL/install/drive_msgs/share/drive_msgs/msg/SystemStatus.msg
[10.038s] -- Installing: /home/hankyeolyu/vilab/VILAB_PANEL/install/drive_msgs/share/ament_index/resource_index/package_run_dependencies/drive_msgs
[10.039s] -- Installing: /home/hankyeolyu/vilab/VILAB_PANEL/install/drive_msgs/share/ament_index/resource_index/parent_prefix_path/drive_msgs
[10.039s] -- Installing: /home/hankyeolyu/vilab/VILAB_PANEL/install/drive_msgs/share/drive_msgs/environment/ament_prefix_path.sh
[10.039s] -- Installing: /home/hankyeolyu/vilab/VILAB_PANEL/install/drive_msgs/share/drive_msgs/environment/ament_prefix_path.dsv
[10.039s] -- Installing: /home/hankyeolyu/vilab/VILAB_PANEL/install/drive_msgs/share/drive_msgs/environment/path.sh
[10.039s] -- Installing: /home/hankyeolyu/vilab/VILAB_PANEL/install/drive_msgs/share/drive_msgs/environment/path.dsv
[10.039s] -- Installing: /home/hankyeolyu/vilab/VILAB_PANEL/install/drive_msgs/share/drive_msgs/local_setup.bash
[10.039s] -- Installing: /home/hankyeolyu/vilab/VILAB_PANEL/install/drive_msgs/share/drive_msgs/local_setup.sh
[10.039s] -- Installing: /home/hankyeolyu/vilab/VILAB_PANEL/install/drive_msgs/share/drive_msgs/local_setup.zsh
[10.040s] -- Installing: /home/hankyeolyu/vilab/VILAB_PANEL/install/drive_msgs/share/drive_msgs/local_setup.dsv
[10.040s] -- Installing: /home/hankyeolyu/vilab/VILAB_PANEL/install/drive_msgs/share/drive_msgs/package.dsv
[10.040s] -- Installing: /home/hankyeolyu/vilab/VILAB_PANEL/install/drive_msgs/share/ament_index/resource_index/packages/drive_msgs
[10.040s] -- Installing: /home/hankyeolyu/vilab/VILAB_PANEL/install/drive_msgs/share/drive_msgs/cmake/export_drive_msgs__rosidl_generator_cExport.cmake
[10.040s] -- Installing: /home/hankyeolyu/vilab/VILAB_PANEL/install/drive_msgs/share/drive_msgs/cmake/export_drive_msgs__rosidl_generator_cExport-noconfig.cmake
[10.040s] -- Installing: /home/hankyeolyu/vilab/VILAB_PANEL/install/drive_msgs/share/drive_msgs/cmake/export_drive_msgs__rosidl_typesupport_fastrtps_cExport.cmake
[10.041s] -- Installing: /home/hankyeolyu/vilab/VILAB_PANEL/install/drive_msgs/share/drive_msgs/cmake/export_drive_msgs__rosidl_typesupport_fastrtps_cExport-noconfig.cmake
[10.041s] -- Installing: /home/hankyeolyu/vilab/VILAB_PANEL/install/drive_msgs/share/drive_msgs/cmake/export_drive_msgs__rosidl_generator_cppExport.cmake
[10.041s] -- Installing: /home/hankyeolyu/vilab/VILAB_PANEL/install/drive_msgs/share/drive_msgs/cmake/export_drive_msgs__rosidl_typesupport_fastrtps_cppExport.cmake
[10.041s] -- Installing: /home/hankyeolyu/vilab/VILAB_PANEL/install/drive_msgs/share/drive_msgs/cmake/export_drive_msgs__rosidl_typesupport_fastrtps_cppExport-noconfig.cmake
[10.041s] -- Installing: /home/hankyeolyu/vilab/VILAB_PANEL/install/drive_msgs/share/drive_msgs/cmake/drive_msgs__rosidl_typesupport_introspection_cExport.cmake
[10.041s] -- Installing: /home/hankyeolyu/vilab/VILAB_PANEL/install/drive_msgs/share/drive_msgs/cmake/drive_msgs__rosidl_typesupport_introspection_cExport-noconfig.cmake
[10.042s] -- Installing: /home/hankyeolyu/vilab/VILAB_PANEL/install/drive_msgs/share/drive_msgs/cmake/drive_msgs__rosidl_typesupport_cExport.cmake
[10.042s] -- Installing: /home/hankyeolyu/vilab/VILAB_PANEL/install/drive_msgs/share/drive_msgs/cmake/drive_msgs__rosidl_typesupport_cExport-noconfig.cmake
[10.042s] -- Installing: /home/hankyeolyu/vilab/VILAB_PANEL/install/drive_msgs/share/drive_msgs/cmake/drive_msgs__rosidl_typesupport_introspection_cppExport.cmake
[10.042s] -- Installing: /home/hankyeolyu/vilab/VILAB_PANEL/install/drive_msgs/share/drive_msgs/cmake/drive_msgs__rosidl_typesupport_introspection_cppExport-noconfig.cmake
[10.042s] -- Installing: /home/hankyeolyu/vilab/VILAB_PANEL/install/drive_msgs/share/drive_msgs/cmake/drive_msgs__rosidl_typesupport_cppExport.cmake
[10.042s] -- Installing: /home/hankyeolyu/vilab/VILAB_PANEL/install/drive_msgs/share/drive_msgs/cmake/drive_msgs__rosidl_typesupport_cppExport-noconfig.cmake
[10.043s] -- Installing: /home/hankyeolyu/vilab/VILAB_PANEL/install/drive_msgs/share/drive_msgs/cmake/export_drive_msgs__rosidl_generator_pyExport.cmake
[10.043s] -- Installing: /home/hankyeolyu/vilab/VILAB_PANEL/install/drive_msgs/share/drive_msgs/cmake/export_drive_msgs__rosidl_generator_pyExport-noconfig.cmake
[10.043s] -- Installing: /home/hankyeolyu/vilab/VILAB_PANEL/install/drive_msgs/share/drive_msgs/cmake/rosidl_cmake-extras.cmake
[10.043s] -- Installing: /home/hankyeolyu/vilab/VILAB_PANEL/install/drive_msgs/share/drive_msgs/cmake/ament_cmake_export_dependencies-extras.cmake
[10.043s] -- Installing: /home/hankyeolyu/vilab/VILAB_PANEL/install/drive_msgs/share/drive_msgs/cmake/ament_cmake_export_include_directories-extras.cmake
[10.043s] -- Installing: /home/hankyeolyu/vilab/VILAB_PANEL/install/drive_msgs/share/drive_msgs/cmake/ament_cmake_export_libraries-extras.cmake
[10.044s] -- Installing: /home/hankyeolyu/vilab/VILAB_PANEL/install/drive_msgs/share/drive_msgs/cmake/ament_cmake_export_targets-extras.cmake
[10.044s] -- Installing: /home/hankyeolyu/vilab/VILAB_PANEL/install/drive_msgs/share/drive_msgs/cmake/rosidl_cmake_export_typesupport_targets-extras.cmake
[10.044s] -- Installing: /home/hankyeolyu/vilab/VILAB_PANEL/install/drive_msgs/share/drive_msgs/cmake/rosidl_cmake_export_typesupport_libraries-extras.cmake
[10.044s] -- Installing: /home/hankyeolyu/vilab/VILAB_PANEL/install/drive_msgs/share/drive_msgs/cmake/drive_msgsConfig.cmake
[10.044s] -- Installing: /home/hankyeolyu/vilab/VILAB_PANEL/install/drive_msgs/share/drive_msgs/cmake/drive_msgsConfig-version.cmake
[10.044s] -- Installing: /home/hankyeolyu/vilab/VILAB_PANEL/install/drive_msgs/share/drive_msgs/package.xml
[10.046s] Invoked command in '/home/hankyeolyu/vilab/VILAB_PANEL/build/drive_msgs' returned '0': CMAKE_PREFIX_PATH=${CMAKE_PREFIX_PATH}:/opt/ros/humble /usr/bin/cmake --install /home/hankyeolyu/vilab/VILAB_PANEL/build/drive_msgs
