[  0%] Built target drive_msgs__cpp
[ 12%] Built target drive_msgs__rosidl_generator_c
[ 12%] Built target ament_cmake_python_copy_drive_msgs
[ 24%] Built target drive_msgs__rosidl_typesupport_cpp
[ 36%] Built target drive_msgs__rosidl_typesupport_introspection_cpp
[ 47%] Built target drive_msgs__rosidl_typesupport_fastrtps_cpp
[ 59%] Built target drive_msgs__rosidl_typesupport_introspection_c
[ 71%] Built target drive_msgs__rosidl_typesupport_fastrtps_c
[ 83%] Built target drive_msgs__rosidl_typesupport_c
[ 83%] Built target drive_msgs
[ 84%] Built target drive_msgs__py
[ 95%] Built target drive_msgs__rosidl_generator_py
[ 98%] Built target drive_msgs__rosidl_typesupport_c__pyext
[100%] Built target drive_msgs__rosidl_typesupport_introspection_c__pyext
[100%] Built target drive_msgs__rosidl_typesupport_fastrtps_c__pyext
running egg_info
writing drive_msgs.egg-info/PKG-INFO
writing dependency_links to drive_msgs.egg-info/dependency_links.txt
writing top-level names to drive_msgs.egg-info/top_level.txt
reading manifest file 'drive_msgs.egg-info/SOURCES.txt'
writing manifest file 'drive_msgs.egg-info/SOURCES.txt'
[100%] Built target ament_cmake_python_build_drive_msgs_egg
-- Install configuration: ""
-- Up-to-date: /home/hankyeolyu/vilab/VILAB_PANEL/install/drive_msgs/share/ament_index/resource_index/rosidl_interfaces/drive_msgs
-- Up-to-date: /home/hankyeolyu/vilab/VILAB_PANEL/install/drive_msgs/include/drive_msgs/drive_msgs
-- Up-to-date: /home/hankyeolyu/vilab/VILAB_PANEL/install/drive_msgs/include/drive_msgs/drive_msgs/msg
-- Up-to-date: /home/hankyeolyu/vilab/VILAB_PANEL/install/drive_msgs/include/drive_msgs/drive_msgs/msg/can_input.h
-- Up-to-date: /home/hankyeolyu/vilab/VILAB_PANEL/install/drive_msgs/include/drive_msgs/drive_msgs/msg/detail
-- Up-to-date: /home/hankyeolyu/vilab/VILAB_PANEL/install/drive_msgs/include/drive_msgs/drive_msgs/msg/detail/navigation_data__functions.c
-- Up-to-date: /home/hankyeolyu/vilab/VILAB_PANEL/install/drive_msgs/include/drive_msgs/drive_msgs/msg/detail/system_status__type_support.h
-- Up-to-date: /home/hankyeolyu/vilab/VILAB_PANEL/install/drive_msgs/include/drive_msgs/drive_msgs/msg/detail/navigation_data__functions.h
-- Up-to-date: /home/hankyeolyu/vilab/VILAB_PANEL/install/drive_msgs/include/drive_msgs/drive_msgs/msg/detail/can_output__type_support.h
-- Up-to-date: /home/hankyeolyu/vilab/VILAB_PANEL/install/drive_msgs/include/drive_msgs/drive_msgs/msg/detail/object_info__functions.c
-- Up-to-date: /home/hankyeolyu/vilab/VILAB_PANEL/install/drive_msgs/include/drive_msgs/drive_msgs/msg/detail/can_output__struct.h
-- Up-to-date: /home/hankyeolyu/vilab/VILAB_PANEL/install/drive_msgs/include/drive_msgs/drive_msgs/msg/detail/can_output__functions.h
-- Up-to-date: /home/hankyeolyu/vilab/VILAB_PANEL/install/drive_msgs/include/drive_msgs/drive_msgs/msg/detail/can_output__functions.c
-- Up-to-date: /home/hankyeolyu/vilab/VILAB_PANEL/install/drive_msgs/include/drive_msgs/drive_msgs/msg/detail/user_input__type_support.h
-- Up-to-date: /home/hankyeolyu/vilab/VILAB_PANEL/install/drive_msgs/include/drive_msgs/drive_msgs/msg/detail/system_status__struct.h
-- Up-to-date: /home/hankyeolyu/vilab/VILAB_PANEL/install/drive_msgs/include/drive_msgs/drive_msgs/msg/detail/detection_data__type_support.h
-- Up-to-date: /home/hankyeolyu/vilab/VILAB_PANEL/install/drive_msgs/include/drive_msgs/drive_msgs/msg/detail/lane_let__functions.h
-- Up-to-date: /home/hankyeolyu/vilab/VILAB_PANEL/install/drive_msgs/include/drive_msgs/drive_msgs/msg/detail/user_input__struct.h
-- Up-to-date: /home/hankyeolyu/vilab/VILAB_PANEL/install/drive_msgs/include/drive_msgs/drive_msgs/msg/detail/vehicle_state__functions.h
-- Up-to-date: /home/hankyeolyu/vilab/VILAB_PANEL/install/drive_msgs/include/drive_msgs/drive_msgs/msg/detail/object_info__struct.h
-- Up-to-date: /home/hankyeolyu/vilab/VILAB_PANEL/install/drive_msgs/include/drive_msgs/drive_msgs/msg/detail/sensor_data__functions.h
-- Up-to-date: /home/hankyeolyu/vilab/VILAB_PANEL/install/drive_msgs/include/drive_msgs/drive_msgs/msg/detail/vehicle_state__type_support.h
-- Up-to-date: /home/hankyeolyu/vilab/VILAB_PANEL/install/drive_msgs/include/drive_msgs/drive_msgs/msg/detail/user_input__functions.h
-- Up-to-date: /home/hankyeolyu/vilab/VILAB_PANEL/install/drive_msgs/include/drive_msgs/drive_msgs/msg/detail/can_input__struct.h
-- Up-to-date: /home/hankyeolyu/vilab/VILAB_PANEL/install/drive_msgs/include/drive_msgs/drive_msgs/msg/detail/actuator__functions.c
-- Up-to-date: /home/hankyeolyu/vilab/VILAB_PANEL/install/drive_msgs/include/drive_msgs/drive_msgs/msg/detail/actuator__struct.h
-- Up-to-date: /home/hankyeolyu/vilab/VILAB_PANEL/install/drive_msgs/include/drive_msgs/drive_msgs/msg/detail/system_status__functions.c
-- Up-to-date: /home/hankyeolyu/vilab/VILAB_PANEL/install/drive_msgs/include/drive_msgs/drive_msgs/msg/detail/lane_let__type_support.h
-- Up-to-date: /home/hankyeolyu/vilab/VILAB_PANEL/install/drive_msgs/include/drive_msgs/drive_msgs/msg/detail/vehicle_state__functions.c
-- Up-to-date: /home/hankyeolyu/vilab/VILAB_PANEL/install/drive_msgs/include/drive_msgs/drive_msgs/msg/detail/lane_data__functions.c
-- Up-to-date: /home/hankyeolyu/vilab/VILAB_PANEL/install/drive_msgs/include/drive_msgs/drive_msgs/msg/detail/detection_data__functions.h
-- Up-to-date: /home/hankyeolyu/vilab/VILAB_PANEL/install/drive_msgs/include/drive_msgs/drive_msgs/msg/detail/sensor_data__type_support.h
-- Up-to-date: /home/hankyeolyu/vilab/VILAB_PANEL/install/drive_msgs/include/drive_msgs/drive_msgs/msg/detail/detection_data__struct.h
-- Up-to-date: /home/hankyeolyu/vilab/VILAB_PANEL/install/drive_msgs/include/drive_msgs/drive_msgs/msg/detail/actuator__type_support.h
-- Up-to-date: /home/hankyeolyu/vilab/VILAB_PANEL/install/drive_msgs/include/drive_msgs/drive_msgs/msg/detail/sensor_data__struct.h
-- Up-to-date: /home/hankyeolyu/vilab/VILAB_PANEL/install/drive_msgs/include/drive_msgs/drive_msgs/msg/detail/navigation_data__struct.h
-- Up-to-date: /home/hankyeolyu/vilab/VILAB_PANEL/install/drive_msgs/include/drive_msgs/drive_msgs/msg/detail/can_input__type_support.h
-- Up-to-date: /home/hankyeolyu/vilab/VILAB_PANEL/install/drive_msgs/include/drive_msgs/drive_msgs/msg/detail/lane_data__functions.h
-- Up-to-date: /home/hankyeolyu/vilab/VILAB_PANEL/install/drive_msgs/include/drive_msgs/drive_msgs/msg/detail/can_input__functions.h
-- Up-to-date: /home/hankyeolyu/vilab/VILAB_PANEL/install/drive_msgs/include/drive_msgs/drive_msgs/msg/detail/navigation_data__type_support.h
-- Up-to-date: /home/hankyeolyu/vilab/VILAB_PANEL/install/drive_msgs/include/drive_msgs/drive_msgs/msg/detail/lane_data__struct.h
-- Up-to-date: /home/hankyeolyu/vilab/VILAB_PANEL/install/drive_msgs/include/drive_msgs/drive_msgs/msg/detail/object_info__type_support.h
-- Up-to-date: /home/hankyeolyu/vilab/VILAB_PANEL/install/drive_msgs/include/drive_msgs/drive_msgs/msg/detail/vehicle_state__struct.h
-- Up-to-date: /home/hankyeolyu/vilab/VILAB_PANEL/install/drive_msgs/include/drive_msgs/drive_msgs/msg/detail/system_status__functions.h
-- Up-to-date: /home/hankyeolyu/vilab/VILAB_PANEL/install/drive_msgs/include/drive_msgs/drive_msgs/msg/detail/actuator__functions.h
-- Up-to-date: /home/hankyeolyu/vilab/VILAB_PANEL/install/drive_msgs/include/drive_msgs/drive_msgs/msg/detail/lane_let__struct.h
-- Up-to-date: /home/hankyeolyu/vilab/VILAB_PANEL/install/drive_msgs/include/drive_msgs/drive_msgs/msg/detail/detection_data__functions.c
-- Up-to-date: /home/hankyeolyu/vilab/VILAB_PANEL/install/drive_msgs/include/drive_msgs/drive_msgs/msg/detail/lane_data__type_support.h
-- Up-to-date: /home/hankyeolyu/vilab/VILAB_PANEL/install/drive_msgs/include/drive_msgs/drive_msgs/msg/detail/object_info__functions.h
-- Up-to-date: /home/hankyeolyu/vilab/VILAB_PANEL/install/drive_msgs/include/drive_msgs/drive_msgs/msg/detail/sensor_data__functions.c
-- Up-to-date: /home/hankyeolyu/vilab/VILAB_PANEL/install/drive_msgs/include/drive_msgs/drive_msgs/msg/detail/lane_let__functions.c
-- Up-to-date: /home/hankyeolyu/vilab/VILAB_PANEL/install/drive_msgs/include/drive_msgs/drive_msgs/msg/detail/can_input__functions.c
-- Up-to-date: /home/hankyeolyu/vilab/VILAB_PANEL/install/drive_msgs/include/drive_msgs/drive_msgs/msg/detail/user_input__functions.c
-- Up-to-date: /home/hankyeolyu/vilab/VILAB_PANEL/install/drive_msgs/include/drive_msgs/drive_msgs/msg/vehicle_state.h
-- Up-to-date: /home/hankyeolyu/vilab/VILAB_PANEL/install/drive_msgs/include/drive_msgs/drive_msgs/msg/can_output.h
-- Up-to-date: /home/hankyeolyu/vilab/VILAB_PANEL/install/drive_msgs/include/drive_msgs/drive_msgs/msg/navigation_data.h
-- Up-to-date: /home/hankyeolyu/vilab/VILAB_PANEL/install/drive_msgs/include/drive_msgs/drive_msgs/msg/sensor_data.h
-- Up-to-date: /home/hankyeolyu/vilab/VILAB_PANEL/install/drive_msgs/include/drive_msgs/drive_msgs/msg/lane_data.h
-- Up-to-date: /home/hankyeolyu/vilab/VILAB_PANEL/install/drive_msgs/include/drive_msgs/drive_msgs/msg/rosidl_generator_c__visibility_control.h
-- Up-to-date: /home/hankyeolyu/vilab/VILAB_PANEL/install/drive_msgs/include/drive_msgs/drive_msgs/msg/lane_let.h
-- Up-to-date: /home/hankyeolyu/vilab/VILAB_PANEL/install/drive_msgs/include/drive_msgs/drive_msgs/msg/system_status.h
-- Up-to-date: /home/hankyeolyu/vilab/VILAB_PANEL/install/drive_msgs/include/drive_msgs/drive_msgs/msg/user_input.h
-- Up-to-date: /home/hankyeolyu/vilab/VILAB_PANEL/install/drive_msgs/include/drive_msgs/drive_msgs/msg/detection_data.h
-- Up-to-date: /home/hankyeolyu/vilab/VILAB_PANEL/install/drive_msgs/include/drive_msgs/drive_msgs/msg/object_info.h
-- Up-to-date: /home/hankyeolyu/vilab/VILAB_PANEL/install/drive_msgs/include/drive_msgs/drive_msgs/msg/actuator.h
-- Up-to-date: /home/hankyeolyu/vilab/VILAB_PANEL/install/drive_msgs/share/drive_msgs/environment/library_path.sh
-- Up-to-date: /home/hankyeolyu/vilab/VILAB_PANEL/install/drive_msgs/share/drive_msgs/environment/library_path.dsv
-- Up-to-date: /home/hankyeolyu/vilab/VILAB_PANEL/install/drive_msgs/lib/libdrive_msgs__rosidl_generator_c.so
-- Up-to-date: /home/hankyeolyu/vilab/VILAB_PANEL/install/drive_msgs/include/drive_msgs/drive_msgs
-- Up-to-date: /home/hankyeolyu/vilab/VILAB_PANEL/install/drive_msgs/include/drive_msgs/drive_msgs/msg
-- Up-to-date: /home/hankyeolyu/vilab/VILAB_PANEL/install/drive_msgs/include/drive_msgs/drive_msgs/msg/rosidl_typesupport_fastrtps_c__visibility_control.h
-- Up-to-date: /home/hankyeolyu/vilab/VILAB_PANEL/install/drive_msgs/include/drive_msgs/drive_msgs/msg/detail
-- Up-to-date: /home/hankyeolyu/vilab/VILAB_PANEL/install/drive_msgs/include/drive_msgs/drive_msgs/msg/detail/vehicle_state__rosidl_typesupport_fastrtps_c.h
-- Up-to-date: /home/hankyeolyu/vilab/VILAB_PANEL/install/drive_msgs/include/drive_msgs/drive_msgs/msg/detail/actuator__rosidl_typesupport_fastrtps_c.h
-- Up-to-date: /home/hankyeolyu/vilab/VILAB_PANEL/install/drive_msgs/include/drive_msgs/drive_msgs/msg/detail/sensor_data__rosidl_typesupport_fastrtps_c.h
-- Up-to-date: /home/hankyeolyu/vilab/VILAB_PANEL/install/drive_msgs/include/drive_msgs/drive_msgs/msg/detail/lane_data__rosidl_typesupport_fastrtps_c.h
-- Up-to-date: /home/hankyeolyu/vilab/VILAB_PANEL/install/drive_msgs/include/drive_msgs/drive_msgs/msg/detail/detection_data__rosidl_typesupport_fastrtps_c.h
-- Up-to-date: /home/hankyeolyu/vilab/VILAB_PANEL/install/drive_msgs/include/drive_msgs/drive_msgs/msg/detail/user_input__rosidl_typesupport_fastrtps_c.h
-- Up-to-date: /home/hankyeolyu/vilab/VILAB_PANEL/install/drive_msgs/include/drive_msgs/drive_msgs/msg/detail/navigation_data__rosidl_typesupport_fastrtps_c.h
-- Up-to-date: /home/hankyeolyu/vilab/VILAB_PANEL/install/drive_msgs/include/drive_msgs/drive_msgs/msg/detail/lane_let__rosidl_typesupport_fastrtps_c.h
-- Up-to-date: /home/hankyeolyu/vilab/VILAB_PANEL/install/drive_msgs/include/drive_msgs/drive_msgs/msg/detail/system_status__rosidl_typesupport_fastrtps_c.h
-- Up-to-date: /home/hankyeolyu/vilab/VILAB_PANEL/install/drive_msgs/include/drive_msgs/drive_msgs/msg/detail/can_input__rosidl_typesupport_fastrtps_c.h
-- Up-to-date: /home/hankyeolyu/vilab/VILAB_PANEL/install/drive_msgs/include/drive_msgs/drive_msgs/msg/detail/can_output__rosidl_typesupport_fastrtps_c.h
-- Up-to-date: /home/hankyeolyu/vilab/VILAB_PANEL/install/drive_msgs/include/drive_msgs/drive_msgs/msg/detail/object_info__rosidl_typesupport_fastrtps_c.h
-- Up-to-date: /home/hankyeolyu/vilab/VILAB_PANEL/install/drive_msgs/lib/libdrive_msgs__rosidl_typesupport_fastrtps_c.so
-- Up-to-date: /home/hankyeolyu/vilab/VILAB_PANEL/install/drive_msgs/include/drive_msgs/drive_msgs
-- Up-to-date: /home/hankyeolyu/vilab/VILAB_PANEL/install/drive_msgs/include/drive_msgs/drive_msgs/msg
-- Up-to-date: /home/hankyeolyu/vilab/VILAB_PANEL/install/drive_msgs/include/drive_msgs/drive_msgs/msg/actuator.hpp
-- Up-to-date: /home/hankyeolyu/vilab/VILAB_PANEL/install/drive_msgs/include/drive_msgs/drive_msgs/msg/object_info.hpp
-- Up-to-date: /home/hankyeolyu/vilab/VILAB_PANEL/install/drive_msgs/include/drive_msgs/drive_msgs/msg/user_input.hpp
-- Up-to-date: /home/hankyeolyu/vilab/VILAB_PANEL/install/drive_msgs/include/drive_msgs/drive_msgs/msg/can_input.hpp
-- Up-to-date: /home/hankyeolyu/vilab/VILAB_PANEL/install/drive_msgs/include/drive_msgs/drive_msgs/msg/navigation_data.hpp
-- Up-to-date: /home/hankyeolyu/vilab/VILAB_PANEL/install/drive_msgs/include/drive_msgs/drive_msgs/msg/system_status.hpp
-- Up-to-date: /home/hankyeolyu/vilab/VILAB_PANEL/install/drive_msgs/include/drive_msgs/drive_msgs/msg/detail
-- Up-to-date: /home/hankyeolyu/vilab/VILAB_PANEL/install/drive_msgs/include/drive_msgs/drive_msgs/msg/detail/sensor_data__struct.hpp
-- Up-to-date: /home/hankyeolyu/vilab/VILAB_PANEL/install/drive_msgs/include/drive_msgs/drive_msgs/msg/detail/object_info__struct.hpp
-- Up-to-date: /home/hankyeolyu/vilab/VILAB_PANEL/install/drive_msgs/include/drive_msgs/drive_msgs/msg/detail/can_input__builder.hpp
-- Up-to-date: /home/hankyeolyu/vilab/VILAB_PANEL/install/drive_msgs/include/drive_msgs/drive_msgs/msg/detail/detection_data__builder.hpp
-- Up-to-date: /home/hankyeolyu/vilab/VILAB_PANEL/install/drive_msgs/include/drive_msgs/drive_msgs/msg/detail/system_status__struct.hpp
-- Up-to-date: /home/hankyeolyu/vilab/VILAB_PANEL/install/drive_msgs/include/drive_msgs/drive_msgs/msg/detail/sensor_data__traits.hpp
-- Up-to-date: /home/hankyeolyu/vilab/VILAB_PANEL/install/drive_msgs/include/drive_msgs/drive_msgs/msg/detail/lane_data__builder.hpp
-- Up-to-date: /home/hankyeolyu/vilab/VILAB_PANEL/install/drive_msgs/include/drive_msgs/drive_msgs/msg/detail/actuator__struct.hpp
-- Up-to-date: /home/hankyeolyu/vilab/VILAB_PANEL/install/drive_msgs/include/drive_msgs/drive_msgs/msg/detail/system_status__traits.hpp
-- Up-to-date: /home/hankyeolyu/vilab/VILAB_PANEL/install/drive_msgs/include/drive_msgs/drive_msgs/msg/detail/lane_let__builder.hpp
-- Up-to-date: /home/hankyeolyu/vilab/VILAB_PANEL/install/drive_msgs/include/drive_msgs/drive_msgs/msg/detail/object_info__builder.hpp
-- Up-to-date: /home/hankyeolyu/vilab/VILAB_PANEL/install/drive_msgs/include/drive_msgs/drive_msgs/msg/detail/user_input__builder.hpp
-- Up-to-date: /home/hankyeolyu/vilab/VILAB_PANEL/install/drive_msgs/include/drive_msgs/drive_msgs/msg/detail/navigation_data__traits.hpp
-- Up-to-date: /home/hankyeolyu/vilab/VILAB_PANEL/install/drive_msgs/include/drive_msgs/drive_msgs/msg/detail/object_info__traits.hpp
-- Up-to-date: /home/hankyeolyu/vilab/VILAB_PANEL/install/drive_msgs/include/drive_msgs/drive_msgs/msg/detail/lane_data__struct.hpp
-- Up-to-date: /home/hankyeolyu/vilab/VILAB_PANEL/install/drive_msgs/include/drive_msgs/drive_msgs/msg/detail/detection_data__struct.hpp
-- Up-to-date: /home/hankyeolyu/vilab/VILAB_PANEL/install/drive_msgs/include/drive_msgs/drive_msgs/msg/detail/vehicle_state__struct.hpp
-- Up-to-date: /home/hankyeolyu/vilab/VILAB_PANEL/install/drive_msgs/include/drive_msgs/drive_msgs/msg/detail/vehicle_state__builder.hpp
-- Up-to-date: /home/hankyeolyu/vilab/VILAB_PANEL/install/drive_msgs/include/drive_msgs/drive_msgs/msg/detail/can_input__traits.hpp
-- Up-to-date: /home/hankyeolyu/vilab/VILAB_PANEL/install/drive_msgs/include/drive_msgs/drive_msgs/msg/detail/actuator__traits.hpp
-- Up-to-date: /home/hankyeolyu/vilab/VILAB_PANEL/install/drive_msgs/include/drive_msgs/drive_msgs/msg/detail/can_output__builder.hpp
-- Up-to-date: /home/hankyeolyu/vilab/VILAB_PANEL/install/drive_msgs/include/drive_msgs/drive_msgs/msg/detail/navigation_data__struct.hpp
-- Up-to-date: /home/hankyeolyu/vilab/VILAB_PANEL/install/drive_msgs/include/drive_msgs/drive_msgs/msg/detail/actuator__builder.hpp
-- Up-to-date: /home/hankyeolyu/vilab/VILAB_PANEL/install/drive_msgs/include/drive_msgs/drive_msgs/msg/detail/lane_data__traits.hpp
-- Up-to-date: /home/hankyeolyu/vilab/VILAB_PANEL/install/drive_msgs/include/drive_msgs/drive_msgs/msg/detail/lane_let__struct.hpp
-- Up-to-date: /home/hankyeolyu/vilab/VILAB_PANEL/install/drive_msgs/include/drive_msgs/drive_msgs/msg/detail/can_input__struct.hpp
-- Up-to-date: /home/hankyeolyu/vilab/VILAB_PANEL/install/drive_msgs/include/drive_msgs/drive_msgs/msg/detail/can_output__struct.hpp
-- Up-to-date: /home/hankyeolyu/vilab/VILAB_PANEL/install/drive_msgs/include/drive_msgs/drive_msgs/msg/detail/user_input__traits.hpp
-- Up-to-date: /home/hankyeolyu/vilab/VILAB_PANEL/install/drive_msgs/include/drive_msgs/drive_msgs/msg/detail/user_input__struct.hpp
-- Up-to-date: /home/hankyeolyu/vilab/VILAB_PANEL/install/drive_msgs/include/drive_msgs/drive_msgs/msg/detail/vehicle_state__traits.hpp
-- Up-to-date: /home/hankyeolyu/vilab/VILAB_PANEL/install/drive_msgs/include/drive_msgs/drive_msgs/msg/detail/navigation_data__builder.hpp
-- Up-to-date: /home/hankyeolyu/vilab/VILAB_PANEL/install/drive_msgs/include/drive_msgs/drive_msgs/msg/detail/system_status__builder.hpp
-- Up-to-date: /home/hankyeolyu/vilab/VILAB_PANEL/install/drive_msgs/include/drive_msgs/drive_msgs/msg/detail/lane_let__traits.hpp
-- Up-to-date: /home/hankyeolyu/vilab/VILAB_PANEL/install/drive_msgs/include/drive_msgs/drive_msgs/msg/detail/sensor_data__builder.hpp
-- Up-to-date: /home/hankyeolyu/vilab/VILAB_PANEL/install/drive_msgs/include/drive_msgs/drive_msgs/msg/detail/detection_data__traits.hpp
-- Up-to-date: /home/hankyeolyu/vilab/VILAB_PANEL/install/drive_msgs/include/drive_msgs/drive_msgs/msg/detail/can_output__traits.hpp
-- Up-to-date: /home/hankyeolyu/vilab/VILAB_PANEL/install/drive_msgs/include/drive_msgs/drive_msgs/msg/lane_data.hpp
-- Up-to-date: /home/hankyeolyu/vilab/VILAB_PANEL/install/drive_msgs/include/drive_msgs/drive_msgs/msg/detection_data.hpp
-- Up-to-date: /home/hankyeolyu/vilab/VILAB_PANEL/install/drive_msgs/include/drive_msgs/drive_msgs/msg/can_output.hpp
-- Up-to-date: /home/hankyeolyu/vilab/VILAB_PANEL/install/drive_msgs/include/drive_msgs/drive_msgs/msg/lane_let.hpp
-- Up-to-date: /home/hankyeolyu/vilab/VILAB_PANEL/install/drive_msgs/include/drive_msgs/drive_msgs/msg/vehicle_state.hpp
-- Up-to-date: /home/hankyeolyu/vilab/VILAB_PANEL/install/drive_msgs/include/drive_msgs/drive_msgs/msg/sensor_data.hpp
-- Up-to-date: /home/hankyeolyu/vilab/VILAB_PANEL/install/drive_msgs/include/drive_msgs/drive_msgs
-- Up-to-date: /home/hankyeolyu/vilab/VILAB_PANEL/install/drive_msgs/include/drive_msgs/drive_msgs/msg
-- Up-to-date: /home/hankyeolyu/vilab/VILAB_PANEL/install/drive_msgs/include/drive_msgs/drive_msgs/msg/rosidl_typesupport_fastrtps_cpp__visibility_control.h
-- Up-to-date: /home/hankyeolyu/vilab/VILAB_PANEL/install/drive_msgs/include/drive_msgs/drive_msgs/msg/detail
-- Up-to-date: /home/hankyeolyu/vilab/VILAB_PANEL/install/drive_msgs/include/drive_msgs/drive_msgs/msg/detail/user_input__rosidl_typesupport_fastrtps_cpp.hpp
-- Up-to-date: /home/hankyeolyu/vilab/VILAB_PANEL/install/drive_msgs/include/drive_msgs/drive_msgs/msg/detail/vehicle_state__rosidl_typesupport_fastrtps_cpp.hpp
-- Up-to-date: /home/hankyeolyu/vilab/VILAB_PANEL/install/drive_msgs/include/drive_msgs/drive_msgs/msg/detail/object_info__rosidl_typesupport_fastrtps_cpp.hpp
-- Up-to-date: /home/hankyeolyu/vilab/VILAB_PANEL/install/drive_msgs/include/drive_msgs/drive_msgs/msg/detail/lane_let__rosidl_typesupport_fastrtps_cpp.hpp
-- Up-to-date: /home/hankyeolyu/vilab/VILAB_PANEL/install/drive_msgs/include/drive_msgs/drive_msgs/msg/detail/sensor_data__rosidl_typesupport_fastrtps_cpp.hpp
-- Up-to-date: /home/hankyeolyu/vilab/VILAB_PANEL/install/drive_msgs/include/drive_msgs/drive_msgs/msg/detail/detection_data__rosidl_typesupport_fastrtps_cpp.hpp
-- Up-to-date: /home/hankyeolyu/vilab/VILAB_PANEL/install/drive_msgs/include/drive_msgs/drive_msgs/msg/detail/system_status__rosidl_typesupport_fastrtps_cpp.hpp
-- Up-to-date: /home/hankyeolyu/vilab/VILAB_PANEL/install/drive_msgs/include/drive_msgs/drive_msgs/msg/detail/actuator__rosidl_typesupport_fastrtps_cpp.hpp
-- Up-to-date: /home/hankyeolyu/vilab/VILAB_PANEL/install/drive_msgs/include/drive_msgs/drive_msgs/msg/detail/lane_data__rosidl_typesupport_fastrtps_cpp.hpp
-- Up-to-date: /home/hankyeolyu/vilab/VILAB_PANEL/install/drive_msgs/include/drive_msgs/drive_msgs/msg/detail/navigation_data__rosidl_typesupport_fastrtps_cpp.hpp
-- Up-to-date: /home/hankyeolyu/vilab/VILAB_PANEL/install/drive_msgs/include/drive_msgs/drive_msgs/msg/detail/can_input__rosidl_typesupport_fastrtps_cpp.hpp
-- Up-to-date: /home/hankyeolyu/vilab/VILAB_PANEL/install/drive_msgs/include/drive_msgs/drive_msgs/msg/detail/can_output__rosidl_typesupport_fastrtps_cpp.hpp
-- Up-to-date: /home/hankyeolyu/vilab/VILAB_PANEL/install/drive_msgs/include/drive_msgs/drive_msgs/msg/detail/dds_fastrtps
-- Up-to-date: /home/hankyeolyu/vilab/VILAB_PANEL/install/drive_msgs/lib/libdrive_msgs__rosidl_typesupport_fastrtps_cpp.so
-- Up-to-date: /home/hankyeolyu/vilab/VILAB_PANEL/install/drive_msgs/include/drive_msgs/drive_msgs
-- Up-to-date: /home/hankyeolyu/vilab/VILAB_PANEL/install/drive_msgs/include/drive_msgs/drive_msgs/msg
-- Up-to-date: /home/hankyeolyu/vilab/VILAB_PANEL/install/drive_msgs/include/drive_msgs/drive_msgs/msg/detail
-- Up-to-date: /home/hankyeolyu/vilab/VILAB_PANEL/install/drive_msgs/include/drive_msgs/drive_msgs/msg/detail/user_input__type_support.c
-- Up-to-date: /home/hankyeolyu/vilab/VILAB_PANEL/install/drive_msgs/include/drive_msgs/drive_msgs/msg/detail/lane_data__rosidl_typesupport_introspection_c.h
-- Up-to-date: /home/hankyeolyu/vilab/VILAB_PANEL/install/drive_msgs/include/drive_msgs/drive_msgs/msg/detail/lane_let__rosidl_typesupport_introspection_c.h
-- Up-to-date: /home/hankyeolyu/vilab/VILAB_PANEL/install/drive_msgs/include/drive_msgs/drive_msgs/msg/detail/vehicle_state__rosidl_typesupport_introspection_c.h
-- Up-to-date: /home/hankyeolyu/vilab/VILAB_PANEL/install/drive_msgs/include/drive_msgs/drive_msgs/msg/detail/actuator__rosidl_typesupport_introspection_c.h
-- Up-to-date: /home/hankyeolyu/vilab/VILAB_PANEL/install/drive_msgs/include/drive_msgs/drive_msgs/msg/detail/can_output__rosidl_typesupport_introspection_c.h
-- Up-to-date: /home/hankyeolyu/vilab/VILAB_PANEL/install/drive_msgs/include/drive_msgs/drive_msgs/msg/detail/user_input__rosidl_typesupport_introspection_c.h
-- Up-to-date: /home/hankyeolyu/vilab/VILAB_PANEL/install/drive_msgs/include/drive_msgs/drive_msgs/msg/detail/system_status__type_support.c
-- Up-to-date: /home/hankyeolyu/vilab/VILAB_PANEL/install/drive_msgs/include/drive_msgs/drive_msgs/msg/detail/can_input__rosidl_typesupport_introspection_c.h
-- Up-to-date: /home/hankyeolyu/vilab/VILAB_PANEL/install/drive_msgs/include/drive_msgs/drive_msgs/msg/detail/lane_data__type_support.c
-- Up-to-date: /home/hankyeolyu/vilab/VILAB_PANEL/install/drive_msgs/include/drive_msgs/drive_msgs/msg/detail/object_info__type_support.c
-- Up-to-date: /home/hankyeolyu/vilab/VILAB_PANEL/install/drive_msgs/include/drive_msgs/drive_msgs/msg/detail/object_info__rosidl_typesupport_introspection_c.h
-- Up-to-date: /home/hankyeolyu/vilab/VILAB_PANEL/install/drive_msgs/include/drive_msgs/drive_msgs/msg/detail/sensor_data__type_support.c
-- Up-to-date: /home/hankyeolyu/vilab/VILAB_PANEL/install/drive_msgs/include/drive_msgs/drive_msgs/msg/detail/can_output__type_support.c
-- Up-to-date: /home/hankyeolyu/vilab/VILAB_PANEL/install/drive_msgs/include/drive_msgs/drive_msgs/msg/detail/detection_data__type_support.c
-- Up-to-date: /home/hankyeolyu/vilab/VILAB_PANEL/install/drive_msgs/include/drive_msgs/drive_msgs/msg/detail/lane_let__type_support.c
-- Up-to-date: /home/hankyeolyu/vilab/VILAB_PANEL/install/drive_msgs/include/drive_msgs/drive_msgs/msg/detail/system_status__rosidl_typesupport_introspection_c.h
-- Up-to-date: /home/hankyeolyu/vilab/VILAB_PANEL/install/drive_msgs/include/drive_msgs/drive_msgs/msg/detail/vehicle_state__type_support.c
-- Up-to-date: /home/hankyeolyu/vilab/VILAB_PANEL/install/drive_msgs/include/drive_msgs/drive_msgs/msg/detail/navigation_data__rosidl_typesupport_introspection_c.h
-- Up-to-date: /home/hankyeolyu/vilab/VILAB_PANEL/install/drive_msgs/include/drive_msgs/drive_msgs/msg/detail/sensor_data__rosidl_typesupport_introspection_c.h
-- Up-to-date: /home/hankyeolyu/vilab/VILAB_PANEL/install/drive_msgs/include/drive_msgs/drive_msgs/msg/detail/navigation_data__type_support.c
-- Up-to-date: /home/hankyeolyu/vilab/VILAB_PANEL/install/drive_msgs/include/drive_msgs/drive_msgs/msg/detail/detection_data__rosidl_typesupport_introspection_c.h
-- Up-to-date: /home/hankyeolyu/vilab/VILAB_PANEL/install/drive_msgs/include/drive_msgs/drive_msgs/msg/detail/can_input__type_support.c
-- Up-to-date: /home/hankyeolyu/vilab/VILAB_PANEL/install/drive_msgs/include/drive_msgs/drive_msgs/msg/detail/actuator__type_support.c
-- Up-to-date: /home/hankyeolyu/vilab/VILAB_PANEL/install/drive_msgs/include/drive_msgs/drive_msgs/msg/rosidl_typesupport_introspection_c__visibility_control.h
-- Up-to-date: /home/hankyeolyu/vilab/VILAB_PANEL/install/drive_msgs/lib/libdrive_msgs__rosidl_typesupport_introspection_c.so
-- Up-to-date: /home/hankyeolyu/vilab/VILAB_PANEL/install/drive_msgs/lib/libdrive_msgs__rosidl_typesupport_c.so
-- Up-to-date: /home/hankyeolyu/vilab/VILAB_PANEL/install/drive_msgs/include/drive_msgs/drive_msgs
-- Up-to-date: /home/hankyeolyu/vilab/VILAB_PANEL/install/drive_msgs/include/drive_msgs/drive_msgs/msg
-- Up-to-date: /home/hankyeolyu/vilab/VILAB_PANEL/install/drive_msgs/include/drive_msgs/drive_msgs/msg/detail
-- Up-to-date: /home/hankyeolyu/vilab/VILAB_PANEL/install/drive_msgs/include/drive_msgs/drive_msgs/msg/detail/detection_data__type_support.cpp
-- Up-to-date: /home/hankyeolyu/vilab/VILAB_PANEL/install/drive_msgs/include/drive_msgs/drive_msgs/msg/detail/navigation_data__type_support.cpp
-- Up-to-date: /home/hankyeolyu/vilab/VILAB_PANEL/install/drive_msgs/include/drive_msgs/drive_msgs/msg/detail/object_info__rosidl_typesupport_introspection_cpp.hpp
-- Up-to-date: /home/hankyeolyu/vilab/VILAB_PANEL/install/drive_msgs/include/drive_msgs/drive_msgs/msg/detail/lane_let__rosidl_typesupport_introspection_cpp.hpp
-- Up-to-date: /home/hankyeolyu/vilab/VILAB_PANEL/install/drive_msgs/include/drive_msgs/drive_msgs/msg/detail/sensor_data__type_support.cpp
-- Up-to-date: /home/hankyeolyu/vilab/VILAB_PANEL/install/drive_msgs/include/drive_msgs/drive_msgs/msg/detail/user_input__type_support.cpp
-- Up-to-date: /home/hankyeolyu/vilab/VILAB_PANEL/install/drive_msgs/include/drive_msgs/drive_msgs/msg/detail/can_input__rosidl_typesupport_introspection_cpp.hpp
-- Up-to-date: /home/hankyeolyu/vilab/VILAB_PANEL/install/drive_msgs/include/drive_msgs/drive_msgs/msg/detail/actuator__type_support.cpp
-- Up-to-date: /home/hankyeolyu/vilab/VILAB_PANEL/install/drive_msgs/include/drive_msgs/drive_msgs/msg/detail/can_input__type_support.cpp
-- Up-to-date: /home/hankyeolyu/vilab/VILAB_PANEL/install/drive_msgs/include/drive_msgs/drive_msgs/msg/detail/system_status__type_support.cpp
-- Up-to-date: /home/hankyeolyu/vilab/VILAB_PANEL/install/drive_msgs/include/drive_msgs/drive_msgs/msg/detail/detection_data__rosidl_typesupport_introspection_cpp.hpp
-- Up-to-date: /home/hankyeolyu/vilab/VILAB_PANEL/install/drive_msgs/include/drive_msgs/drive_msgs/msg/detail/sensor_data__rosidl_typesupport_introspection_cpp.hpp
-- Up-to-date: /home/hankyeolyu/vilab/VILAB_PANEL/install/drive_msgs/include/drive_msgs/drive_msgs/msg/detail/vehicle_state__rosidl_typesupport_introspection_cpp.hpp
-- Up-to-date: /home/hankyeolyu/vilab/VILAB_PANEL/install/drive_msgs/include/drive_msgs/drive_msgs/msg/detail/navigation_data__rosidl_typesupport_introspection_cpp.hpp
-- Up-to-date: /home/hankyeolyu/vilab/VILAB_PANEL/install/drive_msgs/include/drive_msgs/drive_msgs/msg/detail/lane_let__type_support.cpp
-- Up-to-date: /home/hankyeolyu/vilab/VILAB_PANEL/install/drive_msgs/include/drive_msgs/drive_msgs/msg/detail/object_info__type_support.cpp
-- Up-to-date: /home/hankyeolyu/vilab/VILAB_PANEL/install/drive_msgs/include/drive_msgs/drive_msgs/msg/detail/vehicle_state__type_support.cpp
-- Up-to-date: /home/hankyeolyu/vilab/VILAB_PANEL/install/drive_msgs/include/drive_msgs/drive_msgs/msg/detail/can_output__rosidl_typesupport_introspection_cpp.hpp
-- Up-to-date: /home/hankyeolyu/vilab/VILAB_PANEL/install/drive_msgs/include/drive_msgs/drive_msgs/msg/detail/lane_data__rosidl_typesupport_introspection_cpp.hpp
-- Up-to-date: /home/hankyeolyu/vilab/VILAB_PANEL/install/drive_msgs/include/drive_msgs/drive_msgs/msg/detail/system_status__rosidl_typesupport_introspection_cpp.hpp
-- Up-to-date: /home/hankyeolyu/vilab/VILAB_PANEL/install/drive_msgs/include/drive_msgs/drive_msgs/msg/detail/actuator__rosidl_typesupport_introspection_cpp.hpp
-- Up-to-date: /home/hankyeolyu/vilab/VILAB_PANEL/install/drive_msgs/include/drive_msgs/drive_msgs/msg/detail/lane_data__type_support.cpp
-- Up-to-date: /home/hankyeolyu/vilab/VILAB_PANEL/install/drive_msgs/include/drive_msgs/drive_msgs/msg/detail/user_input__rosidl_typesupport_introspection_cpp.hpp
-- Up-to-date: /home/hankyeolyu/vilab/VILAB_PANEL/install/drive_msgs/include/drive_msgs/drive_msgs/msg/detail/can_output__type_support.cpp
-- Up-to-date: /home/hankyeolyu/vilab/VILAB_PANEL/install/drive_msgs/lib/libdrive_msgs__rosidl_typesupport_introspection_cpp.so
-- Up-to-date: /home/hankyeolyu/vilab/VILAB_PANEL/install/drive_msgs/lib/libdrive_msgs__rosidl_typesupport_cpp.so
-- Up-to-date: /home/hankyeolyu/vilab/VILAB_PANEL/install/drive_msgs/share/drive_msgs/environment/pythonpath.sh
-- Up-to-date: /home/hankyeolyu/vilab/VILAB_PANEL/install/drive_msgs/share/drive_msgs/environment/pythonpath.dsv
-- Up-to-date: /home/hankyeolyu/vilab/VILAB_PANEL/install/drive_msgs/local/lib/python3.10/dist-packages/drive_msgs-0.1.0-py3.10.egg-info
-- Installing: /home/hankyeolyu/vilab/VILAB_PANEL/install/drive_msgs/local/lib/python3.10/dist-packages/drive_msgs-0.1.0-py3.10.egg-info/dependency_links.txt
-- Installing: /home/hankyeolyu/vilab/VILAB_PANEL/install/drive_msgs/local/lib/python3.10/dist-packages/drive_msgs-0.1.0-py3.10.egg-info/top_level.txt
-- Installing: /home/hankyeolyu/vilab/VILAB_PANEL/install/drive_msgs/local/lib/python3.10/dist-packages/drive_msgs-0.1.0-py3.10.egg-info/SOURCES.txt
-- Installing: /home/hankyeolyu/vilab/VILAB_PANEL/install/drive_msgs/local/lib/python3.10/dist-packages/drive_msgs-0.1.0-py3.10.egg-info/PKG-INFO
-- Up-to-date: /home/hankyeolyu/vilab/VILAB_PANEL/install/drive_msgs/local/lib/python3.10/dist-packages/drive_msgs
-- Up-to-date: /home/hankyeolyu/vilab/VILAB_PANEL/install/drive_msgs/local/lib/python3.10/dist-packages/drive_msgs/drive_msgs_s__rosidl_typesupport_c.cpython-310-x86_64-linux-gnu.so
-- Up-to-date: /home/hankyeolyu/vilab/VILAB_PANEL/install/drive_msgs/local/lib/python3.10/dist-packages/drive_msgs/libdrive_msgs__rosidl_generator_py.so
-- Up-to-date: /home/hankyeolyu/vilab/VILAB_PANEL/install/drive_msgs/local/lib/python3.10/dist-packages/drive_msgs/__init__.py
-- Up-to-date: /home/hankyeolyu/vilab/VILAB_PANEL/install/drive_msgs/local/lib/python3.10/dist-packages/drive_msgs/drive_msgs_s__rosidl_typesupport_introspection_c.cpython-310-x86_64-linux-gnu.so
-- Up-to-date: /home/hankyeolyu/vilab/VILAB_PANEL/install/drive_msgs/local/lib/python3.10/dist-packages/drive_msgs/_drive_msgs_s.ep.rosidl_typesupport_introspection_c.c
-- Up-to-date: /home/hankyeolyu/vilab/VILAB_PANEL/install/drive_msgs/local/lib/python3.10/dist-packages/drive_msgs/drive_msgs_s__rosidl_typesupport_fastrtps_c.cpython-310-x86_64-linux-gnu.so
-- Up-to-date: /home/hankyeolyu/vilab/VILAB_PANEL/install/drive_msgs/local/lib/python3.10/dist-packages/drive_msgs/msg
-- Up-to-date: /home/hankyeolyu/vilab/VILAB_PANEL/install/drive_msgs/local/lib/python3.10/dist-packages/drive_msgs/msg/_lane_let.py
-- Up-to-date: /home/hankyeolyu/vilab/VILAB_PANEL/install/drive_msgs/local/lib/python3.10/dist-packages/drive_msgs/msg/_vehicle_state_s.c
-- Up-to-date: /home/hankyeolyu/vilab/VILAB_PANEL/install/drive_msgs/local/lib/python3.10/dist-packages/drive_msgs/msg/_system_status_s.c
-- Up-to-date: /home/hankyeolyu/vilab/VILAB_PANEL/install/drive_msgs/local/lib/python3.10/dist-packages/drive_msgs/msg/_system_status.py
-- Up-to-date: /home/hankyeolyu/vilab/VILAB_PANEL/install/drive_msgs/local/lib/python3.10/dist-packages/drive_msgs/msg/_detection_data_s.c
-- Up-to-date: /home/hankyeolyu/vilab/VILAB_PANEL/install/drive_msgs/local/lib/python3.10/dist-packages/drive_msgs/msg/_actuator.py
-- Up-to-date: /home/hankyeolyu/vilab/VILAB_PANEL/install/drive_msgs/local/lib/python3.10/dist-packages/drive_msgs/msg/_lane_let_s.c
-- Up-to-date: /home/hankyeolyu/vilab/VILAB_PANEL/install/drive_msgs/local/lib/python3.10/dist-packages/drive_msgs/msg/_vehicle_state.py
-- Up-to-date: /home/hankyeolyu/vilab/VILAB_PANEL/install/drive_msgs/local/lib/python3.10/dist-packages/drive_msgs/msg/_lane_data_s.c
-- Up-to-date: /home/hankyeolyu/vilab/VILAB_PANEL/install/drive_msgs/local/lib/python3.10/dist-packages/drive_msgs/msg/_sensor_data_s.c
-- Up-to-date: /home/hankyeolyu/vilab/VILAB_PANEL/install/drive_msgs/local/lib/python3.10/dist-packages/drive_msgs/msg/__init__.py
-- Up-to-date: /home/hankyeolyu/vilab/VILAB_PANEL/install/drive_msgs/local/lib/python3.10/dist-packages/drive_msgs/msg/_can_input_s.c
-- Up-to-date: /home/hankyeolyu/vilab/VILAB_PANEL/install/drive_msgs/local/lib/python3.10/dist-packages/drive_msgs/msg/_navigation_data.py
-- Up-to-date: /home/hankyeolyu/vilab/VILAB_PANEL/install/drive_msgs/local/lib/python3.10/dist-packages/drive_msgs/msg/_user_input_s.c
-- Up-to-date: /home/hankyeolyu/vilab/VILAB_PANEL/install/drive_msgs/local/lib/python3.10/dist-packages/drive_msgs/msg/_can_input.py
-- Up-to-date: /home/hankyeolyu/vilab/VILAB_PANEL/install/drive_msgs/local/lib/python3.10/dist-packages/drive_msgs/msg/_object_info.py
-- Up-to-date: /home/hankyeolyu/vilab/VILAB_PANEL/install/drive_msgs/local/lib/python3.10/dist-packages/drive_msgs/msg/_can_output.py
-- Up-to-date: /home/hankyeolyu/vilab/VILAB_PANEL/install/drive_msgs/local/lib/python3.10/dist-packages/drive_msgs/msg/_navigation_data_s.c
-- Up-to-date: /home/hankyeolyu/vilab/VILAB_PANEL/install/drive_msgs/local/lib/python3.10/dist-packages/drive_msgs/msg/_detection_data.py
-- Up-to-date: /home/hankyeolyu/vilab/VILAB_PANEL/install/drive_msgs/local/lib/python3.10/dist-packages/drive_msgs/msg/_actuator_s.c
-- Up-to-date: /home/hankyeolyu/vilab/VILAB_PANEL/install/drive_msgs/local/lib/python3.10/dist-packages/drive_msgs/msg/_user_input.py
-- Up-to-date: /home/hankyeolyu/vilab/VILAB_PANEL/install/drive_msgs/local/lib/python3.10/dist-packages/drive_msgs/msg/_lane_data.py
-- Up-to-date: /home/hankyeolyu/vilab/VILAB_PANEL/install/drive_msgs/local/lib/python3.10/dist-packages/drive_msgs/msg/_can_output_s.c
-- Up-to-date: /home/hankyeolyu/vilab/VILAB_PANEL/install/drive_msgs/local/lib/python3.10/dist-packages/drive_msgs/msg/_sensor_data.py
-- Up-to-date: /home/hankyeolyu/vilab/VILAB_PANEL/install/drive_msgs/local/lib/python3.10/dist-packages/drive_msgs/msg/_object_info_s.c
-- Up-to-date: /home/hankyeolyu/vilab/VILAB_PANEL/install/drive_msgs/local/lib/python3.10/dist-packages/drive_msgs/_drive_msgs_s.ep.rosidl_typesupport_c.c
-- Up-to-date: /home/hankyeolyu/vilab/VILAB_PANEL/install/drive_msgs/local/lib/python3.10/dist-packages/drive_msgs/_drive_msgs_s.ep.rosidl_typesupport_fastrtps_c.c
Listing '/home/hankyeolyu/vilab/VILAB_PANEL/install/drive_msgs/local/lib/python3.10/dist-packages/drive_msgs'...
Listing '/home/hankyeolyu/vilab/VILAB_PANEL/install/drive_msgs/local/lib/python3.10/dist-packages/drive_msgs/msg'...
-- Up-to-date: /home/hankyeolyu/vilab/VILAB_PANEL/install/drive_msgs/local/lib/python3.10/dist-packages/drive_msgs/drive_msgs_s__rosidl_typesupport_fastrtps_c.cpython-310-x86_64-linux-gnu.so
-- Up-to-date: /home/hankyeolyu/vilab/VILAB_PANEL/install/drive_msgs/local/lib/python3.10/dist-packages/drive_msgs/drive_msgs_s__rosidl_typesupport_introspection_c.cpython-310-x86_64-linux-gnu.so
-- Up-to-date: /home/hankyeolyu/vilab/VILAB_PANEL/install/drive_msgs/local/lib/python3.10/dist-packages/drive_msgs/drive_msgs_s__rosidl_typesupport_c.cpython-310-x86_64-linux-gnu.so
-- Up-to-date: /home/hankyeolyu/vilab/VILAB_PANEL/install/drive_msgs/lib/libdrive_msgs__rosidl_generator_py.so
-- Up-to-date: /home/hankyeolyu/vilab/VILAB_PANEL/install/drive_msgs/share/drive_msgs/msg/Actuator.idl
-- Up-to-date: /home/hankyeolyu/vilab/VILAB_PANEL/install/drive_msgs/share/drive_msgs/msg/ObjectInfo.idl
-- Up-to-date: /home/hankyeolyu/vilab/VILAB_PANEL/install/drive_msgs/share/drive_msgs/msg/DetectionData.idl
-- Up-to-date: /home/hankyeolyu/vilab/VILAB_PANEL/install/drive_msgs/share/drive_msgs/msg/NavigationData.idl
-- Up-to-date: /home/hankyeolyu/vilab/VILAB_PANEL/install/drive_msgs/share/drive_msgs/msg/VehicleState.idl
-- Up-to-date: /home/hankyeolyu/vilab/VILAB_PANEL/install/drive_msgs/share/drive_msgs/msg/CANInput.idl
-- Up-to-date: /home/hankyeolyu/vilab/VILAB_PANEL/install/drive_msgs/share/drive_msgs/msg/LaneData.idl
-- Up-to-date: /home/hankyeolyu/vilab/VILAB_PANEL/install/drive_msgs/share/drive_msgs/msg/SensorData.idl
-- Up-to-date: /home/hankyeolyu/vilab/VILAB_PANEL/install/drive_msgs/share/drive_msgs/msg/CANOutput.idl
-- Up-to-date: /home/hankyeolyu/vilab/VILAB_PANEL/install/drive_msgs/share/drive_msgs/msg/LaneLet.idl
-- Up-to-date: /home/hankyeolyu/vilab/VILAB_PANEL/install/drive_msgs/share/drive_msgs/msg/UserInput.idl
-- Up-to-date: /home/hankyeolyu/vilab/VILAB_PANEL/install/drive_msgs/share/drive_msgs/msg/SystemStatus.idl
-- Up-to-date: /home/hankyeolyu/vilab/VILAB_PANEL/install/drive_msgs/share/drive_msgs/msg/Actuator.msg
-- Up-to-date: /home/hankyeolyu/vilab/VILAB_PANEL/install/drive_msgs/share/drive_msgs/msg/ObjectInfo.msg
-- Up-to-date: /home/hankyeolyu/vilab/VILAB_PANEL/install/drive_msgs/share/drive_msgs/msg/DetectionData.msg
-- Up-to-date: /home/hankyeolyu/vilab/VILAB_PANEL/install/drive_msgs/share/drive_msgs/msg/NavigationData.msg
-- Up-to-date: /home/hankyeolyu/vilab/VILAB_PANEL/install/drive_msgs/share/drive_msgs/msg/VehicleState.msg
-- Up-to-date: /home/hankyeolyu/vilab/VILAB_PANEL/install/drive_msgs/share/drive_msgs/msg/CANInput.msg
-- Up-to-date: /home/hankyeolyu/vilab/VILAB_PANEL/install/drive_msgs/share/drive_msgs/msg/LaneData.msg
-- Up-to-date: /home/hankyeolyu/vilab/VILAB_PANEL/install/drive_msgs/share/drive_msgs/msg/SensorData.msg
-- Up-to-date: /home/hankyeolyu/vilab/VILAB_PANEL/install/drive_msgs/share/drive_msgs/msg/CANOutput.msg
-- Up-to-date: /home/hankyeolyu/vilab/VILAB_PANEL/install/drive_msgs/share/drive_msgs/msg/LaneLet.msg
-- Up-to-date: /home/hankyeolyu/vilab/VILAB_PANEL/install/drive_msgs/share/drive_msgs/msg/UserInput.msg
-- Up-to-date: /home/hankyeolyu/vilab/VILAB_PANEL/install/drive_msgs/share/drive_msgs/msg/SystemStatus.msg
-- Up-to-date: /home/hankyeolyu/vilab/VILAB_PANEL/install/drive_msgs/share/ament_index/resource_index/package_run_dependencies/drive_msgs
-- Up-to-date: /home/hankyeolyu/vilab/VILAB_PANEL/install/drive_msgs/share/ament_index/resource_index/parent_prefix_path/drive_msgs
-- Up-to-date: /home/hankyeolyu/vilab/VILAB_PANEL/install/drive_msgs/share/drive_msgs/environment/ament_prefix_path.sh
-- Up-to-date: /home/hankyeolyu/vilab/VILAB_PANEL/install/drive_msgs/share/drive_msgs/environment/ament_prefix_path.dsv
-- Up-to-date: /home/hankyeolyu/vilab/VILAB_PANEL/install/drive_msgs/share/drive_msgs/environment/path.sh
-- Up-to-date: /home/hankyeolyu/vilab/VILAB_PANEL/install/drive_msgs/share/drive_msgs/environment/path.dsv
-- Up-to-date: /home/hankyeolyu/vilab/VILAB_PANEL/install/drive_msgs/share/drive_msgs/local_setup.bash
-- Up-to-date: /home/hankyeolyu/vilab/VILAB_PANEL/install/drive_msgs/share/drive_msgs/local_setup.sh
-- Up-to-date: /home/hankyeolyu/vilab/VILAB_PANEL/install/drive_msgs/share/drive_msgs/local_setup.zsh
-- Up-to-date: /home/hankyeolyu/vilab/VILAB_PANEL/install/drive_msgs/share/drive_msgs/local_setup.dsv
-- Installing: /home/hankyeolyu/vilab/VILAB_PANEL/install/drive_msgs/share/drive_msgs/package.dsv
-- Up-to-date: /home/hankyeolyu/vilab/VILAB_PANEL/install/drive_msgs/share/ament_index/resource_index/packages/drive_msgs
-- Up-to-date: /home/hankyeolyu/vilab/VILAB_PANEL/install/drive_msgs/share/drive_msgs/cmake/export_drive_msgs__rosidl_generator_cExport.cmake
-- Up-to-date: /home/hankyeolyu/vilab/VILAB_PANEL/install/drive_msgs/share/drive_msgs/cmake/export_drive_msgs__rosidl_generator_cExport-noconfig.cmake
-- Up-to-date: /home/hankyeolyu/vilab/VILAB_PANEL/install/drive_msgs/share/drive_msgs/cmake/export_drive_msgs__rosidl_typesupport_fastrtps_cExport.cmake
-- Up-to-date: /home/hankyeolyu/vilab/VILAB_PANEL/install/drive_msgs/share/drive_msgs/cmake/export_drive_msgs__rosidl_typesupport_fastrtps_cExport-noconfig.cmake
-- Up-to-date: /home/hankyeolyu/vilab/VILAB_PANEL/install/drive_msgs/share/drive_msgs/cmake/export_drive_msgs__rosidl_generator_cppExport.cmake
-- Up-to-date: /home/hankyeolyu/vilab/VILAB_PANEL/install/drive_msgs/share/drive_msgs/cmake/export_drive_msgs__rosidl_typesupport_fastrtps_cppExport.cmake
-- Up-to-date: /home/hankyeolyu/vilab/VILAB_PANEL/install/drive_msgs/share/drive_msgs/cmake/export_drive_msgs__rosidl_typesupport_fastrtps_cppExport-noconfig.cmake
-- Up-to-date: /home/hankyeolyu/vilab/VILAB_PANEL/install/drive_msgs/share/drive_msgs/cmake/drive_msgs__rosidl_typesupport_introspection_cExport.cmake
-- Up-to-date: /home/hankyeolyu/vilab/VILAB_PANEL/install/drive_msgs/share/drive_msgs/cmake/drive_msgs__rosidl_typesupport_introspection_cExport-noconfig.cmake
-- Up-to-date: /home/hankyeolyu/vilab/VILAB_PANEL/install/drive_msgs/share/drive_msgs/cmake/drive_msgs__rosidl_typesupport_cExport.cmake
-- Up-to-date: /home/hankyeolyu/vilab/VILAB_PANEL/install/drive_msgs/share/drive_msgs/cmake/drive_msgs__rosidl_typesupport_cExport-noconfig.cmake
-- Up-to-date: /home/hankyeolyu/vilab/VILAB_PANEL/install/drive_msgs/share/drive_msgs/cmake/drive_msgs__rosidl_typesupport_introspection_cppExport.cmake
-- Up-to-date: /home/hankyeolyu/vilab/VILAB_PANEL/install/drive_msgs/share/drive_msgs/cmake/drive_msgs__rosidl_typesupport_introspection_cppExport-noconfig.cmake
-- Up-to-date: /home/hankyeolyu/vilab/VILAB_PANEL/install/drive_msgs/share/drive_msgs/cmake/drive_msgs__rosidl_typesupport_cppExport.cmake
-- Up-to-date: /home/hankyeolyu/vilab/VILAB_PANEL/install/drive_msgs/share/drive_msgs/cmake/drive_msgs__rosidl_typesupport_cppExport-noconfig.cmake
-- Up-to-date: /home/hankyeolyu/vilab/VILAB_PANEL/install/drive_msgs/share/drive_msgs/cmake/export_drive_msgs__rosidl_generator_pyExport.cmake
-- Up-to-date: /home/hankyeolyu/vilab/VILAB_PANEL/install/drive_msgs/share/drive_msgs/cmake/export_drive_msgs__rosidl_generator_pyExport-noconfig.cmake
-- Up-to-date: /home/hankyeolyu/vilab/VILAB_PANEL/install/drive_msgs/share/drive_msgs/cmake/rosidl_cmake-extras.cmake
-- Up-to-date: /home/hankyeolyu/vilab/VILAB_PANEL/install/drive_msgs/share/drive_msgs/cmake/ament_cmake_export_dependencies-extras.cmake
-- Up-to-date: /home/hankyeolyu/vilab/VILAB_PANEL/install/drive_msgs/share/drive_msgs/cmake/ament_cmake_export_include_directories-extras.cmake
-- Up-to-date: /home/hankyeolyu/vilab/VILAB_PANEL/install/drive_msgs/share/drive_msgs/cmake/ament_cmake_export_libraries-extras.cmake
-- Up-to-date: /home/hankyeolyu/vilab/VILAB_PANEL/install/drive_msgs/share/drive_msgs/cmake/ament_cmake_export_targets-extras.cmake
-- Up-to-date: /home/hankyeolyu/vilab/VILAB_PANEL/install/drive_msgs/share/drive_msgs/cmake/rosidl_cmake_export_typesupport_targets-extras.cmake
-- Up-to-date: /home/hankyeolyu/vilab/VILAB_PANEL/install/drive_msgs/share/drive_msgs/cmake/rosidl_cmake_export_typesupport_libraries-extras.cmake
-- Up-to-date: /home/hankyeolyu/vilab/VILAB_PANEL/install/drive_msgs/share/drive_msgs/cmake/drive_msgsConfig.cmake
-- Up-to-date: /home/hankyeolyu/vilab/VILAB_PANEL/install/drive_msgs/share/drive_msgs/cmake/drive_msgsConfig-version.cmake
-- Up-to-date: /home/hankyeolyu/vilab/VILAB_PANEL/install/drive_msgs/share/drive_msgs/package.xml
