[0.010s] Invoking command in '/home/hankyeolyu/vilab/VILAB_PANEL/build/drive_msgs': CMAKE_PREFIX_PATH=${CMAKE_PREFIX_PATH}:/opt/ros/humble /usr/bin/cmake --build /home/hankyeolyu/vilab/VILAB_PANEL/build/drive_msgs -- -j6 -l6
[0.063s] [  0%] Built target drive_msgs__cpp
[0.066s] [ 12%] Built target drive_msgs__rosidl_generator_c
[0.074s] [ 12%] Built target ament_cmake_python_copy_drive_msgs
[0.101s] [ 26%] Built target drive_msgs__rosidl_typesupport_cpp
[0.101s] [ 47%] Built target drive_msgs__rosidl_typesupport_fastrtps_c
[0.101s] [ 58%] Built target drive_msgs__rosidl_typesupport_introspection_c
[0.101s] [ 59%] Built target drive_msgs__rosidl_typesupport_fastrtps_cpp
[0.101s] [ 71%] Built target drive_msgs__rosidl_typesupport_c
[0.104s] [ 83%] Built target drive_msgs__rosidl_typesupport_introspection_cpp
[0.124s] [ 83%] Built target drive_msgs
[0.145s] [ 84%] Built target drive_msgs__py
[0.171s] [ 95%] Built target drive_msgs__rosidl_generator_py
[0.193s] [ 97%] Built target drive_msgs__rosidl_typesupport_introspection_c__pyext
[0.193s] [ 99%] Built target drive_msgs__rosidl_typesupport_fastrtps_c__pyext
[0.194s] [100%] Built target drive_msgs__rosidl_typesupport_c__pyext
[0.338s] running egg_info
[0.338s] writing drive_msgs.egg-info/PKG-INFO
[0.339s] writing dependency_links to drive_msgs.egg-info/dependency_links.txt
[0.339s] writing top-level names to drive_msgs.egg-info/top_level.txt
[0.342s] reading manifest file 'drive_msgs.egg-info/SOURCES.txt'
[0.343s] writing manifest file 'drive_msgs.egg-info/SOURCES.txt'
[0.367s] [100%] Built target ament_cmake_python_build_drive_msgs_egg
[0.380s] Invoked command in '/home/hankyeolyu/vilab/VILAB_PANEL/build/drive_msgs' returned '0': CMAKE_PREFIX_PATH=${CMAKE_PREFIX_PATH}:/opt/ros/humble /usr/bin/cmake --build /home/hankyeolyu/vilab/VILAB_PANEL/build/drive_msgs -- -j6 -l6
[0.664s] Invoking command in '/home/hankyeolyu/vilab/VILAB_PANEL/build/drive_msgs': CMAKE_PREFIX_PATH=${CMAKE_PREFIX_PATH}:/opt/ros/humble /usr/bin/cmake --install /home/hankyeolyu/vilab/VILAB_PANEL/build/drive_msgs
[0.672s] -- Install configuration: ""
[0.672s] -- Up-to-date: /home/hankyeolyu/vilab/VILAB_PANEL/install/drive_msgs/share/ament_index/resource_index/rosidl_interfaces/drive_msgs
[0.672s] -- Up-to-date: /home/hankyeolyu/vilab/VILAB_PANEL/install/drive_msgs/include/drive_msgs/drive_msgs
[0.672s] -- Up-to-date: /home/hankyeolyu/vilab/VILAB_PANEL/install/drive_msgs/include/drive_msgs/drive_msgs/msg
[0.672s] -- Up-to-date: /home/hankyeolyu/vilab/VILAB_PANEL/install/drive_msgs/include/drive_msgs/drive_msgs/msg/can_input.h
[0.672s] -- Up-to-date: /home/hankyeolyu/vilab/VILAB_PANEL/install/drive_msgs/include/drive_msgs/drive_msgs/msg/detail
[0.673s] -- Up-to-date: /home/hankyeolyu/vilab/VILAB_PANEL/install/drive_msgs/include/drive_msgs/drive_msgs/msg/detail/navigation_data__functions.c
[0.673s] -- Up-to-date: /home/hankyeolyu/vilab/VILAB_PANEL/install/drive_msgs/include/drive_msgs/drive_msgs/msg/detail/system_status__type_support.h
[0.673s] -- Up-to-date: /home/hankyeolyu/vilab/VILAB_PANEL/install/drive_msgs/include/drive_msgs/drive_msgs/msg/detail/navigation_data__functions.h
[0.673s] -- Up-to-date: /home/hankyeolyu/vilab/VILAB_PANEL/install/drive_msgs/include/drive_msgs/drive_msgs/msg/detail/can_output__type_support.h
[0.673s] -- Up-to-date: /home/hankyeolyu/vilab/VILAB_PANEL/install/drive_msgs/include/drive_msgs/drive_msgs/msg/detail/object_info__functions.c
[0.673s] -- Up-to-date: /home/hankyeolyu/vilab/VILAB_PANEL/install/drive_msgs/include/drive_msgs/drive_msgs/msg/detail/can_output__struct.h
[0.673s] -- Up-to-date: /home/hankyeolyu/vilab/VILAB_PANEL/install/drive_msgs/include/drive_msgs/drive_msgs/msg/detail/can_output__functions.h
[0.673s] -- Up-to-date: /home/hankyeolyu/vilab/VILAB_PANEL/install/drive_msgs/include/drive_msgs/drive_msgs/msg/detail/can_output__functions.c
[0.673s] -- Up-to-date: /home/hankyeolyu/vilab/VILAB_PANEL/install/drive_msgs/include/drive_msgs/drive_msgs/msg/detail/user_input__type_support.h
[0.673s] -- Up-to-date: /home/hankyeolyu/vilab/VILAB_PANEL/install/drive_msgs/include/drive_msgs/drive_msgs/msg/detail/system_status__struct.h
[0.674s] -- Up-to-date: /home/hankyeolyu/vilab/VILAB_PANEL/install/drive_msgs/include/drive_msgs/drive_msgs/msg/detail/detection_data__type_support.h
[0.674s] -- Up-to-date: /home/hankyeolyu/vilab/VILAB_PANEL/install/drive_msgs/include/drive_msgs/drive_msgs/msg/detail/lane_let__functions.h
[0.674s] -- Up-to-date: /home/hankyeolyu/vilab/VILAB_PANEL/install/drive_msgs/include/drive_msgs/drive_msgs/msg/detail/user_input__struct.h
[0.674s] -- Up-to-date: /home/hankyeolyu/vilab/VILAB_PANEL/install/drive_msgs/include/drive_msgs/drive_msgs/msg/detail/vehicle_state__functions.h
[0.674s] -- Up-to-date: /home/hankyeolyu/vilab/VILAB_PANEL/install/drive_msgs/include/drive_msgs/drive_msgs/msg/detail/object_info__struct.h
[0.674s] -- Up-to-date: /home/hankyeolyu/vilab/VILAB_PANEL/install/drive_msgs/include/drive_msgs/drive_msgs/msg/detail/sensor_data__functions.h
[0.674s] -- Up-to-date: /home/hankyeolyu/vilab/VILAB_PANEL/install/drive_msgs/include/drive_msgs/drive_msgs/msg/detail/vehicle_state__type_support.h
[0.674s] -- Up-to-date: /home/hankyeolyu/vilab/VILAB_PANEL/install/drive_msgs/include/drive_msgs/drive_msgs/msg/detail/user_input__functions.h
[0.674s] -- Up-to-date: /home/hankyeolyu/vilab/VILAB_PANEL/install/drive_msgs/include/drive_msgs/drive_msgs/msg/detail/can_input__struct.h
[0.674s] -- Up-to-date: /home/hankyeolyu/vilab/VILAB_PANEL/install/drive_msgs/include/drive_msgs/drive_msgs/msg/detail/actuator__functions.c
[0.674s] -- Up-to-date: /home/hankyeolyu/vilab/VILAB_PANEL/install/drive_msgs/include/drive_msgs/drive_msgs/msg/detail/actuator__struct.h
[0.674s] -- Up-to-date: /home/hankyeolyu/vilab/VILAB_PANEL/install/drive_msgs/include/drive_msgs/drive_msgs/msg/detail/system_status__functions.c
[0.674s] -- Up-to-date: /home/hankyeolyu/vilab/VILAB_PANEL/install/drive_msgs/include/drive_msgs/drive_msgs/msg/detail/lane_let__type_support.h
[0.675s] -- Up-to-date: /home/hankyeolyu/vilab/VILAB_PANEL/install/drive_msgs/include/drive_msgs/drive_msgs/msg/detail/vehicle_state__functions.c
[0.675s] -- Up-to-date: /home/hankyeolyu/vilab/VILAB_PANEL/install/drive_msgs/include/drive_msgs/drive_msgs/msg/detail/lane_data__functions.c
[0.675s] -- Up-to-date: /home/hankyeolyu/vilab/VILAB_PANEL/install/drive_msgs/include/drive_msgs/drive_msgs/msg/detail/detection_data__functions.h
[0.675s] -- Up-to-date: /home/hankyeolyu/vilab/VILAB_PANEL/install/drive_msgs/include/drive_msgs/drive_msgs/msg/detail/sensor_data__type_support.h
[0.675s] -- Up-to-date: /home/hankyeolyu/vilab/VILAB_PANEL/install/drive_msgs/include/drive_msgs/drive_msgs/msg/detail/detection_data__struct.h
[0.675s] -- Up-to-date: /home/hankyeolyu/vilab/VILAB_PANEL/install/drive_msgs/include/drive_msgs/drive_msgs/msg/detail/actuator__type_support.h
[0.675s] -- Up-to-date: /home/hankyeolyu/vilab/VILAB_PANEL/install/drive_msgs/include/drive_msgs/drive_msgs/msg/detail/sensor_data__struct.h
[0.675s] -- Up-to-date: /home/hankyeolyu/vilab/VILAB_PANEL/install/drive_msgs/include/drive_msgs/drive_msgs/msg/detail/navigation_data__struct.h
[0.675s] -- Up-to-date: /home/hankyeolyu/vilab/VILAB_PANEL/install/drive_msgs/include/drive_msgs/drive_msgs/msg/detail/can_input__type_support.h
[0.676s] -- Up-to-date: /home/hankyeolyu/vilab/VILAB_PANEL/install/drive_msgs/include/drive_msgs/drive_msgs/msg/detail/lane_data__functions.h
[0.676s] -- Up-to-date: /home/hankyeolyu/vilab/VILAB_PANEL/install/drive_msgs/include/drive_msgs/drive_msgs/msg/detail/can_input__functions.h
[0.676s] -- Up-to-date: /home/hankyeolyu/vilab/VILAB_PANEL/install/drive_msgs/include/drive_msgs/drive_msgs/msg/detail/navigation_data__type_support.h
[0.676s] -- Up-to-date: /home/hankyeolyu/vilab/VILAB_PANEL/install/drive_msgs/include/drive_msgs/drive_msgs/msg/detail/lane_data__struct.h
[0.676s] -- Up-to-date: /home/hankyeolyu/vilab/VILAB_PANEL/install/drive_msgs/include/drive_msgs/drive_msgs/msg/detail/object_info__type_support.h
[0.676s] -- Up-to-date: /home/hankyeolyu/vilab/VILAB_PANEL/install/drive_msgs/include/drive_msgs/drive_msgs/msg/detail/vehicle_state__struct.h
[0.676s] -- Up-to-date: /home/hankyeolyu/vilab/VILAB_PANEL/install/drive_msgs/include/drive_msgs/drive_msgs/msg/detail/system_status__functions.h
[0.676s] -- Up-to-date: /home/hankyeolyu/vilab/VILAB_PANEL/install/drive_msgs/include/drive_msgs/drive_msgs/msg/detail/actuator__functions.h
[0.676s] -- Up-to-date: /home/hankyeolyu/vilab/VILAB_PANEL/install/drive_msgs/include/drive_msgs/drive_msgs/msg/detail/lane_let__struct.h
[0.676s] -- Up-to-date: /home/hankyeolyu/vilab/VILAB_PANEL/install/drive_msgs/include/drive_msgs/drive_msgs/msg/detail/detection_data__functions.c
[0.676s] -- Up-to-date: /home/hankyeolyu/vilab/VILAB_PANEL/install/drive_msgs/include/drive_msgs/drive_msgs/msg/detail/lane_data__type_support.h
[0.677s] -- Up-to-date: /home/hankyeolyu/vilab/VILAB_PANEL/install/drive_msgs/include/drive_msgs/drive_msgs/msg/detail/object_info__functions.h
[0.677s] -- Up-to-date: /home/hankyeolyu/vilab/VILAB_PANEL/install/drive_msgs/include/drive_msgs/drive_msgs/msg/detail/sensor_data__functions.c
[0.677s] -- Up-to-date: /home/hankyeolyu/vilab/VILAB_PANEL/install/drive_msgs/include/drive_msgs/drive_msgs/msg/detail/lane_let__functions.c
[0.677s] -- Up-to-date: /home/hankyeolyu/vilab/VILAB_PANEL/install/drive_msgs/include/drive_msgs/drive_msgs/msg/detail/can_input__functions.c
[0.677s] -- Up-to-date: /home/hankyeolyu/vilab/VILAB_PANEL/install/drive_msgs/include/drive_msgs/drive_msgs/msg/detail/user_input__functions.c
[0.677s] -- Up-to-date: /home/hankyeolyu/vilab/VILAB_PANEL/install/drive_msgs/include/drive_msgs/drive_msgs/msg/vehicle_state.h
[0.677s] -- Up-to-date: /home/hankyeolyu/vilab/VILAB_PANEL/install/drive_msgs/include/drive_msgs/drive_msgs/msg/can_output.h
[0.677s] -- Up-to-date: /home/hankyeolyu/vilab/VILAB_PANEL/install/drive_msgs/include/drive_msgs/drive_msgs/msg/navigation_data.h
[0.677s] -- Up-to-date: /home/hankyeolyu/vilab/VILAB_PANEL/install/drive_msgs/include/drive_msgs/drive_msgs/msg/sensor_data.h
[0.677s] -- Up-to-date: /home/hankyeolyu/vilab/VILAB_PANEL/install/drive_msgs/include/drive_msgs/drive_msgs/msg/lane_data.h
[0.677s] -- Up-to-date: /home/hankyeolyu/vilab/VILAB_PANEL/install/drive_msgs/include/drive_msgs/drive_msgs/msg/rosidl_generator_c__visibility_control.h
[0.677s] -- Up-to-date: /home/hankyeolyu/vilab/VILAB_PANEL/install/drive_msgs/include/drive_msgs/drive_msgs/msg/lane_let.h
[0.677s] -- Up-to-date: /home/hankyeolyu/vilab/VILAB_PANEL/install/drive_msgs/include/drive_msgs/drive_msgs/msg/system_status.h
[0.678s] -- Up-to-date: /home/hankyeolyu/vilab/VILAB_PANEL/install/drive_msgs/include/drive_msgs/drive_msgs/msg/user_input.h
[0.678s] -- Up-to-date: /home/hankyeolyu/vilab/VILAB_PANEL/install/drive_msgs/include/drive_msgs/drive_msgs/msg/detection_data.h
[0.678s] -- Up-to-date: /home/hankyeolyu/vilab/VILAB_PANEL/install/drive_msgs/include/drive_msgs/drive_msgs/msg/object_info.h
[0.678s] -- Up-to-date: /home/hankyeolyu/vilab/VILAB_PANEL/install/drive_msgs/include/drive_msgs/drive_msgs/msg/actuator.h
[0.678s] -- Up-to-date: /home/hankyeolyu/vilab/VILAB_PANEL/install/drive_msgs/share/drive_msgs/environment/library_path.sh
[0.678s] -- Up-to-date: /home/hankyeolyu/vilab/VILAB_PANEL/install/drive_msgs/share/drive_msgs/environment/library_path.dsv
[0.678s] -- Up-to-date: /home/hankyeolyu/vilab/VILAB_PANEL/install/drive_msgs/lib/libdrive_msgs__rosidl_generator_c.so
[0.678s] -- Up-to-date: /home/hankyeolyu/vilab/VILAB_PANEL/install/drive_msgs/include/drive_msgs/drive_msgs
[0.678s] -- Up-to-date: /home/hankyeolyu/vilab/VILAB_PANEL/install/drive_msgs/include/drive_msgs/drive_msgs/msg
[0.678s] -- Up-to-date: /home/hankyeolyu/vilab/VILAB_PANEL/install/drive_msgs/include/drive_msgs/drive_msgs/msg/rosidl_typesupport_fastrtps_c__visibility_control.h
[0.678s] -- Up-to-date: /home/hankyeolyu/vilab/VILAB_PANEL/install/drive_msgs/include/drive_msgs/drive_msgs/msg/detail
[0.678s] -- Up-to-date: /home/hankyeolyu/vilab/VILAB_PANEL/install/drive_msgs/include/drive_msgs/drive_msgs/msg/detail/vehicle_state__rosidl_typesupport_fastrtps_c.h
[0.679s] -- Up-to-date: /home/hankyeolyu/vilab/VILAB_PANEL/install/drive_msgs/include/drive_msgs/drive_msgs/msg/detail/actuator__rosidl_typesupport_fastrtps_c.h
[0.679s] -- Up-to-date: /home/hankyeolyu/vilab/VILAB_PANEL/install/drive_msgs/include/drive_msgs/drive_msgs/msg/detail/sensor_data__rosidl_typesupport_fastrtps_c.h
[0.679s] -- Up-to-date: /home/hankyeolyu/vilab/VILAB_PANEL/install/drive_msgs/include/drive_msgs/drive_msgs/msg/detail/lane_data__rosidl_typesupport_fastrtps_c.h
[0.679s] -- Up-to-date: /home/hankyeolyu/vilab/VILAB_PANEL/install/drive_msgs/include/drive_msgs/drive_msgs/msg/detail/detection_data__rosidl_typesupport_fastrtps_c.h
[0.679s] -- Up-to-date: /home/hankyeolyu/vilab/VILAB_PANEL/install/drive_msgs/include/drive_msgs/drive_msgs/msg/detail/user_input__rosidl_typesupport_fastrtps_c.h
[0.679s] -- Up-to-date: /home/hankyeolyu/vilab/VILAB_PANEL/install/drive_msgs/include/drive_msgs/drive_msgs/msg/detail/navigation_data__rosidl_typesupport_fastrtps_c.h
[0.679s] -- Up-to-date: /home/hankyeolyu/vilab/VILAB_PANEL/install/drive_msgs/include/drive_msgs/drive_msgs/msg/detail/lane_let__rosidl_typesupport_fastrtps_c.h
[0.679s] -- Up-to-date: /home/hankyeolyu/vilab/VILAB_PANEL/install/drive_msgs/include/drive_msgs/drive_msgs/msg/detail/system_status__rosidl_typesupport_fastrtps_c.h
[0.679s] -- Up-to-date: /home/hankyeolyu/vilab/VILAB_PANEL/install/drive_msgs/include/drive_msgs/drive_msgs/msg/detail/can_input__rosidl_typesupport_fastrtps_c.h
[0.679s] -- Up-to-date: /home/hankyeolyu/vilab/VILAB_PANEL/install/drive_msgs/include/drive_msgs/drive_msgs/msg/detail/can_output__rosidl_typesupport_fastrtps_c.h
[0.679s] -- Up-to-date: /home/hankyeolyu/vilab/VILAB_PANEL/install/drive_msgs/include/drive_msgs/drive_msgs/msg/detail/object_info__rosidl_typesupport_fastrtps_c.h
[0.679s] -- Up-to-date: /home/hankyeolyu/vilab/VILAB_PANEL/install/drive_msgs/lib/libdrive_msgs__rosidl_typesupport_fastrtps_c.so
[0.679s] -- Up-to-date: /home/hankyeolyu/vilab/VILAB_PANEL/install/drive_msgs/include/drive_msgs/drive_msgs
[0.679s] -- Up-to-date: /home/hankyeolyu/vilab/VILAB_PANEL/install/drive_msgs/include/drive_msgs/drive_msgs/msg
[0.680s] -- Up-to-date: /home/hankyeolyu/vilab/VILAB_PANEL/install/drive_msgs/include/drive_msgs/drive_msgs/msg/actuator.hpp
[0.680s] -- Up-to-date: /home/hankyeolyu/vilab/VILAB_PANEL/install/drive_msgs/include/drive_msgs/drive_msgs/msg/object_info.hpp
[0.680s] -- Up-to-date: /home/hankyeolyu/vilab/VILAB_PANEL/install/drive_msgs/include/drive_msgs/drive_msgs/msg/user_input.hpp
[0.680s] -- Up-to-date: /home/hankyeolyu/vilab/VILAB_PANEL/install/drive_msgs/include/drive_msgs/drive_msgs/msg/can_input.hpp
[0.680s] -- Up-to-date: /home/hankyeolyu/vilab/VILAB_PANEL/install/drive_msgs/include/drive_msgs/drive_msgs/msg/navigation_data.hpp
[0.680s] -- Up-to-date: /home/hankyeolyu/vilab/VILAB_PANEL/install/drive_msgs/include/drive_msgs/drive_msgs/msg/system_status.hpp
[0.680s] -- Up-to-date: /home/hankyeolyu/vilab/VILAB_PANEL/install/drive_msgs/include/drive_msgs/drive_msgs/msg/detail
[0.680s] -- Up-to-date: /home/hankyeolyu/vilab/VILAB_PANEL/install/drive_msgs/include/drive_msgs/drive_msgs/msg/detail/sensor_data__struct.hpp
[0.680s] -- Up-to-date: /home/hankyeolyu/vilab/VILAB_PANEL/install/drive_msgs/include/drive_msgs/drive_msgs/msg/detail/object_info__struct.hpp
[0.680s] -- Up-to-date: /home/hankyeolyu/vilab/VILAB_PANEL/install/drive_msgs/include/drive_msgs/drive_msgs/msg/detail/can_input__builder.hpp
[0.681s] -- Up-to-date: /home/hankyeolyu/vilab/VILAB_PANEL/install/drive_msgs/include/drive_msgs/drive_msgs/msg/detail/detection_data__builder.hpp
[0.681s] -- Up-to-date: /home/hankyeolyu/vilab/VILAB_PANEL/install/drive_msgs/include/drive_msgs/drive_msgs/msg/detail/system_status__struct.hpp
[0.681s] -- Up-to-date: /home/hankyeolyu/vilab/VILAB_PANEL/install/drive_msgs/include/drive_msgs/drive_msgs/msg/detail/sensor_data__traits.hpp
[0.681s] -- Up-to-date: /home/hankyeolyu/vilab/VILAB_PANEL/install/drive_msgs/include/drive_msgs/drive_msgs/msg/detail/lane_data__builder.hpp
[0.681s] -- Up-to-date: /home/hankyeolyu/vilab/VILAB_PANEL/install/drive_msgs/include/drive_msgs/drive_msgs/msg/detail/actuator__struct.hpp
[0.681s] -- Up-to-date: /home/hankyeolyu/vilab/VILAB_PANEL/install/drive_msgs/include/drive_msgs/drive_msgs/msg/detail/system_status__traits.hpp
[0.681s] -- Up-to-date: /home/hankyeolyu/vilab/VILAB_PANEL/install/drive_msgs/include/drive_msgs/drive_msgs/msg/detail/lane_let__builder.hpp
[0.681s] -- Up-to-date: /home/hankyeolyu/vilab/VILAB_PANEL/install/drive_msgs/include/drive_msgs/drive_msgs/msg/detail/object_info__builder.hpp
[0.682s] -- Up-to-date: /home/hankyeolyu/vilab/VILAB_PANEL/install/drive_msgs/include/drive_msgs/drive_msgs/msg/detail/user_input__builder.hpp
[0.682s] -- Up-to-date: /home/hankyeolyu/vilab/VILAB_PANEL/install/drive_msgs/include/drive_msgs/drive_msgs/msg/detail/navigation_data__traits.hpp
[0.682s] -- Up-to-date: /home/hankyeolyu/vilab/VILAB_PANEL/install/drive_msgs/include/drive_msgs/drive_msgs/msg/detail/object_info__traits.hpp
[0.682s] -- Up-to-date: /home/hankyeolyu/vilab/VILAB_PANEL/install/drive_msgs/include/drive_msgs/drive_msgs/msg/detail/lane_data__struct.hpp
[0.682s] -- Up-to-date: /home/hankyeolyu/vilab/VILAB_PANEL/install/drive_msgs/include/drive_msgs/drive_msgs/msg/detail/detection_data__struct.hpp
[0.682s] -- Up-to-date: /home/hankyeolyu/vilab/VILAB_PANEL/install/drive_msgs/include/drive_msgs/drive_msgs/msg/detail/vehicle_state__struct.hpp
[0.682s] -- Up-to-date: /home/hankyeolyu/vilab/VILAB_PANEL/install/drive_msgs/include/drive_msgs/drive_msgs/msg/detail/vehicle_state__builder.hpp
[0.682s] -- Up-to-date: /home/hankyeolyu/vilab/VILAB_PANEL/install/drive_msgs/include/drive_msgs/drive_msgs/msg/detail/can_input__traits.hpp
[0.682s] -- Up-to-date: /home/hankyeolyu/vilab/VILAB_PANEL/install/drive_msgs/include/drive_msgs/drive_msgs/msg/detail/actuator__traits.hpp
[0.682s] -- Up-to-date: /home/hankyeolyu/vilab/VILAB_PANEL/install/drive_msgs/include/drive_msgs/drive_msgs/msg/detail/can_output__builder.hpp
[0.682s] -- Up-to-date: /home/hankyeolyu/vilab/VILAB_PANEL/install/drive_msgs/include/drive_msgs/drive_msgs/msg/detail/navigation_data__struct.hpp
[0.682s] -- Up-to-date: /home/hankyeolyu/vilab/VILAB_PANEL/install/drive_msgs/include/drive_msgs/drive_msgs/msg/detail/actuator__builder.hpp
[0.682s] -- Up-to-date: /home/hankyeolyu/vilab/VILAB_PANEL/install/drive_msgs/include/drive_msgs/drive_msgs/msg/detail/lane_data__traits.hpp
[0.682s] -- Up-to-date: /home/hankyeolyu/vilab/VILAB_PANEL/install/drive_msgs/include/drive_msgs/drive_msgs/msg/detail/lane_let__struct.hpp
[0.683s] -- Up-to-date: /home/hankyeolyu/vilab/VILAB_PANEL/install/drive_msgs/include/drive_msgs/drive_msgs/msg/detail/can_input__struct.hpp
[0.683s] -- Up-to-date: /home/hankyeolyu/vilab/VILAB_PANEL/install/drive_msgs/include/drive_msgs/drive_msgs/msg/detail/can_output__struct.hpp
[0.683s] -- Up-to-date: /home/hankyeolyu/vilab/VILAB_PANEL/install/drive_msgs/include/drive_msgs/drive_msgs/msg/detail/user_input__traits.hpp
[0.683s] -- Up-to-date: /home/hankyeolyu/vilab/VILAB_PANEL/install/drive_msgs/include/drive_msgs/drive_msgs/msg/detail/user_input__struct.hpp
[0.683s] -- Up-to-date: /home/hankyeolyu/vilab/VILAB_PANEL/install/drive_msgs/include/drive_msgs/drive_msgs/msg/detail/vehicle_state__traits.hpp
[0.683s] -- Up-to-date: /home/hankyeolyu/vilab/VILAB_PANEL/install/drive_msgs/include/drive_msgs/drive_msgs/msg/detail/navigation_data__builder.hpp
[0.683s] -- Up-to-date: /home/hankyeolyu/vilab/VILAB_PANEL/install/drive_msgs/include/drive_msgs/drive_msgs/msg/detail/system_status__builder.hpp
[0.683s] -- Up-to-date: /home/hankyeolyu/vilab/VILAB_PANEL/install/drive_msgs/include/drive_msgs/drive_msgs/msg/detail/lane_let__traits.hpp
[0.683s] -- Up-to-date: /home/hankyeolyu/vilab/VILAB_PANEL/install/drive_msgs/include/drive_msgs/drive_msgs/msg/detail/sensor_data__builder.hpp
[0.683s] -- Up-to-date: /home/hankyeolyu/vilab/VILAB_PANEL/install/drive_msgs/include/drive_msgs/drive_msgs/msg/detail/detection_data__traits.hpp
[0.683s] -- Up-to-date: /home/hankyeolyu/vilab/VILAB_PANEL/install/drive_msgs/include/drive_msgs/drive_msgs/msg/detail/can_output__traits.hpp
[0.683s] -- Up-to-date: /home/hankyeolyu/vilab/VILAB_PANEL/install/drive_msgs/include/drive_msgs/drive_msgs/msg/lane_data.hpp
[0.683s] -- Up-to-date: /home/hankyeolyu/vilab/VILAB_PANEL/install/drive_msgs/include/drive_msgs/drive_msgs/msg/detection_data.hpp
[0.683s] -- Up-to-date: /home/hankyeolyu/vilab/VILAB_PANEL/install/drive_msgs/include/drive_msgs/drive_msgs/msg/can_output.hpp
[0.683s] -- Up-to-date: /home/hankyeolyu/vilab/VILAB_PANEL/install/drive_msgs/include/drive_msgs/drive_msgs/msg/lane_let.hpp
[0.683s] -- Up-to-date: /home/hankyeolyu/vilab/VILAB_PANEL/install/drive_msgs/include/drive_msgs/drive_msgs/msg/vehicle_state.hpp
[0.683s] -- Up-to-date: /home/hankyeolyu/vilab/VILAB_PANEL/install/drive_msgs/include/drive_msgs/drive_msgs/msg/sensor_data.hpp
[0.684s] -- Up-to-date: /home/hankyeolyu/vilab/VILAB_PANEL/install/drive_msgs/include/drive_msgs/drive_msgs
[0.684s] -- Up-to-date: /home/hankyeolyu/vilab/VILAB_PANEL/install/drive_msgs/include/drive_msgs/drive_msgs/msg
[0.684s] -- Up-to-date: /home/hankyeolyu/vilab/VILAB_PANEL/install/drive_msgs/include/drive_msgs/drive_msgs/msg/rosidl_typesupport_fastrtps_cpp__visibility_control.h
[0.684s] -- Up-to-date: /home/hankyeolyu/vilab/VILAB_PANEL/install/drive_msgs/include/drive_msgs/drive_msgs/msg/detail
[0.684s] -- Up-to-date: /home/hankyeolyu/vilab/VILAB_PANEL/install/drive_msgs/include/drive_msgs/drive_msgs/msg/detail/user_input__rosidl_typesupport_fastrtps_cpp.hpp
[0.684s] -- Up-to-date: /home/hankyeolyu/vilab/VILAB_PANEL/install/drive_msgs/include/drive_msgs/drive_msgs/msg/detail/vehicle_state__rosidl_typesupport_fastrtps_cpp.hpp
[0.684s] -- Up-to-date: /home/hankyeolyu/vilab/VILAB_PANEL/install/drive_msgs/include/drive_msgs/drive_msgs/msg/detail/object_info__rosidl_typesupport_fastrtps_cpp.hpp
[0.684s] -- Up-to-date: /home/hankyeolyu/vilab/VILAB_PANEL/install/drive_msgs/include/drive_msgs/drive_msgs/msg/detail/lane_let__rosidl_typesupport_fastrtps_cpp.hpp
[0.684s] -- Up-to-date: /home/hankyeolyu/vilab/VILAB_PANEL/install/drive_msgs/include/drive_msgs/drive_msgs/msg/detail/sensor_data__rosidl_typesupport_fastrtps_cpp.hpp
[0.684s] -- Up-to-date: /home/hankyeolyu/vilab/VILAB_PANEL/install/drive_msgs/include/drive_msgs/drive_msgs/msg/detail/detection_data__rosidl_typesupport_fastrtps_cpp.hpp
[0.684s] -- Up-to-date: /home/hankyeolyu/vilab/VILAB_PANEL/install/drive_msgs/include/drive_msgs/drive_msgs/msg/detail/system_status__rosidl_typesupport_fastrtps_cpp.hpp
[0.684s] -- Up-to-date: /home/hankyeolyu/vilab/VILAB_PANEL/install/drive_msgs/include/drive_msgs/drive_msgs/msg/detail/actuator__rosidl_typesupport_fastrtps_cpp.hpp
[0.684s] -- Up-to-date: /home/hankyeolyu/vilab/VILAB_PANEL/install/drive_msgs/include/drive_msgs/drive_msgs/msg/detail/lane_data__rosidl_typesupport_fastrtps_cpp.hpp
[0.684s] -- Up-to-date: /home/hankyeolyu/vilab/VILAB_PANEL/install/drive_msgs/include/drive_msgs/drive_msgs/msg/detail/navigation_data__rosidl_typesupport_fastrtps_cpp.hpp
[0.684s] -- Up-to-date: /home/hankyeolyu/vilab/VILAB_PANEL/install/drive_msgs/include/drive_msgs/drive_msgs/msg/detail/can_input__rosidl_typesupport_fastrtps_cpp.hpp
[0.684s] -- Up-to-date: /home/hankyeolyu/vilab/VILAB_PANEL/install/drive_msgs/include/drive_msgs/drive_msgs/msg/detail/can_output__rosidl_typesupport_fastrtps_cpp.hpp
[0.684s] -- Up-to-date: /home/hankyeolyu/vilab/VILAB_PANEL/install/drive_msgs/include/drive_msgs/drive_msgs/msg/detail/dds_fastrtps
[0.685s] -- Up-to-date: /home/hankyeolyu/vilab/VILAB_PANEL/install/drive_msgs/lib/libdrive_msgs__rosidl_typesupport_fastrtps_cpp.so
[0.685s] -- Up-to-date: /home/hankyeolyu/vilab/VILAB_PANEL/install/drive_msgs/include/drive_msgs/drive_msgs
[0.685s] -- Up-to-date: /home/hankyeolyu/vilab/VILAB_PANEL/install/drive_msgs/include/drive_msgs/drive_msgs/msg
[0.685s] -- Up-to-date: /home/hankyeolyu/vilab/VILAB_PANEL/install/drive_msgs/include/drive_msgs/drive_msgs/msg/detail
[0.685s] -- Up-to-date: /home/hankyeolyu/vilab/VILAB_PANEL/install/drive_msgs/include/drive_msgs/drive_msgs/msg/detail/user_input__type_support.c
[0.685s] -- Up-to-date: /home/hankyeolyu/vilab/VILAB_PANEL/install/drive_msgs/include/drive_msgs/drive_msgs/msg/detail/lane_data__rosidl_typesupport_introspection_c.h
[0.685s] -- Up-to-date: /home/hankyeolyu/vilab/VILAB_PANEL/install/drive_msgs/include/drive_msgs/drive_msgs/msg/detail/lane_let__rosidl_typesupport_introspection_c.h
[0.685s] -- Up-to-date: /home/hankyeolyu/vilab/VILAB_PANEL/install/drive_msgs/include/drive_msgs/drive_msgs/msg/detail/vehicle_state__rosidl_typesupport_introspection_c.h
[0.685s] -- Up-to-date: /home/hankyeolyu/vilab/VILAB_PANEL/install/drive_msgs/include/drive_msgs/drive_msgs/msg/detail/actuator__rosidl_typesupport_introspection_c.h
[0.685s] -- Up-to-date: /home/hankyeolyu/vilab/VILAB_PANEL/install/drive_msgs/include/drive_msgs/drive_msgs/msg/detail/can_output__rosidl_typesupport_introspection_c.h
[0.685s] -- Up-to-date: /home/hankyeolyu/vilab/VILAB_PANEL/install/drive_msgs/include/drive_msgs/drive_msgs/msg/detail/user_input__rosidl_typesupport_introspection_c.h
[0.685s] -- Up-to-date: /home/hankyeolyu/vilab/VILAB_PANEL/install/drive_msgs/include/drive_msgs/drive_msgs/msg/detail/system_status__type_support.c
[0.685s] -- Up-to-date: /home/hankyeolyu/vilab/VILAB_PANEL/install/drive_msgs/include/drive_msgs/drive_msgs/msg/detail/can_input__rosidl_typesupport_introspection_c.h
[0.685s] -- Up-to-date: /home/hankyeolyu/vilab/VILAB_PANEL/install/drive_msgs/include/drive_msgs/drive_msgs/msg/detail/lane_data__type_support.c
[0.685s] -- Up-to-date: /home/hankyeolyu/vilab/VILAB_PANEL/install/drive_msgs/include/drive_msgs/drive_msgs/msg/detail/object_info__type_support.c
[0.685s] -- Up-to-date: /home/hankyeolyu/vilab/VILAB_PANEL/install/drive_msgs/include/drive_msgs/drive_msgs/msg/detail/object_info__rosidl_typesupport_introspection_c.h
[0.685s] -- Up-to-date: /home/hankyeolyu/vilab/VILAB_PANEL/install/drive_msgs/include/drive_msgs/drive_msgs/msg/detail/sensor_data__type_support.c
[0.686s] -- Up-to-date: /home/hankyeolyu/vilab/VILAB_PANEL/install/drive_msgs/include/drive_msgs/drive_msgs/msg/detail/can_output__type_support.c
[0.686s] -- Up-to-date: /home/hankyeolyu/vilab/VILAB_PANEL/install/drive_msgs/include/drive_msgs/drive_msgs/msg/detail/detection_data__type_support.c
[0.686s] -- Up-to-date: /home/hankyeolyu/vilab/VILAB_PANEL/install/drive_msgs/include/drive_msgs/drive_msgs/msg/detail/lane_let__type_support.c
[0.686s] -- Up-to-date: /home/hankyeolyu/vilab/VILAB_PANEL/install/drive_msgs/include/drive_msgs/drive_msgs/msg/detail/system_status__rosidl_typesupport_introspection_c.h
[0.686s] -- Up-to-date: /home/hankyeolyu/vilab/VILAB_PANEL/install/drive_msgs/include/drive_msgs/drive_msgs/msg/detail/vehicle_state__type_support.c
[0.686s] -- Up-to-date: /home/hankyeolyu/vilab/VILAB_PANEL/install/drive_msgs/include/drive_msgs/drive_msgs/msg/detail/navigation_data__rosidl_typesupport_introspection_c.h
[0.686s] -- Up-to-date: /home/hankyeolyu/vilab/VILAB_PANEL/install/drive_msgs/include/drive_msgs/drive_msgs/msg/detail/sensor_data__rosidl_typesupport_introspection_c.h
[0.686s] -- Up-to-date: /home/hankyeolyu/vilab/VILAB_PANEL/install/drive_msgs/include/drive_msgs/drive_msgs/msg/detail/navigation_data__type_support.c
[0.686s] -- Up-to-date: /home/hankyeolyu/vilab/VILAB_PANEL/install/drive_msgs/include/drive_msgs/drive_msgs/msg/detail/detection_data__rosidl_typesupport_introspection_c.h
[0.686s] -- Up-to-date: /home/hankyeolyu/vilab/VILAB_PANEL/install/drive_msgs/include/drive_msgs/drive_msgs/msg/detail/can_input__type_support.c
[0.686s] -- Up-to-date: /home/hankyeolyu/vilab/VILAB_PANEL/install/drive_msgs/include/drive_msgs/drive_msgs/msg/detail/actuator__type_support.c
[0.686s] -- Up-to-date: /home/hankyeolyu/vilab/VILAB_PANEL/install/drive_msgs/include/drive_msgs/drive_msgs/msg/rosidl_typesupport_introspection_c__visibility_control.h
[0.686s] -- Up-to-date: /home/hankyeolyu/vilab/VILAB_PANEL/install/drive_msgs/lib/libdrive_msgs__rosidl_typesupport_introspection_c.so
[0.686s] -- Up-to-date: /home/hankyeolyu/vilab/VILAB_PANEL/install/drive_msgs/lib/libdrive_msgs__rosidl_typesupport_c.so
[0.686s] -- Up-to-date: /home/hankyeolyu/vilab/VILAB_PANEL/install/drive_msgs/include/drive_msgs/drive_msgs
[0.686s] -- Up-to-date: /home/hankyeolyu/vilab/VILAB_PANEL/install/drive_msgs/include/drive_msgs/drive_msgs/msg
[0.686s] -- Up-to-date: /home/hankyeolyu/vilab/VILAB_PANEL/install/drive_msgs/include/drive_msgs/drive_msgs/msg/detail
[0.687s] -- Up-to-date: /home/hankyeolyu/vilab/VILAB_PANEL/install/drive_msgs/include/drive_msgs/drive_msgs/msg/detail/detection_data__type_support.cpp
[0.687s] -- Up-to-date: /home/hankyeolyu/vilab/VILAB_PANEL/install/drive_msgs/include/drive_msgs/drive_msgs/msg/detail/navigation_data__type_support.cpp
[0.687s] -- Up-to-date: /home/hankyeolyu/vilab/VILAB_PANEL/install/drive_msgs/include/drive_msgs/drive_msgs/msg/detail/object_info__rosidl_typesupport_introspection_cpp.hpp
[0.687s] -- Up-to-date: /home/hankyeolyu/vilab/VILAB_PANEL/install/drive_msgs/include/drive_msgs/drive_msgs/msg/detail/lane_let__rosidl_typesupport_introspection_cpp.hpp
[0.687s] -- Up-to-date: /home/hankyeolyu/vilab/VILAB_PANEL/install/drive_msgs/include/drive_msgs/drive_msgs/msg/detail/sensor_data__type_support.cpp
[0.687s] -- Up-to-date: /home/hankyeolyu/vilab/VILAB_PANEL/install/drive_msgs/include/drive_msgs/drive_msgs/msg/detail/user_input__type_support.cpp
[0.687s] -- Up-to-date: /home/hankyeolyu/vilab/VILAB_PANEL/install/drive_msgs/include/drive_msgs/drive_msgs/msg/detail/can_input__rosidl_typesupport_introspection_cpp.hpp
[0.687s] -- Up-to-date: /home/hankyeolyu/vilab/VILAB_PANEL/install/drive_msgs/include/drive_msgs/drive_msgs/msg/detail/actuator__type_support.cpp
[0.687s] -- Up-to-date: /home/hankyeolyu/vilab/VILAB_PANEL/install/drive_msgs/include/drive_msgs/drive_msgs/msg/detail/can_input__type_support.cpp
[0.687s] -- Up-to-date: /home/hankyeolyu/vilab/VILAB_PANEL/install/drive_msgs/include/drive_msgs/drive_msgs/msg/detail/system_status__type_support.cpp
[0.687s] -- Up-to-date: /home/hankyeolyu/vilab/VILAB_PANEL/install/drive_msgs/include/drive_msgs/drive_msgs/msg/detail/detection_data__rosidl_typesupport_introspection_cpp.hpp
[0.687s] -- Up-to-date: /home/hankyeolyu/vilab/VILAB_PANEL/install/drive_msgs/include/drive_msgs/drive_msgs/msg/detail/sensor_data__rosidl_typesupport_introspection_cpp.hpp
[0.687s] -- Up-to-date: /home/hankyeolyu/vilab/VILAB_PANEL/install/drive_msgs/include/drive_msgs/drive_msgs/msg/detail/vehicle_state__rosidl_typesupport_introspection_cpp.hpp
[0.687s] -- Up-to-date: /home/hankyeolyu/vilab/VILAB_PANEL/install/drive_msgs/include/drive_msgs/drive_msgs/msg/detail/navigation_data__rosidl_typesupport_introspection_cpp.hpp
[0.687s] -- Up-to-date: /home/hankyeolyu/vilab/VILAB_PANEL/install/drive_msgs/include/drive_msgs/drive_msgs/msg/detail/lane_let__type_support.cpp
[0.687s] -- Up-to-date: /home/hankyeolyu/vilab/VILAB_PANEL/install/drive_msgs/include/drive_msgs/drive_msgs/msg/detail/object_info__type_support.cpp
[0.687s] -- Up-to-date: /home/hankyeolyu/vilab/VILAB_PANEL/install/drive_msgs/include/drive_msgs/drive_msgs/msg/detail/vehicle_state__type_support.cpp
[0.688s] -- Up-to-date: /home/hankyeolyu/vilab/VILAB_PANEL/install/drive_msgs/include/drive_msgs/drive_msgs/msg/detail/can_output__rosidl_typesupport_introspection_cpp.hpp
[0.688s] -- Up-to-date: /home/hankyeolyu/vilab/VILAB_PANEL/install/drive_msgs/include/drive_msgs/drive_msgs/msg/detail/lane_data__rosidl_typesupport_introspection_cpp.hpp
[0.688s] -- Up-to-date: /home/hankyeolyu/vilab/VILAB_PANEL/install/drive_msgs/include/drive_msgs/drive_msgs/msg/detail/system_status__rosidl_typesupport_introspection_cpp.hpp
[0.688s] -- Up-to-date: /home/hankyeolyu/vilab/VILAB_PANEL/install/drive_msgs/include/drive_msgs/drive_msgs/msg/detail/actuator__rosidl_typesupport_introspection_cpp.hpp
[0.688s] -- Up-to-date: /home/hankyeolyu/vilab/VILAB_PANEL/install/drive_msgs/include/drive_msgs/drive_msgs/msg/detail/lane_data__type_support.cpp
[0.688s] -- Up-to-date: /home/hankyeolyu/vilab/VILAB_PANEL/install/drive_msgs/include/drive_msgs/drive_msgs/msg/detail/user_input__rosidl_typesupport_introspection_cpp.hpp
[0.688s] -- Up-to-date: /home/hankyeolyu/vilab/VILAB_PANEL/install/drive_msgs/include/drive_msgs/drive_msgs/msg/detail/can_output__type_support.cpp
[0.688s] -- Up-to-date: /home/hankyeolyu/vilab/VILAB_PANEL/install/drive_msgs/lib/libdrive_msgs__rosidl_typesupport_introspection_cpp.so
[0.688s] -- Up-to-date: /home/hankyeolyu/vilab/VILAB_PANEL/install/drive_msgs/lib/libdrive_msgs__rosidl_typesupport_cpp.so
[0.688s] -- Up-to-date: /home/hankyeolyu/vilab/VILAB_PANEL/install/drive_msgs/share/drive_msgs/environment/pythonpath.sh
[0.688s] -- Up-to-date: /home/hankyeolyu/vilab/VILAB_PANEL/install/drive_msgs/share/drive_msgs/environment/pythonpath.dsv
[0.688s] -- Up-to-date: /home/hankyeolyu/vilab/VILAB_PANEL/install/drive_msgs/local/lib/python3.10/dist-packages/drive_msgs-0.1.0-py3.10.egg-info
[0.688s] -- Installing: /home/hankyeolyu/vilab/VILAB_PANEL/install/drive_msgs/local/lib/python3.10/dist-packages/drive_msgs-0.1.0-py3.10.egg-info/dependency_links.txt
[0.689s] -- Installing: /home/hankyeolyu/vilab/VILAB_PANEL/install/drive_msgs/local/lib/python3.10/dist-packages/drive_msgs-0.1.0-py3.10.egg-info/top_level.txt
[0.689s] -- Installing: /home/hankyeolyu/vilab/VILAB_PANEL/install/drive_msgs/local/lib/python3.10/dist-packages/drive_msgs-0.1.0-py3.10.egg-info/SOURCES.txt
[0.689s] -- Installing: /home/hankyeolyu/vilab/VILAB_PANEL/install/drive_msgs/local/lib/python3.10/dist-packages/drive_msgs-0.1.0-py3.10.egg-info/PKG-INFO
[0.689s] -- Up-to-date: /home/hankyeolyu/vilab/VILAB_PANEL/install/drive_msgs/local/lib/python3.10/dist-packages/drive_msgs
[0.689s] -- Up-to-date: /home/hankyeolyu/vilab/VILAB_PANEL/install/drive_msgs/local/lib/python3.10/dist-packages/drive_msgs/drive_msgs_s__rosidl_typesupport_c.cpython-310-x86_64-linux-gnu.so
[0.689s] -- Up-to-date: /home/hankyeolyu/vilab/VILAB_PANEL/install/drive_msgs/local/lib/python3.10/dist-packages/drive_msgs/libdrive_msgs__rosidl_generator_py.so
[0.689s] -- Up-to-date: /home/hankyeolyu/vilab/VILAB_PANEL/install/drive_msgs/local/lib/python3.10/dist-packages/drive_msgs/__init__.py
[0.689s] -- Up-to-date: /home/hankyeolyu/vilab/VILAB_PANEL/install/drive_msgs/local/lib/python3.10/dist-packages/drive_msgs/drive_msgs_s__rosidl_typesupport_introspection_c.cpython-310-x86_64-linux-gnu.so
[0.689s] -- Up-to-date: /home/hankyeolyu/vilab/VILAB_PANEL/install/drive_msgs/local/lib/python3.10/dist-packages/drive_msgs/_drive_msgs_s.ep.rosidl_typesupport_introspection_c.c
[0.689s] -- Up-to-date: /home/hankyeolyu/vilab/VILAB_PANEL/install/drive_msgs/local/lib/python3.10/dist-packages/drive_msgs/drive_msgs_s__rosidl_typesupport_fastrtps_c.cpython-310-x86_64-linux-gnu.so
[0.689s] -- Up-to-date: /home/hankyeolyu/vilab/VILAB_PANEL/install/drive_msgs/local/lib/python3.10/dist-packages/drive_msgs/msg
[0.689s] -- Up-to-date: /home/hankyeolyu/vilab/VILAB_PANEL/install/drive_msgs/local/lib/python3.10/dist-packages/drive_msgs/msg/_lane_let.py
[0.689s] -- Up-to-date: /home/hankyeolyu/vilab/VILAB_PANEL/install/drive_msgs/local/lib/python3.10/dist-packages/drive_msgs/msg/_vehicle_state_s.c
[0.689s] -- Up-to-date: /home/hankyeolyu/vilab/VILAB_PANEL/install/drive_msgs/local/lib/python3.10/dist-packages/drive_msgs/msg/_system_status_s.c
[0.689s] -- Up-to-date: /home/hankyeolyu/vilab/VILAB_PANEL/install/drive_msgs/local/lib/python3.10/dist-packages/drive_msgs/msg/_system_status.py
[0.689s] -- Up-to-date: /home/hankyeolyu/vilab/VILAB_PANEL/install/drive_msgs/local/lib/python3.10/dist-packages/drive_msgs/msg/_detection_data_s.c
[0.689s] -- Up-to-date: /home/hankyeolyu/vilab/VILAB_PANEL/install/drive_msgs/local/lib/python3.10/dist-packages/drive_msgs/msg/_actuator.py
[0.690s] -- Up-to-date: /home/hankyeolyu/vilab/VILAB_PANEL/install/drive_msgs/local/lib/python3.10/dist-packages/drive_msgs/msg/_lane_let_s.c
[0.690s] -- Up-to-date: /home/hankyeolyu/vilab/VILAB_PANEL/install/drive_msgs/local/lib/python3.10/dist-packages/drive_msgs/msg/_vehicle_state.py
[0.690s] -- Up-to-date: /home/hankyeolyu/vilab/VILAB_PANEL/install/drive_msgs/local/lib/python3.10/dist-packages/drive_msgs/msg/_lane_data_s.c
[0.690s] -- Up-to-date: /home/hankyeolyu/vilab/VILAB_PANEL/install/drive_msgs/local/lib/python3.10/dist-packages/drive_msgs/msg/_sensor_data_s.c
[0.690s] -- Up-to-date: /home/hankyeolyu/vilab/VILAB_PANEL/install/drive_msgs/local/lib/python3.10/dist-packages/drive_msgs/msg/__init__.py
[0.690s] -- Up-to-date: /home/hankyeolyu/vilab/VILAB_PANEL/install/drive_msgs/local/lib/python3.10/dist-packages/drive_msgs/msg/_can_input_s.c
[0.690s] -- Up-to-date: /home/hankyeolyu/vilab/VILAB_PANEL/install/drive_msgs/local/lib/python3.10/dist-packages/drive_msgs/msg/_navigation_data.py
[0.690s] -- Up-to-date: /home/hankyeolyu/vilab/VILAB_PANEL/install/drive_msgs/local/lib/python3.10/dist-packages/drive_msgs/msg/_user_input_s.c
[0.690s] -- Up-to-date: /home/hankyeolyu/vilab/VILAB_PANEL/install/drive_msgs/local/lib/python3.10/dist-packages/drive_msgs/msg/_can_input.py
[0.690s] -- Up-to-date: /home/hankyeolyu/vilab/VILAB_PANEL/install/drive_msgs/local/lib/python3.10/dist-packages/drive_msgs/msg/_object_info.py
[0.690s] -- Up-to-date: /home/hankyeolyu/vilab/VILAB_PANEL/install/drive_msgs/local/lib/python3.10/dist-packages/drive_msgs/msg/_can_output.py
[0.690s] -- Up-to-date: /home/hankyeolyu/vilab/VILAB_PANEL/install/drive_msgs/local/lib/python3.10/dist-packages/drive_msgs/msg/_navigation_data_s.c
[0.690s] -- Up-to-date: /home/hankyeolyu/vilab/VILAB_PANEL/install/drive_msgs/local/lib/python3.10/dist-packages/drive_msgs/msg/_detection_data.py
[0.690s] -- Up-to-date: /home/hankyeolyu/vilab/VILAB_PANEL/install/drive_msgs/local/lib/python3.10/dist-packages/drive_msgs/msg/_actuator_s.c
[0.690s] -- Up-to-date: /home/hankyeolyu/vilab/VILAB_PANEL/install/drive_msgs/local/lib/python3.10/dist-packages/drive_msgs/msg/_user_input.py
[0.690s] -- Up-to-date: /home/hankyeolyu/vilab/VILAB_PANEL/install/drive_msgs/local/lib/python3.10/dist-packages/drive_msgs/msg/_lane_data.py
[0.690s] -- Up-to-date: /home/hankyeolyu/vilab/VILAB_PANEL/install/drive_msgs/local/lib/python3.10/dist-packages/drive_msgs/msg/_can_output_s.c
[0.691s] -- Up-to-date: /home/hankyeolyu/vilab/VILAB_PANEL/install/drive_msgs/local/lib/python3.10/dist-packages/drive_msgs/msg/_sensor_data.py
[0.691s] -- Up-to-date: /home/hankyeolyu/vilab/VILAB_PANEL/install/drive_msgs/local/lib/python3.10/dist-packages/drive_msgs/msg/_object_info_s.c
[0.691s] -- Up-to-date: /home/hankyeolyu/vilab/VILAB_PANEL/install/drive_msgs/local/lib/python3.10/dist-packages/drive_msgs/_drive_msgs_s.ep.rosidl_typesupport_c.c
[0.691s] -- Up-to-date: /home/hankyeolyu/vilab/VILAB_PANEL/install/drive_msgs/local/lib/python3.10/dist-packages/drive_msgs/_drive_msgs_s.ep.rosidl_typesupport_fastrtps_c.c
[0.710s] Listing '/home/hankyeolyu/vilab/VILAB_PANEL/install/drive_msgs/local/lib/python3.10/dist-packages/drive_msgs'...
[0.710s] Listing '/home/hankyeolyu/vilab/VILAB_PANEL/install/drive_msgs/local/lib/python3.10/dist-packages/drive_msgs/msg'...
[0.714s] -- Up-to-date: /home/hankyeolyu/vilab/VILAB_PANEL/install/drive_msgs/local/lib/python3.10/dist-packages/drive_msgs/drive_msgs_s__rosidl_typesupport_fastrtps_c.cpython-310-x86_64-linux-gnu.so
[0.714s] -- Up-to-date: /home/hankyeolyu/vilab/VILAB_PANEL/install/drive_msgs/local/lib/python3.10/dist-packages/drive_msgs/drive_msgs_s__rosidl_typesupport_introspection_c.cpython-310-x86_64-linux-gnu.so
[0.714s] -- Up-to-date: /home/hankyeolyu/vilab/VILAB_PANEL/install/drive_msgs/local/lib/python3.10/dist-packages/drive_msgs/drive_msgs_s__rosidl_typesupport_c.cpython-310-x86_64-linux-gnu.so
[0.715s] -- Up-to-date: /home/hankyeolyu/vilab/VILAB_PANEL/install/drive_msgs/lib/libdrive_msgs__rosidl_generator_py.so
[0.715s] -- Up-to-date: /home/hankyeolyu/vilab/VILAB_PANEL/install/drive_msgs/share/drive_msgs/msg/Actuator.idl
[0.715s] -- Up-to-date: /home/hankyeolyu/vilab/VILAB_PANEL/install/drive_msgs/share/drive_msgs/msg/ObjectInfo.idl
[0.716s] -- Up-to-date: /home/hankyeolyu/vilab/VILAB_PANEL/install/drive_msgs/share/drive_msgs/msg/DetectionData.idl
[0.716s] -- Up-to-date: /home/hankyeolyu/vilab/VILAB_PANEL/install/drive_msgs/share/drive_msgs/msg/NavigationData.idl
[0.716s] -- Up-to-date: /home/hankyeolyu/vilab/VILAB_PANEL/install/drive_msgs/share/drive_msgs/msg/VehicleState.idl
[0.716s] -- Up-to-date: /home/hankyeolyu/vilab/VILAB_PANEL/install/drive_msgs/share/drive_msgs/msg/CANInput.idl
[0.716s] -- Up-to-date: /home/hankyeolyu/vilab/VILAB_PANEL/install/drive_msgs/share/drive_msgs/msg/LaneData.idl
[0.716s] -- Up-to-date: /home/hankyeolyu/vilab/VILAB_PANEL/install/drive_msgs/share/drive_msgs/msg/SensorData.idl
[0.716s] -- Up-to-date: /home/hankyeolyu/vilab/VILAB_PANEL/install/drive_msgs/share/drive_msgs/msg/CANOutput.idl
[0.716s] -- Up-to-date: /home/hankyeolyu/vilab/VILAB_PANEL/install/drive_msgs/share/drive_msgs/msg/LaneLet.idl
[0.716s] -- Up-to-date: /home/hankyeolyu/vilab/VILAB_PANEL/install/drive_msgs/share/drive_msgs/msg/UserInput.idl
[0.716s] -- Up-to-date: /home/hankyeolyu/vilab/VILAB_PANEL/install/drive_msgs/share/drive_msgs/msg/SystemStatus.idl
[0.716s] -- Up-to-date: /home/hankyeolyu/vilab/VILAB_PANEL/install/drive_msgs/share/drive_msgs/msg/Actuator.msg
[0.717s] -- Up-to-date: /home/hankyeolyu/vilab/VILAB_PANEL/install/drive_msgs/share/drive_msgs/msg/ObjectInfo.msg
[0.717s] -- Up-to-date: /home/hankyeolyu/vilab/VILAB_PANEL/install/drive_msgs/share/drive_msgs/msg/DetectionData.msg
[0.717s] -- Up-to-date: /home/hankyeolyu/vilab/VILAB_PANEL/install/drive_msgs/share/drive_msgs/msg/NavigationData.msg
[0.717s] -- Up-to-date: /home/hankyeolyu/vilab/VILAB_PANEL/install/drive_msgs/share/drive_msgs/msg/VehicleState.msg
[0.717s] -- Up-to-date: /home/hankyeolyu/vilab/VILAB_PANEL/install/drive_msgs/share/drive_msgs/msg/CANInput.msg
[0.717s] -- Up-to-date: /home/hankyeolyu/vilab/VILAB_PANEL/install/drive_msgs/share/drive_msgs/msg/LaneData.msg
[0.717s] -- Up-to-date: /home/hankyeolyu/vilab/VILAB_PANEL/install/drive_msgs/share/drive_msgs/msg/SensorData.msg
[0.717s] -- Up-to-date: /home/hankyeolyu/vilab/VILAB_PANEL/install/drive_msgs/share/drive_msgs/msg/CANOutput.msg
[0.717s] -- Up-to-date: /home/hankyeolyu/vilab/VILAB_PANEL/install/drive_msgs/share/drive_msgs/msg/LaneLet.msg
[0.717s] -- Up-to-date: /home/hankyeolyu/vilab/VILAB_PANEL/install/drive_msgs/share/drive_msgs/msg/UserInput.msg
[0.717s] -- Up-to-date: /home/hankyeolyu/vilab/VILAB_PANEL/install/drive_msgs/share/drive_msgs/msg/SystemStatus.msg
[0.717s] -- Up-to-date: /home/hankyeolyu/vilab/VILAB_PANEL/install/drive_msgs/share/ament_index/resource_index/package_run_dependencies/drive_msgs
[0.717s] -- Up-to-date: /home/hankyeolyu/vilab/VILAB_PANEL/install/drive_msgs/share/ament_index/resource_index/parent_prefix_path/drive_msgs
[0.717s] -- Up-to-date: /home/hankyeolyu/vilab/VILAB_PANEL/install/drive_msgs/share/drive_msgs/environment/ament_prefix_path.sh
[0.717s] -- Up-to-date: /home/hankyeolyu/vilab/VILAB_PANEL/install/drive_msgs/share/drive_msgs/environment/ament_prefix_path.dsv
[0.718s] -- Up-to-date: /home/hankyeolyu/vilab/VILAB_PANEL/install/drive_msgs/share/drive_msgs/environment/path.sh
[0.718s] -- Up-to-date: /home/hankyeolyu/vilab/VILAB_PANEL/install/drive_msgs/share/drive_msgs/environment/path.dsv
[0.718s] -- Up-to-date: /home/hankyeolyu/vilab/VILAB_PANEL/install/drive_msgs/share/drive_msgs/local_setup.bash
[0.718s] -- Up-to-date: /home/hankyeolyu/vilab/VILAB_PANEL/install/drive_msgs/share/drive_msgs/local_setup.sh
[0.718s] -- Up-to-date: /home/hankyeolyu/vilab/VILAB_PANEL/install/drive_msgs/share/drive_msgs/local_setup.zsh
[0.718s] -- Up-to-date: /home/hankyeolyu/vilab/VILAB_PANEL/install/drive_msgs/share/drive_msgs/local_setup.dsv
[0.718s] -- Installing: /home/hankyeolyu/vilab/VILAB_PANEL/install/drive_msgs/share/drive_msgs/package.dsv
[0.718s] -- Up-to-date: /home/hankyeolyu/vilab/VILAB_PANEL/install/drive_msgs/share/ament_index/resource_index/packages/drive_msgs
[0.718s] -- Up-to-date: /home/hankyeolyu/vilab/VILAB_PANEL/install/drive_msgs/share/drive_msgs/cmake/export_drive_msgs__rosidl_generator_cExport.cmake
[0.718s] -- Up-to-date: /home/hankyeolyu/vilab/VILAB_PANEL/install/drive_msgs/share/drive_msgs/cmake/export_drive_msgs__rosidl_generator_cExport-noconfig.cmake
[0.718s] -- Up-to-date: /home/hankyeolyu/vilab/VILAB_PANEL/install/drive_msgs/share/drive_msgs/cmake/export_drive_msgs__rosidl_typesupport_fastrtps_cExport.cmake
[0.718s] -- Up-to-date: /home/hankyeolyu/vilab/VILAB_PANEL/install/drive_msgs/share/drive_msgs/cmake/export_drive_msgs__rosidl_typesupport_fastrtps_cExport-noconfig.cmake
[0.718s] -- Up-to-date: /home/hankyeolyu/vilab/VILAB_PANEL/install/drive_msgs/share/drive_msgs/cmake/export_drive_msgs__rosidl_generator_cppExport.cmake
[0.719s] -- Up-to-date: /home/hankyeolyu/vilab/VILAB_PANEL/install/drive_msgs/share/drive_msgs/cmake/export_drive_msgs__rosidl_typesupport_fastrtps_cppExport.cmake
[0.719s] -- Up-to-date: /home/hankyeolyu/vilab/VILAB_PANEL/install/drive_msgs/share/drive_msgs/cmake/export_drive_msgs__rosidl_typesupport_fastrtps_cppExport-noconfig.cmake
[0.719s] -- Up-to-date: /home/hankyeolyu/vilab/VILAB_PANEL/install/drive_msgs/share/drive_msgs/cmake/drive_msgs__rosidl_typesupport_introspection_cExport.cmake
[0.719s] -- Up-to-date: /home/hankyeolyu/vilab/VILAB_PANEL/install/drive_msgs/share/drive_msgs/cmake/drive_msgs__rosidl_typesupport_introspection_cExport-noconfig.cmake
[0.719s] -- Up-to-date: /home/hankyeolyu/vilab/VILAB_PANEL/install/drive_msgs/share/drive_msgs/cmake/drive_msgs__rosidl_typesupport_cExport.cmake
[0.719s] -- Up-to-date: /home/hankyeolyu/vilab/VILAB_PANEL/install/drive_msgs/share/drive_msgs/cmake/drive_msgs__rosidl_typesupport_cExport-noconfig.cmake
[0.719s] -- Up-to-date: /home/hankyeolyu/vilab/VILAB_PANEL/install/drive_msgs/share/drive_msgs/cmake/drive_msgs__rosidl_typesupport_introspection_cppExport.cmake
[0.719s] -- Up-to-date: /home/hankyeolyu/vilab/VILAB_PANEL/install/drive_msgs/share/drive_msgs/cmake/drive_msgs__rosidl_typesupport_introspection_cppExport-noconfig.cmake
[0.719s] -- Up-to-date: /home/hankyeolyu/vilab/VILAB_PANEL/install/drive_msgs/share/drive_msgs/cmake/drive_msgs__rosidl_typesupport_cppExport.cmake
[0.719s] -- Up-to-date: /home/hankyeolyu/vilab/VILAB_PANEL/install/drive_msgs/share/drive_msgs/cmake/drive_msgs__rosidl_typesupport_cppExport-noconfig.cmake
[0.719s] -- Up-to-date: /home/hankyeolyu/vilab/VILAB_PANEL/install/drive_msgs/share/drive_msgs/cmake/export_drive_msgs__rosidl_generator_pyExport.cmake
[0.719s] -- Up-to-date: /home/hankyeolyu/vilab/VILAB_PANEL/install/drive_msgs/share/drive_msgs/cmake/export_drive_msgs__rosidl_generator_pyExport-noconfig.cmake
[0.719s] -- Up-to-date: /home/hankyeolyu/vilab/VILAB_PANEL/install/drive_msgs/share/drive_msgs/cmake/rosidl_cmake-extras.cmake
[0.719s] -- Up-to-date: /home/hankyeolyu/vilab/VILAB_PANEL/install/drive_msgs/share/drive_msgs/cmake/ament_cmake_export_dependencies-extras.cmake
[0.719s] -- Up-to-date: /home/hankyeolyu/vilab/VILAB_PANEL/install/drive_msgs/share/drive_msgs/cmake/ament_cmake_export_include_directories-extras.cmake
[0.719s] -- Up-to-date: /home/hankyeolyu/vilab/VILAB_PANEL/install/drive_msgs/share/drive_msgs/cmake/ament_cmake_export_libraries-extras.cmake
[0.719s] -- Up-to-date: /home/hankyeolyu/vilab/VILAB_PANEL/install/drive_msgs/share/drive_msgs/cmake/ament_cmake_export_targets-extras.cmake
[0.720s] -- Up-to-date: /home/hankyeolyu/vilab/VILAB_PANEL/install/drive_msgs/share/drive_msgs/cmake/rosidl_cmake_export_typesupport_targets-extras.cmake
[0.720s] -- Up-to-date: /home/hankyeolyu/vilab/VILAB_PANEL/install/drive_msgs/share/drive_msgs/cmake/rosidl_cmake_export_typesupport_libraries-extras.cmake
[0.720s] -- Up-to-date: /home/hankyeolyu/vilab/VILAB_PANEL/install/drive_msgs/share/drive_msgs/cmake/drive_msgsConfig.cmake
[0.720s] -- Up-to-date: /home/hankyeolyu/vilab/VILAB_PANEL/install/drive_msgs/share/drive_msgs/cmake/drive_msgsConfig-version.cmake
[0.720s] -- Up-to-date: /home/hankyeolyu/vilab/VILAB_PANEL/install/drive_msgs/share/drive_msgs/package.xml
[0.721s] Invoked command in '/home/hankyeolyu/vilab/VILAB_PANEL/build/drive_msgs' returned '0': CMAKE_PREFIX_PATH=${CMAKE_PREFIX_PATH}:/opt/ros/humble /usr/bin/cmake --install /home/hankyeolyu/vilab/VILAB_PANEL/build/drive_msgs
