[0.126s] DEBUG:colcon:Command line arguments: ['/usr/bin/colcon', 'build']
[0.126s] DEBUG:colcon:Parsed command line arguments: Namespace(log_base=None, log_level=None, verb_name='build', build_base='build', install_base='install', merge_install=False, symlink_install=False, test_result_base=None, continue_on_error=False, executor='parallel', parallel_workers=6, event_handlers=None, ignore_user_meta=False, metas=['./colcon.meta'], base_paths=['.'], packages_ignore=None, packages_ignore_regex=None, paths=None, packages_up_to=None, packages_up_to_regex=None, packages_above=None, packages_above_and_dependencies=None, packages_above_depth=None, packages_select_by_dep=None, packages_skip_by_dep=None, packages_skip_up_to=None, packages_select_build_failed=False, packages_skip_build_finished=False, packages_select_test_failures=False, packages_skip_test_passed=False, packages_select=None, packages_skip=None, packages_select_regex=None, packages_skip_regex=None, packages_start=None, packages_end=None, allow_overriding=[], cmake_args=None, cmake_target=None, cmake_target_skip_unavailable=False, cmake_clean_cache=False, cmake_clean_first=False, cmake_force_configure=False, ament_cmake_args=None, catkin_cmake_args=None, catkin_skip_building_tests=False, verb_parser=<colcon_defaults.argument_parser.defaults.DefaultArgumentsDecorator object at 0x720bea348f70>, verb_extension=<colcon_core.verb.build.BuildVerb object at 0x720bea4b2830>, main=<bound method BuildVerb.main of <colcon_core.verb.build.BuildVerb object at 0x720bea4b2830>>)
[0.363s] Level 1:colcon.colcon_core.package_discovery:discover_packages(colcon_meta) check parameters
[0.363s] Level 1:colcon.colcon_core.package_discovery:discover_packages(recursive) check parameters
[0.363s] Level 1:colcon.colcon_core.package_discovery:discover_packages(ignore) check parameters
[0.363s] Level 1:colcon.colcon_core.package_discovery:discover_packages(path) check parameters
[0.363s] Level 1:colcon.colcon_core.package_discovery:discover_packages(colcon_meta) discover
[0.363s] Level 1:colcon.colcon_core.package_discovery:discover_packages(recursive) discover
[0.363s] INFO:colcon.colcon_core.package_discovery:Crawling recursively for packages in '/home/hankyeolyu/vilab/VILAB_PANEL'
[0.363s] Level 1:colcon.colcon_core.package_identification:_identify(.) by extensions ['ignore', 'ignore_ament_install']
[0.363s] Level 1:colcon.colcon_core.package_identification:_identify(.) by extension 'ignore'
[0.363s] Level 1:colcon.colcon_core.package_identification:_identify(.) by extension 'ignore_ament_install'
[0.363s] Level 1:colcon.colcon_core.package_identification:_identify(.) by extensions ['colcon_pkg']
[0.363s] Level 1:colcon.colcon_core.package_identification:_identify(.) by extension 'colcon_pkg'
[0.363s] Level 1:colcon.colcon_core.package_identification:_identify(.) by extensions ['colcon_meta']
[0.363s] Level 1:colcon.colcon_core.package_identification:_identify(.) by extension 'colcon_meta'
[0.363s] Level 1:colcon.colcon_core.package_identification:_identify(.) by extensions ['ros']
[0.363s] Level 1:colcon.colcon_core.package_identification:_identify(.) by extension 'ros'
[0.373s] Level 1:colcon.colcon_core.package_identification:_identify(.) by extensions ['cmake', 'python']
[0.373s] Level 1:colcon.colcon_core.package_identification:_identify(.) by extension 'cmake'
[0.373s] Level 1:colcon.colcon_core.package_identification:_identify(.) by extension 'python'
[0.373s] Level 1:colcon.colcon_core.package_identification:_identify(.) by extensions ['python_setup_py']
[0.374s] Level 1:colcon.colcon_core.package_identification:_identify(.) by extension 'python_setup_py'
[0.374s] Level 1:colcon.colcon_core.package_identification:_identify(build) by extensions ['ignore', 'ignore_ament_install']
[0.374s] Level 1:colcon.colcon_core.package_identification:_identify(build) by extension 'ignore'
[0.374s] Level 1:colcon.colcon_core.package_identification:_identify(build) ignored
[0.374s] Level 1:colcon.colcon_core.package_identification:_identify(install) by extensions ['ignore', 'ignore_ament_install']
[0.374s] Level 1:colcon.colcon_core.package_identification:_identify(install) by extension 'ignore'
[0.374s] Level 1:colcon.colcon_core.package_identification:_identify(install) ignored
[0.374s] Level 1:colcon.colcon_core.package_identification:_identify(log) by extensions ['ignore', 'ignore_ament_install']
[0.374s] Level 1:colcon.colcon_core.package_identification:_identify(log) by extension 'ignore'
[0.374s] Level 1:colcon.colcon_core.package_identification:_identify(log) ignored
[0.374s] Level 1:colcon.colcon_core.package_identification:_identify(src) by extensions ['ignore', 'ignore_ament_install']
[0.374s] Level 1:colcon.colcon_core.package_identification:_identify(src) by extension 'ignore'
[0.374s] Level 1:colcon.colcon_core.package_identification:_identify(src) by extension 'ignore_ament_install'
[0.375s] Level 1:colcon.colcon_core.package_identification:_identify(src) by extensions ['colcon_pkg']
[0.375s] Level 1:colcon.colcon_core.package_identification:_identify(src) by extension 'colcon_pkg'
[0.375s] Level 1:colcon.colcon_core.package_identification:_identify(src) by extensions ['colcon_meta']
[0.375s] Level 1:colcon.colcon_core.package_identification:_identify(src) by extension 'colcon_meta'
[0.375s] Level 1:colcon.colcon_core.package_identification:_identify(src) by extensions ['ros']
[0.375s] Level 1:colcon.colcon_core.package_identification:_identify(src) by extension 'ros'
[0.375s] Level 1:colcon.colcon_core.package_identification:_identify(src) by extensions ['cmake', 'python']
[0.375s] Level 1:colcon.colcon_core.package_identification:_identify(src) by extension 'cmake'
[0.375s] Level 1:colcon.colcon_core.package_identification:_identify(src) by extension 'python'
[0.375s] Level 1:colcon.colcon_core.package_identification:_identify(src) by extensions ['python_setup_py']
[0.375s] Level 1:colcon.colcon_core.package_identification:_identify(src) by extension 'python_setup_py'
[0.375s] Level 1:colcon.colcon_core.package_identification:_identify(src/drive_msgs) by extensions ['ignore', 'ignore_ament_install']
[0.375s] Level 1:colcon.colcon_core.package_identification:_identify(src/drive_msgs) by extension 'ignore'
[0.375s] Level 1:colcon.colcon_core.package_identification:_identify(src/drive_msgs) by extension 'ignore_ament_install'
[0.375s] Level 1:colcon.colcon_core.package_identification:_identify(src/drive_msgs) by extensions ['colcon_pkg']
[0.375s] Level 1:colcon.colcon_core.package_identification:_identify(src/drive_msgs) by extension 'colcon_pkg'
[0.375s] Level 1:colcon.colcon_core.package_identification:_identify(src/drive_msgs) by extensions ['colcon_meta']
[0.375s] Level 1:colcon.colcon_core.package_identification:_identify(src/drive_msgs) by extension 'colcon_meta'
[0.375s] Level 1:colcon.colcon_core.package_identification:_identify(src/drive_msgs) by extensions ['ros']
[0.375s] Level 1:colcon.colcon_core.package_identification:_identify(src/drive_msgs) by extension 'ros'
[0.377s] DEBUG:colcon.colcon_core.package_identification:Package 'src/drive_msgs' with type 'ros.ament_cmake' and name 'drive_msgs'
[0.378s] Level 1:colcon.colcon_core.package_identification:_identify(src/ui) by extensions ['ignore', 'ignore_ament_install']
[0.378s] Level 1:colcon.colcon_core.package_identification:_identify(src/ui) by extension 'ignore'
[0.378s] Level 1:colcon.colcon_core.package_identification:_identify(src/ui) by extension 'ignore_ament_install'
[0.378s] Level 1:colcon.colcon_core.package_identification:_identify(src/ui) by extensions ['colcon_pkg']
[0.378s] Level 1:colcon.colcon_core.package_identification:_identify(src/ui) by extension 'colcon_pkg'
[0.378s] Level 1:colcon.colcon_core.package_identification:_identify(src/ui) by extensions ['colcon_meta']
[0.378s] Level 1:colcon.colcon_core.package_identification:_identify(src/ui) by extension 'colcon_meta'
[0.378s] Level 1:colcon.colcon_core.package_identification:_identify(src/ui) by extensions ['ros']
[0.378s] Level 1:colcon.colcon_core.package_identification:_identify(src/ui) by extension 'ros'
[0.378s] Level 1:colcon.colcon_core.package_identification:_identify(src/ui) by extensions ['cmake', 'python']
[0.378s] Level 1:colcon.colcon_core.package_identification:_identify(src/ui) by extension 'cmake'
[0.378s] Level 1:colcon.colcon_core.package_identification:_identify(src/ui) by extension 'python'
[0.378s] Level 1:colcon.colcon_core.package_identification:_identify(src/ui) by extensions ['python_setup_py']
[0.378s] Level 1:colcon.colcon_core.package_identification:_identify(src/ui) by extension 'python_setup_py'
[0.378s] Level 1:colcon.colcon_core.package_identification:_identify(src/ui/__pycache__) by extensions ['ignore', 'ignore_ament_install']
[0.378s] Level 1:colcon.colcon_core.package_identification:_identify(src/ui/__pycache__) by extension 'ignore'
[0.378s] Level 1:colcon.colcon_core.package_identification:_identify(src/ui/__pycache__) by extension 'ignore_ament_install'
[0.378s] Level 1:colcon.colcon_core.package_identification:_identify(src/ui/__pycache__) by extensions ['colcon_pkg']
[0.378s] Level 1:colcon.colcon_core.package_identification:_identify(src/ui/__pycache__) by extension 'colcon_pkg'
[0.378s] Level 1:colcon.colcon_core.package_identification:_identify(src/ui/__pycache__) by extensions ['colcon_meta']
[0.379s] Level 1:colcon.colcon_core.package_identification:_identify(src/ui/__pycache__) by extension 'colcon_meta'
[0.379s] Level 1:colcon.colcon_core.package_identification:_identify(src/ui/__pycache__) by extensions ['ros']
[0.379s] Level 1:colcon.colcon_core.package_identification:_identify(src/ui/__pycache__) by extension 'ros'
[0.379s] Level 1:colcon.colcon_core.package_identification:_identify(src/ui/__pycache__) by extensions ['cmake', 'python']
[0.379s] Level 1:colcon.colcon_core.package_identification:_identify(src/ui/__pycache__) by extension 'cmake'
[0.379s] Level 1:colcon.colcon_core.package_identification:_identify(src/ui/__pycache__) by extension 'python'
[0.379s] Level 1:colcon.colcon_core.package_identification:_identify(src/ui/__pycache__) by extensions ['python_setup_py']
[0.379s] Level 1:colcon.colcon_core.package_identification:_identify(src/ui/__pycache__) by extension 'python_setup_py'
[0.379s] Level 1:colcon.colcon_core.package_identification:_identify(src/ui/config) by extensions ['ignore', 'ignore_ament_install']
[0.379s] Level 1:colcon.colcon_core.package_identification:_identify(src/ui/config) by extension 'ignore'
[0.379s] Level 1:colcon.colcon_core.package_identification:_identify(src/ui/config) by extension 'ignore_ament_install'
[0.379s] Level 1:colcon.colcon_core.package_identification:_identify(src/ui/config) by extensions ['colcon_pkg']
[0.379s] Level 1:colcon.colcon_core.package_identification:_identify(src/ui/config) by extension 'colcon_pkg'
[0.379s] Level 1:colcon.colcon_core.package_identification:_identify(src/ui/config) by extensions ['colcon_meta']
[0.379s] Level 1:colcon.colcon_core.package_identification:_identify(src/ui/config) by extension 'colcon_meta'
[0.379s] Level 1:colcon.colcon_core.package_identification:_identify(src/ui/config) by extensions ['ros']
[0.379s] Level 1:colcon.colcon_core.package_identification:_identify(src/ui/config) by extension 'ros'
[0.379s] Level 1:colcon.colcon_core.package_identification:_identify(src/ui/config) by extensions ['cmake', 'python']
[0.379s] Level 1:colcon.colcon_core.package_identification:_identify(src/ui/config) by extension 'cmake'
[0.379s] Level 1:colcon.colcon_core.package_identification:_identify(src/ui/config) by extension 'python'
[0.379s] Level 1:colcon.colcon_core.package_identification:_identify(src/ui/config) by extensions ['python_setup_py']
[0.379s] Level 1:colcon.colcon_core.package_identification:_identify(src/ui/config) by extension 'python_setup_py'
[0.380s] Level 1:colcon.colcon_core.package_identification:_identify(src/ui/forms) by extensions ['ignore', 'ignore_ament_install']
[0.380s] Level 1:colcon.colcon_core.package_identification:_identify(src/ui/forms) by extension 'ignore'
[0.380s] Level 1:colcon.colcon_core.package_identification:_identify(src/ui/forms) by extension 'ignore_ament_install'
[0.380s] Level 1:colcon.colcon_core.package_identification:_identify(src/ui/forms) by extensions ['colcon_pkg']
[0.380s] Level 1:colcon.colcon_core.package_identification:_identify(src/ui/forms) by extension 'colcon_pkg'
[0.380s] Level 1:colcon.colcon_core.package_identification:_identify(src/ui/forms) by extensions ['colcon_meta']
[0.380s] Level 1:colcon.colcon_core.package_identification:_identify(src/ui/forms) by extension 'colcon_meta'
[0.380s] Level 1:colcon.colcon_core.package_identification:_identify(src/ui/forms) by extensions ['ros']
[0.380s] Level 1:colcon.colcon_core.package_identification:_identify(src/ui/forms) by extension 'ros'
[0.380s] Level 1:colcon.colcon_core.package_identification:_identify(src/ui/forms) by extensions ['cmake', 'python']
[0.380s] Level 1:colcon.colcon_core.package_identification:_identify(src/ui/forms) by extension 'cmake'
[0.380s] Level 1:colcon.colcon_core.package_identification:_identify(src/ui/forms) by extension 'python'
[0.380s] Level 1:colcon.colcon_core.package_identification:_identify(src/ui/forms) by extensions ['python_setup_py']
[0.380s] Level 1:colcon.colcon_core.package_identification:_identify(src/ui/forms) by extension 'python_setup_py'
[0.380s] Level 1:colcon.colcon_core.package_identification:_identify(src/ui/icon) by extensions ['ignore', 'ignore_ament_install']
[0.380s] Level 1:colcon.colcon_core.package_identification:_identify(src/ui/icon) by extension 'ignore'
[0.380s] Level 1:colcon.colcon_core.package_identification:_identify(src/ui/icon) by extension 'ignore_ament_install'
[0.380s] Level 1:colcon.colcon_core.package_identification:_identify(src/ui/icon) by extensions ['colcon_pkg']
[0.380s] Level 1:colcon.colcon_core.package_identification:_identify(src/ui/icon) by extension 'colcon_pkg'
[0.380s] Level 1:colcon.colcon_core.package_identification:_identify(src/ui/icon) by extensions ['colcon_meta']
[0.381s] Level 1:colcon.colcon_core.package_identification:_identify(src/ui/icon) by extension 'colcon_meta'
[0.381s] Level 1:colcon.colcon_core.package_identification:_identify(src/ui/icon) by extensions ['ros']
[0.381s] Level 1:colcon.colcon_core.package_identification:_identify(src/ui/icon) by extension 'ros'
[0.381s] Level 1:colcon.colcon_core.package_identification:_identify(src/ui/icon) by extensions ['cmake', 'python']
[0.381s] Level 1:colcon.colcon_core.package_identification:_identify(src/ui/icon) by extension 'cmake'
[0.381s] Level 1:colcon.colcon_core.package_identification:_identify(src/ui/icon) by extension 'python'
[0.381s] Level 1:colcon.colcon_core.package_identification:_identify(src/ui/icon) by extensions ['python_setup_py']
[0.381s] Level 1:colcon.colcon_core.package_identification:_identify(src/ui/icon) by extension 'python_setup_py'
[0.381s] Level 1:colcon.colcon_core.package_identification:_identify(src/ui/libs) by extensions ['ignore', 'ignore_ament_install']
[0.381s] Level 1:colcon.colcon_core.package_identification:_identify(src/ui/libs) by extension 'ignore'
[0.381s] Level 1:colcon.colcon_core.package_identification:_identify(src/ui/libs) by extension 'ignore_ament_install'
[0.381s] Level 1:colcon.colcon_core.package_identification:_identify(src/ui/libs) by extensions ['colcon_pkg']
[0.381s] Level 1:colcon.colcon_core.package_identification:_identify(src/ui/libs) by extension 'colcon_pkg'
[0.381s] Level 1:colcon.colcon_core.package_identification:_identify(src/ui/libs) by extensions ['colcon_meta']
[0.381s] Level 1:colcon.colcon_core.package_identification:_identify(src/ui/libs) by extension 'colcon_meta'
[0.381s] Level 1:colcon.colcon_core.package_identification:_identify(src/ui/libs) by extensions ['ros']
[0.381s] Level 1:colcon.colcon_core.package_identification:_identify(src/ui/libs) by extension 'ros'
[0.381s] Level 1:colcon.colcon_core.package_identification:_identify(src/ui/libs) by extensions ['cmake', 'python']
[0.381s] Level 1:colcon.colcon_core.package_identification:_identify(src/ui/libs) by extension 'cmake'
[0.381s] Level 1:colcon.colcon_core.package_identification:_identify(src/ui/libs) by extension 'python'
[0.381s] Level 1:colcon.colcon_core.package_identification:_identify(src/ui/libs) by extensions ['python_setup_py']
[0.381s] Level 1:colcon.colcon_core.package_identification:_identify(src/ui/libs) by extension 'python_setup_py'
[0.382s] Level 1:colcon.colcon_core.package_identification:_identify(src/ui/libs/__pycache__) by extensions ['ignore', 'ignore_ament_install']
[0.382s] Level 1:colcon.colcon_core.package_identification:_identify(src/ui/libs/__pycache__) by extension 'ignore'
[0.382s] Level 1:colcon.colcon_core.package_identification:_identify(src/ui/libs/__pycache__) by extension 'ignore_ament_install'
[0.382s] Level 1:colcon.colcon_core.package_identification:_identify(src/ui/libs/__pycache__) by extensions ['colcon_pkg']
[0.382s] Level 1:colcon.colcon_core.package_identification:_identify(src/ui/libs/__pycache__) by extension 'colcon_pkg'
[0.382s] Level 1:colcon.colcon_core.package_identification:_identify(src/ui/libs/__pycache__) by extensions ['colcon_meta']
[0.382s] Level 1:colcon.colcon_core.package_identification:_identify(src/ui/libs/__pycache__) by extension 'colcon_meta'
[0.382s] Level 1:colcon.colcon_core.package_identification:_identify(src/ui/libs/__pycache__) by extensions ['ros']
[0.382s] Level 1:colcon.colcon_core.package_identification:_identify(src/ui/libs/__pycache__) by extension 'ros'
[0.382s] Level 1:colcon.colcon_core.package_identification:_identify(src/ui/libs/__pycache__) by extensions ['cmake', 'python']
[0.382s] Level 1:colcon.colcon_core.package_identification:_identify(src/ui/libs/__pycache__) by extension 'cmake'
[0.382s] Level 1:colcon.colcon_core.package_identification:_identify(src/ui/libs/__pycache__) by extension 'python'
[0.382s] Level 1:colcon.colcon_core.package_identification:_identify(src/ui/libs/__pycache__) by extensions ['python_setup_py']
[0.382s] Level 1:colcon.colcon_core.package_identification:_identify(src/ui/libs/__pycache__) by extension 'python_setup_py'
[0.382s] Level 1:colcon.colcon_core.package_identification:_identify(src/ui/rviz) by extensions ['ignore', 'ignore_ament_install']
[0.382s] Level 1:colcon.colcon_core.package_identification:_identify(src/ui/rviz) by extension 'ignore'
[0.382s] Level 1:colcon.colcon_core.package_identification:_identify(src/ui/rviz) by extension 'ignore_ament_install'
[0.382s] Level 1:colcon.colcon_core.package_identification:_identify(src/ui/rviz) by extensions ['colcon_pkg']
[0.382s] Level 1:colcon.colcon_core.package_identification:_identify(src/ui/rviz) by extension 'colcon_pkg'
[0.382s] Level 1:colcon.colcon_core.package_identification:_identify(src/ui/rviz) by extensions ['colcon_meta']
[0.382s] Level 1:colcon.colcon_core.package_identification:_identify(src/ui/rviz) by extension 'colcon_meta'
[0.383s] Level 1:colcon.colcon_core.package_identification:_identify(src/ui/rviz) by extensions ['ros']
[0.383s] Level 1:colcon.colcon_core.package_identification:_identify(src/ui/rviz) by extension 'ros'
[0.383s] Level 1:colcon.colcon_core.package_identification:_identify(src/ui/rviz) by extensions ['cmake', 'python']
[0.383s] Level 1:colcon.colcon_core.package_identification:_identify(src/ui/rviz) by extension 'cmake'
[0.383s] Level 1:colcon.colcon_core.package_identification:_identify(src/ui/rviz) by extension 'python'
[0.383s] Level 1:colcon.colcon_core.package_identification:_identify(src/ui/rviz) by extensions ['python_setup_py']
[0.383s] Level 1:colcon.colcon_core.package_identification:_identify(src/ui/rviz) by extension 'python_setup_py'
[0.383s] Level 1:colcon.colcon_core.package_identification:_identify(src/ui/utils) by extensions ['ignore', 'ignore_ament_install']
[0.383s] Level 1:colcon.colcon_core.package_identification:_identify(src/ui/utils) by extension 'ignore'
[0.383s] Level 1:colcon.colcon_core.package_identification:_identify(src/ui/utils) by extension 'ignore_ament_install'
[0.383s] Level 1:colcon.colcon_core.package_identification:_identify(src/ui/utils) by extensions ['colcon_pkg']
[0.383s] Level 1:colcon.colcon_core.package_identification:_identify(src/ui/utils) by extension 'colcon_pkg'
[0.383s] Level 1:colcon.colcon_core.package_identification:_identify(src/ui/utils) by extensions ['colcon_meta']
[0.383s] Level 1:colcon.colcon_core.package_identification:_identify(src/ui/utils) by extension 'colcon_meta'
[0.383s] Level 1:colcon.colcon_core.package_identification:_identify(src/ui/utils) by extensions ['ros']
[0.383s] Level 1:colcon.colcon_core.package_identification:_identify(src/ui/utils) by extension 'ros'
[0.383s] Level 1:colcon.colcon_core.package_identification:_identify(src/ui/utils) by extensions ['cmake', 'python']
[0.383s] Level 1:colcon.colcon_core.package_identification:_identify(src/ui/utils) by extension 'cmake'
[0.383s] Level 1:colcon.colcon_core.package_identification:_identify(src/ui/utils) by extension 'python'
[0.383s] Level 1:colcon.colcon_core.package_identification:_identify(src/ui/utils) by extensions ['python_setup_py']
[0.383s] Level 1:colcon.colcon_core.package_identification:_identify(src/ui/utils) by extension 'python_setup_py'
[0.383s] Level 1:colcon.colcon_core.package_discovery:discover_packages(recursive) using defaults
[0.384s] Level 1:colcon.colcon_core.package_discovery:discover_packages(ignore) discover
[0.384s] Level 1:colcon.colcon_core.package_discovery:discover_packages(ignore) using defaults
[0.384s] Level 1:colcon.colcon_core.package_discovery:discover_packages(path) discover
[0.384s] Level 1:colcon.colcon_core.package_discovery:discover_packages(path) using defaults
[0.401s] Level 1:colcon.colcon_core.package_discovery:discover_packages(prefix_path) check parameters
[0.401s] Level 1:colcon.colcon_core.package_discovery:discover_packages(prefix_path) discover
[0.403s] DEBUG:colcon.colcon_installed_package_information.package_discovery:Found 1 installed packages in /home/hankyeolyu/vilab/VILAB_PANEL/install
[0.405s] DEBUG:colcon.colcon_installed_package_information.package_discovery:Found 308 installed packages in /opt/ros/humble
[0.407s] Level 1:colcon.colcon_core.package_discovery:discover_packages(prefix_path) using defaults
[0.451s] Level 5:colcon.colcon_core.verb:set package 'drive_msgs' build argument 'cmake_args' from command line to 'None'
[0.451s] Level 5:colcon.colcon_core.verb:set package 'drive_msgs' build argument 'cmake_target' from command line to 'None'
[0.451s] Level 5:colcon.colcon_core.verb:set package 'drive_msgs' build argument 'cmake_target_skip_unavailable' from command line to 'False'
[0.451s] Level 5:colcon.colcon_core.verb:set package 'drive_msgs' build argument 'cmake_clean_cache' from command line to 'False'
[0.451s] Level 5:colcon.colcon_core.verb:set package 'drive_msgs' build argument 'cmake_clean_first' from command line to 'False'
[0.451s] Level 5:colcon.colcon_core.verb:set package 'drive_msgs' build argument 'cmake_force_configure' from command line to 'False'
[0.451s] Level 5:colcon.colcon_core.verb:set package 'drive_msgs' build argument 'ament_cmake_args' from command line to 'None'
[0.451s] Level 5:colcon.colcon_core.verb:set package 'drive_msgs' build argument 'catkin_cmake_args' from command line to 'None'
[0.451s] Level 5:colcon.colcon_core.verb:set package 'drive_msgs' build argument 'catkin_skip_building_tests' from command line to 'False'
[0.451s] DEBUG:colcon.colcon_core.verb:Building package 'drive_msgs' with the following arguments: {'ament_cmake_args': None, 'build_base': '/home/hankyeolyu/vilab/VILAB_PANEL/build/drive_msgs', 'catkin_cmake_args': None, 'catkin_skip_building_tests': False, 'cmake_args': None, 'cmake_clean_cache': False, 'cmake_clean_first': False, 'cmake_force_configure': False, 'cmake_target': None, 'cmake_target_skip_unavailable': False, 'install_base': '/home/hankyeolyu/vilab/VILAB_PANEL/install/drive_msgs', 'merge_install': False, 'path': '/home/hankyeolyu/vilab/VILAB_PANEL/src/drive_msgs', 'symlink_install': False, 'test_result_base': None}
[0.451s] INFO:colcon.colcon_core.executor:Executing jobs using 'parallel' executor
[0.452s] DEBUG:colcon.colcon_parallel_executor.executor.parallel:run_until_complete
[0.452s] INFO:colcon.colcon_ros.task.ament_cmake.build:Building ROS package in '/home/hankyeolyu/vilab/VILAB_PANEL/src/drive_msgs' with build type 'ament_cmake'
[0.452s] INFO:colcon.colcon_cmake.task.cmake.build:Building CMake package in '/home/hankyeolyu/vilab/VILAB_PANEL/src/drive_msgs'
[0.455s] INFO:colcon.colcon_core.plugin_system:Skipping extension 'colcon_core.shell.bat': Not used on non-Windows systems
[0.455s] INFO:colcon.colcon_core.shell:Skip shell extension 'powershell' for command environment: Not usable outside of PowerShell
[0.455s] DEBUG:colcon.colcon_core.shell:Skip shell extension 'dsv' for command environment
[0.463s] DEBUG:colcon.colcon_core.event_handler.log_command:Invoking command in '/home/hankyeolyu/vilab/VILAB_PANEL/build/drive_msgs': CMAKE_PREFIX_PATH=${CMAKE_PREFIX_PATH}:/opt/ros/humble /usr/bin/cmake --build /home/hankyeolyu/vilab/VILAB_PANEL/build/drive_msgs -- -j6 -l6
[0.801s] DEBUG:colcon.colcon_core.event_handler.log_command:Invoked command in '/home/hankyeolyu/vilab/VILAB_PANEL/build/drive_msgs' returned '0': CMAKE_PREFIX_PATH=${CMAKE_PREFIX_PATH}:/opt/ros/humble /usr/bin/cmake --build /home/hankyeolyu/vilab/VILAB_PANEL/build/drive_msgs -- -j6 -l6
[1.054s] DEBUG:colcon.colcon_core.event_handler.log_command:Invoking command in '/home/hankyeolyu/vilab/VILAB_PANEL/build/drive_msgs': CMAKE_PREFIX_PATH=${CMAKE_PREFIX_PATH}:/opt/ros/humble /usr/bin/cmake --install /home/hankyeolyu/vilab/VILAB_PANEL/build/drive_msgs
[1.108s] Level 1:colcon.colcon_core.environment:create_environment_scripts_only(drive_msgs)
[1.108s] DEBUG:colcon.colcon_core.event_handler.log_command:Invoked command in '/home/hankyeolyu/vilab/VILAB_PANEL/build/drive_msgs' returned '0': CMAKE_PREFIX_PATH=${CMAKE_PREFIX_PATH}:/opt/ros/humble /usr/bin/cmake --install /home/hankyeolyu/vilab/VILAB_PANEL/build/drive_msgs
[1.111s] Level 1:colcon.colcon_core.environment:checking '/home/hankyeolyu/vilab/VILAB_PANEL/install/drive_msgs' for CMake module files
[1.112s] Level 1:colcon.colcon_core.environment:checking '/home/hankyeolyu/vilab/VILAB_PANEL/install/drive_msgs' for CMake config files
[1.112s] Level 1:colcon.colcon_core.shell:create_environment_hook('drive_msgs', 'cmake_prefix_path')
[1.112s] INFO:colcon.colcon_core.shell:Creating environment hook '/home/hankyeolyu/vilab/VILAB_PANEL/install/drive_msgs/share/drive_msgs/hook/cmake_prefix_path.ps1'
[1.113s] INFO:colcon.colcon_core.shell:Creating environment descriptor '/home/hankyeolyu/vilab/VILAB_PANEL/install/drive_msgs/share/drive_msgs/hook/cmake_prefix_path.dsv'
[1.113s] INFO:colcon.colcon_core.shell:Creating environment hook '/home/hankyeolyu/vilab/VILAB_PANEL/install/drive_msgs/share/drive_msgs/hook/cmake_prefix_path.sh'
[1.114s] Level 1:colcon.colcon_core.environment:checking '/home/hankyeolyu/vilab/VILAB_PANEL/install/drive_msgs/lib'
[1.114s] Level 1:colcon.colcon_core.shell:create_environment_hook('drive_msgs', 'ld_library_path_lib')
[1.114s] INFO:colcon.colcon_core.shell:Creating environment hook '/home/hankyeolyu/vilab/VILAB_PANEL/install/drive_msgs/share/drive_msgs/hook/ld_library_path_lib.ps1'
[1.114s] INFO:colcon.colcon_core.shell:Creating environment descriptor '/home/hankyeolyu/vilab/VILAB_PANEL/install/drive_msgs/share/drive_msgs/hook/ld_library_path_lib.dsv'
[1.115s] INFO:colcon.colcon_core.shell:Creating environment hook '/home/hankyeolyu/vilab/VILAB_PANEL/install/drive_msgs/share/drive_msgs/hook/ld_library_path_lib.sh'
[1.115s] Level 1:colcon.colcon_core.environment:checking '/home/hankyeolyu/vilab/VILAB_PANEL/install/drive_msgs/bin'
[1.115s] Level 1:colcon.colcon_core.environment:checking '/home/hankyeolyu/vilab/VILAB_PANEL/install/drive_msgs/lib/pkgconfig/drive_msgs.pc'
[1.115s] Level 1:colcon.colcon_core.environment:checking '/home/hankyeolyu/vilab/VILAB_PANEL/install/drive_msgs/lib/python3.10/site-packages'
[1.115s] Level 1:colcon.colcon_core.environment:checking '/home/hankyeolyu/vilab/VILAB_PANEL/install/drive_msgs/bin'
[1.116s] INFO:colcon.colcon_core.shell:Creating package script '/home/hankyeolyu/vilab/VILAB_PANEL/install/drive_msgs/share/drive_msgs/package.ps1'
[1.116s] INFO:colcon.colcon_core.shell:Creating package descriptor '/home/hankyeolyu/vilab/VILAB_PANEL/install/drive_msgs/share/drive_msgs/package.dsv'
[1.117s] INFO:colcon.colcon_core.shell:Creating package script '/home/hankyeolyu/vilab/VILAB_PANEL/install/drive_msgs/share/drive_msgs/package.sh'
[1.117s] INFO:colcon.colcon_core.shell:Creating package script '/home/hankyeolyu/vilab/VILAB_PANEL/install/drive_msgs/share/drive_msgs/package.bash'
[1.118s] INFO:colcon.colcon_core.shell:Creating package script '/home/hankyeolyu/vilab/VILAB_PANEL/install/drive_msgs/share/drive_msgs/package.zsh'
[1.118s] Level 1:colcon.colcon_core.environment:create_file_with_runtime_dependencies(/home/hankyeolyu/vilab/VILAB_PANEL/install/drive_msgs/share/colcon-core/packages/drive_msgs)
[1.364s] Level 1:colcon.colcon_core.environment:create_environment_scripts_only(drive_msgs)
[1.365s] Level 1:colcon.colcon_core.environment:checking '/home/hankyeolyu/vilab/VILAB_PANEL/install/drive_msgs' for CMake module files
[1.365s] Level 1:colcon.colcon_core.environment:checking '/home/hankyeolyu/vilab/VILAB_PANEL/install/drive_msgs' for CMake config files
[1.366s] Level 1:colcon.colcon_core.shell:create_environment_hook('drive_msgs', 'cmake_prefix_path')
[1.366s] INFO:colcon.colcon_core.shell:Creating environment hook '/home/hankyeolyu/vilab/VILAB_PANEL/install/drive_msgs/share/drive_msgs/hook/cmake_prefix_path.ps1'
[1.366s] INFO:colcon.colcon_core.shell:Creating environment descriptor '/home/hankyeolyu/vilab/VILAB_PANEL/install/drive_msgs/share/drive_msgs/hook/cmake_prefix_path.dsv'
[1.367s] INFO:colcon.colcon_core.shell:Creating environment hook '/home/hankyeolyu/vilab/VILAB_PANEL/install/drive_msgs/share/drive_msgs/hook/cmake_prefix_path.sh'
[1.367s] Level 1:colcon.colcon_core.environment:checking '/home/hankyeolyu/vilab/VILAB_PANEL/install/drive_msgs/lib'
[1.367s] Level 1:colcon.colcon_core.shell:create_environment_hook('drive_msgs', 'ld_library_path_lib')
[1.367s] INFO:colcon.colcon_core.shell:Creating environment hook '/home/hankyeolyu/vilab/VILAB_PANEL/install/drive_msgs/share/drive_msgs/hook/ld_library_path_lib.ps1'
[1.368s] INFO:colcon.colcon_core.shell:Creating environment descriptor '/home/hankyeolyu/vilab/VILAB_PANEL/install/drive_msgs/share/drive_msgs/hook/ld_library_path_lib.dsv'
[1.368s] INFO:colcon.colcon_core.shell:Creating environment hook '/home/hankyeolyu/vilab/VILAB_PANEL/install/drive_msgs/share/drive_msgs/hook/ld_library_path_lib.sh'
[1.368s] Level 1:colcon.colcon_core.environment:checking '/home/hankyeolyu/vilab/VILAB_PANEL/install/drive_msgs/bin'
[1.368s] Level 1:colcon.colcon_core.environment:checking '/home/hankyeolyu/vilab/VILAB_PANEL/install/drive_msgs/lib/pkgconfig/drive_msgs.pc'
[1.368s] Level 1:colcon.colcon_core.environment:checking '/home/hankyeolyu/vilab/VILAB_PANEL/install/drive_msgs/lib/python3.10/site-packages'
[1.369s] Level 1:colcon.colcon_core.environment:checking '/home/hankyeolyu/vilab/VILAB_PANEL/install/drive_msgs/bin'
[1.369s] INFO:colcon.colcon_core.shell:Creating package script '/home/hankyeolyu/vilab/VILAB_PANEL/install/drive_msgs/share/drive_msgs/package.ps1'
[1.369s] INFO:colcon.colcon_core.shell:Creating package descriptor '/home/hankyeolyu/vilab/VILAB_PANEL/install/drive_msgs/share/drive_msgs/package.dsv'
[1.370s] INFO:colcon.colcon_core.shell:Creating package script '/home/hankyeolyu/vilab/VILAB_PANEL/install/drive_msgs/share/drive_msgs/package.sh'
[1.370s] INFO:colcon.colcon_core.shell:Creating package script '/home/hankyeolyu/vilab/VILAB_PANEL/install/drive_msgs/share/drive_msgs/package.bash'
[1.370s] INFO:colcon.colcon_core.shell:Creating package script '/home/hankyeolyu/vilab/VILAB_PANEL/install/drive_msgs/share/drive_msgs/package.zsh'
[1.371s] Level 1:colcon.colcon_core.environment:create_file_with_runtime_dependencies(/home/hankyeolyu/vilab/VILAB_PANEL/install/drive_msgs/share/colcon-core/packages/drive_msgs)
[1.371s] DEBUG:colcon.colcon_parallel_executor.executor.parallel:closing loop
[1.371s] DEBUG:colcon.colcon_parallel_executor.executor.parallel:loop closed
[1.371s] DEBUG:colcon.colcon_parallel_executor.executor.parallel:run_until_complete finished with '0'
[1.371s] DEBUG:colcon.colcon_core.event_reactor:joining thread
[1.376s] INFO:colcon.colcon_core.plugin_system:Skipping extension 'colcon_notification.desktop_notification.terminal_notifier': Not used on non-Darwin systems
[1.376s] INFO:colcon.colcon_core.plugin_system:Skipping extension 'colcon_notification.desktop_notification.win32': Not used on non-Windows systems
[1.376s] INFO:colcon.colcon_notification.desktop_notification:Sending desktop notification using 'notify2'
[1.386s] DEBUG:colcon.colcon_core.event_reactor:joined thread
[1.386s] INFO:colcon.colcon_core.shell:Creating prefix script '/home/hankyeolyu/vilab/VILAB_PANEL/install/local_setup.ps1'
[1.387s] INFO:colcon.colcon_core.shell:Creating prefix util module '/home/hankyeolyu/vilab/VILAB_PANEL/install/_local_setup_util_ps1.py'
[1.388s] INFO:colcon.colcon_core.shell:Creating prefix chain script '/home/hankyeolyu/vilab/VILAB_PANEL/install/setup.ps1'
[1.389s] INFO:colcon.colcon_core.shell:Creating prefix script '/home/hankyeolyu/vilab/VILAB_PANEL/install/local_setup.sh'
[1.389s] INFO:colcon.colcon_core.shell:Creating prefix util module '/home/hankyeolyu/vilab/VILAB_PANEL/install/_local_setup_util_sh.py'
[1.390s] INFO:colcon.colcon_core.shell:Creating prefix chain script '/home/hankyeolyu/vilab/VILAB_PANEL/install/setup.sh'
[1.391s] INFO:colcon.colcon_core.shell:Creating prefix script '/home/hankyeolyu/vilab/VILAB_PANEL/install/local_setup.bash'
[1.391s] INFO:colcon.colcon_core.shell:Creating prefix chain script '/home/hankyeolyu/vilab/VILAB_PANEL/install/setup.bash'
[1.392s] INFO:colcon.colcon_core.shell:Creating prefix script '/home/hankyeolyu/vilab/VILAB_PANEL/install/local_setup.zsh'
[1.393s] INFO:colcon.colcon_core.shell:Creating prefix chain script '/home/hankyeolyu/vilab/VILAB_PANEL/install/setup.zsh'
