[0.096s] DEBUG:colcon:Command line arguments: ['/usr/bin/colcon', 'build']
[0.096s] DEBUG:colcon:Parsed command line arguments: Namespace(log_base=None, log_level=None, verb_name='build', build_base='build', install_base='install', merge_install=False, symlink_install=False, test_result_base=None, continue_on_error=False, executor='parallel', parallel_workers=6, event_handlers=None, ignore_user_meta=False, metas=['./colcon.meta'], base_paths=['.'], packages_ignore=None, packages_ignore_regex=None, paths=None, packages_up_to=None, packages_up_to_regex=None, packages_above=None, packages_above_and_dependencies=None, packages_above_depth=None, packages_select_by_dep=None, packages_skip_by_dep=None, packages_skip_up_to=None, packages_select_build_failed=False, packages_skip_build_finished=False, packages_select_test_failures=False, packages_skip_test_passed=False, packages_select=None, packages_skip=None, packages_select_regex=None, packages_skip_regex=None, packages_start=None, packages_end=None, allow_overriding=[], cmake_args=None, cmake_target=None, cmake_target_skip_unavailable=False, cmake_clean_cache=False, cmake_clean_first=False, cmake_force_configure=False, ament_cmake_args=None, catkin_cmake_args=None, catkin_skip_building_tests=False, verb_parser=<colcon_defaults.argument_parser.defaults.DefaultArgumentsDecorator object at 0x71d4221d5510>, verb_extension=<colcon_core.verb.build.BuildVerb object at 0x71d4223a2dd0>, main=<bound method BuildVerb.main of <colcon_core.verb.build.BuildVerb object at 0x71d4223a2dd0>>)
[0.251s] Level 1:colcon.colcon_core.package_discovery:discover_packages(colcon_meta) check parameters
[0.251s] Level 1:colcon.colcon_core.package_discovery:discover_packages(recursive) check parameters
[0.251s] Level 1:colcon.colcon_core.package_discovery:discover_packages(ignore) check parameters
[0.251s] Level 1:colcon.colcon_core.package_discovery:discover_packages(path) check parameters
[0.251s] Level 1:colcon.colcon_core.package_discovery:discover_packages(colcon_meta) discover
[0.251s] Level 1:colcon.colcon_core.package_discovery:discover_packages(recursive) discover
[0.251s] INFO:colcon.colcon_core.package_discovery:Crawling recursively for packages in '/home/hankyeolyu/vilab/VILAB_PANEL'
[0.251s] Level 1:colcon.colcon_core.package_identification:_identify(.) by extensions ['ignore', 'ignore_ament_install']
[0.251s] Level 1:colcon.colcon_core.package_identification:_identify(.) by extension 'ignore'
[0.251s] Level 1:colcon.colcon_core.package_identification:_identify(.) by extension 'ignore_ament_install'
[0.252s] Level 1:colcon.colcon_core.package_identification:_identify(.) by extensions ['colcon_pkg']
[0.252s] Level 1:colcon.colcon_core.package_identification:_identify(.) by extension 'colcon_pkg'
[0.252s] Level 1:colcon.colcon_core.package_identification:_identify(.) by extensions ['colcon_meta']
[0.252s] Level 1:colcon.colcon_core.package_identification:_identify(.) by extension 'colcon_meta'
[0.252s] Level 1:colcon.colcon_core.package_identification:_identify(.) by extensions ['ros']
[0.252s] Level 1:colcon.colcon_core.package_identification:_identify(.) by extension 'ros'
[0.261s] Level 1:colcon.colcon_core.package_identification:_identify(.) by extensions ['cmake', 'python']
[0.262s] Level 1:colcon.colcon_core.package_identification:_identify(.) by extension 'cmake'
[0.262s] Level 1:colcon.colcon_core.package_identification:_identify(.) by extension 'python'
[0.262s] Level 1:colcon.colcon_core.package_identification:_identify(.) by extensions ['python_setup_py']
[0.262s] Level 1:colcon.colcon_core.package_identification:_identify(.) by extension 'python_setup_py'
[0.262s] Level 1:colcon.colcon_core.package_identification:_identify(build) by extensions ['ignore', 'ignore_ament_install']
[0.262s] Level 1:colcon.colcon_core.package_identification:_identify(build) by extension 'ignore'
[0.262s] Level 1:colcon.colcon_core.package_identification:_identify(build) ignored
[0.262s] Level 1:colcon.colcon_core.package_identification:_identify(install) by extensions ['ignore', 'ignore_ament_install']
[0.262s] Level 1:colcon.colcon_core.package_identification:_identify(install) by extension 'ignore'
[0.262s] Level 1:colcon.colcon_core.package_identification:_identify(install) ignored
[0.262s] Level 1:colcon.colcon_core.package_identification:_identify(log) by extensions ['ignore', 'ignore_ament_install']
[0.262s] Level 1:colcon.colcon_core.package_identification:_identify(log) by extension 'ignore'
[0.262s] Level 1:colcon.colcon_core.package_identification:_identify(log) ignored
[0.262s] Level 1:colcon.colcon_core.package_identification:_identify(src) by extensions ['ignore', 'ignore_ament_install']
[0.262s] Level 1:colcon.colcon_core.package_identification:_identify(src) by extension 'ignore'
[0.262s] Level 1:colcon.colcon_core.package_identification:_identify(src) by extension 'ignore_ament_install'
[0.263s] Level 1:colcon.colcon_core.package_identification:_identify(src) by extensions ['colcon_pkg']
[0.263s] Level 1:colcon.colcon_core.package_identification:_identify(src) by extension 'colcon_pkg'
[0.263s] Level 1:colcon.colcon_core.package_identification:_identify(src) by extensions ['colcon_meta']
[0.263s] Level 1:colcon.colcon_core.package_identification:_identify(src) by extension 'colcon_meta'
[0.263s] Level 1:colcon.colcon_core.package_identification:_identify(src) by extensions ['ros']
[0.263s] Level 1:colcon.colcon_core.package_identification:_identify(src) by extension 'ros'
[0.263s] Level 1:colcon.colcon_core.package_identification:_identify(src) by extensions ['cmake', 'python']
[0.263s] Level 1:colcon.colcon_core.package_identification:_identify(src) by extension 'cmake'
[0.263s] Level 1:colcon.colcon_core.package_identification:_identify(src) by extension 'python'
[0.263s] Level 1:colcon.colcon_core.package_identification:_identify(src) by extensions ['python_setup_py']
[0.263s] Level 1:colcon.colcon_core.package_identification:_identify(src) by extension 'python_setup_py'
[0.263s] Level 1:colcon.colcon_core.package_identification:_identify(src/drive_msgs) by extensions ['ignore', 'ignore_ament_install']
[0.263s] Level 1:colcon.colcon_core.package_identification:_identify(src/drive_msgs) by extension 'ignore'
[0.263s] Level 1:colcon.colcon_core.package_identification:_identify(src/drive_msgs) by extension 'ignore_ament_install'
[0.263s] Level 1:colcon.colcon_core.package_identification:_identify(src/drive_msgs) by extensions ['colcon_pkg']
[0.263s] Level 1:colcon.colcon_core.package_identification:_identify(src/drive_msgs) by extension 'colcon_pkg'
[0.263s] Level 1:colcon.colcon_core.package_identification:_identify(src/drive_msgs) by extensions ['colcon_meta']
[0.263s] Level 1:colcon.colcon_core.package_identification:_identify(src/drive_msgs) by extension 'colcon_meta'
[0.263s] Level 1:colcon.colcon_core.package_identification:_identify(src/drive_msgs) by extensions ['ros']
[0.263s] Level 1:colcon.colcon_core.package_identification:_identify(src/drive_msgs) by extension 'ros'
[0.265s] DEBUG:colcon.colcon_core.package_identification:Package 'src/drive_msgs' with type 'ros.ament_cmake' and name 'drive_msgs'
[0.265s] Level 1:colcon.colcon_core.package_identification:_identify(src/ui) by extensions ['ignore', 'ignore_ament_install']
[0.266s] Level 1:colcon.colcon_core.package_identification:_identify(src/ui) by extension 'ignore'
[0.266s] Level 1:colcon.colcon_core.package_identification:_identify(src/ui) by extension 'ignore_ament_install'
[0.266s] Level 1:colcon.colcon_core.package_identification:_identify(src/ui) by extensions ['colcon_pkg']
[0.266s] Level 1:colcon.colcon_core.package_identification:_identify(src/ui) by extension 'colcon_pkg'
[0.266s] Level 1:colcon.colcon_core.package_identification:_identify(src/ui) by extensions ['colcon_meta']
[0.266s] Level 1:colcon.colcon_core.package_identification:_identify(src/ui) by extension 'colcon_meta'
[0.266s] Level 1:colcon.colcon_core.package_identification:_identify(src/ui) by extensions ['ros']
[0.266s] Level 1:colcon.colcon_core.package_identification:_identify(src/ui) by extension 'ros'
[0.266s] Level 1:colcon.colcon_core.package_identification:_identify(src/ui) by extensions ['cmake', 'python']
[0.266s] Level 1:colcon.colcon_core.package_identification:_identify(src/ui) by extension 'cmake'
[0.266s] Level 1:colcon.colcon_core.package_identification:_identify(src/ui) by extension 'python'
[0.266s] Level 1:colcon.colcon_core.package_identification:_identify(src/ui) by extensions ['python_setup_py']
[0.266s] Level 1:colcon.colcon_core.package_identification:_identify(src/ui) by extension 'python_setup_py'
[0.266s] Level 1:colcon.colcon_core.package_identification:_identify(src/ui/__pycache__) by extensions ['ignore', 'ignore_ament_install']
[0.266s] Level 1:colcon.colcon_core.package_identification:_identify(src/ui/__pycache__) by extension 'ignore'
[0.266s] Level 1:colcon.colcon_core.package_identification:_identify(src/ui/__pycache__) by extension 'ignore_ament_install'
[0.266s] Level 1:colcon.colcon_core.package_identification:_identify(src/ui/__pycache__) by extensions ['colcon_pkg']
[0.266s] Level 1:colcon.colcon_core.package_identification:_identify(src/ui/__pycache__) by extension 'colcon_pkg'
[0.266s] Level 1:colcon.colcon_core.package_identification:_identify(src/ui/__pycache__) by extensions ['colcon_meta']
[0.266s] Level 1:colcon.colcon_core.package_identification:_identify(src/ui/__pycache__) by extension 'colcon_meta'
[0.266s] Level 1:colcon.colcon_core.package_identification:_identify(src/ui/__pycache__) by extensions ['ros']
[0.267s] Level 1:colcon.colcon_core.package_identification:_identify(src/ui/__pycache__) by extension 'ros'
[0.267s] Level 1:colcon.colcon_core.package_identification:_identify(src/ui/__pycache__) by extensions ['cmake', 'python']
[0.267s] Level 1:colcon.colcon_core.package_identification:_identify(src/ui/__pycache__) by extension 'cmake'
[0.267s] Level 1:colcon.colcon_core.package_identification:_identify(src/ui/__pycache__) by extension 'python'
[0.267s] Level 1:colcon.colcon_core.package_identification:_identify(src/ui/__pycache__) by extensions ['python_setup_py']
[0.267s] Level 1:colcon.colcon_core.package_identification:_identify(src/ui/__pycache__) by extension 'python_setup_py'
[0.267s] Level 1:colcon.colcon_core.package_identification:_identify(src/ui/config) by extensions ['ignore', 'ignore_ament_install']
[0.267s] Level 1:colcon.colcon_core.package_identification:_identify(src/ui/config) by extension 'ignore'
[0.267s] Level 1:colcon.colcon_core.package_identification:_identify(src/ui/config) by extension 'ignore_ament_install'
[0.267s] Level 1:colcon.colcon_core.package_identification:_identify(src/ui/config) by extensions ['colcon_pkg']
[0.267s] Level 1:colcon.colcon_core.package_identification:_identify(src/ui/config) by extension 'colcon_pkg'
[0.267s] Level 1:colcon.colcon_core.package_identification:_identify(src/ui/config) by extensions ['colcon_meta']
[0.267s] Level 1:colcon.colcon_core.package_identification:_identify(src/ui/config) by extension 'colcon_meta'
[0.267s] Level 1:colcon.colcon_core.package_identification:_identify(src/ui/config) by extensions ['ros']
[0.267s] Level 1:colcon.colcon_core.package_identification:_identify(src/ui/config) by extension 'ros'
[0.267s] Level 1:colcon.colcon_core.package_identification:_identify(src/ui/config) by extensions ['cmake', 'python']
[0.267s] Level 1:colcon.colcon_core.package_identification:_identify(src/ui/config) by extension 'cmake'
[0.267s] Level 1:colcon.colcon_core.package_identification:_identify(src/ui/config) by extension 'python'
[0.267s] Level 1:colcon.colcon_core.package_identification:_identify(src/ui/config) by extensions ['python_setup_py']
[0.267s] Level 1:colcon.colcon_core.package_identification:_identify(src/ui/config) by extension 'python_setup_py'
[0.267s] Level 1:colcon.colcon_core.package_identification:_identify(src/ui/forms) by extensions ['ignore', 'ignore_ament_install']
[0.267s] Level 1:colcon.colcon_core.package_identification:_identify(src/ui/forms) by extension 'ignore'
[0.268s] Level 1:colcon.colcon_core.package_identification:_identify(src/ui/forms) by extension 'ignore_ament_install'
[0.268s] Level 1:colcon.colcon_core.package_identification:_identify(src/ui/forms) by extensions ['colcon_pkg']
[0.268s] Level 1:colcon.colcon_core.package_identification:_identify(src/ui/forms) by extension 'colcon_pkg'
[0.268s] Level 1:colcon.colcon_core.package_identification:_identify(src/ui/forms) by extensions ['colcon_meta']
[0.268s] Level 1:colcon.colcon_core.package_identification:_identify(src/ui/forms) by extension 'colcon_meta'
[0.268s] Level 1:colcon.colcon_core.package_identification:_identify(src/ui/forms) by extensions ['ros']
[0.268s] Level 1:colcon.colcon_core.package_identification:_identify(src/ui/forms) by extension 'ros'
[0.268s] Level 1:colcon.colcon_core.package_identification:_identify(src/ui/forms) by extensions ['cmake', 'python']
[0.268s] Level 1:colcon.colcon_core.package_identification:_identify(src/ui/forms) by extension 'cmake'
[0.268s] Level 1:colcon.colcon_core.package_identification:_identify(src/ui/forms) by extension 'python'
[0.268s] Level 1:colcon.colcon_core.package_identification:_identify(src/ui/forms) by extensions ['python_setup_py']
[0.268s] Level 1:colcon.colcon_core.package_identification:_identify(src/ui/forms) by extension 'python_setup_py'
[0.268s] Level 1:colcon.colcon_core.package_identification:_identify(src/ui/icon) by extensions ['ignore', 'ignore_ament_install']
[0.268s] Level 1:colcon.colcon_core.package_identification:_identify(src/ui/icon) by extension 'ignore'
[0.268s] Level 1:colcon.colcon_core.package_identification:_identify(src/ui/icon) by extension 'ignore_ament_install'
[0.268s] Level 1:colcon.colcon_core.package_identification:_identify(src/ui/icon) by extensions ['colcon_pkg']
[0.268s] Level 1:colcon.colcon_core.package_identification:_identify(src/ui/icon) by extension 'colcon_pkg'
[0.268s] Level 1:colcon.colcon_core.package_identification:_identify(src/ui/icon) by extensions ['colcon_meta']
[0.268s] Level 1:colcon.colcon_core.package_identification:_identify(src/ui/icon) by extension 'colcon_meta'
[0.268s] Level 1:colcon.colcon_core.package_identification:_identify(src/ui/icon) by extensions ['ros']
[0.268s] Level 1:colcon.colcon_core.package_identification:_identify(src/ui/icon) by extension 'ros'
[0.268s] Level 1:colcon.colcon_core.package_identification:_identify(src/ui/icon) by extensions ['cmake', 'python']
[0.268s] Level 1:colcon.colcon_core.package_identification:_identify(src/ui/icon) by extension 'cmake'
[0.269s] Level 1:colcon.colcon_core.package_identification:_identify(src/ui/icon) by extension 'python'
[0.269s] Level 1:colcon.colcon_core.package_identification:_identify(src/ui/icon) by extensions ['python_setup_py']
[0.269s] Level 1:colcon.colcon_core.package_identification:_identify(src/ui/icon) by extension 'python_setup_py'
[0.269s] Level 1:colcon.colcon_core.package_identification:_identify(src/ui/libs) by extensions ['ignore', 'ignore_ament_install']
[0.269s] Level 1:colcon.colcon_core.package_identification:_identify(src/ui/libs) by extension 'ignore'
[0.269s] Level 1:colcon.colcon_core.package_identification:_identify(src/ui/libs) by extension 'ignore_ament_install'
[0.269s] Level 1:colcon.colcon_core.package_identification:_identify(src/ui/libs) by extensions ['colcon_pkg']
[0.269s] Level 1:colcon.colcon_core.package_identification:_identify(src/ui/libs) by extension 'colcon_pkg'
[0.269s] Level 1:colcon.colcon_core.package_identification:_identify(src/ui/libs) by extensions ['colcon_meta']
[0.269s] Level 1:colcon.colcon_core.package_identification:_identify(src/ui/libs) by extension 'colcon_meta'
[0.269s] Level 1:colcon.colcon_core.package_identification:_identify(src/ui/libs) by extensions ['ros']
[0.269s] Level 1:colcon.colcon_core.package_identification:_identify(src/ui/libs) by extension 'ros'
[0.269s] Level 1:colcon.colcon_core.package_identification:_identify(src/ui/libs) by extensions ['cmake', 'python']
[0.269s] Level 1:colcon.colcon_core.package_identification:_identify(src/ui/libs) by extension 'cmake'
[0.269s] Level 1:colcon.colcon_core.package_identification:_identify(src/ui/libs) by extension 'python'
[0.269s] Level 1:colcon.colcon_core.package_identification:_identify(src/ui/libs) by extensions ['python_setup_py']
[0.269s] Level 1:colcon.colcon_core.package_identification:_identify(src/ui/libs) by extension 'python_setup_py'
[0.269s] Level 1:colcon.colcon_core.package_identification:_identify(src/ui/libs/__pycache__) by extensions ['ignore', 'ignore_ament_install']
[0.269s] Level 1:colcon.colcon_core.package_identification:_identify(src/ui/libs/__pycache__) by extension 'ignore'
[0.269s] Level 1:colcon.colcon_core.package_identification:_identify(src/ui/libs/__pycache__) by extension 'ignore_ament_install'
[0.269s] Level 1:colcon.colcon_core.package_identification:_identify(src/ui/libs/__pycache__) by extensions ['colcon_pkg']
[0.269s] Level 1:colcon.colcon_core.package_identification:_identify(src/ui/libs/__pycache__) by extension 'colcon_pkg'
[0.270s] Level 1:colcon.colcon_core.package_identification:_identify(src/ui/libs/__pycache__) by extensions ['colcon_meta']
[0.270s] Level 1:colcon.colcon_core.package_identification:_identify(src/ui/libs/__pycache__) by extension 'colcon_meta'
[0.270s] Level 1:colcon.colcon_core.package_identification:_identify(src/ui/libs/__pycache__) by extensions ['ros']
[0.270s] Level 1:colcon.colcon_core.package_identification:_identify(src/ui/libs/__pycache__) by extension 'ros'
[0.270s] Level 1:colcon.colcon_core.package_identification:_identify(src/ui/libs/__pycache__) by extensions ['cmake', 'python']
[0.270s] Level 1:colcon.colcon_core.package_identification:_identify(src/ui/libs/__pycache__) by extension 'cmake'
[0.270s] Level 1:colcon.colcon_core.package_identification:_identify(src/ui/libs/__pycache__) by extension 'python'
[0.270s] Level 1:colcon.colcon_core.package_identification:_identify(src/ui/libs/__pycache__) by extensions ['python_setup_py']
[0.270s] Level 1:colcon.colcon_core.package_identification:_identify(src/ui/libs/__pycache__) by extension 'python_setup_py'
[0.270s] Level 1:colcon.colcon_core.package_identification:_identify(src/ui/rviz) by extensions ['ignore', 'ignore_ament_install']
[0.270s] Level 1:colcon.colcon_core.package_identification:_identify(src/ui/rviz) by extension 'ignore'
[0.270s] Level 1:colcon.colcon_core.package_identification:_identify(src/ui/rviz) by extension 'ignore_ament_install'
[0.270s] Level 1:colcon.colcon_core.package_identification:_identify(src/ui/rviz) by extensions ['colcon_pkg']
[0.270s] Level 1:colcon.colcon_core.package_identification:_identify(src/ui/rviz) by extension 'colcon_pkg'
[0.270s] Level 1:colcon.colcon_core.package_identification:_identify(src/ui/rviz) by extensions ['colcon_meta']
[0.270s] Level 1:colcon.colcon_core.package_identification:_identify(src/ui/rviz) by extension 'colcon_meta'
[0.270s] Level 1:colcon.colcon_core.package_identification:_identify(src/ui/rviz) by extensions ['ros']
[0.270s] Level 1:colcon.colcon_core.package_identification:_identify(src/ui/rviz) by extension 'ros'
[0.270s] Level 1:colcon.colcon_core.package_identification:_identify(src/ui/rviz) by extensions ['cmake', 'python']
[0.270s] Level 1:colcon.colcon_core.package_identification:_identify(src/ui/rviz) by extension 'cmake'
[0.270s] Level 1:colcon.colcon_core.package_identification:_identify(src/ui/rviz) by extension 'python'
[0.270s] Level 1:colcon.colcon_core.package_identification:_identify(src/ui/rviz) by extensions ['python_setup_py']
[0.270s] Level 1:colcon.colcon_core.package_identification:_identify(src/ui/rviz) by extension 'python_setup_py'
[0.271s] Level 1:colcon.colcon_core.package_identification:_identify(src/ui/utils) by extensions ['ignore', 'ignore_ament_install']
[0.271s] Level 1:colcon.colcon_core.package_identification:_identify(src/ui/utils) by extension 'ignore'
[0.271s] Level 1:colcon.colcon_core.package_identification:_identify(src/ui/utils) by extension 'ignore_ament_install'
[0.271s] Level 1:colcon.colcon_core.package_identification:_identify(src/ui/utils) by extensions ['colcon_pkg']
[0.271s] Level 1:colcon.colcon_core.package_identification:_identify(src/ui/utils) by extension 'colcon_pkg'
[0.271s] Level 1:colcon.colcon_core.package_identification:_identify(src/ui/utils) by extensions ['colcon_meta']
[0.271s] Level 1:colcon.colcon_core.package_identification:_identify(src/ui/utils) by extension 'colcon_meta'
[0.271s] Level 1:colcon.colcon_core.package_identification:_identify(src/ui/utils) by extensions ['ros']
[0.271s] Level 1:colcon.colcon_core.package_identification:_identify(src/ui/utils) by extension 'ros'
[0.271s] Level 1:colcon.colcon_core.package_identification:_identify(src/ui/utils) by extensions ['cmake', 'python']
[0.271s] Level 1:colcon.colcon_core.package_identification:_identify(src/ui/utils) by extension 'cmake'
[0.271s] Level 1:colcon.colcon_core.package_identification:_identify(src/ui/utils) by extension 'python'
[0.271s] Level 1:colcon.colcon_core.package_identification:_identify(src/ui/utils) by extensions ['python_setup_py']
[0.271s] Level 1:colcon.colcon_core.package_identification:_identify(src/ui/utils) by extension 'python_setup_py'
[0.271s] Level 1:colcon.colcon_core.package_identification:_identify(src/visualizer) by extensions ['ignore', 'ignore_ament_install']
[0.271s] Level 1:colcon.colcon_core.package_identification:_identify(src/visualizer) by extension 'ignore'
[0.271s] Level 1:colcon.colcon_core.package_identification:_identify(src/visualizer) by extension 'ignore_ament_install'
[0.271s] Level 1:colcon.colcon_core.package_identification:_identify(src/visualizer) by extensions ['colcon_pkg']
[0.271s] Level 1:colcon.colcon_core.package_identification:_identify(src/visualizer) by extension 'colcon_pkg'
[0.271s] Level 1:colcon.colcon_core.package_identification:_identify(src/visualizer) by extensions ['colcon_meta']
[0.271s] Level 1:colcon.colcon_core.package_identification:_identify(src/visualizer) by extension 'colcon_meta'
[0.271s] Level 1:colcon.colcon_core.package_identification:_identify(src/visualizer) by extensions ['ros']
[0.271s] Level 1:colcon.colcon_core.package_identification:_identify(src/visualizer) by extension 'ros'
[0.272s] Level 1:colcon.colcon_core.package_identification:_identify(src/visualizer) by extensions ['cmake', 'python']
[0.272s] Level 1:colcon.colcon_core.package_identification:_identify(src/visualizer) by extension 'cmake'
[0.272s] Level 1:colcon.colcon_core.package_identification:_identify(src/visualizer) by extension 'python'
[0.272s] Level 1:colcon.colcon_core.package_identification:_identify(src/visualizer) by extensions ['python_setup_py']
[0.272s] Level 1:colcon.colcon_core.package_identification:_identify(src/visualizer) by extension 'python_setup_py'
[0.272s] Level 1:colcon.colcon_core.package_identification:_identify(src/visualizer/libs) by extensions ['ignore', 'ignore_ament_install']
[0.272s] Level 1:colcon.colcon_core.package_identification:_identify(src/visualizer/libs) by extension 'ignore'
[0.272s] Level 1:colcon.colcon_core.package_identification:_identify(src/visualizer/libs) by extension 'ignore_ament_install'
[0.272s] Level 1:colcon.colcon_core.package_identification:_identify(src/visualizer/libs) by extensions ['colcon_pkg']
[0.272s] Level 1:colcon.colcon_core.package_identification:_identify(src/visualizer/libs) by extension 'colcon_pkg'
[0.272s] Level 1:colcon.colcon_core.package_identification:_identify(src/visualizer/libs) by extensions ['colcon_meta']
[0.272s] Level 1:colcon.colcon_core.package_identification:_identify(src/visualizer/libs) by extension 'colcon_meta'
[0.272s] Level 1:colcon.colcon_core.package_identification:_identify(src/visualizer/libs) by extensions ['ros']
[0.272s] Level 1:colcon.colcon_core.package_identification:_identify(src/visualizer/libs) by extension 'ros'
[0.272s] Level 1:colcon.colcon_core.package_identification:_identify(src/visualizer/libs) by extensions ['cmake', 'python']
[0.272s] Level 1:colcon.colcon_core.package_identification:_identify(src/visualizer/libs) by extension 'cmake'
[0.272s] Level 1:colcon.colcon_core.package_identification:_identify(src/visualizer/libs) by extension 'python'
[0.272s] Level 1:colcon.colcon_core.package_identification:_identify(src/visualizer/libs) by extensions ['python_setup_py']
[0.272s] Level 1:colcon.colcon_core.package_identification:_identify(src/visualizer/libs) by extension 'python_setup_py'
[0.272s] Level 1:colcon.colcon_core.package_identification:_identify(src/visualizer/libs/__pycache__) by extensions ['ignore', 'ignore_ament_install']
[0.272s] Level 1:colcon.colcon_core.package_identification:_identify(src/visualizer/libs/__pycache__) by extension 'ignore'
[0.273s] Level 1:colcon.colcon_core.package_identification:_identify(src/visualizer/libs/__pycache__) by extension 'ignore_ament_install'
[0.273s] Level 1:colcon.colcon_core.package_identification:_identify(src/visualizer/libs/__pycache__) by extensions ['colcon_pkg']
[0.273s] Level 1:colcon.colcon_core.package_identification:_identify(src/visualizer/libs/__pycache__) by extension 'colcon_pkg'
[0.273s] Level 1:colcon.colcon_core.package_identification:_identify(src/visualizer/libs/__pycache__) by extensions ['colcon_meta']
[0.273s] Level 1:colcon.colcon_core.package_identification:_identify(src/visualizer/libs/__pycache__) by extension 'colcon_meta'
[0.273s] Level 1:colcon.colcon_core.package_identification:_identify(src/visualizer/libs/__pycache__) by extensions ['ros']
[0.273s] Level 1:colcon.colcon_core.package_identification:_identify(src/visualizer/libs/__pycache__) by extension 'ros'
[0.273s] Level 1:colcon.colcon_core.package_identification:_identify(src/visualizer/libs/__pycache__) by extensions ['cmake', 'python']
[0.273s] Level 1:colcon.colcon_core.package_identification:_identify(src/visualizer/libs/__pycache__) by extension 'cmake'
[0.273s] Level 1:colcon.colcon_core.package_identification:_identify(src/visualizer/libs/__pycache__) by extension 'python'
[0.273s] Level 1:colcon.colcon_core.package_identification:_identify(src/visualizer/libs/__pycache__) by extensions ['python_setup_py']
[0.273s] Level 1:colcon.colcon_core.package_identification:_identify(src/visualizer/libs/__pycache__) by extension 'python_setup_py'
[0.273s] Level 1:colcon.colcon_core.package_discovery:discover_packages(recursive) using defaults
[0.273s] Level 1:colcon.colcon_core.package_discovery:discover_packages(ignore) discover
[0.273s] Level 1:colcon.colcon_core.package_discovery:discover_packages(ignore) using defaults
[0.273s] Level 1:colcon.colcon_core.package_discovery:discover_packages(path) discover
[0.273s] Level 1:colcon.colcon_core.package_discovery:discover_packages(path) using defaults
[0.290s] Level 1:colcon.colcon_core.package_discovery:discover_packages(prefix_path) check parameters
[0.290s] Level 1:colcon.colcon_core.package_discovery:discover_packages(prefix_path) discover
[0.290s] WARNING:colcon.colcon_ros.prefix_path.ament:The path '/home/hankyeolyu/vilab/VILAB_PANEL/install/drive_msgs' in the environment variable AMENT_PREFIX_PATH doesn't exist
[0.291s] WARNING:colcon.colcon_ros.prefix_path.catkin:The path '/home/hankyeolyu/vilab/VILAB_PANEL/install/drive_msgs' in the environment variable CMAKE_PREFIX_PATH doesn't exist
[0.291s] DEBUG:colcon.colcon_installed_package_information.package_discovery:Found 0 installed packages in /home/hankyeolyu/vilab/VILAB_PANEL/install
[0.292s] DEBUG:colcon.colcon_installed_package_information.package_discovery:Found 2 installed packages in /home/hankyeolyu/vilab/ros2_ws/install
[0.293s] DEBUG:colcon.colcon_installed_package_information.package_discovery:Found 308 installed packages in /opt/ros/humble
[0.295s] Level 1:colcon.colcon_core.package_discovery:discover_packages(prefix_path) using defaults
[0.338s] Level 5:colcon.colcon_core.verb:set package 'drive_msgs' build argument 'cmake_args' from command line to 'None'
[0.338s] Level 5:colcon.colcon_core.verb:set package 'drive_msgs' build argument 'cmake_target' from command line to 'None'
[0.338s] Level 5:colcon.colcon_core.verb:set package 'drive_msgs' build argument 'cmake_target_skip_unavailable' from command line to 'False'
[0.338s] Level 5:colcon.colcon_core.verb:set package 'drive_msgs' build argument 'cmake_clean_cache' from command line to 'False'
[0.338s] Level 5:colcon.colcon_core.verb:set package 'drive_msgs' build argument 'cmake_clean_first' from command line to 'False'
[0.338s] Level 5:colcon.colcon_core.verb:set package 'drive_msgs' build argument 'cmake_force_configure' from command line to 'False'
[0.338s] Level 5:colcon.colcon_core.verb:set package 'drive_msgs' build argument 'ament_cmake_args' from command line to 'None'
[0.338s] Level 5:colcon.colcon_core.verb:set package 'drive_msgs' build argument 'catkin_cmake_args' from command line to 'None'
[0.338s] Level 5:colcon.colcon_core.verb:set package 'drive_msgs' build argument 'catkin_skip_building_tests' from command line to 'False'
[0.338s] DEBUG:colcon.colcon_core.verb:Building package 'drive_msgs' with the following arguments: {'ament_cmake_args': None, 'build_base': '/home/hankyeolyu/vilab/VILAB_PANEL/build/drive_msgs', 'catkin_cmake_args': None, 'catkin_skip_building_tests': False, 'cmake_args': None, 'cmake_clean_cache': False, 'cmake_clean_first': False, 'cmake_force_configure': False, 'cmake_target': None, 'cmake_target_skip_unavailable': False, 'install_base': '/home/hankyeolyu/vilab/VILAB_PANEL/install/drive_msgs', 'merge_install': False, 'path': '/home/hankyeolyu/vilab/VILAB_PANEL/src/drive_msgs', 'symlink_install': False, 'test_result_base': None}
[0.339s] INFO:colcon.colcon_core.executor:Executing jobs using 'parallel' executor
[0.340s] DEBUG:colcon.colcon_parallel_executor.executor.parallel:run_until_complete
[0.340s] INFO:colcon.colcon_ros.task.ament_cmake.build:Building ROS package in '/home/hankyeolyu/vilab/VILAB_PANEL/src/drive_msgs' with build type 'ament_cmake'
[0.340s] INFO:colcon.colcon_cmake.task.cmake.build:Building CMake package in '/home/hankyeolyu/vilab/VILAB_PANEL/src/drive_msgs'
[0.342s] INFO:colcon.colcon_core.plugin_system:Skipping extension 'colcon_core.shell.bat': Not used on non-Windows systems
[0.342s] INFO:colcon.colcon_core.shell:Skip shell extension 'powershell' for command environment: Not usable outside of PowerShell
[0.342s] DEBUG:colcon.colcon_core.shell:Skip shell extension 'dsv' for command environment
[0.349s] DEBUG:colcon.colcon_core.event_handler.log_command:Invoking command in '/home/hankyeolyu/vilab/VILAB_PANEL/build/drive_msgs': CMAKE_PREFIX_PATH=${CMAKE_PREFIX_PATH}:/opt/ros/humble /usr/bin/cmake /home/hankyeolyu/vilab/VILAB_PANEL/src/drive_msgs -DCMAKE_INSTALL_PREFIX=/home/hankyeolyu/vilab/VILAB_PANEL/install/drive_msgs
[2.209s] DEBUG:colcon.colcon_core.event_handler.log_command:Invoked command in '/home/hankyeolyu/vilab/VILAB_PANEL/build/drive_msgs' returned '0': CMAKE_PREFIX_PATH=${CMAKE_PREFIX_PATH}:/opt/ros/humble /usr/bin/cmake /home/hankyeolyu/vilab/VILAB_PANEL/src/drive_msgs -DCMAKE_INSTALL_PREFIX=/home/hankyeolyu/vilab/VILAB_PANEL/install/drive_msgs
[2.211s] DEBUG:colcon.colcon_core.event_handler.log_command:Invoking command in '/home/hankyeolyu/vilab/VILAB_PANEL/build/drive_msgs': CMAKE_PREFIX_PATH=${CMAKE_PREFIX_PATH}:/opt/ros/humble /usr/bin/cmake --build /home/hankyeolyu/vilab/VILAB_PANEL/build/drive_msgs -- -j6 -l6
[10.016s] DEBUG:colcon.colcon_core.event_handler.log_command:Invoked command in '/home/hankyeolyu/vilab/VILAB_PANEL/build/drive_msgs' returned '0': CMAKE_PREFIX_PATH=${CMAKE_PREFIX_PATH}:/opt/ros/humble /usr/bin/cmake --build /home/hankyeolyu/vilab/VILAB_PANEL/build/drive_msgs -- -j6 -l6
[10.289s] DEBUG:colcon.colcon_core.event_handler.log_command:Invoking command in '/home/hankyeolyu/vilab/VILAB_PANEL/build/drive_msgs': CMAKE_PREFIX_PATH=${CMAKE_PREFIX_PATH}:/opt/ros/humble /usr/bin/cmake --install /home/hankyeolyu/vilab/VILAB_PANEL/build/drive_msgs
[10.386s] Level 1:colcon.colcon_core.environment:create_environment_scripts_only(drive_msgs)
[10.386s] DEBUG:colcon.colcon_core.event_handler.log_command:Invoked command in '/home/hankyeolyu/vilab/VILAB_PANEL/build/drive_msgs' returned '0': CMAKE_PREFIX_PATH=${CMAKE_PREFIX_PATH}:/opt/ros/humble /usr/bin/cmake --install /home/hankyeolyu/vilab/VILAB_PANEL/build/drive_msgs
[10.388s] Level 1:colcon.colcon_core.environment:checking '/home/hankyeolyu/vilab/VILAB_PANEL/install/drive_msgs' for CMake module files
[10.389s] Level 1:colcon.colcon_core.environment:checking '/home/hankyeolyu/vilab/VILAB_PANEL/install/drive_msgs' for CMake config files
[10.390s] Level 1:colcon.colcon_core.shell:create_environment_hook('drive_msgs', 'cmake_prefix_path')
[10.390s] INFO:colcon.colcon_core.shell:Creating environment hook '/home/hankyeolyu/vilab/VILAB_PANEL/install/drive_msgs/share/drive_msgs/hook/cmake_prefix_path.ps1'
[10.390s] INFO:colcon.colcon_core.shell:Creating environment descriptor '/home/hankyeolyu/vilab/VILAB_PANEL/install/drive_msgs/share/drive_msgs/hook/cmake_prefix_path.dsv'
[10.391s] INFO:colcon.colcon_core.shell:Creating environment hook '/home/hankyeolyu/vilab/VILAB_PANEL/install/drive_msgs/share/drive_msgs/hook/cmake_prefix_path.sh'
[10.391s] Level 1:colcon.colcon_core.environment:checking '/home/hankyeolyu/vilab/VILAB_PANEL/install/drive_msgs/lib'
[10.391s] Level 1:colcon.colcon_core.shell:create_environment_hook('drive_msgs', 'ld_library_path_lib')
[10.392s] INFO:colcon.colcon_core.shell:Creating environment hook '/home/hankyeolyu/vilab/VILAB_PANEL/install/drive_msgs/share/drive_msgs/hook/ld_library_path_lib.ps1'
[10.392s] INFO:colcon.colcon_core.shell:Creating environment descriptor '/home/hankyeolyu/vilab/VILAB_PANEL/install/drive_msgs/share/drive_msgs/hook/ld_library_path_lib.dsv'
[10.392s] INFO:colcon.colcon_core.shell:Creating environment hook '/home/hankyeolyu/vilab/VILAB_PANEL/install/drive_msgs/share/drive_msgs/hook/ld_library_path_lib.sh'
[10.392s] Level 1:colcon.colcon_core.environment:checking '/home/hankyeolyu/vilab/VILAB_PANEL/install/drive_msgs/bin'
[10.392s] Level 1:colcon.colcon_core.environment:checking '/home/hankyeolyu/vilab/VILAB_PANEL/install/drive_msgs/lib/pkgconfig/drive_msgs.pc'
[10.393s] Level 1:colcon.colcon_core.environment:checking '/home/hankyeolyu/vilab/VILAB_PANEL/install/drive_msgs/lib/python3.10/site-packages'
[10.393s] Level 1:colcon.colcon_core.environment:checking '/home/hankyeolyu/vilab/VILAB_PANEL/install/drive_msgs/bin'
[10.393s] INFO:colcon.colcon_core.shell:Creating package script '/home/hankyeolyu/vilab/VILAB_PANEL/install/drive_msgs/share/drive_msgs/package.ps1'
[10.394s] INFO:colcon.colcon_core.shell:Creating package descriptor '/home/hankyeolyu/vilab/VILAB_PANEL/install/drive_msgs/share/drive_msgs/package.dsv'
[10.394s] INFO:colcon.colcon_core.shell:Creating package script '/home/hankyeolyu/vilab/VILAB_PANEL/install/drive_msgs/share/drive_msgs/package.sh'
[10.395s] INFO:colcon.colcon_core.shell:Creating package script '/home/hankyeolyu/vilab/VILAB_PANEL/install/drive_msgs/share/drive_msgs/package.bash'
[10.395s] INFO:colcon.colcon_core.shell:Creating package script '/home/hankyeolyu/vilab/VILAB_PANEL/install/drive_msgs/share/drive_msgs/package.zsh'
[10.396s] Level 1:colcon.colcon_core.environment:create_file_with_runtime_dependencies(/home/hankyeolyu/vilab/VILAB_PANEL/install/drive_msgs/share/colcon-core/packages/drive_msgs)
[10.665s] Level 1:colcon.colcon_core.environment:create_environment_scripts_only(drive_msgs)
[10.666s] Level 1:colcon.colcon_core.environment:checking '/home/hankyeolyu/vilab/VILAB_PANEL/install/drive_msgs' for CMake module files
[10.666s] Level 1:colcon.colcon_core.environment:checking '/home/hankyeolyu/vilab/VILAB_PANEL/install/drive_msgs' for CMake config files
[10.667s] Level 1:colcon.colcon_core.shell:create_environment_hook('drive_msgs', 'cmake_prefix_path')
[10.667s] INFO:colcon.colcon_core.shell:Creating environment hook '/home/hankyeolyu/vilab/VILAB_PANEL/install/drive_msgs/share/drive_msgs/hook/cmake_prefix_path.ps1'
[10.667s] INFO:colcon.colcon_core.shell:Creating environment descriptor '/home/hankyeolyu/vilab/VILAB_PANEL/install/drive_msgs/share/drive_msgs/hook/cmake_prefix_path.dsv'
[10.668s] INFO:colcon.colcon_core.shell:Creating environment hook '/home/hankyeolyu/vilab/VILAB_PANEL/install/drive_msgs/share/drive_msgs/hook/cmake_prefix_path.sh'
[10.668s] Level 1:colcon.colcon_core.environment:checking '/home/hankyeolyu/vilab/VILAB_PANEL/install/drive_msgs/lib'
[10.668s] Level 1:colcon.colcon_core.shell:create_environment_hook('drive_msgs', 'ld_library_path_lib')
[10.668s] INFO:colcon.colcon_core.shell:Creating environment hook '/home/hankyeolyu/vilab/VILAB_PANEL/install/drive_msgs/share/drive_msgs/hook/ld_library_path_lib.ps1'
[10.669s] INFO:colcon.colcon_core.shell:Creating environment descriptor '/home/hankyeolyu/vilab/VILAB_PANEL/install/drive_msgs/share/drive_msgs/hook/ld_library_path_lib.dsv'
[10.669s] INFO:colcon.colcon_core.shell:Creating environment hook '/home/hankyeolyu/vilab/VILAB_PANEL/install/drive_msgs/share/drive_msgs/hook/ld_library_path_lib.sh'
[10.669s] Level 1:colcon.colcon_core.environment:checking '/home/hankyeolyu/vilab/VILAB_PANEL/install/drive_msgs/bin'
[10.669s] Level 1:colcon.colcon_core.environment:checking '/home/hankyeolyu/vilab/VILAB_PANEL/install/drive_msgs/lib/pkgconfig/drive_msgs.pc'
[10.669s] Level 1:colcon.colcon_core.environment:checking '/home/hankyeolyu/vilab/VILAB_PANEL/install/drive_msgs/lib/python3.10/site-packages'
[10.670s] Level 1:colcon.colcon_core.environment:checking '/home/hankyeolyu/vilab/VILAB_PANEL/install/drive_msgs/bin'
[10.670s] INFO:colcon.colcon_core.shell:Creating package script '/home/hankyeolyu/vilab/VILAB_PANEL/install/drive_msgs/share/drive_msgs/package.ps1'
[10.670s] INFO:colcon.colcon_core.shell:Creating package descriptor '/home/hankyeolyu/vilab/VILAB_PANEL/install/drive_msgs/share/drive_msgs/package.dsv'
[10.671s] INFO:colcon.colcon_core.shell:Creating package script '/home/hankyeolyu/vilab/VILAB_PANEL/install/drive_msgs/share/drive_msgs/package.sh'
[10.671s] INFO:colcon.colcon_core.shell:Creating package script '/home/hankyeolyu/vilab/VILAB_PANEL/install/drive_msgs/share/drive_msgs/package.bash'
[10.671s] INFO:colcon.colcon_core.shell:Creating package script '/home/hankyeolyu/vilab/VILAB_PANEL/install/drive_msgs/share/drive_msgs/package.zsh'
[10.672s] Level 1:colcon.colcon_core.environment:create_file_with_runtime_dependencies(/home/hankyeolyu/vilab/VILAB_PANEL/install/drive_msgs/share/colcon-core/packages/drive_msgs)
[10.672s] DEBUG:colcon.colcon_parallel_executor.executor.parallel:closing loop
[10.672s] DEBUG:colcon.colcon_parallel_executor.executor.parallel:loop closed
[10.672s] DEBUG:colcon.colcon_parallel_executor.executor.parallel:run_until_complete finished with '0'
[10.672s] DEBUG:colcon.colcon_core.event_reactor:joining thread
[10.677s] INFO:colcon.colcon_core.plugin_system:Skipping extension 'colcon_notification.desktop_notification.terminal_notifier': Not used on non-Darwin systems
[10.677s] INFO:colcon.colcon_core.plugin_system:Skipping extension 'colcon_notification.desktop_notification.win32': Not used on non-Windows systems
[10.677s] INFO:colcon.colcon_notification.desktop_notification:Sending desktop notification using 'notify2'
[10.687s] DEBUG:colcon.colcon_core.event_reactor:joined thread
[10.688s] INFO:colcon.colcon_core.shell:Creating prefix script '/home/hankyeolyu/vilab/VILAB_PANEL/install/local_setup.ps1'
[10.688s] INFO:colcon.colcon_core.shell:Creating prefix util module '/home/hankyeolyu/vilab/VILAB_PANEL/install/_local_setup_util_ps1.py'
[10.690s] INFO:colcon.colcon_core.shell:Creating prefix chain script '/home/hankyeolyu/vilab/VILAB_PANEL/install/setup.ps1'
[10.691s] INFO:colcon.colcon_core.shell:Creating prefix script '/home/hankyeolyu/vilab/VILAB_PANEL/install/local_setup.sh'
[10.691s] INFO:colcon.colcon_core.shell:Creating prefix util module '/home/hankyeolyu/vilab/VILAB_PANEL/install/_local_setup_util_sh.py'
[10.691s] INFO:colcon.colcon_core.shell:Creating prefix chain script '/home/hankyeolyu/vilab/VILAB_PANEL/install/setup.sh'
[10.692s] INFO:colcon.colcon_core.shell:Creating prefix script '/home/hankyeolyu/vilab/VILAB_PANEL/install/local_setup.bash'
[10.693s] INFO:colcon.colcon_core.shell:Creating prefix chain script '/home/hankyeolyu/vilab/VILAB_PANEL/install/setup.bash'
[10.693s] INFO:colcon.colcon_core.shell:Creating prefix script '/home/hankyeolyu/vilab/VILAB_PANEL/install/local_setup.zsh'
[10.694s] INFO:colcon.colcon_core.shell:Creating prefix chain script '/home/hankyeolyu/vilab/VILAB_PANEL/install/setup.zsh'
